45 48 50 82 11 39 79 85 62 88 3 80 21 53 87 49 58 27 23 37 55 94 93 71 75 7 18 81 38 65 0 99 97 36 40 34 56 47 26 9 91 22 24 14 69 72 8 5 64 54 52 74 20 59 41 44 17 15 6 32 68 43 95 89 13 51 84 61 12 78 33 10 92 19
45 48
45 41
45 71
48 7
48 55
48 64
50 82
50 55
82 97
82 80
11 39
11 12
39 38
79 85
79 95
85 87
85 26
85 88
85 44
62 88
62 58
62 15
62 68
62 13
88 21
88 94
88 81
3 80
3 34
80 43
21 8
53 19
87 89
87 10
87 91
49 58
27 65
23 37
37 36
37 0
37 33
93 68
71 75
71 78
7 18
7 56
81 5
81 54
38 72
65 69
0 99
0 47
0 6
0 14
99 92
40 43
47 64
47 59
47 22
9 43
22 24
24 20
24 54
14 69
14 17
72 74
54 52
54 84
52 51
74 44
59 32
15 19
84 61