33 58 65 46 37 48 4 9 20 43 16 18 47 41 44 54 14 17 77 24 85 86 12 23 25 64 52 27 72 78 97 45 90 99 61 60 66 35 15 32 88 80 55 0 3 6 13 1 63 68 19 83 57 84 92 59 39 21 56 7 40 8 5 36 10 2 26 22 53 28 67 38
33 58
33 41
33 90
33 99
33 78
33 25
33 40
65 72
65 46
46 60
37 48
48 23
4 9
4 3
4 2
9 6
20 43
20 19
43 52
43 59
16 18
16 47
16 12
16 61
16 5
18 17
18 19
47 53
44 54
44 57
44 40
54 39
14 17
14 77
14 13
14 15
17 36
77 86
77 84
24 85
24 27
24 6
85 84
23 25
23 26
25 64
64 68
64 83
52 56
27 28
78 97
78 66
45 26
61 35
60 63
66 80
66 84
15 32
15 88
55 36
0 3
3 21
6 7
6 8
6 10
6 22
1 63
1 2
63 67
84 92
8 38