80 82 33 34 27 28 43 45 66 68 67 48 20 22 49 40 42 62 64 93 1 54 56 11 13 36 37 38 6 8 14 71 74 75 29 31 10 12 83 46 24 98 51 9 2 5 89 72 53 59 57 60 25 17 76 26 23 52 21 39 63 16 18 30 97 44 87 90 32 41 69 92 50 78 7 84 47 96 58 88 61 55 19 35
80 82
80 78
82 83
82 84
33 34
33 32
33 31
33 35
34 36
27 28
27 26
27 29
43 45
43 40
43 44
45 48
45 46
66 68
66 64
68 67
68 69
48 49
48 51
48 50
20 22
20 18
22 24
22 25
22 23
22 21
40 42
42 41
62 64
62 63
62 60
93 92
93 96
1 98
1 97
54 56
54 53
54 57
56 59
56 58
11 13
11 14
13 12
36 39
37 38
38 39
38 41
6 8
8 9
8 7
14 17
71 74
71 69
74 75
74 72
74 76
75 78
29 31
31 30
10 12
10 9
98 2
51 53
2 5
5 7
89 88
53 52
57 60
57 55
60 61
17 16
26 23
16 18
18 19
97 96
87 90
87 88
90 92
50 47