43 62 73 48 50 52 76 64 54 56 12 33 34 47 70 39 42 35 8 71 45 21 22 17 1 2 51 58 61 23 57 11 16 3 18 37 38 30 25 24 60 10 14 68 65 74 59 40 27 32 36 6 28 46 31 26 29 75 19 7 4 55 20
43 46
62 73
62 76
73 60
48 50
48 47
50 52
50 46
52 51
76 64
76 70
76 68
54 56
54 31
56 57
12 8
33 34
33 35
33 36
33 32
47 45
39 42
39 40
42 45
8 10
8 6
71 17
21 22
21 20
22 23
22 30
17 18
1 2
2 3
58 61
58 57
58 59
61 60
23 25
57 55
11 16
11 7
16 19
3 18
3 4
37 38
37 36
38 40
30 29
30 31
25 24
25 28
60 74
10 14
68 65
59 75
27 32
32 29
6 7
6 4
28 26
19 20