14 67 10 55 21 89 18 81 57 19 82 16 73 7 3 36 15 4 9 23 94 39 24 99 17 77 6 43 71 2 32 45 35 5 34 44 8 49 11 60 13 97 20 85 56 83 96 0 27 90 93 58 98 12 62 25 26 64 50 65 79 88 42 48 22 91 31 28 53 54 80 29 59 1 95 92
14 67
67 49
10 55
10 57
55 93
21 89
21 88
21 90
89 25
18 81
18 80
18 79
81 35
81 91
19 82
82 73
82 44
16 73
73 54
7 48
3 36
3 35
3 34
15 71
4 39
9 53
9 54
23 94
23 96
23 95
39 28
24 99
24 97
24 98
99 83
17 77
77 31
6 43
6 45
6 44
71 95
2 32
2 31
32 27
32 60
45 56
5 42
8 49
8 50
11 60
11 58
11 59
13 64
13 65
20 85
85 95
56 93
83 88
96 29
0 27
0 26
0 25
90 93
93 22
12 62
62 42
64 79
50 80
65 42
48 28
22 91
22 92
28 1
29 1
59 95