69 77 30 39 92 73 74 80 81 4 20 21 6 9 96 27 14 66 41 42 64 44 54 34 35 26 33 40 49 84 90 76 75 13 83 88 98 58 78 87 32 52 62 7 68 3 2 25 59 67 10 28 8 97 16 23 82 19 17 99 51 47 57 60 43 22 29 31 36 45 38 50 48
69 77
77 76
77 78
30 39
30 29
39 49
39 31
39 48
92 87
92 96
92 88
73 74
73 80
74 66
74 75
80 81
4 7
20 21
20 14
20 26
20 19
21 27
21 28
6 9
6 3
9 14
9 8
96 97
14 13
14 10
66 58
41 42
41 32
41 40
41 33
42 52
64 54
44 54
44 36
44 45
34 35
34 33
35 36
26 33
33 25
40 49
40 50
49 59
84 90
84 83
76 75
76 83
75 68
75 82
83 88
98 99
52 62
52 51
52 43
7 8
68 59
68 60
3 2
59 67
97 99
16 23
16 22
23 17
47 57
47 38
22 29
29 38