48 31 52 58 77 72 8 11 9 90 51 37 62 41 3 17 96 98 14 18 10 70 50 73 84 35 22 24 4 83 34 15 60 67 23 26 16 87 94 93 86 78 0 28 54 5 32 61 27 12 45 82 95 43 33 40 63 85 21 81 36 89 68 76 71 88 55 7 25 59 30 53 92 29 42 91 80 56 1
48 31
31 4
52 58
52 54
52 37
52 55
58 42
77 72
72 34
8 11
8 5
8 7
11 45
11 90
11 63
11 53
9 90
9 4
90 78
90 94
51 37
51 50
51 56
37 35
37 33
62 41
62 89
3 17
3 5
96 98
96 95
96 12
96 68
96 34
14 18
14 15
10 70
70 73
50 32
50 25
73 78
73 71
84 35
84 83
84 88
22 24
22 26
22 4
4 0
83 89
34 80
15 29
60 67
60 63
67 92
23 26
23 21
26 28
16 87
16 12
87 86
87 85
87 61
94 93
86 81
78 32
54 27
32 59
32 30
61 27
27 43
45 82
95 29
33 36
40 63
21 1
76 71
92 91