52 95 18 91 47 85 32 37 66 9 38 96 79 97 16 11 88 0 5 50 1 53 49 94 46 74 10 54 15 19 82 36 89 20 13 22 62 90 12 83 67 2 56 77 48 76 84 23 8 26 35 69 73 65 71 72 75 59 86 34 14 45 25 27 6 51 28 30 87
52 95
52 76
95 0
95 26
18 91
18 12
91 49
47 85
47 46
85 11
85 15
32 71
37 66
37 75
37 73
66 56
66 87
9 38
9 49
38 16
38 50
38 22
96 53
79 97
79 15
16 94
16 8
11 88
88 5
88 14
0 5
5 83
50 20
1 53
1 30
46 74
46 86
10 54
10 15
15 19
15 62
19 82
19 71
36 89
36 76
36 56
36 25
20 13
13 51
22 30
62 90
12 26
83 72
83 28
67 2
67 76
67 27
77 65
48 76
76 35
84 45
23 72
69 75
65 72
72 34
75 59
45 25
27 6