2 92 84 93 76 73 94 17 54 58 53 22 6 72 96 60 29 47 75 82 30 91 95 42 20 69 45 32 90 49 28 19 71 18 9 50 78 41 11 68 83 3 31 5 56 99 24 10 48 44 88 74 81 40 23 7 67 98 97 8 62 27 80 63 61 85 64 51 37 4
2 92
2 76
2 11
2 96
2 56
92 20
92 31
84 93
84 45
84 22
76 58
73 94
94 49
94 82
94 74
94 98
17 54
17 72
17 22
54 82
54 88
58 9
58 78
53 22
53 41
6 99
96 60
96 80
96 27
60 88
60 62
60 63
29 47
29 5
29 30
29 7
47 67
75 82
75 95
75 69
75 3
75 30
75 37
30 91
30 24
91 42
42 28
42 48
32 90
90 71
90 83
49 19
71 18
71 11
71 10
9 81
50 78
50 51
11 68
68 23
83 4
31 97
5 40
99 24
10 61
44 8
88 8
88 64
67 85