79 78 29 44 8 9 95 92 16 17 67 72 26 28 3 4 63 64 69 75 21 24 25 74 83 49 50 51 27 5 60 39 47 10 13 43 31 30 48 41 42 81 82 7 36 40 84 61 77 19 18 37 38 35 70 57 11 23 73 20 66 80 0 32 58 59 46 6 45 86 14 15 22 1 2 88 90 62 55 34 52 87
79 78
79 70
79 80
79 95
78 72
29 44
29 26
29 43
8 9
8 5
95 92
16 17
16 15
17 27
67 72
67 66
72 73
26 28
26 27
26 18
3 4
3 2
4 21
4 5
4 20
63 64
63 59
64 69
69 75
75 84
75 88
21 23
24 25
24 23
25 13
74 83
74 87
83 82
49 50
49 48
50 51
27 31
5 60
5 7
5 6
60 61
39 47
39 48
47 46
10 13
43 42
31 30
30 32
41 42
42 45
81 82
81 77
7 58
36 40
36 37
36 11
40 14
84 73
84 86
61 59
77 80
19 18
18 23
37 35
38 35
38 52
35 46
57 58
23 22
0 32
0 34
58 62
58 55
14 15
1 2
88 90