16 75 3 1 30 18 80 2 20 85 7 5 41 21 88 24 90 99 19 14 68 22 92 23 0 25 17 78 13 86 87 11 59 8 51 67 9 40 35 42 74 52 83 98 10 56 81 15 55 27 94 6 44 60 50 69 4 38 45 91 29 82 43 46 33 64 89 12 93 49 63 28 79 57 71
16 75
16 74
3 35
1 30
1 29
1 28
30 99
18 80
18 81
18 79
2 33
20 85
20 86
85 41
85 63
7 46
5 41
5 40
5 42
21 88
21 90
21 89
88 81
24 99
24 98
90 51
19 83
19 82
14 68
14 67
14 69
68 40
22 92
22 91
22 93
92 89
23 94
0 25
0 27
25 52
17 78
78 69
78 56
13 64
86 87
86 50
11 59
11 60
8 51
8 50
8 49
9 52
35 69
42 60
74 57
74 89
83 27
98 64
10 56
10 55
15 71
55 33
94 60
6 44
6 45
6 43
4 38
38 49
38 71
45 89
29 82
43 46
12 63
28 79