21 76 5 44 54 31 95 18 70 10 1 4 42 26 85 3 39 20 73 30 94 43 86 58 60 62 27 61 63 50 7 48 0 29 92 11 55 2 38 24 82 13 37 87 28 34 9 14 22 40 17 12 25 83 6 15 89 81 16 66 33 35 96 19 8 67 32 98 57 59 23 45
21 76
21 6
5 44
5 43
5 2
44 42
54 10
31 95
31 96
31 2
18 70
18 23
10 28
1 25
4 42
4 28
4 17
26 85
26 86
26 0
26 24
85 87
3 39
3 13
3 12
3 30
3 15
39 37
20 73
20 12
20 19
30 94
30 7
58 60
58 12
62 14
27 87
61 63
63 15
50 8
7 48
0 13
0 34
0 33
29 92
29 2
11 55
11 17
11 14
11 16
2 38
2 37
38 40
24 82
24 81
24 22
24 8
13 6
13 32
13 59
28 89
9 14
17 67
12 23
25 83
83 81
6 45
16 66
33 35
32 98
57 59