72 88 93 26 61 68 99 36 73 25 17 95 65 78 57 67 62 47 84 22 43 0 32 23 6 89 70 52 14 71 44 18 97 55 19 28 27 64 37 8 39 31 33 54 87 51 42 74 96 60 81 98 53 49 69 38 75 1 48 86 56 20 11 92 24 30 66 7 34 13 10 40 9
72 88
72 32
88 69
93 26
93 28
93 49
61 68
61 84
61 44
61 33
99 36
36 0
36 65
36 24
73 25
73 64
25 8
25 32
25 28
17 95
17 53
95 97
95 33
65 78
65 34
78 27
57 67
57 44
57 1
62 47
62 6
62 18
47 71
84 30
22 43
43 81
43 60
0 38
32 23
32 31
89 70
89 71
70 39
70 9
52 14
52 87
55 19
55 27
55 39
19 33
19 86
28 87
28 20
28 48
64 37
64 51
33 11
33 66
54 98
87 56
51 92
42 98
42 53
74 96
74 92
60 1
49 38
69 7
75 13
56 13
20 40
10 40