26 99 60 85 46 35 62 33 59 87 37 29 55 65 77 12 17 7 5 63 19 78 52 36 41 1 11 32 49 3 56 22 27 89 58 80 39 90 88 76 13 23 53 20 51 70 43 9 50 64 28 97 48 68 69 84 18 79 42 15 92 61 81 86 38 82 10 71 54 57
26 78
99 60
99 90
99 62
99 20
60 32
60 12
85 46
85 22
46 17
46 9
35 62
33 59
59 42
87 37
87 41
87 49
37 79
29 55
29 65
29 15
55 77
55 11
77 64
77 5
12 17
17 5
17 42
7 5
7 68
7 36
5 50
5 18
63 68
19 78
19 49
78 51
52 36
36 54
41 71
1 11
3 56
3 13
56 51
56 38
27 89
27 86
89 80
58 43
39 48
39 10
88 76
76 69
76 28
76 86
23 53
53 43
53 92
20 51
20 28
20 61
51 70
70 43
50 84
28 97
28 81
48 15
82 10
54 57