3 4 67 98 76 77 81 82 80 90 83 46 45 66 65 71 72 0 1 41 51 10 50 20 60 14 15 5 2 31 25 86 48 57 22 30 26 35 21 40 49 59 84 74 93 94 27 70 62 75 28 38 96 23 24 16 52 44 54 55 33 32 64 42 6 85 92 7 69 58 53 73 43 89 88 8 68 61
3 4
3 2
4 14
67 98
67 66
67 57
67 68
98 88
76 77
76 66
76 86
76 75
81 82
81 80
82 83
80 90
80 71
83 93
83 92
46 45
46 35
45 44
66 65
66 55
71 72
71 60
71 70
71 62
72 84
0 1
0 10
1 2
41 51
41 50
41 31
41 30
41 40
41 52
41 32
10 20
50 60
20 21
14 15
14 5
14 23
15 25
15 26
15 16
5 6
25 35
25 24
86 96
48 57
48 58
22 21
49 59
59 69
84 74
74 64
93 94
94 85
27 16
27 28
27 8
62 61
28 38
24 33
52 43
44 53
54 55
54 64
54 73
33 32
32 42
6 7
69 58
89 88