0 1 51 50 4 2 52 54 3 53 5 6 55 56 7 57 9 59 13 63 14 61 64 73 8 58 10 60 12 62 21 71 19 69 67 15 65 18 20 72 70 68 66 74 40 39 26 25 76 75 27 29 77 79 28 78 30 31 80 81 32 82 34 84 38 88 89 48 98 33 83 35 85 37 87 96 44 94 42 92 49 99 41 47 97
0 1
0 4
0 5
1 2
1 7
51 50
51 52
51 57
50 54
50 55
4 13
2 3
2 9
52 53
52 59
54 63
53 61
5 6
5 14
55 56
55 64
56 73
7 8
57 58
9 10
59 60
13 12
63 62
14 15
64 65
73 72
73 74
8 21
58 71
10 19
60 69
62 67
71 70
19 18
19 20
69 68
67 66
65 99
18 49
74 40
40 39
40 41
39 30
26 25
26 27
26 32
25 29
25 30
76 75
76 77
76 82
75 79
75 80
27 28
27 34
29 38
77 78
77 84
79 88
30 31
31 48
80 81
80 89
81 98
32 33
82 83
34 35
84 85
38 37
88 87
48 47
48 49
98 97
98 99
83 96
35 44
85 94
37 42
87 92