12 8 50 13 65 24 98 7 48 6 44 9 23 94 10 4 37 63 11 60 15 71 1 30 5 42 57 28 2 33 21 90 47 32 18 19 83 16 73 20 43 17 76 77 56 58 22 91 3 34 29 46 84 66 35 78 93 0 27 31 53 67 81 40 86 72 97 80 14 36 92 99 69 95 89 41 96
12 63
8 50
50 77
13 65
65 46
24 98
24 97
24 99
7 48
7 47
7 46
6 44
6 43
9 53
23 94
23 95
23 96
94 99
10 57
10 56
4 37
37 34
63 69
11 60
11 58
60 28
15 71
15 72
71 41
1 30
1 28
1 29
5 42
5 40
5 41
42 29
57 86
2 33
2 32
2 31
33 66
21 90
21 89
90 80
47 76
47 29
32 72
18 81
18 80
19 83
19 84
83 27
83 35
16 73
73 86
20 86
43 31
17 76
17 77
17 78
56 95
22 91
22 93
22 92
91 67
3 34
3 35
3 36
84 89
35 53
93 99
93 40
0 27
31 36
67 14
14 69