9 52 7 48 0 18 2 32 12 62 5 21 90 23 24 97 4 20 86 55 6 44 1 29 14 68 81 39 47 15 70 27 13 8 50 64 43 22 88 66 71 16 74 3 36 94 11 60 93 87 73 37 67 28 34 17 77 99 80 25 57 98 42 78 61 69 35 83 19 75 95 63 49 46 33 85 76 59
9 52
52 32
52 75
7 48
7 47
7 46
48 78
0 27
0 25
18 81
18 80
2 32
12 62
12 61
12 63
5 42
21 90
21 88
90 80
23 94
23 95
24 97
24 99
24 98
97 68
97 63
4 39
4 37
20 86
20 87
20 85
86 49
55 66
6 44
6 43
44 37
1 29
1 28
29 59
29 36
14 68
14 67
14 69
39 94
39 85
47 36
47 67
15 70
15 71
70 75
27 95
13 64
13 66
8 50
8 49
50 28
64 57
43 93
22 93
88 46
71 57
16 74
16 73
3 36
3 34
3 35
36 73
11 60
11 59
17 77
17 78
17 76
25 42
98 83
61 75
69 33
83 19