77 38 30 82 87 2 24 65 53 0 69 52 9 57 80 92 10 96 50 3 20 6 72 14 58 93 76 13 91 15 25 45 59 5 61 35 78 63 18 1 84 31 47 64 37 12 36 49 99 68 40 56 94 70 55 43 41 86 62 27 60 66 39 29 11 73
77 38
38 93
30 82
30 58
30 94
30 63
82 76
87 52
87 55
87 60
2 24
2 49
24 18
65 53
65 80
65 35
53 69
53 58
0 76
69 25
52 78
9 57
9 92
57 14
57 99
80 12
92 10
92 84
10 96
96 50
96 70
50 25
50 39
3 20
3 45
3 55
6 72
6 61
72 37
14 47
93 37
13 91
13 36
91 43
91 66
15 63
25 61
25 11
45 59
59 31
59 68
59 27
59 5
5 61
61 86
1 84
64 37
12 36
12 41
49 99
40 56
56 70
70 29
86 62
60 73