29 17 1 35 11 55 31 95 28 89 22 21 75 9 26 86 51 14 62 19 71 20 74 53 76 72 56 61 63 27 3 40 6 46 2 37 23 7 5 43 48 34 30 94 8 50 24 81 0 12 64 13 60 69 82 25 10 58 44 4 42 32 16 67 83 59 39 84 90 92
29 22
29 6
17 67
17 20
1 35
1 3
11 55
11 56
11 5
11 8
11 28
11 2
11 0
55 53
31 95
31 25
31 23
28 89
28 3
28 13
28 25
28 90
22 9
21 75
21 76
9 51
26 86
26 12
14 62
14 12
14 24
14 61
62 64
19 71
19 13
19 10
19 20
19 72
71 69
20 74
74 76
61 63
27 32
3 40
3 24
3 39
6 46
6 32
46 48
2 37
2 16
7 48
7 12
5 43
5 44
34 0
30 94
30 13
8 50
24 81
24 82
81 83
12 58
13 60
13 59
82 84
44 42
4 42
90 92