89 64 84 80 92 72 57 83 29 46 97 87 88 79 48 91 82 66 2 65 12 23 93 68 85 69 27 33 53 25 1 51 96 14 81 98 77 58 38 62 44 26 0 28 42 71 41 37 4 17 18 3 95 55 19 40 75 76 67 73 21 49 94 56 5 43 61 59 78
89 64
64 0
84 80
80 49
92 72
92 65
72 49
57 83
57 5
57 59
83 68
83 78
29 46
46 79
46 93
97 87
97 25
97 44
88 28
79 48
48 77
48 96
91 82
91 38
82 68
66 2
2 25
2 71
65 12
65 58
65 67
12 0
12 55
23 93
23 98
23 76
68 37
68 4
68 95
85 69
69 71
69 94
27 67
33 53
33 56
53 3
25 17
1 51
1 21
1 40
51 75
14 81
81 95
81 73
77 62
58 17
62 44
26 3
0 41
28 42
42 19
71 37
4 61
18 3
18 73
18 40
55 19
5 43