0 27 8 1 28 7 24 4 38 25 37 16 74 19 84 13 64 5 6 43 3 34 83 66 40 65 9 52 2 31 23 95 39 15 70 45 62 54 35 59 20 85 49 17 76 78 18 79 10 56 90 44 22 91 32 12 61 26 55 72 11 60 14 68 94 82 89 21 97 92 93 88 96 81 58 53 67 29 47
0 27
0 25
0 26
27 74
8 49
1 28
1 29
28 32
7 47
24 97
4 38
4 37
4 39
37 54
16 74
19 84
19 83
19 82
84 90
13 64
13 66
13 65
64 89
5 40
6 43
6 44
6 45
3 34
3 35
34 89
66 40
65 59
9 52
9 54
9 53
2 31
2 32
31 49
23 95
23 94
23 96
95 45
39 44
15 70
15 72
70 76
45 62
59 11
20 85
85 97
85 79
85 29
17 76
17 78
78 47
18 79
18 81
10 56
10 55
90 21
90 92
22 91
22 92
22 93
12 61
61 67
26 55
55 58
72 89
11 60
11 58
14 68
14 67
68 29
94 93
82 67
21 88
58 53