53 61 55 72 57 66 69 62 90 68 51 96 94 74 64 84 83 97 82 12 35 59 29 65 45 85 19 63 46 43 22 70 71 76 77 14 81 7 21 15 56 58 87 89 44 75 88 34 95 36 73 4 42 40 10 99 37 28 98 50 31 18 11 17 47 91 1 92 54 48
53 61
53 90
53 94
53 65
53 31
55 72
55 18
55 17
72 83
72 82
72 90
72 1
57 66
57 19
57 36
66 69
69 62
69 68
62 97
62 43
62 47
90 91
68 74
68 84
51 96
51 12
51 35
51 44
51 77
51 28
51 11
51 54
96 10
96 37
94 40
74 56
74 82
64 84
64 87
64 98
84 85
83 34
82 95
35 71
35 76
59 29
59 48
29 70
65 45
85 7
85 21
85 15
85 44
63 46
63 22
22 70
22 87
71 89
76 42
77 14
81 58
15 92
58 34
75 88
75 4
75 73
34 73
99 37
50 11