57 59 27 88 20 73 21 76 8 49 14 61 79 70 72 15 63 11 13 75 94 96 6 46 31 95 7 47 66 68 65 67 5 4 42 18 39 41 43 25 84 51 2 38 9 52 45 16 30 44 19 71 0 34 22 69 23 3 90 17 50 12 29 28 1 26 85 24 10 83 64 32 91
57 59
59 13
27 88
27 22
27 10
20 73
20 0
73 75
21 76
21 75
8 49
8 50
8 7
49 51
14 61
61 63
79 23
70 72
70 18
72 19
15 63
15 7
15 64
11 30
11 1
13 9
94 96
94 30
96 31
6 46
6 45
31 95
31 0
7 47
7 5
7 29
47 45
66 68
66 16
65 67
67 17
5 44
5 19
5 9
5 43
4 42
4 17
4 29
18 25
18 16
39 3
41 43
25 84
25 83
2 38
2 9
9 52
16 30
16 32
30 12
19 71
71 69
0 34
22 17
23 24
3 28
3 26
90 28
17 24
17 26
29 91
26 85