23 81 82 63 68 30 35 3 57 61 48 50 43 46 47 49 20 91 94 87 92 45 42 44 15 74 76 53 54 36 28 31 71 34 39 41 32 33 56 78 21 22 7 8 4 72 73 75 13 40 51 86 85 12 17 66 69 38 79 77 59 60 99 65 16 27 70 55 93 37 11 97 88 58 24 26 25 29 52 62
23 20
23 26
81 82
82 78
82 79
82 87
82 86
63 68
63 62
30 35
30 34
30 31
30 29
35 36
35 40
3 7
57 61
57 53
57 54
57 56
57 58
57 62
61 65
61 60
61 66
48 50
48 46
50 53
43 46
46 42
47 49
47 45
20 16
91 94
91 86
87 92
87 88
92 97
45 44
45 40
42 39
15 11
74 76
74 71
76 79
53 52
54 51
54 55
36 41
28 31
28 27
71 72
34 39
34 33
41 37
32 33
33 38
78 77
78 75
21 22
21 17
22 24
7 8
7 4
7 12
73 75
73 69
13 12
86 85
12 17
66 69
66 70
59 60
99 97
16 11
27 24
93 88
26 25
25 29