24 99 5 40 7 47 18 80 98 8 50 46 2 17 49 6 44 4 39 10 57 13 19 38 58 56 20 65 51 59 64 43 21 48 0 26 23 94 12 14 69 15 72 1 90 45 86 84 22 92 93 91 16 73 29 37 53 77 11 60 3 34 52 55 61 9 70 54 42 31 95 27 36 41 87 97 68 71 25
24 99
24 98
99 49
5 40
5 42
5 41
40 58
7 47
7 46
7 48
18 80
80 77
80 95
8 50
8 49
8 51
50 56
46 84
2 31
17 77
6 44
6 43
6 45
44 97
4 39
4 37
4 38
10 57
10 56
10 55
57 27
13 65
19 84
38 58
38 72
58 11
58 93
20 86
65 86
65 68
51 73
59 64
59 11
43 27
21 90
48 69
48 60
0 26
0 27
0 25
26 36
23 94
23 95
94 34
12 61
14 69
14 68
15 72
15 70
15 71
72 87
1 29
90 41
22 92
22 93
22 91
16 73
29 34
37 53
53 9
11 60
3 34
3 36
52 55
52 9
61 42
9 54
31 97