44 86 88 54 56 89 91 49 51 23 28 3 39 4 32 33 35 9 10 11 27 87 24 31 13 60 21 2 37 41 52 8 71 15 63 61 79 5 17 19 22 62 1 82 53 7 29 98 20 73 65 40 43 45 47 12 55 92 26 30 90 18 64 78 36 25 70 6 16 38 97
44 5
86 88
86 26
88 27
54 56
54 10
89 91
89 28
49 51
49 8
51 9
23 28
23 79
28 1
28 20
28 90
3 39
3 32
3 29
3 40
3 15
39 37
4 32
4 41
4 9
32 10
32 98
32 97
33 35
35 1
9 52
10 11
10 53
11 21
27 13
27 87
24 82
24 13
31 19
31 16
13 60
13 1
13 17
2 37
2 19
2 38
41 43
71 19
15 63
15 30
15 64
63 61
5 43
5 12
19 22
19 18
22 78
62 64
1 36
53 55
7 47
7 26
7 25
29 92
20 73
65 16
45 47
45 6
92 90
18 70