23 95 16 73 8 51 4 39 94 9 53 6 1 30 21 88 43 96 2 31 5 41 12 61 29 15 72 89 24 97 22 91 70 14 67 11 59 3 34 0 26 18 79 17 76 7 46 25 10 56 38 57 52 77 99 20 87 47 71 19 82 85 55 13 64 81 78 28 36 80 49 48 86 50 66 54 98 37 69
23 95
23 94
23 96
16 73
73 52
8 51
8 49
8 50
51 78
4 39
4 38
4 37
94 70
9 53
9 52
9 54
53 70
53 64
6 43
1 30
1 29
1 28
21 88
21 89
88 43
2 31
31 36
31 87
5 41
41 66
12 61
61 85
15 72
15 70
15 71
72 81
89 80
24 97
24 99
24 98
97 49
22 91
91 47
14 67
67 69
11 59
59 25
3 34
34 55
34 36
0 26
0 25
26 56
18 79
18 81
18 80
17 76
17 77
17 78
76 48
76 28
7 46
7 47
46 57
10 56
10 57
10 55
38 71
57 48
20 87
20 85
20 86
71 50
19 82
82 86
13 64
13 66
98 69