39 72 5 43 31 94 11 36 22 73 18 23 53 49 75 63 80 24 34 7 69 37 38 46 29 97 35 65 57 93 91 59 47 42 77 86 28 16 51 8 99 41 83 12 76 40 68 3 79 58 14 27 95 52 81 45 26 32 90 1 60 64 15 10 56 54 13 19 4 88 78 44 74 61 84 55 2
39 72
72 77
5 43
5 8
5 76
43 77
43 28
31 94
31 34
31 2
94 37
94 47
94 16
11 36
36 91
36 63
22 73
22 65
22 61
18 23
18 93
18 12
23 34
23 59
53 90
49 75
49 57
49 51
49 95
75 1
63 80
80 77
24 34
24 57
24 13
34 27
34 19
7 69
69 99
37 91
38 46
38 86
38 81
46 29
29 90
29 40
97 10
97 78
35 65
35 91
93 52
91 54
59 79
59 60
47 4
42 58
42 15
77 10
16 88
8 14
99 14
41 1
83 64
12 55
40 68
40 45
68 3
68 56
3 79
79 26
79 32
79 84
27 15
64 56
44 74
74 61