36 20 0 70 55 31 59 77 74 73 83 52 23 65 1 49 67 39 37 85 14 51 58 34 9 64 22 11 82 27 26 43 29 42 15 7 17 71 92 45 57 87 46 81 48 50 44 19 54 79 86 40 47 89 78 75 16 68 4 10 53 63 13 61 96 90 60 95 2 69 21 80
36 20
36 16
36 37
36 90
20 58
20 52
0 70
0 58
0 54
70 49
70 68
55 31
55 50
55 48
31 39
59 77
77 85
77 89
77 64
74 73
74 11
74 26
83 52
83 27
23 65
23 9
23 54
23 29
1 87
1 40
49 67
49 7
67 44
39 37
14 51
14 9
14 15
58 34
58 11
58 92
9 79
64 22
64 63
64 17
64 2
22 78
22 82
11 10
82 96
27 21
26 43
29 42
42 45
17 71
71 46
92 80
57 13
57 95
87 46
46 86
81 48
81 19
40 47
40 4
78 75
78 13
75 60
16 53
16 61
68 2
69 21