54 86 61 53 59 94 21 9 51 5 6 90 1 64 74 81 11 16 91 96 42 99 50 72 0 71 43 88 19 34 8 49 66 65 15 70 10 87 12 39 38 48 92 7 22 82 44 83 28 89 20 84 29 60 77 69 97 75 76 32 58 30 47 63 62 2 3 17 52 67 56 45 55 98 78 85
54 86
54 84
61 53
61 89
61 22
61 32
53 70
53 97
59 90
59 74
94 21
94 9
94 99
94 5
94 3
21 19
21 87
21 20
9 77
51 5
51 6
5 22
6 91
6 84
90 72
90 2
1 64
1 50
64 19
64 29
74 81
74 83
11 16
11 82
11 47
16 34
16 78
91 45
96 42
96 88
96 65
96 20
42 30
42 63
99 43
50 15
50 52
72 7
72 92
0 78
71 43
19 44
8 32
49 66
49 29
65 69
15 82
70 75
10 56
87 55
12 39
39 92
38 48
48 76
44 58
83 28
28 89
89 85
29 67
60 30
76 30
47 17
63 62
17 98
67 56