83 58 47 65 37 52 20 97 9 26 28 74 36 57 2 95 89 13 78 67 1 70 62 24 34 33 76 94 23 87 64 49 46 44 99 61 12 15 50 71 72 53 30 93 25 31 84 92 98 8 0 90 4 91 38 27 41 56 55 17 69 39 88 86 43 40 96 77 19 5 54 35 32
83 58
58 8
58 88
58 9
58 27
47 65
47 93
47 99
65 92
65 41
65 72
37 52
37 71
37 53
52 33
52 39
20 97
20 67
20 69
20 40
97 70
97 96
9 26
26 76
28 74
28 17
74 24
74 44
36 57
36 62
57 12
2 95
2 78
2 46
89 13
89 31
67 49
67 56
1 0
70 62
70 86
70 19
70 54
24 23
24 38
34 33
34 23
94 46
23 77
87 64
87 61
87 72
64 55
64 4
49 46
49 84
49 5
44 99
44 56
15 71
50 55
53 30
30 90
93 25
31 40
92 98
98 35
0 90
0 27
91 38
56 32
43 40