5 39 14 54 6 29 12 59 30 52 25 50 38 44 53 35 48 56 33 58 41 8 42 51 24 1 47 15 45 34 60 40 11 46 7 61 21 9 10 31 22 0 90 20 3 43 23 94 37 89 18 91 17 81 99 2 79 76 80 93 67 66 64 74 65 87 62 85 73 68 72 83 96 82 98 97 84 86
5 39
5 52
5 15
5 7
5 25
5 66
14 54
14 38
14 34
14 0
6 29
6 25
12 59
59 34
30 37
25 50
25 1
50 20
38 17
44 53
44 35
44 3
44 31
53 22
53 23
35 47
35 37
48 56
48 3
48 41
56 60
33 58
33 24
58 46
8 42
8 31
8 68
42 94
51 24
51 11
24 43
47 99
45 60
40 11
40 21
40 2
7 61
7 31
7 18
7 67
61 9
9 10
10 43
22 0
22 79
0 90
0 89
0 91
0 81
0 80
0 93
0 64
0 74
0 65
0 87
0 62
0 85
0 73
0 72
0 83
0 96
0 82
0 98
0 97
0 84
0 86
18 76