22 25 35 41 94 10 20 24 29 97 32 33 66 99 13 79 3 4 49 50 43 65 36 60 55 56 78 68 85 44 53 48 63 74 19 52 38 37 46 69 42 83 84 9 17 27 57 30 31 61 21 71 86 2 88 1 76 77 95 98 54 18 6 15 91 34 14 58 67 23
22 25
22 21
22 23
25 24
25 17
35 36
35 79
35 85
41 94
41 67
10 20
10 60
10 9
20 52
20 21
24 43
29 97
29 95
32 33
32 55
32 31
33 68
66 99
66 69
99 98
13 79
79 50
3 4
3 2
3 56
3 52
49 50
50 78
43 65
43 42
65 38
65 37
60 71
55 56
55 54
78 88
78 77
68 48
68 27
68 69
68 67
85 6
85 19
44 53
53 57
53 61
53 86
63 74
74 9
38 86
37 46
37 76
37 95
46 34
83 84
83 91
17 18
57 58
30 31
2 1
76 77
95 91
18 14
15 34