3 20 85 8 50 18 34 51 14 67 1 28 23 95 22 93 11 58 15 72 9 53 16 74 21 60 2 32 54 4 24 12 61 7 47 52 13 0 19 73 64 98 96 69 90 6 43 10 55 48 99 84 83 70 33 57 5 42 68 89 78 94 49 80 56 87 75 27 17 76 31 71 44 86 59 37
3 34
20 85
20 87
85 51
8 50
8 51
8 49
18 80
34 28
51 28
14 67
14 69
14 68
67 48
67 31
1 28
23 95
23 96
23 94
95 86
22 93
93 59
11 58
11 60
11 59
58 94
15 72
15 70
15 71
72 87
9 53
9 54
9 52
53 74
16 74
16 73
16 75
21 90
21 89
60 78
2 32
2 33
2 31
32 42
54 96
54 87
4 37
24 98
24 99
12 61
61 55
7 47
7 48
47 80
13 64
0 27
19 84
19 83
73 33
64 68
98 69
90 76
6 43
6 44
10 55
10 57
10 56
99 44
84 37
83 70
33 57
5 42
89 78
49 27
17 76