10 56 5 40 1 30 17 76 55 20 85 23 95 12 61 19 84 22 92 7 82 9 53 14 69 3 77 18 16 75 11 2 0 27 94 13 62 15 72 6 43 21 88 58 54 42 24 98 41 4 38 37 36 26 8 47 86 57 80 31 96 70 28 51 78 74 73 39 87 89 50 71 25 93 64
10 56
10 55
10 57
56 88
5 40
5 42
5 41
40 92
1 30
1 28
17 76
17 77
17 78
55 69
20 85
20 86
20 87
85 93
23 95
23 94
23 96
12 61
12 62
61 74
19 84
19 82
84 42
22 92
7 47
82 38
9 53
9 54
14 69
3 36
77 71
18 80
16 75
16 73
16 74
11 58
2 31
0 27
0 26
0 25
27 54
27 74
27 57
94 71
94 80
13 64
62 70
15 72
15 70
15 71
72 28
72 64
6 43
43 50
21 88
21 89
58 78
54 36
24 98
98 51
41 47
4 38
4 37
4 39
8 51
8 50
31 96
70 87
39 87
50 25