91 31 15 27 49 43 71 6 1 4 90 64 74 17 26 57 39 89 77 36 54 97 24 61 66 30 23 11 2 45 55 16 22 35 84 38 32 8 19 99 29 79 96 9 87 20 72 83 76 7 14 94 95 48 86 44 58 68 12 73 62 80 33 0 85 60 98 34 82 18 92 40
91 77
91 33
31 15
31 89
31 97
31 90
15 79
15 14
27 49
27 82
49 87
49 97
43 1
43 12
71 6
71 84
71 30
6 83
4 90
4 20
4 66
90 22
90 24
90 80
90 40
64 73
74 17
74 96
26 57
26 39
26 83
57 73
89 72
89 60
77 55
77 76
36 54
36 22
97 23
24 61
24 8
24 98
66 30
66 92
66 0
30 96
23 11
23 19
11 32
2 45
2 58
55 16
16 8
35 99
84 38
38 44
32 7
8 34
19 58
99 9
29 33
79 95
96 86
96 12
9 48
9 80
72 85
7 62
14 94
48 18
44 68