83 82 6 11 32 92 49 50 19 59 60 58 0 26 27 38 37 57 56 13 96 28 3 4 93 79 78 23 24 18 61 10 86 87 94 95 80 89 90 88 68 69 70 71 53 14 43 15 16 20 74 12 44 33 55 40 39 22 77 63 17 5 41 7 67 91 25 66 42 35 47 46 76 54 64 9 97 72
83 82
83 19
6 11
6 7
11 10
11 12
32 92
32 33
92 93
49 50
50 56
19 18
19 20
59 60
59 58
59 37
60 93
58 57
58 67
0 89
26 27
26 10
26 25
27 28
38 37
38 5
57 56
57 15
13 96
13 14
13 12
96 95
96 97
3 4
4 5
93 94
79 78
79 80
79 66
78 88
23 24
23 53
23 22
24 25
18 61
18 17
10 9
86 87
87 88
94 95
89 90
90 91
68 69
68 67
69 70
70 71
71 72
53 54
14 43
43 44
43 42
15 16
16 91
16 17
20 46
74 25
12 41
33 55
40 39
40 41
39 64
22 77
77 76
63 64
67 66
35 47
47 46