9 20 54 19 72 21 75 32 62 64 2 27 44 5 43 26 85 3 40 13 59 22 77 78 17 67 8 49 24 81 58 57 12 6 45 74 28 89 10 18 70 69 16 0 33 35 14 7 1 15 11 50 91 82 31 95 25 88 46 39 23 90 92 96 29 93 34 63 68
9 20
20 74
20 24
54 10
19 72
19 17
19 29
21 75
21 18
21 8
32 31
62 64
62 14
64 15
2 27
27 88
27 0
44 5
5 43
5 14
26 85
26 7
26 6
3 40
3 10
3 39
3 7
13 59
13 0
13 16
13 25
59 57
22 77
22 78
22 8
17 67
17 28
17 68
8 49
8 28
8 50
8 7
8 1
24 81
24 82
24 29
58 12
57 12
6 45
6 46
6 23
28 89
28 90
89 91
18 70
18 69
18 0
0 34
33 35
35 1
1 15
15 63
11 25
31 95
31 23
31 96
95 93
90 92