45 90 36 87 56 20 12 44 27 33 58 28 79 0 3 11 21 37 81 14 77 1 89 5 59 70 72 15 99 65 98 73 17 4 93 18 82 92 48 80 69 46 52 13 2 63 41 9 97 16 39 34 75 26 19 6 31 51 22 66 8 86 7 76 23 30 54 38
45 90
90 69
36 87
36 56
87 26
56 80
20 12
20 21
12 33
12 31
12 76
44 27
44 13
27 98
27 37
27 41
33 58
58 5
28 79
28 0
28 6
28 38
0 3
0 72
0 23
3 59
3 48
3 75
11 21
11 15
11 34
21 70
21 4
37 81
37 92
37 46
14 77
14 99
14 5
14 63
77 73
1 89
1 5
1 17
1 52
5 16
5 19
5 51
5 22
59 82
70 69
72 98
15 2
15 30
99 65
99 8
4 93
4 18
4 7
18 82
18 54
69 9
46 86
13 66
13 39
9 97
97 26