21 88 18 79 15 22 7 47 93 6 45 10 56 12 61 16 73 1 30 0 26 19 25 13 65 9 54 23 4 5 42 24 37 70 74 86 11 58 46 17 78 98 2 32 62 41 8 14 69 40 3 20 85 59 84 44 91 51 95 87 80 34 60 76 27 75 90 66 89 64 29 77 31
21 88
21 90
21 89
88 86
18 79
18 80
79 51
15 70
22 93
22 91
7 47
7 46
47 84
47 54
93 95
6 45
6 44
10 56
56 25
12 61
12 62
61 98
16 73
16 74
16 75
73 29
1 30
1 29
30 34
0 26
0 25
0 27
26 87
19 84
13 65
13 66
65 62
9 54
23 95
4 37
5 42
5 41
5 40
42 64
42 77
42 74
42 31
24 98
37 60
70 69
70 27
74 86
86 20
11 58
11 59
11 60
58 80
46 62
17 78
17 76
17 77
2 32
2 31
8 51
14 69
40 60
3 34
20 85
20 87
85 44
59 91
66 89