61 92 12 77 24 41 83 68 87 93 8 32 38 11 28 74 97 27 37 10 81 3 48 14 34 7 63 23 75 64 58 70 88 39 79 66 49 36 47 86 50 82 13 60 17 96 52 21 16 59 31 90 0 20 53 73 4 1 51 54 65 6 46 42 26 62 89 99 98 69 25 33 40 84
61 92
61 88
92 68
92 42
92 89
12 77
77 46
24 28
41 52
83 68
83 20
83 33
68 0
87 93
87 38
93 96
8 32
8 23
38 11
11 70
11 39
11 49
28 16
28 62
74 97
74 0
74 47
97 7
27 37
27 17
37 34
10 81
81 62
3 48
48 73
14 34
14 26
34 62
7 36
7 90
63 23
63 49
63 66
23 40
75 64
75 82
64 36
64 17
58 40
39 53
39 99
79 66
49 89
36 21
36 4
47 86
86 51
50 82
13 60
60 90
52 73
52 53
21 1
16 69
59 31
59 54
31 26
1 6
54 65
46 40
98 84
25 33
25 84