12 51 86 94 36 56 44 82 27 65 60 2 50 23 97 35 49 58 3 10 69 89 71 18 74 98 80 75 14 61 67 13 37 21 16 7 19 15 54 81 64 22 17 59 30 53 57 31 41 25 55 63 39 8 42 92 28 33 6 96 52 29 68 9 0 46 66 77 72 84 95
12 51
12 30
51 29
51 66
86 94
86 57
86 37
94 27
94 80
36 56
36 16
44 82
82 54
82 80
27 65
65 52
60 2
60 59
50 75
50 53
50 68
23 97
23 46
97 49
97 37
35 49
58 3
58 18
58 80
58 10
3 28
10 69
10 61
89 71
89 59
71 14
71 22
74 98
74 75
74 0
98 64
14 61
14 42
14 84
67 13
67 33
13 95
37 21
37 55
37 9
21 41
16 54
7 19
19 81
19 30
15 46
54 25
81 64
64 22
17 41
53 31
63 39
39 42
8 28
42 33
42 96
42 72
92 28
6 96
66 77