17 77 76 5 42 12 10 56 0 18 79 16 24 97 14 11 58 15 70 29 59 1 78 35 54 20 86 13 66 19 82 7 4 37 57 38 6 44 22 91 23 94 83 45 92 99 30 3 21 88 63 8 49 89 64 9 39 84 93 62 52 95 25 67 51 50 53 2 31 48 34 74 43 55 32 40 87 41 98
17 77
17 76
17 78
77 38
77 64
77 98
5 42
5 40
42 88
12 63
12 62
10 56
10 57
56 93
0 25
18 79
79 48
79 89
16 74
24 97
24 99
97 38
14 67
11 58
11 59
58 86
15 70
70 49
29 59
29 1
1 30
35 54
35 3
54 9
20 86
20 87
13 66
13 64
19 82
19 83
19 84
82 92
7 48
4 37
4 38
4 39
57 32
57 99
6 44
6 45
6 43
44 40
22 91
22 92
22 93
91 55
23 94
23 95
45 84
45 95
92 51
30 74
3 34
21 88
21 89
63 67
8 49
8 51
8 50
64 34
9 52
9 53
62 53
52 25
51 41
2 31
2 32
48 74