4 92 51 64 22 58 0 61 7 42 96 14 41 23 97 30 49 40 11 39 78 36 60 3 24 43 89 70 12 71 45 77 59 99 20 52 93 34 1 54 76 47 2 94 32 85 31 28 68 26 33 53 29 66 91 50 82 46 98 38 88 35 57 44 73 80 48 81 25 65 55 62 67 84 5 69 27
4 92
4 52
92 29
51 64
51 97
51 2
51 67
64 40
64 53
22 58
22 30
22 1
22 47
22 91
22 12
58 40
0 61
0 32
61 80
7 42
7 11
7 3
7 1
96 14
96 89
96 3
96 66
14 82
41 23
41 52
23 12
97 62
30 93
49 40
49 78
49 35
40 5
11 39
11 99
11 34
11 48
36 60
36 59
36 57
60 77
3 27
24 43
24 34
43 28
70 12
70 20
70 46
12 73
71 45
71 35
77 55
59 99
20 68
20 44
34 50
54 76
76 57
94 88
32 85
85 69
31 28
68 26
26 33
26 80
33 38
29 88
46 98
57 65
48 81
25 65
55 84