9 12 16 19 23 26 30 33 37 40 44 47 51 54 58 61 65 68 72 75 79 82 86 89 93 96 2 5 14 21 28 31 35 38 42 45 49 52 56 59 63 66 70 73 77 80 84 91 7 8 11 15 18 22 25 29 32 36 39 43 46 50 53 57 60 64 67 71 74 78 81 85 88 92 95 1 4 0 13 20 27 34 41 48 55 62 69 76 83 90 97 6 98
9 12
9 13
12 11
16 19
16 20
19 18
23 26
23 27
26 25
30 33
30 34
33 32
37 40
37 41
40 39
44 47
44 48
47 46
51 54
51 55
54 53
58 61
58 62
61 60
65 68
65 69
68 67
72 75
72 76
75 74
79 82
79 83
82 81
86 89
86 90
89 88
93 96
93 97
96 95
2 5
2 6
5 4
14 15
14 13
21 22
21 20
28 31
28 29
28 27
35 38
35 36
35 34
42 45
42 43
42 41
49 52
49 50
49 48
56 59
56 57
56 55
63 66
63 64
63 62
70 73
70 71
70 69
77 80
77 78
77 76
84 85
84 83
91 92
91 90
7 8
7 6
8 11
15 18
22 25
29 32
36 39
43 46
50 53
57 60
64 67
71 74
78 81
85 88
92 95
1 4
1 0
97 98