10 38 50 40 49 17 4 58 13 66 37 22 72 0 44 64 57 61 25 1 3 62 6 20 18 29 35 53 9 15 47 70 65 24 8 45 30 63 55 7 42 14 32 73 36 2 27 92 82 28 56 74 89 23 60 98 51 86 54 87 84 79 81 91 99 88 76 78 85 77 67
10 66
10 62
10 61
38 62
38 22
50 40
50 53
50 3
40 13
40 36
49 17
49 8
17 70
17 32
4 58
4 37
4 30
4 0
13 67
66 2
22 72
0 44
0 92
0 74
0 89
0 98
0 86
0 7
0 87
0 84
0 79
0 81
0 91
0 99
0 88
0 76
0 78
0 85
0 77
44 15
44 53
64 57
64 47
64 15
57 24
61 25
61 29
25 65
1 3
1 45
3 63
6 20
20 70
18 8
29 35
29 32
53 14
9 15
9 82
15 60
65 51
24 55
30 27
63 23
7 42
14 73
32 36
27 54
28 56
28 51