44 45 46 47 54 55 56 57 64 65 66 67 74 75 76 77 84 85 86 87 43 53 63 73 83 34 35 36 37 33 42 52 62 72 82 48 58 68 78 88 32 38 24 25 26 27 23 22 28 41 51 61 71 81 31 21 14 15 16 17 13 12 18 11 50 40 5 6 7 8 4 3 2 95 96 97 94 93 98 92 1 91
44 45
44 43
44 54
44 34
45 46
46 47
47 48
54 55
54 53
54 64
55 56
56 57
57 58
64 65
64 63
64 74
65 66
66 67
67 68
74 75
74 73
74 84
75 76
76 77
77 78
84 85
84 83
84 94
85 86
86 87
87 88
43 42
53 52
63 62
73 72
83 82
34 35
34 33
34 24
35 36
36 37
37 38
33 32
42 41
52 51
62 61
72 71
82 81
32 31
24 25
24 23
24 14
25 26
26 27
27 28
23 22
22 21
41 40
51 50
14 15
14 13
15 16
15 5
16 17
17 18
13 12
12 11
5 6
5 4
6 7
7 8
4 3
3 2
2 1
95 96
95 94
96 97
97 98
94 93
93 92
92 91