36 95 14 68 13 39 4 6 50 7 77 31 94 76 91 79 90 19 59 22 93 72 43 65 48 51 84 92 26 54 27 47 89 96 66 73 10 20 15 86 41 85 63 57 34 80 46 18 52 1 62 97 99 64 71 11 3 75 61 58 21 2 23 55 87 56 16 88 37 9 70 44 30 17 32 28
36 95
36 50
36 63
36 30
36 11
95 20
95 17
14 68
14 31
14 71
14 65
68 1
13 39
13 76
39 70
4 6
4 72
6 16
50 58
7 77
7 47
77 9
31 94
31 44
76 91
76 46
91 72
91 54
79 90
90 22
19 59
19 48
19 64
19 15
22 93
22 65
22 26
22 20
22 3
22 2
22 55
22 9
93 43
93 41
93 37
43 73
48 51
84 92
84 28
92 55
92 99
54 27
54 86
27 61
47 75
89 96
89 70
66 73
10 20
20 15
20 23
15 62
41 85
63 57
57 88
34 80
34 99
80 32
46 71
18 52
52 21
52 37
1 87
62 97
62 56