32 35 10 25 26 20 21 8 11 34 49 82 85 0 1 33 70 71 60 75 84 99 58 44 45 83 50 94 7 6 80 30 81 31 5 57 79 29 40 42 55 16 18 24 38 14 36 47 41 86 17 22 23 74 88 64 72 92 66 68 73 97 46 96 98 27 19 2 3 15 28 39 43 13 4 37 12 48 9 69 65 63 62
32 35
32 30
32 31
32 29
35 33
10 25
10 12
10 9
25 26
25 20
25 27
25 28
20 21
20 19
20 3
8 11
8 7
11 12
34 49
34 33
34 36
34 42
82 85
82 80
82 81
82 79
85 83
0 1
0 2
0 4
1 98
70 71
70 27
70 69
71 79
60 75
60 62
84 99
84 86
84 83
84 92
58 57
58 55
44 45
44 19
50 55
94 69
7 6
7 5
7 15
7 39
57 65
40 42
40 39
42 41
42 43
16 18
16 15
18 17
18 2
24 38
24 14
24 22
38 47
38 37
14 23
14 13
47 46
74 88
74 64
74 72
88 97
64 73
64 63
66 68
66 65
68 2
97 96
46 48
96 98
13 12
63 62