6 46 30 93 16 65 81 83 32 98 5 24 82 20 73 23 19 72 66 89 91 31 96 71 9 4 41 7 47 10 21 29 27 88 0 1 36 22 78 42 2 26 69 84 58 60 8 49 14 61 11 55 56 18 70 52 50 13 3 40 15 64 12 57 90 44 85 17 28 35 59
6 46
6 10
30 93
30 10
30 2
30 22
16 65
16 66
16 7
16 23
81 83
81 24
32 98
32 26
5 17
24 82
24 7
24 4
82 84
20 73
20 8
19 72
19 71
19 4
72 70
89 91
89 28
91 29
31 96
31 15
71 69
9 29
9 52
4 41
4 42
4 13
4 12
7 47
21 29
27 88
27 22
0 8
1 36
1 13
1 11
1 35
22 78
22 26
42 44
26 15
26 85
26 11
58 60
60 13
8 49
8 12
8 50
14 61
14 17
14 13
11 55
11 56
18 70
18 3
52 50
13 59
3 40
15 64
12 57
90 28