0 1 10 99 89 9 19 90 91 98 8 80 2 20 29 92 97 7 70 79 11 12 21 88 78 18 28 81 82 87 17 71 86 16 61 69 96 6 60 3 30 39 93 13 31 38 83 68 22 23 62 72 76 77 26 27 32 73 67 37 41 58 15 14 48 51 84 52 24 47 74 75 57 25 42 53 63 36 33 34 65 66 35 64 43 40 95 4 5 94 50 54 44
0 1
0 10
1 2
10 20
99 89
99 98
89 79
9 19
9 8
19 29
90 91
90 80
91 92
98 97
8 7
80 70
2 3
20 30
29 39
92 93
97 96
7 6
70 60
79 69
11 12
11 21
12 13
21 31
88 78
88 87
78 68
18 28
18 17
28 38
81 82
81 71
82 83
87 86
17 16
71 61
16 15
61 51
96 95
6 5
60 50
3 4
30 40
93 94
13 14
31 41
38 48
83 84
68 58
22 23
22 32
23 24
62 72
62 52
72 73
76 77
76 75
77 67
26 27
26 25
27 37
32 42
73 74
67 57
37 47
41 51
41 40
58 48
15 14
15 24
52 53
24 25
47 57
74 75
53 63
53 43
53 44
63 64
36 35
33 34
33 43
34 35
65 66
65 64
40 50
95 94
4 5
54 44