76 62 0 31 90 66 35 75 81 72 57 73 44 77 5 18 12 17 9 21 68 52 91 64 70 67 16 83 19 79 80 45 22 10 86 56 54 2 1 15 49 65 78 92 46 37 84 48 29 28 63 25 61 58 74 88 50 3 60 51 53 6 87 47 33 11 82 13 42 32 89
76 62
76 2
62 1
62 22
62 87
0 31
0 49
31 21
90 66
90 83
35 75
35 6
81 72
81 10
72 56
72 15
72 64
57 73
73 52
73 29
73 68
73 18
44 77
44 65
77 60
5 18
5 67
18 58
12 17
12 37
9 67
21 68
21 19
68 48
68 54
52 91
64 70
64 86
16 83
16 54
83 86
83 78
83 88
19 79
79 33
80 45
45 22
45 13
10 3
56 65
56 84
56 51
1 15
15 47
15 32
49 46
49 50
65 25
65 74
65 11
92 61
92 42
37 89
84 82
29 61
28 63
63 25
25 53
50 89
53 6