68 14 75 88 84 21 72 33 17 85 38 4 97 43 20 80 49 73 67 77 95 13 81 96 31 36 90 32 23 28 76 2 15 34 12 46 63 42 48 83 11 65 19 79 94 89 3 59 41 54 91 35 92 93 60 5 56 1 70 82 58 71 47 26 27
68 14
68 80
68 4
68 17
14 93
75 38
88 84
88 23
88 35
84 28
84 27
21 72
21 85
21 46
21 89
72 12
72 76
72 13
33 17
17 5
85 47
38 4
38 2
38 82
4 15
97 43
97 70
43 60
20 94
80 23
80 1
49 73
49 28
49 63
73 96
73 56
73 59
67 77
77 31
77 48
95 13
81 32
96 54
36 83
90 32
32 15
28 76
28 42
28 65
28 58
76 92
15 34
15 79
12 91
63 48
83 11
11 65
19 79
19 94
19 26
3 54
59 41
35 71
93 60