7 99 33 72 73 74 75 76 77 78 79 0 1 11 98 61 4 3 2 21 22 23 24 25 26 27 28 29 62 68 69 12 57 59 31 32 34 35 36 37 38 39 80 58 51 52 53 54 55 56 71 63 67 66 10 64 30 20 13 14 15 16 17 18 19 65 40 9 60 5 6
7 99
7 98
7 80
7 6
33 72
33 73
33 74
33 75
33 76
33 77
33 78
33 79
33 61
33 3
33 62
33 68
33 69
33 71
33 63
33 67
33 66
33 64
33 65
0 1
0 11
0 12
0 10
0 30
0 20
0 13
0 14
0 15
0 16
0 17
0 18
0 19
4 5
3 31
3 32
3 34
3 35
3 36
3 37
3 38
3 39
3 2
2 21
2 22
2 23
2 24
2 25
2 26
2 27
2 28
2 29
2 57
2 58
2 51
2 52
2 53
2 54
2 55
2 56
12 57
12 59
80 60
10 9
30 40
20 60
5 6