92 17 31 59 74 84 72 21 0 81 65 11 14 45 20 46 12 22 34 53 54 1 37 32 66 47 19 27 29 8 71 26 73 24 44 48 83 61 3 95 30 51 80 41 43 28 68 57 5 62 86 88 76 25 60 42 70 98 39 87 13 16 6 4 85 96 56 7 64
92 17
17 11
31 59
31 26
59 16
74 84
74 8
72 21
72 86
72 96
21 20
0 81
0 56
81 61
81 25
65 11
65 71
65 41
14 45
14 44
14 32
14 62
14 13
20 22
20 3
20 43
46 12
46 95
46 80
12 34
12 60
12 3
34 70
53 54
53 66
53 86
54 19
54 76
1 37
37 28
32 66
47 19
19 24
19 26
19 5
27 29
27 70
27 85
29 42
29 28
8 71
71 61
26 73
26 51
26 57
24 98
24 6
44 7
48 83
48 3
3 87
30 51
51 64
28 68
5 39
86 88
25 60
4 56