82 78 79 54 80 9 10 48 47 46 52 58 74 66 59 60 95 62 0 12 13 91 43 73 36 6 23 32 31 26 27 38 21 19 85 16 50 35 39 33 65 97 87 56 57 49 68 76 77 67 96 69 51 75 98 55 63 28 93 94 2 84 89 71 72 18 37 25 88 22 14
82 78
78 79
78 94
79 52
54 80
54 23
54 48
54 55
80 91
80 74
80 67
9 10
9 93
9 71
10 58
10 6
48 47
48 13
48 18
48 88
47 60
46 51
58 13
74 66
74 28
74 27
59 60
59 96
60 50
60 36
95 65
95 94
62 77
0 12
0 49
12 13
13 14
91 43
73 36
36 37
32 31
32 39
32 33
26 27
38 21
38 84
21 33
19 22
85 16
85 76
50 35
39 75
65 2
65 22
97 87
87 63
87 55
56 57
56 67
56 89
68 51
76 77
76 84
67 84
69 51
69 89
69 25
98 84
93 94
71 72