37 18 48 42 39 13 21 6 55 50 46 19 54 4 47 41 29 23 43 51 7 5 56 2 16 27 31 45 17 12 24 8 35 0 20 33 44 14 62 11 30 75 52 15 58 9 36 82 10 1 3 92 66 76 86 71 67 90 69 85 70 88 59 63 60 91 57
37 48
18 48
18 35
42 39
42 54
42 31
42 43
13 21
13 16
21 50
21 14
6 55
6 46
55 44
46 19
46 4
54 12
4 47
4 51
4 7
41 29
41 5
23 43
7 5
5 45
5 30
5 58
56 2
2 24
2 92
16 27
16 66
45 82
17 12
17 33
17 10
12 15
24 20
8 35
8 33
0 20
0 62
0 75
0 10
0 66
0 82
0 76
0 86
0 71
0 67
0 90
0 85
0 70
0 88
0 59
0 63
0 60
0 91
0 57
20 11
20 3
20 69
33 36
44 52
9 36
1 92