28 54 0 36 32 42 37 20 29 60 51 38 7 64 46 57 52 3 43 12 4 18 30 2 44 21 35 23 6 10 11 1 9 14 26 13 31 65 59 39 55 22 66 87 67 33 48 98 16 8 41 92 5 93 40 89 91 99 34 53 69 25 95 82 15 94 70 79 77 72 88 90 71 84 83 74 80 58 81
28 54
28 37
28 12
0 36
0 32
0 87
0 98
0 38
0 92
0 89
0 91
0 99
0 69
0 95
0 94
0 70
0 79
0 77
0 72
0 88
0 90
0 71
0 34
0 82
0 84
0 83
0 74
0 80
0 81
36 42
36 18
36 6
36 31
36 51
36 93
37 4
37 40
20 29
20 46
20 8
20 82
60 51
60 16
51 43
38 7
38 64
38 65
38 25
64 58
57 52
57 59
57 22
3 43
43 21
12 23
4 48
30 2
30 44
30 1
2 67
21 35
35 33
23 26
10 11
11 55
11 41
9 14
9 66
14 13
14 39
59 66
59 15
39 55
39 5
39 95
67 33
48 8
34 53