48 15 8 41 32 21 17 14 46 88 81 22 24 31 64 18 5 35 6 98 43 51 20 12 33 47 4 30 93 23 59 95 13 97 74 44 82 7 62 53 3 29 84 71 58 52 19 90 57 83 87 0 70 36 37 1 50 94 54 11 80 76 79 69 61 72 16 28 77 2 39 34 75 60 45 91 86 99 96
48 15
48 18
15 62
8 41
8 32
8 88
8 51
8 29
8 72
41 31
41 19
32 6
21 17
17 98
17 52
17 47
14 46
14 81
14 53
14 80
46 47
46 24
88 23
88 0
81 44
22 24
22 6
24 12
24 84
31 58
31 69
64 18
64 3
64 70
18 45
5 35
5 97
35 20
35 50
6 87
6 96
43 51
43 59
20 4
20 52
20 76
12 95
33 93
33 86
30 93
23 83
23 75
95 36
13 97
97 74
44 99
82 7
82 80
62 90
62 80
53 79
3 16
84 94
84 61
71 58
71 37
90 57
70 60
1 50
54 11
54 79
28 77
28 39
77 99
2 39
2 91
34 45
91 86