3 4 1 90 92 7 9 10 12 8 66 67 76 77 5 35 37 14 6 39 40 89 38 73 74 94 95 97 98 31 33 44 46 43 45 24 25 23 34 22 21 42 26 60 61 36 47 69 70 56 58 20 59 64 65 16 51 52 85 86 55 57 78 79 27 28 72 63 71 29 30 83 84 80 15 62 54 48 53 41 19 82 87 32 88 68 49 50
3 4
3 1
4 5
90 92
90 89
92 94
7 9
7 6
9 8
10 12
10 8
12 14
66 67
66 65
67 69
67 68
76 77
76 74
77 78
5 6
35 37
35 34
37 38
37 39
14 16
14 15
39 40
40 42
40 41
89 88
38 50
73 74
73 72
94 95
95 97
97 98
31 33
31 30
31 32
33 34
44 46
44 43
44 45
46 47
43 42
24 25
24 23
24 27
25 26
23 22
34 36
22 21
21 20
26 29
60 61
60 62
60 59
61 63
47 48
69 70
70 71
56 58
56 55
58 59
20 19
64 65
65 62
16 19
51 52
51 48
51 53
85 86
85 84
86 87
55 57
55 54
78 79
79 80
27 28
72 71
29 30
83 84
83 82
80 82
54 53
48 49
87 88