1 2 6 7 11 12 16 17 21 22 26 27 31 32 36 37 41 42 46 47 51 52 56 57 61 62 66 67 71 72 76 77 81 82 86 87 91 92 96 97 18 23 28 33 38 43 48 53 58 63 68 0 5 10 15 20 25 30 35 40 45 50 55 60 65 70 75 80 85 95 90 29 34 39 44 49 54 59
1 2
2 0
6 7
7 5
11 12
12 10
16 17
17 18
17 15
21 22
22 23
22 20
26 27
26 29
27 28
27 25
31 32
31 34
32 33
32 30
36 37
36 39
37 38
37 35
41 42
41 44
42 43
42 40
46 47
46 49
47 48
47 45
51 52
51 54
52 53
52 50
56 57
56 59
57 58
57 55
61 62
62 63
62 60
66 67
67 68
67 65
71 72
72 70
76 77
77 75
81 82
82 80
86 87
87 85
91 92
92 90
96 97
97 95
0 5
0 95
5 10
10 15
15 20
20 25
25 30
30 35
35 40
40 45
45 50
50 55
55 60
60 65
65 70
70 75
75 80
80 85
95 90