1 2 0 3 56 93 4 89 84 5 20 12 13 6 10 11 31 60 7 8 9 14 32 54 45 65 67 76 48 69 72 15 16 17 19 21 28 23 22 24 34 78 85 25 27 29 26 30 68 96 33 35 99 36 37 38 41 42 39 43 40 44 57 47 49 90 53 55 50 51 58 59 61 80 62 73 81 86
1 2
1 0
1 99
1 72
2 3
3 4
56 93
56 45
4 5
4 20
4 57
4 90
89 84
84 85
5 6
20 19
20 21
12 13
12 11
13 14
6 7
10 11
10 9
31 60
31 48
31 30
31 32
60 59
60 61
7 8
8 9
9 85
14 15
32 54
32 33
54 53
54 55
45 65
45 44
67 76
76 29
48 47
48 49
69 72
72 73
15 16
16 17
21 22
28 23
28 27
28 29
23 22
23 24
23 96
24 25
34 78
34 33
34 35
34 80
85 86
25 26
29 30
68 96
35 36
36 37
37 38
38 39
41 42
41 40
42 43
39 40
43 44
57 58
49 50
50 51
61 62
80 81