3 39 4 6 45 23 80 1 36 46 48 21 76 16 66 49 51 9 52 2 37 79 69 82 84 93 95 8 13 60 0 33 10 54 15 24 26 75 29 91 7 34 19 50 28 90 20 72 32 40 85 18 12 58 53 55 27 17 30 11 73 31 5 81 14 74 92 43 67 86 61 64 89 57 42
3 39
3 8
3 40
3 12
39 37
4 6
4 42
6 45
6 46
23 80
23 79
23 14
1 36
1 20
1 0
36 34
46 48
48 7
21 76
21 75
21 10
21 8
16 66
16 15
49 51
49 8
51 9
9 52
9 26
9 30
2 37
69 18
82 84
82 24
93 95
93 30
95 31
8 50
13 60
13 18
60 58
0 33
0 17
10 54
15 24
15 19
15 11
15 64
24 81
26 85
26 86
29 91
29 5
29 12
29 28
91 89
7 17
19 72
19 5
28 90
28 27
90 92
20 73
20 11
20 74
20 32
18 14
12 58
12 57
53 55
55 11
17 67
5 43
14 61