2 75 18 72 26 50 7 8 76 13 16 44 54 1 86 74 59 6 0 70 10 30 58 79 20 81 40 77 3 71 19 66 33 49 51 39 41 80 25 65 67 89 11 73 22 43 47 9 52 53 28 14 82 62 63 29 37 64 85 46 4 57 12 56 5 24 35 45
2 75
2 0
2 9
75 7
18 72
18 30
18 49
72 3
72 57
26 50
26 22
50 20
50 41
7 58
7 29
8 76
8 70
8 53
76 44
76 64
13 16
13 30
54 79
1 86
1 43
86 70
86 37
74 59
74 46
74 35
59 89
6 0
0 3
0 11
0 10
0 12
0 5
70 10
70 47
10 19
30 71
58 39
58 25
79 71
79 14
20 81
81 62
40 77
40 51
3 52
19 73
19 56
66 22
33 49
51 80
51 67
41 80
41 73
41 4
25 65
65 45
43 46
47 82
53 28
28 85
62 63
24 35