22 75 56 57 23 84 65 66 34 42 35 49 5 64 6 4 3 91 20 21 63 88 28 73 83 7 8 10 39 37 71 60 92 93 44 97 98 14 38 11 1 72 78 79 94 90 15 82 0 17 70 32 74 58 86 29 36 46 41 52 16 43 48 85 81 25 95 45 53 18 54 2 68 77 80 99 26
22 75
22 21
75 90
56 57
56 39
57 4
23 84
23 73
84 63
84 46
65 66
65 0
65 64
65 85
66 1
66 92
34 42
34 58
42 83
35 49
35 48
49 80
5 64
5 6
5 68
5 77
5 26
64 63
6 7
3 91
3 95
3 2
91 44
20 21
20 11
20 97
63 88
63 48
88 70
28 73
7 8
10 39
10 41
10 46
39 94
37 71
37 44
37 97
37 0
71 72
60 29
92 93
44 43
44 82
44 45
97 98
14 38
38 53
1 58
72 16
72 74
78 79
79 70
94 36
15 82
0 17
0 99
17 18
32 74
32 54
58 25
86 45
29 18
52 25
81 80
53 54