91 84 0 7 14 21 28 35 42 49 56 63 70 77 93 86 2 9 16 23 30 37 44 51 58 65 72 79 1 92 3 10 17 24 31 38 45 52 59 66 73 80 87 8 15 22 29 36 43 50 57 64 71 78 85 94 5 12 19 26 33 40 47 54 61 68 75 82 89 96
91 84
91 0
91 92
91 94
84 87
84 85
0 7
0 1
0 3
0 2
7 14
7 10
7 8
14 21
14 17
14 15
21 28
21 24
21 22
28 35
28 31
28 29
35 42
35 38
35 36
42 49
42 45
42 43
49 56
49 52
49 50
56 63
56 59
56 57
63 70
63 66
63 64
70 77
70 73
70 71
77 80
77 78
93 86
93 2
93 96
86 89
2 9
2 5
9 16
9 12
16 23
16 19
23 30
23 26
30 37
30 33
37 44
37 40
44 51
44 47
51 58
51 54
58 65
58 61
65 72
65 68
72 79
72 75
79 82