10 56 7 22 92 59 88 4 1 21 11 0 26 90 2 31 14 69 12 61 55 15 24 47 18 80 17 78 79 37 8 43 25 41 9 52 99 28 68 19 54 49 62 3 35 84 6 44 23 96 16 74 91 73 87 81 71 13 66 20 57 45 76 53 27 60 77 95 63 75 83 5 32 58 94 89 67
10 56
10 55
10 57
56 76
56 67
7 47
22 92
22 91
92 71
59 88
59 11
88 21
4 37
1 28
21 90
21 89
11 60
11 58
0 26
0 25
0 27
90 57
2 31
2 32
31 60
31 45
14 69
14 68
69 41
12 61
12 62
12 63
61 27
55 53
55 79
15 71
24 99
47 43
18 80
18 79
18 81
17 78
17 77
17 76
78 95
37 49
8 49
43 6
41 5
9 52
9 54
9 53
52 66
99 62
28 87
68 62
68 35
19 84
19 83
49 96
3 35
84 96
6 44
44 83
23 96
23 95
23 94
16 74
16 73
16 75
91 32
73 57
87 45
87 20
13 66
27 77