9 51 17 68 29 92 18 70 7 48 30 93 15 63 31 96 5 44 91 26 86 52 24 64 27 87 13 59 22 3 16 25 84 8 49 32 81 83 66 12 23 4 41 38 40 20 21 76 42 73 47 14 60 0 88 61 57 11 79 56 55 1 28 6 19 85 2 80 35 37 78 36
9 51
9 52
9 22
9 4
51 49
17 68
17 1
68 66
29 92
29 91
29 18
18 70
18 8
7 48
7 47
7 11
30 93
30 25
15 63
15 64
15 21
63 61
31 96
31 6
5 44
5 14
5 1
5 28
5 6
44 42
26 86
26 23
26 14
26 85
26 2
24 22
27 87
27 12
27 23
27 88
13 59
13 60
13 20
3 40
3 32
16 66
25 84
25 20
25 0
25 83
8 49
81 83
12 0
12 57
23 79
23 80
4 41
4 20
38 40
38 2
20 73
21 76
14 61
0 11
11 56
11 55
1 35
1 36
28 19
2 37
80 78