30 84 14 22 47 23 72 8 25 13 21 15 11 12 43 9 7 1 42 6 93 57 33 70 27 41 31 98 2 66 97 87 26 36 5 48 95 44 92 64 49 45 29 59 0 46 71 39 20 28 90 10 32 61 78 80 65 18 88 40 35 96 17 82 99 83 55 77 37 56
30 84
30 70
84 1
14 22
14 6
14 44
14 47
22 96
47 23
47 21
47 83
23 9
23 88
23 40
72 90
72 77
8 25
8 93
8 36
8 13
8 82
25 5
13 21
13 15
21 66
21 56
15 11
15 87
15 20
15 55
11 92
11 32
11 80
12 43
12 59
9 59
7 1
7 2
7 10
1 49
1 5
1 65
42 95
6 26
6 64
6 17
57 90
33 44
27 41
27 31
27 48
41 95
31 98
2 39
2 35
66 71
97 45
5 48
49 99
45 29
29 10
59 90
0 46
0 18
46 61
46 37
71 18
28 90
61 78