46 45 26 49 48 70 25 34 69 95 16 81 76 88 28 61 10 39 9 99 52 42 33 71 20 18 17 44 31 90 37 53 27 58 87 2 94 13 22 23 96 54 3 40 77 1 97 72 7 78 73 56 91 41 11 15 62 68 32 60 6 65 36 30 84 79 55 47
46 45
46 76
45 31
45 9
45 13
45 62
45 65
26 49
26 88
26 41
49 13
48 70
48 10
48 84
70 77
25 34
34 62
69 95
95 81
16 61
81 31
81 15
81 20
81 60
81 30
28 61
28 52
61 90
61 32
10 39
10 2
10 13
9 99
99 71
99 27
52 47
42 33
42 22
33 40
71 94
20 18
17 44
44 78
31 53
31 1
31 54
31 55
37 36
37 7
58 77
87 77
2 32
2 6
94 78
23 96
96 73
96 36
54 3
40 1
1 97
72 7
72 79
78 73
56 91
91 36
11 55
68 60