22 32 85 67 96 92 19 30 31 51 94 3 9 36 70 42 55 43 5 90 14 49 35 88 47 78 77 41 53 1 65 86 62 21 44 7 34 89 63 46 73 74 25 54 97 72 8 39 76 71 23 40 37 87 26 56 93 27 66 64 82 83 15 91 28
22 32
22 36
22 93
32 56
85 67
67 49
67 35
67 97
96 92
96 71
96 54
92 82
19 86
30 31
30 54
30 65
31 70
31 88
51 94
51 5
51 41
94 77
94 63
3 9
9 77
9 64
36 25
36 66
42 55
55 7
43 56
5 21
5 23
90 14
90 8
14 78
14 28
49 74
49 15
35 63
35 37
88 76
47 8
78 25
77 7
41 72
41 27
53 1
53 7
86 62
86 26
21 44
21 83
44 34
7 40
89 63
89 73
46 73
73 39
74 25
25 87
54 97
8 26
56 91