16 46 36 31 14 17 0 61 18 49 42 43 58 24 6 54 7 27 33 25 20 44 19 37 12 11 2 22 64 38 4 5 63 10 1 8 21 30 45 48 66 51 53 56 59 74 23 9 99 3 57 29 55 15 67 76 50 32 62 26 40 97 69 81 28 85 91 84 92 88 89 82 77 65 96 72 68 75 71 95 94
16 46
16 23
16 38
36 31
36 18
36 3
14 17
14 4
17 23
0 61
0 66
0 74
0 63
0 67
0 76
0 97
0 81
0 85
0 91
0 84
0 92
0 88
0 77
0 65
0 96
0 75
0 71
0 95
0 94
61 3
61 26
18 49
49 24
42 23
43 58
43 48
24 11
6 54
6 62
54 59
7 27
7 53
7 56
33 25
33 19
33 4
25 59
25 20
25 63
20 44
20 5
20 32
20 82
44 99
19 37
12 1
2 22
2 51
2 15
64 38
64 15
4 68
5 57
5 69
63 10
10 72
1 8
8 51
21 30
21 9
30 59
30 89
45 48
45 26
53 9
56 50
59 29
59 55
50 28
26 40