28 49 34 30 68 25 52 73 65 24 93 80 41 91 56 54 50 6 19 57 36 40 96 0 13 70 35 18 85 48 51 11 95 27 42 12 43 75 82 66 31 92 97 7 84 74 90 38 79 83 20 64 94 87 26 59 58 76 2 46 16 29 98 71 9 99 89 81 5 69 77 72 33 37 14
28 49
28 31
49 93
49 89
34 30
34 51
34 46
34 16
30 11
30 20
30 33
68 25
68 19
68 11
68 95
68 74
25 81
52 73
52 20
65 24
65 57
24 48
24 79
93 43
80 41
41 95
91 6
56 70
56 64
54 43
50 12
6 94
57 36
36 12
40 35
96 7
0 13
0 83
0 71
0 81
35 43
35 5
18 85
18 20
85 38
48 97
48 51
51 75
11 9
11 82
27 42
42 81
82 66
82 37
31 83
31 64
31 99
92 7
7 84
7 74
74 90
74 2
74 26
83 76
20 98
20 94
94 87
87 59
59 58
46 77
16 72
29 98
99 69
37 14