5 36 25 27 2 56 21 89 13 86 30 57 96 26 24 77 12 22 66 99 23 3 52 92 9 73 54 93 16 35 39 68 33 6 37 15 90 88 80 41 53 8 95 45 48 4 19 29 40 62 46 64 43 50 31 38 11 47 75 81 58 7 91 69 87 63 67
5 36
5 26
25 27
27 2
27 3
2 21
56 81
21 89
21 24
21 16
21 4
89 99
13 86
13 95
30 57
30 24
57 69
96 26
26 35
26 77
26 75
24 35
24 87
77 12
77 93
77 40
77 63
12 33
12 37
12 92
22 66
22 33
99 15
99 11
23 3
23 38
3 8
52 46
92 9
92 62
9 81
9 45
73 54
73 88
73 95
54 43
54 29
54 64
54 91
16 48
35 80
39 68
39 45
39 58
33 6
6 50
15 90
80 41
53 46
53 31
48 67
19 38
29 40
29 7
40 47
43 31