41 80 15 64 82 95 59 22 74 68 43 35 7 69 55 48 67 54 91 34 42 98 53 62 20 38 88 31 60 21 93 37 26 29 96 72 16 13 56 1 30 3 8 9 89 66 11 78 76 18 12 84 99 51 32 47 94 63 77 52 45 86 5 36 85 33 27 19 87 28 83 23 39 49 6 44 71
41 80
41 69
80 59
15 64
15 8
82 95
95 29
22 71
74 68
68 31
43 35
43 1
7 69
69 96
69 8
69 45
55 48
48 76
67 54
67 63
67 6
54 53
54 34
91 34
91 51
91 27
34 62
42 98
42 3
42 9
42 49
53 12
53 83
62 9
20 38
20 18
20 77
38 56
38 1
88 31
88 37
31 9
31 18
60 21
21 51
93 86
37 13
26 29
26 28
72 77
16 85
56 84
56 39
1 30
30 85
3 44
8 51
89 66
89 52
66 33
11 78
11 51
78 99
76 19
76 12
76 32
47 94
47 33
47 28
94 36
86 85
86 23
5 36
36 71
33 87
33 19