33 69 60 97 31 7 64 76 47 22 70 88 54 3 73 46 18 39 13 45 32 81 9 4 96 10 40 51 28 99 23 24 14 67 48 72 66 53 52 36 62 25 49 77 21 85 43 78 20 63 15 5 57 2 93 91 16 90 84 59 44 87 68 61 29 92 55
33 69
69 60
69 13
69 67
60 97
60 59
31 7
31 52
31 91
7 4
7 77
7 29
64 76
76 46
47 96
22 70
22 46
22 99
22 49
22 87
70 16
88 54
88 53
54 90
3 73
3 99
73 51
46 9
46 18
18 39
18 96
18 68
13 14
13 24
45 32
32 4
32 61
32 84
81 14
9 4
9 85
9 63
9 93
9 55
4 48
10 51
40 51
28 99
28 78
23 24
67 48
48 72
66 53
66 49
53 62
53 25
53 57
36 43
62 43
25 5
21 85
85 15
20 63
63 44
2 93
68 92