6 52 89 49 92 65 53 37 48 61 56 69 72 59 64 29 67 90 28 73 33 40 18 96 12 36 7 22 50 91 3 39 10 60 2 27 19 21 70 20 78 87 76 41 15 88 86 95 23 32 97 34 84 1 17 46 62 30 47 25 79 99 93 57 75 77 0 82 43 94 51 63 14 85
6 52
6 18
89 2
49 92
49 15
92 90
65 53
53 33
53 59
37 48
37 30
61 90
56 69
69 57
72 59
72 67
72 40
72 46
64 29
64 15
64 20
64 46
29 22
29 76
29 60
29 63
90 23
90 94
28 73
28 7
73 36
73 32
73 84
33 95
18 96
96 87
12 36
12 97
12 25
12 93
36 27
7 76
50 91
50 87
50 88
91 3
3 39
39 19
39 84
10 60
60 77
2 88
27 41
19 21
19 70
20 78
20 57
20 82
78 43
76 62
86 95
23 30
32 0
34 25
84 47
84 75
84 79
1 77
17 46
47 14
79 99
75 85
77 51