55 57 5 7 51 52 1 2 56 44 45 94 95 26 28 76 78 50 0 25 75 48 49 59 60 9 10 62 63 12 13 27 77 41 42 91 92 38 39 88 89 24 74 43 93 29 30 79 80 20 70 71 36 37 86 87 40 90 19 69 31 81 34 35 84 85 61 64 65 14 15 47 97 98 67 68 17 18 53 3 22 72 46 96 32 33 82 83 58 23 73 54 66
55 57
55 52
57 58
5 7
5 2
51 52
51 56
51 50
52 53
1 2
1 0
2 3
44 45
44 43
45 46
94 95
94 93
95 96
26 28
26 25
76 78
76 75
50 49
50 59
0 9
25 27
25 24
75 77
75 74
48 49
48 47
59 60
60 61
60 62
9 10
10 12
62 63
62 64
63 67
12 13
12 14
13 17
27 29
77 79
41 42
41 40
42 43
91 92
91 90
92 93
38 39
38 37
39 40
88 89
88 87
89 90
24 23
74 73
29 30
30 31
79 80
80 81
20 19
70 71
70 69
36 37
36 35
86 87
86 85
19 18
19 22
69 68
69 72
31 32
81 82
34 35
34 33
84 85
84 83
64 65
65 66
14 15
47 46
97 98
97 96
67 68
17 18
53 54
22 23
72 73
32 33
82 83