23 89 11 6 75 95 90 85 52 26 32 88 27 16 77 7 34 36 82 94 79 99 20 51 9 54 71 21 84 97 62 56 59 17 13 68 41 35 72 42 30 73 70 86 57 69 58 25 3 67 10 5 91 18 66 12 0 80 60 81 46 96 38 83 19 40 55 50 92 43 61 8
23 89
23 91
89 5
89 43
11 6
11 90
6 46
75 95
75 40
95 42
90 35
85 46
52 26
26 43
32 88
32 73
32 18
32 94
32 35
88 55
27 86
16 92
77 54
7 67
34 36
36 20
36 54
82 94
82 9
82 84
94 81
79 99
99 59
20 51
20 21
51 30
9 59
71 21
71 86
21 56
21 42
84 97
84 68
84 72
84 58
84 96
97 62
62 61
17 12
13 60
68 19
41 91
35 5
72 42
72 0
73 70
70 83
70 8
57 69
57 12
69 81
58 3
58 50
58 92
25 66
67 46
10 5
66 0
0 80
60 50
96 38