81 80 10 66 69 26 29 37 43 91 56 59 92 45 49 18 16 21 82 40 41 58 68 67 5 55 47 48 83 4 85 86 9 89 44 39 38 14 7 8 46 94 87 88 99 98 22 57 64 77 79 60 0 1 75 27 70 63 24 12 20 31 71 34 53 74 23 35 90 2 96 19 33 32 73 62 84 97 11 42
81 80
81 33
80 83
10 14
10 12
66 69
66 91
69 67
26 29
26 75
26 27
37 43
37 35
43 44
91 94
91 90
56 59
56 57
56 90
59 58
92 94
45 49
45 48
45 46
49 33
18 16
18 19
21 82
21 22
21 24
82 83
40 41
40 44
41 84
58 55
68 67
5 55
5 9
5 8
47 48
47 70
48 4
48 19
83 84
4 2
85 86
85 89
85 88
86 77
9 89
39 38
39 35
7 8
87 88
87 20
99 98
99 97
98 31
22 20
57 64
64 63
77 79
60 63
0 1
1 2
75 42
70 74
70 71
63 11
12 11
20 23
31 34
34 32
53 11
74 62
23 73
96 97
33 32
62 42