10 53 93 95 22 20 26 27 32 28 70 72 8 50 52 9 13 60 17 67 23 79 21 76 4 42 11 18 5 44 16 65 25 84 31 14 62 59 74 0 33 7 48 94 96 29 43 3 39 24 69 12 57 58 63 6 46 15 19 30 47 49 71 34 38 40 83 56 37 75
10 53
10 9
10 26
10 29
93 95
95 31
22 6
20 24
27 28
32 30
28 7
70 72
70 18
72 19
8 50
8 17
8 13
8 49
8 14
50 52
52 9
13 60
13 59
60 58
17 67
17 30
17 0
23 79
23 24
21 76
21 18
21 75
76 74
4 42
4 7
42 44
11 18
11 15
11 56
18 69
18 3
18 25
5 44
5 43
5 16
5 24
5 31
16 65
25 84
25 83
31 19
31 96
14 62
0 33
0 34
7 48
7 47
48 46
94 96
3 39
3 12
3 40
39 37
12 57
12 58
63 15
6 46
19 71
38 40