39 75 62 21 72 35 28 44 5 76 46 43 82 81 86 49 11 57 9 67 74 3 4 34 25 52 32 71 59 61 33 83 88 29 23 7 51 85 27 2 48 17 8 65 70 89 64 60 80 66 55 37 1 53 58 18 77 50 45 31
39 75
39 83
39 62
75 49
75 4
21 72
72 76
35 28
35 76
35 52
35 46
28 59
44 86
5 9
76 77
76 18
46 43
46 33
46 85
46 80
43 25
43 2
43 50
82 61
81 86
81 52
86 89
49 80
11 57
57 29
57 51
57 37
9 67
67 71
67 65
74 61
3 70
4 8
34 25
34 70
25 65
25 64
52 1
52 45
32 29
61 70
33 88
88 17
23 7
7 64
51 80
27 55
2 48
65 60
70 66
70 55
80 31
37 58
53 58