99 40 92 20 25 57 6 67 9 7 59 46 48 49 79 51 4 93 89 17 80 84 31 5 44 88 39 50 35 77 23 52 72 3 15 55 85 56 62 76 43 34 78 90 83 65 36 11 63 54 94 26 68 37 8 64 24 61 0 12 19 14 69 21 53 97 87 66 71 18 60 28 22 81 10 98 29 16 45 75 30
99 40
99 77
99 83
99 22
99 10
40 31
40 61
40 63
40 98
92 20
92 9
92 18
20 19
20 71
25 57
25 35
57 88
6 67
6 76
6 8
9 7
9 49
9 56
7 59
46 48
46 44
48 11
49 85
49 4
79 51
79 4
51 43
51 35
93 89
93 36
89 24
89 90
17 80
17 53
80 3
80 15
80 35
80 16
84 90
31 5
31 23
31 69
44 88
44 21
39 50
39 72
39 36
50 52
50 81
50 45
35 28
35 29
77 52
23 94
52 15
52 8
72 55
72 64
3 26
85 87
56 62
34 78
78 0
78 19
83 65
65 60
65 75
63 54
26 14
68 37
68 8
64 66
0 30
12 21
53 97