53 1 85 61 43 13 95 51 7 22 26 16 49 12 63 34 10 40 24 8 23 2 94 17 57 78 18 38 29 27 97 96 98 69 88 45 19 41 79 36 15 56 0 54 99 37 25 28 73 60 21 70 58 44 11 50 90 14 33 91 48 92 65 39 47 72 35 9 74 6 66 68 59
53 12
1 85
1 96
1 29
1 50
85 56
85 90
61 43
61 19
43 94
43 47
13 95
13 38
95 97
95 28
95 21
95 60
51 99
51 72
7 22
7 78
22 18
26 39
16 49
49 45
49 37
49 88
49 9
12 34
12 36
63 28
63 70
34 91
10 40
10 94
10 29
10 25
10 58
10 74
10 59
40 73
24 44
8 23
8 73
23 60
23 17
23 33
2 94
17 57
17 0
57 35
18 92
29 27
29 66
27 11
97 44
96 88
98 69
69 50
88 48
88 68
45 36
45 39
41 79
41 14
41 56
79 99
36 15
36 54
37 65
70 92
72 6