46 92 0 71 20 23 82 3 76 31 86 39 80 79 13 4 33 5 75 10 43 28 19 9 38 27 16 36 2 22 63 88 52 15 59 58 34 6 45 65 78 17 68 42 25 69 54 98 73 64 47 57 26 37 41 49 50 95 51 91 18 93 87 97 40 66 72 60 7 94 1 55 67 56 48 70 11
46 92
46 97
92 0
92 33
0 13
0 88
0 7
71 20
71 10
20 36
20 37
20 66
23 82
23 79
23 88
3 76
3 67
76 4
76 38
31 86
31 63
31 9
86 33
86 98
39 80
80 13
79 41
5 75
5 28
5 15
5 2
75 43
75 73
75 11
10 6
10 69
43 45
43 51
43 60
28 19
28 27
28 1
19 47
19 37
9 38
9 78
9 2
27 58
16 36
2 22
2 17
63 59
88 49
88 70
52 15
15 93
15 94
34 95
45 65
45 72
65 42
78 56
17 68
17 40
42 25
42 87
69 26
54 98
73 64
64 18
64 91
57 26
57 48
50 97
95 18
55 48