40 20 21 35 2 47 38 13 14 49 43 0 6 11 12 16 44 28 4 7 41 42 10 45 27 17 9 67 8 3 15 50 46 31 29 1 32 30 51 22 26 76 18 95 77 24 52 37 39 93 84 62 5 86 90 98 66 65 97 73 74 55 71 89 57 72 59 96 92 78 64 54 58 70 81 85 88
40 20
40 0
40 31
21 35
21 42
21 27
35 46
2 47
2 16
2 5
38 22
38 43
38 76
13 14
13 9
13 95
13 10
14 12
14 17
49 43
49 37
0 41
0 67
0 76
0 77
0 52
0 62
0 66
0 73
0 74
0 55
0 71
0 72
0 59
0 78
0 64
0 54
0 58
0 70
0 81
0 84
0 85
6 11
6 7
6 32
11 51
11 93
16 17
44 28
44 39
44 7
4 7
7 18
7 24
10 45
10 26
10 24
10 50
10 57
9 15
8 50
3 15
50 46
31 29
31 1
1 51
1 86
1 90
1 98
1 97
1 89
1 96
1 92
1 88
32 30
24 65