6 43 23 5 17 4 18 10 57 8 12 62 19 83 11 59 24 97 22 14 16 75 98 7 92 13 66 20 63 15 72 9 54 71 21 88 0 46 90 99 30 58 70 1 69 94 26 52 60 74 49 77 25 81 84 40 65 2 32 3 35 34 61 79 73 36 89 38 86
6 43
43 81
23 94
5 40
17 77
4 38
18 81
18 79
10 57
57 25
8 49
12 62
12 63
12 61
62 90
19 83
19 84
83 99
11 59
11 58
11 60
59 52
59 66
24 97
24 98
24 99
97 32
22 92
14 69
16 75
16 74
16 73
75 72
98 38
7 46
92 74
13 66
13 65
66 69
20 86
15 72
15 71
15 70
9 54
9 52
71 77
21 88
21 90
21 89
0 26
0 25
46 74
90 99
99 60
30 58
30 1
94 26
74 25
49 35
77 79
40 65
2 32
3 35
3 34
3 36
35 86
61 36
73 36