50 51 67 68 84 85 46 47 45 60 61 74 75 35 36 77 78 33 34 73 82 83 79 9 10 11 12 80 66 48 49 86 87 7 8 56 57 28 29 76 91 92 39 40 27 70 71 62 93 94 25 26 19 20 72 55 30 88 89 53 54 97 98 96 81 52 3 4 5 6 63 2 22 23 14 15 90 59 38 69 95 31 32 65 37 58 13 18 64 24 1 16 17 21 42 43 44 41
50 51
50 49
51 52
67 68
67 66
68 69
84 85
84 83
85 86
46 47
46 45
47 48
45 44
60 61
60 59
61 62
74 75
74 73
75 76
35 36
35 34
36 37
77 78
77 76
78 79
33 34
33 32
73 72
82 83
82 81
79 80
9 10
9 8
10 11
11 12
12 13
80 81
66 65
48 49
86 87
87 88
7 8
7 6
56 57
56 55
57 58
28 29
28 27
29 30
91 92
91 90
92 93
39 40
39 38
40 41
27 26
70 71
70 69
71 72
62 63
93 94
94 95
25 26
25 24
19 20
19 18
20 21
55 54
30 31
88 89
89 90
53 54
53 52
97 98
97 96
96 95
3 4
3 2
4 5
5 6
63 64
2 1
22 23
22 21
23 24
14 15
14 13
15 16
59 58
38 37
31 32
65 64
18 17
16 17
42 43
42 41
43 44