16 43 35 38 28 57 76 77 58 59 60 13 10 41 45 24 1 3 0 30 56 15 17 21 48 47 40 49 27 82 81 12 7 8 29 34 64 66 74 53 51 93 11 86 44 42 90 97 63 65 98 87 85 37 20 23 69 68 46 32 78 33 2 9 99 72 89 18 52 25 54 61 67 71 80 14 84 22 36 62
16 43
16 37
43 17
35 38
35 34
35 32
38 48
28 57
28 21
28 22
57 56
57 58
76 77
76 72
77 93
77 86
58 59
58 30
59 60
60 72
60 61
60 69
60 64
13 10
13 51
10 15
41 45
41 40
45 52
24 23
24 14
1 3
1 0
3 14
0 7
30 80
56 53
56 62
15 12
15 21
17 21
17 9
21 29
48 47
47 49
47 82
40 42
40 34
40 36
27 20
82 81
81 84
12 11
7 8
8 32
64 66
66 89
74 71
51 18
11 33
44 42
42 46
90 97
90 98
90 69
63 65
63 54
65 67
87 85
87 78
20 23
69 68
78 80
2 9
99 89
18 25
52 80
25 54
67 71