71 73 61 56 58 88 9 82 0 16 68 12 98 1 13 32 40 35 55 66 49 90 96 59 67 44 41 33 93 6 50 27 20 23 75 63 34 79 77 47 89 92 94 24 5 65 62 86 11 81 99 95 2 87 46 60 74 3 54 48 21 28 69 72 26 10 83 37 57 42 4 53 97 31
71 73
73 34
61 56
56 96
56 34
58 90
88 9
9 93
9 53
82 0
0 32
0 21
0 26
16 68
16 49
68 44
12 98
12 24
98 27
1 13
1 93
1 34
1 87
1 75
32 50
40 35
40 63
35 20
35 95
55 66
55 50
90 72
59 67
59 33
59 20
67 94
44 41
41 65
93 21
93 47
93 97
6 2
50 60
50 81
23 75
63 62
63 11
79 28
77 83
47 89
92 94
94 72
24 5
24 28
5 69
65 86
65 11
65 74
65 31
86 46
11 60
81 99
95 42
2 87
87 28
87 4
74 10
3 54
54 48
54 57
72 83
37 57
37 42