81 43 45 9 31 89 64 90 97 30 66 58 95 3 5 56 53 23 68 52 93 67 51 19 63 24 72 21 46 18 26 59 96 42 60 27 69 20 37 36 11 48 2 40 49 39 80 25 85 70 83 7 32 1 92 74 57 6 61 35 78 84 50 87 10 16 33 65 76 44 91
81 43
81 9
81 95
43 45
9 2
31 89
31 95
31 59
31 1
89 74
64 90
64 52
90 39
97 30
97 56
30 37
66 58
66 67
66 36
66 35
58 48
58 19
95 63
3 5
3 21
3 92
5 53
5 48
5 57
56 48
56 25
56 23
53 60
53 44
23 68
52 83
93 67
93 32
67 76
51 19
51 1
63 70
63 26
24 72
72 85
72 96
72 61
21 16
46 85
46 69
18 26
59 96
59 91
42 60
60 80
27 69
27 40
20 37
36 11
48 65
40 49
40 87
39 32
25 6
83 7
83 33
35 78
78 84
50 10
87 10