0 71 91 3 44 5 25 50 60 1 2 4 6 7 9 8 10 51 52 53 54 55 56 58 59 26 57 27 28 29 30 31 32 33 34 35 72 61 81 73 62 74 63 75 64 65 66 67 68 69 76 77 78 18 19 21 90 22 23 45 13 36 40 42 43 79 37 39 38 48 11 12 14 15 16 17
0 71
0 1
0 2
0 4
0 6
0 7
0 9
0 8
0 10
0 18
71 3
71 44
71 5
71 72
91 90
3 13
44 40
44 45
25 50
25 26
25 27
25 28
25 29
25 30
25 31
25 32
25 33
25 34
25 35
50 60
50 51
50 52
50 53
50 54
50 55
50 56
50 58
50 59
50 57
60 61
60 81
1 11
2 12
4 14
6 15
7 16
9 17
26 36
72 73
61 62
81 90
73 74
62 63
74 75
63 64
75 76
64 65
65 66
66 67
67 68
68 69
76 77
77 78
78 79
18 19
19 21
21 22
22 23
45 48
36 37
40 42
40 43
40 39
37 38
39 38