26 86 74 76 58 60 0 33 34 27 87 14 61 12 57 49 59 69 71 18 66 4 42 93 95 90 8 50 3 16 36 1 30 83 13 38 40 10 25 5 21 45 47 15 63 2 89 91 32 55 7 43 6 31 46 9 17 20 22 77 28 80 88 54 35 39 19 79 24 23 94 82 67 11 75
26 86
86 88
74 76
76 21
58 60
58 12
0 33
0 34
0 5
0 27
0 6
33 35
34 36
27 87
27 88
14 61
61 63
12 57
12 30
12 28
57 59
49 8
59 13
69 71
69 18
71 19
18 32
66 16
4 42
4 32
93 95
93 30
95 31
90 28
8 50
8 3
8 15
3 16
3 39
36 1
1 15
30 6
30 94
83 25
13 22
38 40
38 2
10 25
10 28
10 54
10 7
5 21
5 2
5 43
21 75
45 47
45 6
15 63
2 17
89 91
89 28
32 9
55 11
6 46
6 24
9 17
17 67
20 19
22 77
77 79
80 23
79 23
24 82
23 11