97 41 17 71 48 86 21 2 24 1 59 4 42 99 6 64 18 72 39 5 54 36 95 62 47 91 11 26 82 52 29 8 79 28 9 34 43 3 85 61 10 68 27 94 83 74 50 32 75 16 92 44 35 77 96 37 90 12 93 15 63 70 89 25 60 65 38 98 23 33 20 46 45 66
97 41
97 68
97 65
17 71
17 27
17 61
48 86
48 74
48 63
48 46
86 34
86 94
86 77
21 2
21 60
2 42
2 96
24 1
24 79
24 66
1 26
1 61
59 4
59 52
4 23
42 99
99 15
6 64
6 91
18 72
18 28
72 43
39 5
39 10
5 27
54 36
36 83
95 43
62 47
47 91
91 52
91 3
91 92
91 38
11 93
82 85
52 83
29 8
29 79
8 34
79 65
79 37
9 90
43 60
85 10
68 25
27 93
83 75
74 35
50 32
32 12
75 16
75 44
75 35
77 12
37 90
12 15
70 66
89 23
25 33
25 20
38 98
46 45