37 91 69 92 5 52 38 97 46 34 64 57 36 44 96 58 4 42 49 35 95 27 80 39 47 65 67 6 90 89 29 82 71 41 98 99 18 7 53 81 31 66 16 15 84 12 88 73 74 59 23 43 30 51 62 14 25 21 17 45 0 75 79
37 91
37 49
37 16
91 34
91 96
69 92
69 97
69 46
69 44
69 47
69 29
69 81
69 15
69 79
92 95
92 43
5 52
5 64
52 38
52 57
52 27
52 67
52 99
52 21
38 80
38 12
97 82
97 88
46 98
46 7
46 53
46 73
34 47
34 65
34 84
64 58
57 36
57 4
57 35
57 41
42 81
49 71
49 66
95 39
95 27
95 18
95 31
95 0
39 14
47 75
6 41
90 89
89 29
29 17
18 30
18 51
18 25
16 74
84 59
74 23
43 45
62 14