18 81 7 46 21 88 14 9 19 48 5 47 20 86 15 70 71 16 74 22 92 8 49 24 99 6 44 50 3 36 23 52 89 0 25 68 1 28 87 41 11 58 72 96 26 75 17 91 27 97 79 63 2 32 93 10 56 4 37 59 13 65 66 82 45 39 64 57 29 80 43 34 30 55 78 51 35 73 98
18 81
18 79
18 80
81 50
81 99
81 71
7 46
7 48
7 47
21 88
21 89
14 68
9 52
19 82
5 41
47 71
20 86
20 87
86 68
86 59
15 70
15 71
15 72
16 74
16 75
16 73
74 37
22 92
22 93
22 91
8 49
8 50
8 51
49 89
24 99
24 97
6 44
6 45
6 43
44 73
3 36
3 34
3 35
36 45
36 64
23 96
52 27
0 25
0 26
0 27
25 39
1 28
1 29
1 30
28 34
87 91
41 58
11 58
11 59
96 51
26 82
17 78
97 45
63 39
2 32
32 29
93 43
93 98
10 56
10 57
10 55
56 80
4 37
4 39
13 65
13 66
13 64
55 78