34 91 49 5 94 75 67 38 93 48 52 4 79 26 82 53 36 24 30 42 9 50 96 81 65 61 47 86 88 70 19 87 74 78 62 11 97 39 22 14 46 68 35 2 18 29 28 40 33 89 17 98 54 27 60 6 92 15 8 13 31 23 12 10 41 51 77 66 45 37 72 0 69 90 44
34 91
34 39
34 49
49 5
5 37
5 82
94 75
94 79
94 39
94 17
94 90
75 35
75 23
67 38
67 42
67 54
67 31
38 69
93 48
48 33
52 4
52 92
4 31
79 53
79 45
79 0
79 12
26 82
82 29
53 36
36 41
24 30
24 39
42 9
42 87
9 18
50 96
50 2
96 81
81 65
65 89
65 70
61 47
47 22
86 88
86 33
88 22
70 19
70 77
19 87
74 78
74 62
62 11
62 27
11 14
11 46
97 12
39 98
22 14
46 68
46 35
46 6
35 54
35 10
35 44
2 15
28 40
40 89
98 51
60 15
6 13
8 13
8 72
77 66