25 51 22 53 58 9 11 34 36 40 46 49 12 29 54 27 47 0 2 32 23 59 48 4 31 3 6 38 33 50 57 21 55 52 60 42 24 7 20 30 35 44 43 5 37 15 1 97 72 98 18 56 39 64 28 76 41 67 78 14 84 80 91 81 87 85 68 69 79 89 8 82 61 63 83 74 73 96 75 62 71
25 51
25 54
25 23
25 55
25 20
51 32
22 53
22 78
22 18
53 32
53 57
58 9
58 1
9 67
9 55
11 34
11 50
34 29
36 40
36 54
36 59
36 91
46 49
46 37
49 42
12 29
27 47
27 33
27 24
27 35
27 57
0 2
0 55
0 72
0 98
0 64
0 84
0 80
0 81
0 85
0 68
0 69
0 79
0 89
0 82
0 61
0 63
0 83
0 74
0 73
0 96
0 75
0 62
0 71
2 28
32 87
59 48
59 7
4 31
4 21
31 44
3 6
3 20
38 1
33 39
50 57
50 41
52 60
52 37
60 44
60 43
42 24
42 5
42 97
20 76
30 35
5 14
37 8
15 28
18 56