21 29 28 35 9 11 7 70 77 0 6 23 1 8 14 48 58 76 12 17 18 19 59 54 10 2 33 22 31 71 73 4 72 3 34 27 24 30 53 56 74 25 43 42 5 75 13 26 51 36 41 44 80 63 64 78 60 67 16 61 39 83 15 68 66 87 47 52 84 20 49 90 93 55 96 37
21 29
21 18
29 23
29 34
29 24
28 35
28 33
28 24
35 31
9 11
9 7
9 4
11 13
7 6
70 77
70 66
77 76
0 6
0 1
0 2
0 3
0 5
6 8
6 10
6 12
23 22
8 14
48 58
48 51
48 49
58 59
76 72
76 78
12 17
12 18
12 16
12 15
18 19
18 20
59 54
54 55
54 60
54 56
54 61
33 30
22 25
71 73
71 67
73 72
73 83
72 74
72 75
34 39
27 24
24 26
53 56
53 44
43 42
43 37
42 44
42 47
75 80
36 41
36 39
44 39
80 87
63 64
63 60
60 67
68 66
87 84
47 52
84 90
90 93
90 96