11 0 27 21 88 16 75 13 66 8 14 68 64 20 86 4 38 6 9 5 40 1 28 41 7 47 19 22 91 74 3 34 25 10 12 61 17 77 30 52 24 97 73 49 56 90 2 33 26 18 80 15 72 70 65 81 29 79 37 67 71 93 39 82 23 76 63 89 58 78 84 92 62 45 69 50 98 94
11 58
0 27
0 25
0 26
27 70
21 88
21 90
21 89
88 38
16 75
16 74
16 73
13 66
13 64
13 65
66 90
8 49
8 50
14 68
14 67
14 69
68 74
20 86
86 33
4 38
4 37
4 39
6 45
9 52
5 40
5 41
40 84
1 28
1 30
1 29
28 26
41 47
7 47
19 84
19 82
22 91
22 93
22 92
3 34
34 58
34 62
10 56
12 61
12 63
12 62
61 50
17 77
17 76
17 78
52 49
24 97
24 98
97 33
97 45
73 94
56 92
2 33
18 80
18 81
18 79
80 29
15 72
15 70
15 71
65 81
37 98
67 71
71 78
93 76
93 63
39 82
23 94