0 24 98 12 62 2 33 6 19 82 16 74 3 36 63 1 73 4 39 11 59 9 53 21 34 32 7 47 22 5 23 94 20 58 25 13 54 92 96 15 90 10 61 86 14 68 30 83 8 45 56 40 35 18 97 88 99 38 76 60 48 64 81 17 78 84 51 70 67 69 37
0 25
24 98
24 97
24 99
12 62
12 63
12 61
62 74
2 33
2 32
33 47
6 45
19 82
19 83
19 84
82 35
16 74
16 73
3 36
3 34
3 35
36 38
36 69
63 68
1 30
73 94
4 39
4 38
4 37
39 47
11 59
11 58
11 60
59 34
9 53
9 54
53 48
21 90
21 88
32 81
32 64
7 47
7 48
22 92
5 40
23 94
23 96
20 86
25 76
25 45
13 64
54 92
96 70
15 70
90 86
90 51
10 56
61 56
14 68
14 67
14 69
30 45
83 99
83 78
8 51
40 97
18 81
97 88
76 17
17 78