5 14 45 51 99 98 10 11 19 18 96 97 95 94 93 92 91 90 13 15 16 12 17 49 48 46 44 40 41 59 70 80 39 89 50 20 29 60 69 30 79 81 88 86 87 85 0 9 42 43 82 83 84 66 77 27 52 58 55 56 54 6 53 1 2 22 31 65 21 61 68 23 67 24 62 38 32 36 37 35 71 76 72 73
5 14
5 6
14 13
45 51
45 46
45 44
51 52
99 98
99 89
98 97
10 11
10 20
10 0
11 12
19 18
19 29
19 9
18 17
96 97
96 95
95 94
94 93
93 92
92 91
91 90
90 80
13 12
15 16
15 27
16 17
49 48
49 59
49 39
44 43
40 41
40 50
40 30
41 42
59 69
59 58
70 80
70 60
70 71
80 81
39 29
39 38
89 79
89 88
50 60
20 30
20 21
60 61
69 79
69 68
81 82
88 87
86 87
86 85
0 1
42 43
82 83
83 84
66 77
66 65
66 67
77 76
52 53
55 56
55 54
54 53
1 2
22 31
22 21
22 23
31 32
61 62
68 67
23 24
38 37
36 37
36 35
71 72
72 73