15 61 69 66 71 54 60 30 77 58 56 55 35 50 51 14 53 47 48 57 62 64 2 5 63 74 46 65 12 44 52 59 70 68 67 72 28 13 6 73 76 0 8 78 4 3 23 29 18 79 75 1 19 11 32 36 42 41 17 37 38 34 21
15 75
61 69
69 71
66 71
66 67
66 64
71 72
54 60
54 58
54 55
30 77
30 35
30 19
30 34
30 29
77 2
58 56
56 53
56 57
56 73
55 50
55 6
35 36
50 51
51 75
14 19
53 74
53 52
47 48
48 72
57 59
57 70
62 64
62 63
62 65
62 59
2 5
2 1
5 12
5 13
46 17
65 12
12 11
44 52
70 68
70 76
67 78
28 13
6 0
6 8
76 23
0 3
0 17
78 79
78 32
4 3
23 21
18 79
18 41
36 37
42 41
37 38