54 81 38 44 19 77 47 83 36 89 0 8 60 61 53 26 20 59 32 72 64 68 90 88 30 75 22 14 55 27 65 58 87 78 29 85 84 10 9 28 70 15 45 4 34 7 46 21 12 31 35 37 48 71 74 18 51 33 1 40 57 76 73 13 17 92 43 91 25
54 81
81 30
38 44
38 35
44 8
19 77
19 13
77 9
47 83
47 0
47 48
83 78
36 89
36 55
36 46
36 37
0 8
0 85
60 61
61 85
53 26
53 20
53 68
26 64
20 88
20 84
20 45
59 32
59 29
59 58
59 33
59 25
32 92
72 64
72 22
72 29
90 88
90 21
88 10
30 7
75 22
22 4
14 91
55 9
55 76
27 65
27 9
65 29
58 87
58 28
78 40
84 15
10 48
9 91
28 70
45 71
4 34
7 33
7 12
12 31
48 74
48 43
71 1
18 51
18 73
51 17
33 57
73 13