73 55 21 99 12 2 44 31 67 28 7 32 30 27 46 65 34 94 52 57 42 49 79 16 58 91 69 24 56 68 45 5 37 10 64 89 54 43 95 70 77 36 48 38 84 13 53 29 4 61 41 22 3 35 39 88 40 97 8 1 33 85 19 20 62 60 9 47 71 83 98
73 1
55 21
21 44
99 12
12 31
12 95
2 60
44 57
44 41
67 20
28 7
28 70
28 5
28 9
28 39
7 42
32 30
32 68
32 10
32 22
30 70
27 46
27 5
65 34
65 62
34 54
34 52
94 52
94 47
52 42
57 29
57 42
42 33
49 79
49 29
79 8
79 56
16 38
58 91
58 13
91 53
69 24
69 37
69 84
45 5
37 64
37 43
64 89
54 97
54 4
43 95
43 3
43 35
43 19
77 41
36 48
36 85
48 8
38 85
84 13
84 41
84 71
4 61
35 98
39 88
39 60
40 97
40 1
20 62
71 83