19 62 55 6 74 24 25 91 54 81 88 80 95 96 50 93 15 16 30 59 43 92 20 21 9 10 27 28 40 48 33 75 90 71 72 60 67 22 78 79 70 7 63 82 64 65 84 85 86 17 57 98 77 23 32 31 76 42 13 53 73 44 2 97 47 87 68 4
19 62
62 91
62 43
62 78
62 63
55 54
55 42
6 74
6 7
6 2
74 67
74 75
24 25
24 81
24 23
91 92
91 96
54 85
81 80
88 31
88 87
80 48
80 79
80 27
95 96
95 20
95 9
96 70
96 73
50 93
93 31
93 63
15 16
15 90
16 17
30 59
59 60
43 44
20 21
20 86
21 22
9 10
10 57
27 28
40 48
48 47
33 75
33 32
90 22
71 72
71 70
60 86
67 82
78 79
78 77
79 4
7 63
7 68
64 65
64 98
64 23
84 85
84 77
77 76
42 97
13 53
53 68