29 62 57 59 14 51 43 13 95 38 37 28 0 19 93 73 88 60 50 31 11 56 36 52 68 5 32 53 58 83 35 41 42 94 27 82 7 47 85 6 17 21 76 61 45 92 22 66 39 48 90 78 8 3 40 33 55 71 24 96 10 77 4
29 62
29 0
29 94
29 88
29 3
29 33
62 43
62 95
62 19
62 36
57 59
59 94
59 47
14 51
14 27
14 95
51 13
51 41
43 32
13 40
38 37
38 28
38 8
37 17
28 90
19 93
73 88
60 50
50 21
50 66
31 11
31 68
56 36
52 68
52 53
52 77
68 27
5 32
5 22
32 90
53 21
53 4
58 83
58 94
83 6
35 41
42 94
82 7
82 71
7 76
7 45
7 92
47 85
6 24
21 92
76 10
61 78
39 90
48 90
48 78
33 55
96 10