9 13 65 19 84 18 2 33 15 72 20 86 85 17 77 7 48 0 27 14 22 80 16 73 21 1 29 4 37 82 26 58 10 56 67 32 69 6 47 75 78 76 92 44 23 95 61 24 98 30 83 60 88 74 64 5 41 8 50 3 97 11 59 66 70 25 38 12 62 43 36 42 53 63 40 99
9 53
13 65
13 64
13 66
65 27
19 84
19 82
19 83
18 80
2 33
2 32
15 72
15 70
72 58
20 86
20 85
86 75
17 77
17 78
17 76
7 48
7 47
48 61
0 27
0 26
0 25
27 98
14 67
14 69
22 92
80 56
16 73
16 75
16 74
21 88
1 29
1 30
29 60
4 37
4 38
82 40
26 83
58 11
10 56
56 44
67 50
32 47
69 70
6 44
6 43
47 53
47 99
75 40
78 25
78 59
92 99
23 95
95 62
95 88
61 63
61 12
24 98
24 97
30 36
60 11
5 41
5 42
5 40
41 63
8 50
3 36
97 38
11 59
66 43
12 62