31 47 88 32 9 59 72 57 71 97 40 36 39 94 20 80 10 85 51 3 68 43 81 69 48 56 23 1 83 77 95 4 65 5 61 44 98 89 11 35 87 82 15 12 99 8 96 62 92 0 76 46 75 73 27 49 38 45 84 42 21 67 22 25 70 17 30 7 60
31 47
31 40
31 68
31 61
31 73
47 60
88 32
88 10
88 38
32 21
9 59
9 95
9 8
72 57
72 85
72 99
72 11
57 7
71 97
71 51
71 56
40 36
40 46
40 20
39 94
39 5
39 1
39 69
20 80
20 83
20 49
10 92
85 51
85 61
85 23
51 87
3 0
3 17
68 43
68 75
68 67
43 62
81 44
69 48
23 1
23 12
23 76
23 42
23 30
1 4
1 45
1 44
83 77
83 65
83 70
95 61
61 89
44 98
11 35
82 15
82 12
12 92
8 96
92 0
46 84
73 27
84 22
22 25