3 4 5 6 0 1 42 43 35 36 15 47 44 18 19 53 54 26 27 21 22 33 34 8 9 63 64 49 2 28 29 20 11 12 55 56 66 67 39 40 45 69 57 30 23 24 60 61 50 10 52 7 13 65 68 37 38 48 51 25 31 32 16 62 41 14 46
3 4
3 2
4 5
5 6
6 7
0 1
0 69
1 2
42 43
42 41
43 44
35 36
35 34
36 37
15 47
15 49
15 45
15 50
15 48
15 16
15 14
15 46
44 45
18 19
19 20
53 54
53 52
54 55
26 27
26 25
27 28
21 22
21 20
22 23
33 34
33 32
8 9
8 7
9 10
63 64
63 62
64 65
28 29
29 30
11 12
11 10
12 13
55 56
56 57
66 67
66 65
67 68
39 40
39 38
40 41
69 68
30 31
23 24
24 25
60 61
61 62
50 51
52 51
13 14
37 38
31 32