82 83 23 31 19 64 39 67 51 42 77 56 65 62 85 37 63 66 18 52 95 96 20 21 57 69 74 70 71 6 88 13 94 9 90 2 45 84 86 76 72 93 17 14 91 15 4 68 25 29 8 32 53 47 30 34 27 40 44 87 59 60 11 28 3 98 89 79 26 61 7 97
82 83
82 28
83 18
83 52
83 86
23 31
23 70
31 37
19 64
19 20
19 76
64 47
39 67
67 51
67 89
42 77
42 37
77 25
77 79
56 65
56 88
56 15
56 53
56 59
65 66
65 27
62 85
85 70
37 9
63 66
63 70
63 11
66 17
66 29
18 96
52 68
95 96
95 72
95 45
95 3
20 21
57 69
69 14
74 13
74 84
70 71
71 6
71 72
6 7
88 30
88 87
94 2
90 91
2 45
45 93
84 86
76 26
93 97
17 34
14 91
14 47
4 68
4 44
8 32
8 7
47 27
27 61
40 44
59 60
11 98
89 26