23 30 90 3 20 48 49 17 67 1 16 32 29 7 39 88 85 15 4 74 24 89 5 34 92 21 19 75 87 2 10 58 83 54 63 8 18 82 28 44 71 33 72 6 46 84 13 98 60 0 9 12 65 37 96 51 55 27 22 52 57 68 97 73 47 81 64 86 93 70 94 77 31 61 36 38 41 69 53
23 30
23 90
23 24
23 89
23 51
30 29
3 20
3 2
3 22
20 82
48 49
48 46
49 28
17 67
17 44
67 6
67 57
1 16
1 7
1 39
1 4
1 5
16 18
16 53
32 29
32 10
32 7
32 52
7 96
39 15
39 63
39 38
88 85
88 89
4 2
74 28
74 75
74 36
24 86
5 73
5 12
34 92
34 27
34 68
34 31
92 71
92 10
92 64
92 70
21 19
21 13
87 86
2 13
58 83
58 57
54 63
54 55
63 84
63 65
8 33
18 6
44 61
71 72
33 72
72 36
46 77
84 41
98 60
98 97
60 61
0 9
9 12
37 27
52 94
47 81
47 41
93 70
93 69