80 54 27 89 49 92 91 7 72 8 4 6 61 53 84 36 69 19 78 24 74 52 93 38 94 70 58 57 40 75 45 83 1 11 15 25 37 67 48 0 63 21 86 59 71 32 95 31 60 82 81 13 2 17 28 65 42 88 41 90 43 62 85 64 79 12 77 30 50 14 44 97
80 54
80 65
54 61
54 37
27 89
27 6
89 82
89 14
49 92
92 42
92 28
91 7
91 0
7 52
72 8
72 64
8 24
4 79
4 11
6 81
61 93
61 2
53 84
84 67
36 69
36 13
69 32
69 40
19 78
78 37
24 74
24 71
74 67
74 57
74 86
74 45
52 94
52 88
52 37
93 38
38 12
94 70
70 57
58 12
58 43
57 15
57 48
57 77
40 75
75 11
45 83
45 25
45 95
1 11
37 63
48 42
0 85
63 21
59 2
32 31
95 17
31 85
31 30
60 82
60 90
81 44
41 77
90 85
43 62
85 50
30 97