85 87 7 48 21 75 16 66 6 27 20 23 79 65 13 60 1 35 8 50 4 46 89 38 0 34 47 26 41 43 10 24 81 15 32 31 96 56 33 63 9 12 58 36 95 29 25 83 5 49 3 30 19 44 11 82 76 18 17 67 59 22 78 14 62 51 69 92 97 28 37 2 42 90
85 87
85 26
87 27
7 48
7 47
7 29
48 46
21 75
21 76
21 22
16 66
16 65
6 46
6 23
20 4
20 18
23 79
23 11
65 67
13 60
13 3
13 59
60 58
1 35
1 29
1 36
35 33
8 50
8 29
8 49
8 3
8 5
8 22
4 41
4 26
89 28
38 2
0 34
0 10
0 9
34 36
41 43
43 5
24 81
24 82
24 3
15 32
15 63
32 30
32 3
32 97
31 96
31 95
31 5
31 19
56 11
12 58
29 25
29 92
25 83
25 2
5 44
49 51
44 42
18 69
17 67
17 22
17 28
22 78
14 62
14 28
92 90
37 2