94 93 76 13 51 17 78 69 1 99 43 85 98 82 46 84 86 21 83 89 2 10 66 7 30 45 27 74 59 15 96 22 23 91 68 3 75 81 92 70 87 24 0 60 33 64 53 77 79 32 55 11 47 63 58 49 95 48 35 54 37 34 50 29 71 97 62 18 28 42 41
94 93
93 66
93 81
93 87
93 62
93 42
76 69
13 51
13 47
51 74
17 22
78 69
78 2
78 45
1 99
1 96
1 11
1 33
99 7
99 68
43 85
85 66
98 82
98 30
98 24
46 84
46 66
84 60
84 54
84 18
86 21
21 70
21 81
83 89
89 33
10 49
66 97
7 79
7 91
45 27
27 77
74 59
59 97
15 96
15 24
96 87
22 23
22 95
23 48
68 0
68 63
3 75
3 81
81 92
81 77
92 49
92 41
70 53
87 29
87 28
60 55
33 64
77 34
32 55
32 50
63 58
49 71
49 95
48 35
54 37