40 50 94 95 49 4 5 81 72 91 80 98 88 89 92 70 90 0 1 9 8 7 10 11 6 2 19 22 29 39 20 77 12 97 79 18 21 27 42 52 17 3 74 16 13 23 15 33 78 87 47 32 51 84 60 93 61 83 71 25 31 30 48 66 96 86 68 14 34 43 41 65 63 35 53 64 44 73 62
40 50
50 60
50 51
94 95
94 93
94 84
95 96
49 39
49 48
4 5
4 3
5 6
5 15
81 72
81 91
81 80
72 63
72 73
72 62
91 92
91 90
80 70
98 88
98 97
88 89
88 77
89 79
92 93
70 60
0 1
0 10
1 11
1 2
9 8
9 19
8 7
8 18
7 6
7 17
10 20
11 22
6 16
2 12
2 3
19 29
22 21
22 23
22 33
22 32
29 39
20 30
77 78
77 87
77 66
12 13
97 96
18 27
21 31
42 52
42 32
52 51
52 53
74 84
74 64
13 14
15 25
33 34
33 43
78 68
87 86
47 48
60 61
93 83
61 71
25 35
31 41
66 65
43 44