74 0 54 69 79 84 90 35 27 2 65 44 64 61 24 31 23 76 96 68 82 11 41 75 33 52 86 98 83 17 78 34 10 48 6 97 81 93 49 55 4 46 43 50 36 72 14 91 59 26 57 60 85 40 67 37 66 99 80 13 15 29 92 42 28 19 58 25 38 1 87 39 3
74 0
74 61
74 86
0 44
0 78
54 69
54 64
54 90
54 50
69 49
69 23
69 97
79 84
79 44
84 99
90 35
90 27
90 11
90 52
90 14
90 40
90 1
27 96
27 41
2 65
65 61
65 93
65 82
44 43
44 4
64 78
64 25
61 87
24 31
24 55
24 15
31 85
23 76
23 42
23 19
96 17
96 60
96 91
68 82
68 75
75 33
75 59
75 37
75 3
33 98
52 55
52 92
86 38
83 17
17 57
17 80
34 10
10 26
10 14
48 6
48 43
97 81
55 36
4 46
50 67
36 72
59 29
85 66
85 58
80 13
29 28
87 39