5 43 77 79 17 67 28 89 1 35 25 84 7 32 97 98 33 48 16 90 14 61 24 82 0 34 20 8 49 19 3 39 6 15 36 12 58 9 11 23 22 81 91 2 29 10 53 21 4 13 60 30 18 46 27 31 42 88 72 70 52 56 62 71 87 78 96
5 43
5 11
77 79
77 22
17 67
17 27
28 89
28 90
28 20
28 12
28 10
89 91
1 35
35 33
25 84
84 82
7 48
32 97
32 98
32 22
32 31
32 16
33 0
48 46
14 61
14 22
14 62
14 18
24 82
24 81
24 18
24 4
0 34
0 19
0 4
0 8
34 36
8 49
8 29
8 27
19 72
19 71
3 39
3 27
6 15
6 46
15 31
15 2
15 21
12 58
58 60
9 52
9 31
11 23
11 56
11 29
22 78
91 29
10 53
21 30
4 42
13 60
27 88
27 87
31 96
72 70