18 70 0 34 8 19 72 29 91 28 90 26 86 40 58 60 3 5 43 78 80 57 63 73 23 79 35 20 96 71 14 62 33 10 53 16 64 31 9 6 46 21 76 45 65 24 82 22 25 83 17 27 11 32 97 37 92 12 44 77 84 67 7 4 15 85 13 30 54 2 98 55
18 70
18 22
18 26
18 10
0 34
0 3
0 33
8 9
8 6
19 72
19 71
19 20
19 9
19 23
29 91
29 7
29 92
28 90
28 25
90 92
26 86
26 25
26 85
40 3
58 60
58 12
60 13
3 23
5 43
5 22
5 44
78 80
78 22
80 23
57 12
63 15
73 20
23 79
35 33
96 31
14 62
14 21
62 64
10 53
10 54
16 65
16 13
64 15
31 13
6 46
6 45
21 76
21 11
21 25
65 67
24 82
82 84
22 77
25 83
25 84
25 32
17 27
17 67
11 13
11 55
32 97
32 30
32 98
37 2
7 2
4 15