12 13 4 21 15 25 16 99 98 41 44 90 93 52 55 65 64 10 6 17 2 3 39 38 19 20 0 96 88 89 85 87 50 79 53 71 77 82 57 58 73 72 35 86 66 68 59 67 91 49 24 70 76 81 97 33 42 7 62 46 47 48 22 27 45 34 51 18 56 40 61 54 32
12 13
12 16
12 18
13 4
13 21
13 10
4 3
21 17
15 25
15 27
25 24
99 98
99 89
99 97
41 44
41 35
41 40
44 45
44 54
90 93
90 91
52 55
52 50
52 53
52 61
55 59
55 56
65 64
65 68
65 67
65 59
64 62
10 6
6 7
2 3
2 0
39 38
39 42
39 34
19 20
19 33
19 22
19 18
96 97
88 89
88 77
89 85
85 87
87 86
50 49
79 82
79 77
71 77
71 70
77 73
57 58
58 59
73 72
73 67
35 33
86 91
66 68
49 51
24 22
70 76
76 81
33 34
46 47
46 48
46 45
45 51
18 32