5 44 6 21 76 75 20 10 53 24 82 81 83 30 93 42 19 72 14 61 74 28 12 17 4 41 58 13 60 2 38 25 84 87 54 37 16 22 78 67 68 0 33 27 8 43 7 88 9 11 3 57 26 56 1 23 31 59 96 18 32 15 65 77 62 29
5 44
5 43
5 23
5 13
5 2
44 42
6 21
21 76
21 75
21 26
76 74
20 74
20 28
20 15
10 53
10 54
10 25
24 82
24 17
81 83
83 25
30 93
30 2
42 4
19 72
19 12
19 8
14 61
14 3
14 16
14 9
14 62
12 17
12 58
12 57
12 27
17 67
17 68
17 1
17 7
4 41
4 16
4 25
13 60
13 59
2 38
2 37
25 84
25 26
87 27
54 56
16 65
22 78
22 31
22 7
22 77
0 33
0 3
27 88
27 32
27 18
11 56
57 59
31 96
15 29