89 11 13 47 34 77 69 54 5 7 39 91 92 33 45 8 99 88 55 32 72 65 30 71 25 82 37 75 2 19 95 36 26 29 90 86 31 98 70 80 42 57 40 16 15 9 76 96 21 12 49 51 10 63 17 18 27 41 14 28 50 94 53 66 61 79 85 58 3
89 11
89 31
11 94
13 47
47 71
34 77
34 65
34 57
77 86
69 54
69 14
54 82
54 3
5 88
5 71
7 39
7 99
91 92
91 9
91 96
91 79
92 19
92 70
33 45
33 50
33 51
45 36
45 42
45 76
45 66
8 99
8 88
99 80
88 61
55 66
32 72
32 95
32 53
65 30
65 26
65 58
30 75
30 2
71 31
25 18
82 37
82 17
37 57
37 95
95 49
95 16
29 90
29 57
29 28
86 18
86 41
31 98
70 10
80 50
40 16
16 27
15 27
76 10
76 12
96 14
21 12
63 17
14 85