2 1 59 48 11 23 24 85 58 71 41 40 72 36 54 38 45 46 55 35 87 61 31 32 84 9 82 81 76 77 6 34 60 62 50 10 5 4 78 16 15 68 65 63 18 74 56 7 75 19 20 53 51 13 28 80 25 69 47 73 43 44 14 27 12 67 49 29 22
2 1
1 13
59 48
59 60
48 35
48 47
11 23
11 10
11 77
11 75
11 25
11 12
23 24
23 72
23 7
24 50
24 68
24 40
85 84
58 71
58 35
58 31
58 6
71 72
41 40
41 36
72 45
72 73
72 67
36 22
54 38
54 53
38 9
45 46
45 44
45 13
46 27
55 35
87 61
61 62
61 60
31 32
31 51
84 9
84 80
9 10
82 81
81 80
76 77
6 34
6 5
62 63
50 74
50 49
5 4
78 16
78 65
16 15
15 14
68 28
68 69
18 19
56 49
7 20
19 20
13 14
28 29
43 44