1 36 5 10 27 30 37 0 24 9 11 38 53 31 17 54 4 59 20 41 47 48 32 35 43 7 44 3 15 22 18 16 55 42 23 2 40 52 56 60 14 51 58 67 50 49 84 70 25 92 82 81 75 89 90 73 96 94 68 61 91 95 93 87 78 6 99 65 76 63 72 79 66 85 74 71 86 80 83
1 36
1 43
5 10
5 37
5 42
5 51
5 65
27 30
27 38
30 48
30 37
37 53
37 41
37 6
0 24
0 2
0 67
0 84
0 70
0 25
0 92
0 82
0 81
0 75
0 89
0 90
0 96
0 94
0 68
0 91
0 95
0 93
0 87
0 78
0 99
0 76
0 72
0 79
0 66
0 74
0 71
0 86
0 80
0 83
24 54
24 41
24 32
24 35
9 11
9 58
9 25
11 56
38 14
31 17
31 7
17 20
54 23
4 44
59 20
59 14
59 16
41 15
47 60
32 85
43 2
7 52
44 18
44 3
15 73
22 18
22 42
16 55
16 40
55 49
2 63
40 61
56 60
50 49