86 94 36 44 31 81 48 51 78 24 74 59 67 9 17 28 57 7 55 1 5 69 56 6 84 34 49 18 68 98 99 60 10 38 88 50 64 14 30 80 0 83 33 39 37 89 70 20 87 40 90 23 73 77 27 96 46 82 32 85 35 22 72 97 47 92 42 93 43 19 41 91 54
86 94
86 78
86 74
86 84
86 98
86 96
86 85
94 81
94 83
94 82
94 97
94 92
94 93
36 44
36 24
36 28
36 34
36 48
36 46
36 35
44 31
44 33
44 32
44 47
44 42
44 43
31 30
31 40
31 41
81 80
81 90
81 91
48 51
48 49
48 38
48 39
48 37
51 57
51 55
51 50
78 69
78 77
24 17
24 23
24 22
74 67
74 73
74 72
59 67
59 57
59 64
59 54
67 68
67 70
9 17
9 7
9 14
17 18
17 20
17 19
28 27
7 1
55 56
55 60
1 5
1 0
5 6
5 10
98 99
98 88
98 89
98 87