5 21 38 8 32 43 22 31 46 30 4 34 23 70 68 13 15 16 42 37 36 59 29 2 64 20 7 18 17 47 63 45 72 58 41 61 0 57 19 66 40 39 44 28 35 54 3 11 67 90 56 6 77 98 75 79 97 86 27 74 89 96 93 94 73 78 65 82 83 80 92 91 85 88 51
5 21
5 43
38 37
38 31
38 36
8 32
8 23
8 67
8 3
43 36
43 28
22 31
46 30
46 4
30 70
4 34
23 44
70 2
70 18
68 13
68 42
68 61
68 0
68 63
13 45
15 16
15 63
42 40
36 41
59 29
59 57
59 58
59 27
59 6
29 7
64 20
20 47
7 18
17 47
17 6
47 65
72 58
61 51
0 77
0 98
0 79
0 97
0 86
0 35
0 90
0 75
0 74
0 89
0 96
0 93
0 94
0 73
0 78
0 82
0 83
0 80
0 92
0 91
0 85
0 88
19 66
19 39
66 56
28 90
28 56
35 54
3 11
67 6
6 75