95 96 85 86 62 63 37 38 92 93 89 90 78 79 26 27 39 40 81 82 64 65 10 11 74 75 84 72 73 49 50 28 29 7 8 67 68 48 76 77 15 16 20 21 53 54 32 33 30 87 88 70 71 59 60 94 2 3 44 45 42 43 83 24 25 46 31 91 52 97 98 66 58 9 35 36 69 1 13 14 56 57 34 5 6 80 23 41 4 55 19 51 12 17 18 61 47 22
95 96
95 94
96 97
85 86
85 84
86 87
62 63
62 61
63 64
37 38
37 36
38 39
92 93
92 91
93 94
89 90
89 88
90 91
78 79
78 77
79 80
26 27
26 25
27 28
39 40
40 41
81 82
81 80
82 83
64 65
65 66
10 11
10 9
11 12
74 75
74 73
75 76
84 83
72 73
72 71
49 50
49 48
50 51
28 29
29 30
7 8
7 6
8 9
67 68
67 66
68 69
48 47
76 77
15 16
15 14
16 17
20 21
20 19
21 22
53 54
53 52
54 55
32 33
32 31
33 34
30 31
87 88
70 71
70 69
59 60
59 58
60 61
2 3
2 1
3 4
44 45
44 43
45 46
42 43
42 41
24 25
24 23
46 47
52 51
97 98
58 57
35 36
35 34
13 14
13 12
56 57
56 55
5 6
5 4
23 22
19 18
17 18