13 64 8 50 17 76 20 86 16 74 3 34 10 56 77 7 48 5 22 51 23 96 36 24 99 2 32 21 93 11 58 92 35 18 80 9 31 85 46 12 63 33 19 49 6 44 42 66 73 95 94 15 70 57 1 61 47 4 38 39 98 71 37 81 14 67 69 62 97 53 82 88 0 25 68 30 55 45 75 78
13 64
13 66
64 85
8 50
8 51
8 49
17 76
17 77
17 78
20 86
20 85
86 37
16 74
16 73
16 75
3 34
3 36
3 35
10 56
10 57
56 92
77 36
77 51
7 48
7 46
7 47
48 98
5 42
22 93
22 92
51 47
23 96
23 95
23 94
96 68
96 81
24 99
24 98
24 97
2 32
2 31
2 33
32 61
21 88
93 45
93 53
11 58
58 66
35 30
18 80
18 81
9 53
31 82
12 63
63 95
33 69
19 82
6 44
6 45
44 78
42 71
73 62
95 70
95 55
94 62
15 70
15 71
1 30
4 38
4 39
4 37
38 88
39 62
14 67
14 69
14 68
62 97
0 25
25 78