36 22 64 45 39 53 46 38 80 43 78 13 62 79 67 91 40 28 31 30 75 44 8 41 76 52 71 32 66 61 19 63 6 59 87 5 1 48 92 9 34 3 82 25 73 15 77 90 65 70 26 4 21 23 16 20 12 83 81 68 18 29 86 11 94 72 58 84 88 42 85
36 22
36 31
36 75
36 40
22 92
22 12
22 59
64 45
64 39
64 66
39 53
39 79
39 43
46 38
46 40
46 6
46 94
80 59
43 78
43 65
78 68
13 62
13 66
13 70
62 67
62 8
79 6
67 91
67 90
67 63
67 26
91 20
40 4
28 72
30 75
30 58
75 32
44 9
8 41
8 88
8 84
76 52
76 63
71 32
71 9
32 77
61 19
61 3
19 25
6 42
87 5
87 1
87 90
5 83
1 48
1 23
48 21
34 3
3 16
82 15
82 73
25 73
90 85
70 81
26 18
4 72
23 16
23 11
23 86
29 86