0 1 42 23 2 25 5 22 6 35 16 10 40 14 18 19 36 26 8 12 17 11 38 96 32 43 3 24 39 9 29 4 28 37 27 20 95 13 79 34 56 53 57 65 15 30 85 92 59 75 46 89 62 83 88 80 82 74 44 84 98 73 61 97 78 60 67 76 47 50 71 48 58 52 69 63
0 1
0 79
0 56
0 57
0 36
0 65
0 59
0 75
0 46
0 62
0 80
0 74
0 73
0 78
0 67
0 47
0 50
0 71
0 48
0 58
0 52
0 69
0 63
1 96
1 95
1 85
1 92
1 89
1 83
1 88
1 82
1 44
1 84
1 98
1 97
42 23
42 32
42 40
42 9
23 16
2 25
2 15
5 22
5 26
6 35
6 13
6 15
35 14
35 26
10 40
10 18
10 39
10 53
18 19
18 8
18 60
19 37
19 95
19 61
36 26
36 3
36 76
8 12
8 34
12 27
17 20
11 38
11 20
38 29
32 28
43 4
3 24
3 4
9 30
29 27