97 93 78 23 41 37 25 27 4 5 30 84 90 70 60 52 53 50 76 0 57 79 95 2 3 43 10 86 62 18 29 17 69 59 34 9 40 58 65 73 12 47 7 45 51 68 31 63 42 13 81 61 98 74 26 75 28 88 89 77 56 11 91 33 16 1 38 72 96 85 22 54 71
97 93
97 5
78 23
78 47
78 45
78 17
78 58
23 51
23 71
41 37
41 28
41 31
37 70
37 60
25 27
25 53
25 5
27 47
27 88
27 38
4 5
30 77
84 90
84 0
84 89
84 28
90 96
60 52
60 68
53 86
50 76
50 63
76 51
0 57
79 95
95 73
2 3
2 11
3 58
43 10
43 96
86 62
86 33
18 73
29 17
69 59
69 1
69 77
59 61
34 9
9 31
40 58
40 81
40 16
58 31
65 7
73 12
12 7
7 81
7 74
68 26
42 13
13 38
81 85
61 98
98 54
74 75
26 1
28 91
88 72
88 22
77 56