20 6 43 8 51 19 84 9 52 13 64 24 99 10 16 73 18 79 12 61 3 34 2 33 7 47 82 0 31 21 88 36 81 22 92 93 26 66 14 62 45 32 5 42 87 29 44 23 95 80 50 83 97 90 77 94 96 65 4 54 53 59 40 11 58 38 1 75 17 71 49 98 91 60 57 68 70 30 35 25 41
20 87
6 43
6 45
6 44
8 51
8 50
8 49
51 30
51 71
19 84
19 82
19 83
9 52
9 53
9 54
52 96
13 64
13 66
13 65
24 99
24 97
24 98
10 57
16 73
16 75
73 42
18 79
18 81
18 80
12 61
12 62
61 93
3 34
3 36
3 35
2 33
2 31
2 32
7 47
47 44
82 59
0 26
0 25
31 40
31 49
21 88
21 90
88 57
88 30
36 81
81 83
22 92
22 93
22 91
92 54
26 45
26 62
66 59
14 68
5 42
5 40
5 41
87 25
29 44
29 1
23 95
23 96
23 94
95 80
50 38
97 58
77 94
77 17
4 38
59 11
59 75
11 58
11 60
68 70
70 30