0 13 38 8 14 16 39 4 1 2 20 78 40 72 73 7 31 35 45 77 42 46 71 70 43 44 80 87 30 11 25 47 48 76 50 75 83 41 79 3 51 29 53 81 82 49 89 85 6 52 55 57 28 88 26 60 56 68 93 64 95 97 34 65 69
0 13
0 38
0 8
0 40
0 45
0 42
0 46
0 43
0 44
0 47
0 48
0 50
0 41
0 51
0 53
0 49
0 52
0 55
0 57
0 60
0 56
0 64
0 68
0 65
0 69
13 4
13 7
38 97
8 14
16 39
16 1
39 28
4 25
4 71
4 6
1 78
1 72
1 73
1 77
1 71
1 70
1 80
1 76
1 75
1 83
1 79
1 81
1 82
1 89
1 85
1 88
1 87
1 93
1 95
2 20
2 31
2 35
2 40
31 29
77 11
70 3
30 11
3 26
28 34