5 1 47 21 7 23 14 22 6 2 8 25 16 13 9 10 31 27 0 18 11 26 44 15 17 3 36 29 38 33 28 72 34 42 30 20 45 41 53 57 48 40 12 39 49 64 56 84 65 59 66 61 32 95 75 93 83 92 82 88 86 87 96
5 1
5 6
5 18
5 48
1 7
1 16
1 30
1 49
1 84
1 65
47 21
47 23
47 14
47 83
21 13
21 56
21 34
21 66
21 92
7 2
7 10
23 9
23 40
14 22
14 6
14 11
14 44
14 20
22 96
6 26
6 17
6 3
6 28
6 42
6 64
6 88
2 39
8 25
8 13
8 36
8 33
8 27
8 12
8 75
8 93
8 82
13 15
9 59
10 29
31 27
27 41
0 18
11 32
15 87
29 45
38 33
72 34
42 53
42 86
53 57
39 95
61 95