27 29 41 65 32 14 74 8 70 53 54 47 19 28 31 26 45 62 92 59 61 71 46 12 15 10 0 52 81 22 49 1 56 4 33 23 84 18 37 40 5 66 3 72 86 91 20 99 25 24 75 50 44 16 13 97 67 90 76 73 88 87 69
27 29
27 70
27 28
27 45
41 65
41 23
65 8
32 14
32 18
32 66
14 62
14 44
14 13
74 8
74 10
74 28
74 84
74 0
8 71
8 99
53 54
53 22
53 49
53 66
53 86
53 97
54 19
54 76
47 19
19 26
19 5
19 24
28 15
28 40
28 69
31 26
31 59
26 73
62 33
62 50
92 52
92 91
61 71
61 46
61 67
46 12
12 72
15 1
15 22
10 3
0 52
0 81
0 56
81 25
1 37
56 4
84 75
84 90
84 87
3 20
72 16
86 88