2 5 88 89 11 91 96 99 7 71 8 87 32 95 79 29 57 84 31 14 51 80 37 82 15 27 34 60 90 61 18 50 65 53 62 33 45 86 83 17 43 72 69 3 12 21 40 76 13 75 49 48 16 54 70 28 52 97 47 93 39 81 46 25
2 8
5 88
5 71
5 87
5 84
5 15
5 83
5 52
88 8
88 61
88 97
88 81
89 11
89 31
89 33
89 61
91 96
91 79
96 14
99 7
99 8
99 80
99 17
7 39
71 70
71 47
8 60
8 93
8 46
32 95
32 53
32 72
32 69
95 37
95 49
95 16
95 12
29 57
29 90
29 28
57 37
57 34
57 65
57 76
84 40
14 51
14 69
51 13
37 82
37 62
82 54
15 27
15 62
60 18
60 75
18 86
18 25
50 33
33 45
43 3
3 12
12 21
40 48