14 81 46 44 47 53 79 80 82 7 83 23 88 8 41 32 31 6 0 29 51 43 59 19 87 24 12 22 95 84 36 94 99 54 62 90 15 48 57 75 72 61 77 18 64 3 70 28 16 60 17 21 98 52 20 4 35 5 76 97 13 74 50 1 58 71 45 34 39 2 91 86 69 55 33 93 30
14 81
14 46
14 53
14 80
81 44
46 47
46 83
46 24
44 99
47 17
53 79
79 54
80 82
80 62
82 7
83 23
23 88
23 75
88 8
88 0
8 41
8 32
8 29
8 51
8 72
41 31
41 19
32 6
31 58
31 69
6 87
0 55
51 43
43 59
24 12
24 22
24 84
12 95
95 36
84 94
84 61
99 77
62 90
62 15
90 57
15 48
48 18
77 28
18 64
18 45
64 3
64 70
3 16
70 60
28 39
17 21
17 98
17 52
52 20
20 4
20 35
20 76
35 5
35 50
5 97
97 13
97 74
50 1
58 71
45 34
39 2
2 91
91 86
55 33
33 93
93 30