43 1 42 3 37 13 9 20 18 44 5 60 47 6 93 35 11 21 39 8 19 70 25 38 30 77 23 67 0 41 69 33 87 17 55 88 28 15 80 2 98 86 51 12 52 16 4 45 71 72 84 54 97 59 10 7 63 81 53 56 89 32 85 96
43 1
43 6
43 35
43 5
43 97
1 93
1 60
42 3
42 9
42 19
42 88
3 44
37 13
37 30
37 0
37 21
13 10
13 96
20 18
20 60
20 19
20 77
20 98
20 59
60 21
60 25
60 23
60 55
60 52
47 6
47 33
47 28
6 67
93 71
35 15
35 4
35 7
11 51
39 8
8 41
8 51
8 12
19 70
70 38
38 72
30 45
23 2
23 86
23 81
67 54
67 63
0 41
0 84
41 69
41 80
41 89
33 87
87 17
12 53
16 4
16 85
72 32
84 56