17 12 57 69 81 94 82 9 32 88 73 70 18 84 97 62 68 72 42 58 95 75 3 0 80 83 96 38 40 55 50 21 71 56 20 51 36 34 54 77 30 35 90 11 6 5 10 60 13 86 27 46 85 67 7 89 23 92 16 59 99 79 66 25 19 61 43 91 41 26 52 8
17 12
12 57
57 69
69 81
81 94
94 82
94 32
82 9
82 84
9 59
32 88
32 73
32 18
32 35
88 55
73 70
70 83
70 8
84 97
84 68
84 72
84 58
84 96
97 62
62 61
68 19
72 42
72 0
42 95
42 21
58 3
58 50
58 92
95 75
75 40
0 80
0 66
96 38
50 60
21 71
21 56
21 20
71 86
20 51
20 36
51 30
36 34
36 54
54 77
35 90
35 5
90 11
11 6
6 46
5 10
5 89
60 13
86 27
46 85
46 67
67 7
89 23
89 43
23 91
92 16
59 99
99 79
66 25
43 26
91 41
26 52