55 11 58 0 70 7 49 9 23 26 74 20 14 34 36 85 77 15 73 67 51 54 1 92 29 42 31 19 81 10 43 82 16 87 65 44 52 50 59 95 45 48 46 69 13 78 17 64 79 22 75 83 39 37 71 4 40 53 27 89 86 68 57 2 90 80 96 47 63 61 21 60
55 31
55 50
55 48
11 58
11 74
11 10
58 20
58 34
58 0
58 92
0 70
0 54
70 49
70 68
7 49
49 67
9 23
9 14
9 79
23 54
23 65
23 29
26 74
26 43
74 73
20 36
20 52
14 15
14 51
36 16
36 37
36 90
85 77
77 59
77 89
77 64
67 44
1 87
1 40
92 80
29 42
42 45
31 39
19 81
81 48
82 22
82 96
16 53
16 61
87 46
52 83
95 57
46 71
46 86
69 21
13 78
13 57
78 75
78 22
17 64
17 71
64 22
64 2
64 63
75 60
83 27
39 37
4 40
40 47
27 21
68 2