51 87 10 42 26 2 68 11 33 4 45 66 96 82 46 3 92 55 81 89 40 91 73 53 79 74 14 80 62 64 15 90 58 23 0 69 6 59 67 38 16 97 20 60 52 70 29 21 30 37 12 43 1 34 28 39 93 8 44 36 41 83 27 7 17 98 61 94 95 49 32 5 72 76 25 77 86 99 50 35 84 88
51 87
51 10
87 11
87 97
10 89
10 8
42 26
42 55
26 62
2 68
2 36
68 11
68 44
11 88
33 23
33 50
4 45
4 8
45 82
66 96
66 74
46 17
3 92
3 53
3 37
92 58
55 25
81 89
81 79
81 35
89 77
40 91
40 80
40 1
91 73
73 38
53 0
79 64
74 14
14 80
14 86
80 60
62 64
64 6
15 90
15 39
15 49
90 16
58 29
23 12
0 98
0 44
69 29
6 84
59 72
67 38
67 28
67 8
97 34
20 60
20 41
52 70
52 17
70 28
21 30
21 27
21 94
30 37
12 43
34 7
39 93
93 99
44 95
36 83
83 5
27 72
98 61
61 76
32 84
72 50
86 99