87 20 47 2 3 48 63 46 22 29 75 34 52 72 39 25 50 57 13 41 10 32 85 81 58 69 86 61 27 51 40 77 8 0 55 30 93 92 11 60 64 4 18 67 88 83 90 26 28 78 6 5 68 71 97 45 35 9 37 76 95 89 36
87 20
87 85
20 52
20 77
20 0
20 93
20 26
20 9
47 2
47 3
47 34
47 50
47 32
47 86
47 61
47 27
47 88
3 10
3 8
3 18
3 71
3 37
3 76
48 63
48 72
48 18
48 40
63 35
46 22
22 41
22 69
29 75
29 13
29 34
75 6
75 5
39 25
39 50
39 11
39 83
57 13
41 10
81 58
81 55
69 64
86 55
86 68
27 51
27 77
77 89
0 4
30 93
30 60
93 95
92 11
92 28
11 67
64 90
83 78
71 36
97 45
45 9