1 22 0 18 6 14 21 3 4 12 41 48 54 51 17 65 24 88 58 57 40 86 50 8 49 89 53 38 39 62 87 2 19 10 52 60 56 45 59 90 63 91 92 5 20 29 46 55 71 28 93 67 35 7 30 13 68 64 74 72 94 66 9 98 77 73 76 44 80 47 84
1 22
1 6
1 48
1 88
1 86
1 89
1 87
1 90
1 91
1 92
1 93
1 94
1 98
0 18
0 4
0 54
0 51
0 58
0 57
0 65
0 50
0 53
0 62
0 52
0 60
0 56
0 59
0 63
0 55
0 71
0 67
0 68
0 64
0 74
0 72
0 66
0 77
0 73
0 76
0 80
0 84
18 41
18 49
18 38
6 14
6 21
6 3
21 12
21 40
21 45
3 51
3 8
4 29
12 44
48 17
17 39
65 24
24 20
58 13
8 47
53 7
39 28
2 19
2 10
19 35
10 5
10 90
5 46
30 13
30 9