10 11 45 46 19 18 12 96 97 95 44 94 0 51 86 87 93 50 40 41 20 47 85 92 1 29 42 60 43 9 91 5 14 6 99 98 30 89 88 84 16 17 83 52 4 13 82 39 70 2 81 53 59 69 7 21 61 79 54 15 3 31 8 80 68 56 55 22 38 23 27 48 66 67 62 77 24 65 32 35 36 37 73 71 76
10 11
10 0
10 20
11 12
45 46
45 44
45 51
46 47
19 18
19 29
19 9
18 17
12 13
96 97
96 95
97 98
95 94
94 93
0 1
51 50
51 52
86 87
86 85
86 99
93 92
50 40
50 60
40 41
40 30
41 42
20 30
20 21
47 48
85 84
92 91
1 2
29 39
42 43
60 70
60 61
9 8
5 14
5 6
5 4
14 13
6 7
99 98
99 89
30 31
89 88
89 79
84 83
16 17
16 15
83 82
52 53
82 81
39 38
70 80
70 71
2 3
81 80
53 54
59 69
69 79
69 68
7 8
21 22
61 62
54 55
15 27
31 32
80 73
68 67
56 55
22 23
38 37
23 24
66 67
66 77
66 65
77 76
35 36
36 37