0 40 41 20 38 1 31 52 51 21 7 6 55 63 86 61 14 54 60 13 67 62 57 10 58 59 56 66 53 64 17 76 69 28 2 44 68 65 50 91 71 70 49 32 72 73 77 74 8 16 26 75 43 78 46 97 15 81 37 29 84 83
0 40
0 41
0 52
0 55
0 54
0 67
0 60
0 62
0 58
0 59
0 56
0 57
0 66
0 53
0 61
0 64
0 68
0 69
0 65
0 71
0 76
0 70
0 72
0 73
0 63
0 77
0 74
0 75
0 78
0 81
0 84
0 83
40 20
40 31
38 76
38 43
1 31
1 51
1 86
1 91
1 97
31 29
21 63
7 6
7 55
6 32
86 2
61 14
60 13
67 26
62 16
57 10
10 50
56 8
17 16
69 28
28 44
50 46
49 37
75 37
97 15