73 72 56 74 71 55 57 40 70 58 50 64 51 69 59 54 63 65 52 68 60 53 62 66 67 61 39 41 99 38 30 42 98 37 29 25 31 43 97 81 36 28 26 32 48 44 96 80 82 35 33 47 49 95 83 75 89 76 18 17 19 16 12 10 20 15 11 13 9 21 14 24 4 8 2 5 94 79 88 90 93 85
73 72
73 56
73 74
72 71
56 55
56 57
74 40
71 70
71 58
55 50
55 64
57 51
40 39
40 41
70 69
58 59
50 54
64 63
64 65
51 52
69 68
69 60
54 53
63 62
65 66
65 99
68 67
60 61
39 38
39 30
41 42
99 98
38 37
38 29
30 25
30 31
42 43
98 97
98 81
37 36
29 28
25 26
31 32
31 48
43 44
97 96
81 80
81 82
36 35
32 33
48 47
48 49
96 95
96 83
80 75
80 89
82 76
49 18
95 94
75 79
89 88
89 90
18 17
18 19
17 16
17 12
19 10
19 20
16 15
12 11
12 13
10 9
20 21
15 14
15 24
13 4
9 8
9 2
14 5
94 93
94 85