11 56 41 43 70 30 94 45 47 31 96 1 36 32 3 39 7 16 66 85 87 95 25 84 81 69 71 18 63 15 13 26 46 82 12 57 23 80 65 2 37 55 10 75 6 58 5 28 53 21 29 64 40 86 4 77 79 0 24 90 8 49 27 92 74 76 68 33 17 67 42 22 59 62 50 52 9 78 89 91
11 56
11 55
11 23
11 28
11 17
41 43
41 4
70 18
30 94
30 32
30 12
94 96
45 47
45 6
47 7
31 96
31 95
31 1
1 36
3 39
3 26
3 40
39 37
7 4
16 66
16 65
16 23
66 68
85 87
85 26
25 84
25 13
25 12
84 82
81 24
69 71
69 18
18 12
63 15
15 64
15 10
13 26
13 59
26 86
26 23
46 6
12 57
12 58
23 80
23 79
80 78
2 37
55 53
10 53
75 21
6 0
5 28
5 8
5 22
5 4
28 90
28 89
21 29
21 76
29 92
64 62
4 42
77 79
0 24
0 33
90 92
8 49
8 27
8 50
74 76
17 67
50 52
52 9
89 91