47 64 18 17 37 15 5 87 96 23 44 77 45 73 1 58 50 21 4 22 83 62 40 13 34 86 97 10 76 98 82 39 8 9 92 71 56 29 80 43 95 53 89 32 42 85 51 88 12 68 14 78 94 30 69 54 81 72 46 26 33 38 84 55 11 52 79 7 74 60 67 20 57 36 19 2
47 64
47 82
47 4
64 10
64 89
18 17
18 46
18 69
17 98
37 15
37 45
15 81
5 67
87 96
96 30
23 44
23 7
44 58
44 85
77 45
77 34
45 51
73 1
1 89
58 39
58 29
58 76
50 21
50 20
21 56
21 33
4 22
22 8
22 34
83 62
83 72
40 13
40 46
40 34
34 55
34 71
86 97
86 72
97 29
9 42
92 71
71 78
71 11
71 42
56 12
56 78
29 67
29 80
80 43
43 2
95 53
95 68
95 7
89 79
89 60
32 42
51 88
88 84
88 52
88 36
12 74
68 14
68 81
94 30
94 79
69 54
26 52
33 38
74 57
19 2