7 47 5 40 31 42 11 58 46 25 56 16 73 13 65 12 61 77 30 34 21 32 44 1 17 76 59 91 4 37 24 98 2 28 26 22 41 62 60 0 23 96 68 48 67 74 86 29 18 79 95 10 15 70 9 33 19 72 83 20 85 38 84 63 80 50 89 35 54 3 51 36 78 75 90 6
7 47
7 46
47 25
47 32
47 84
47 54
5 40
5 42
5 41
40 60
40 48
31 42
31 2
42 77
42 74
11 58
11 59
58 80
46 62
25 56
25 0
56 10
16 73
16 74
16 75
73 29
13 65
65 62
12 61
12 62
30 34
30 1
30 67
30 83
34 3
21 89
32 44
32 2
44 6
1 28
17 76
17 78
76 41
59 91
91 22
4 37
37 60
37 89
24 98
98 36
2 33
28 68
28 29
26 0
41 80
23 96
23 95
96 51
74 86
86 20
18 79
18 80
79 50
79 51
15 70
15 72
9 54
33 38
33 63
33 90
19 83
72 35
20 85
89 36
35 3