48 93 33 86 88 22 14 47 61 11 62 74 78 46 68 35 75 94 79 39 34 91 17 98 24 30 54 67 38 42 9 87 19 70 27 6 53 36 65 81 96 50 89 40 28 23 10 41 49 5 2 15 60 31 25 4 52 92 45 37 0 12 97 18 69 51 77 66 82 26 29 90 44 13 8 72
48 93
48 33
33 86
86 88
88 22
22 14
22 47
14 11
47 61
11 62
11 46
62 74
62 27
74 78
46 68
46 35
46 6
35 75
35 54
35 10
35 44
75 94
75 23
94 79
94 39
94 17
94 90
79 53
79 45
79 0
79 12
39 34
39 98
39 24
34 91
34 49
98 51
24 30
54 67
67 38
67 42
67 31
38 69
42 9
42 87
9 18
87 19
19 70
70 65
70 77
6 13
53 36
36 41
65 81
65 89
81 96
96 50
50 2
89 40
40 28
49 5
5 37
5 82
2 15
15 60
31 25
31 4
4 52
52 92
12 97
77 66
82 26
82 29
13 8
8 72