1 37 14 15 19 20 6 8 21 11 46 48 9 44 55 7 3 10 4 5 12 27 2 26 29 60 58 75 18 23 31 32 41 64 17 39 28 0 40 38 68 13 24 25 30 33 22 50 43 16 34 45 49 53 78 35 36 59 57 77 62 69 66 79 56
1 37
1 3
1 2
1 0
37 38
37 33
14 15
14 11
14 10
14 13
15 16
15 24
19 20
19 18
20 21
20 22
6 8
6 7
6 5
6 39
8 9
11 12
46 48
46 44
9 28
44 55
44 41
55 43
7 27
3 4
4 5
4 29
27 31
26 29
26 18
60 58
60 75
60 57
58 59
75 78
75 68
18 23
18 17
31 32
31 30
32 34
41 64
41 40
39 16
40 68
40 25
68 77
24 25
33 35
50 43
43 62
45 49
45 66
49 53
53 56
35 36
59 79
57 56
62 69