46 17 28 74 27 9 22 79 94 1 76 92 75 54 55 98 43 40 18 41 73 33 7 12 14 51 44 60 91 70 72 50 2 62 80 42 34 19 96 82 35 86 97 23 8 25 61 78 71 3 95 57 81 10 56 32 0 26 15 13 38 5 21 31 45 36 11 63 53 49 65 67 37 90
46 17
17 28
28 74
74 27
27 9
27 22
27 41
27 56
9 76
9 19
22 79
79 94
79 73
94 1
94 42
76 92
76 75
92 33
92 7
75 54
75 12
54 55
54 18
54 37
55 98
55 2
98 43
98 40
43 21
41 14
73 50
7 3
14 51
51 44
44 60
60 91
91 70
70 72
2 62
62 80
42 34
34 90
19 96
19 23
19 95
96 82
96 15
82 35
82 86
82 97
82 67
23 8
23 25
25 61
25 81
61 78
61 13
78 71
71 57
81 10
81 31
56 32
56 0
56 26
15 65
13 38
38 5
31 45
45 36
36 11
11 63
63 53
63 49