3 4 15 16 14 74 75 7 8 40 41 35 36 37 73 83 84 97 98 82 9 17 92 93 81 72 80 25 24 91 71 77 78 66 67 65 39 94 95 26 2 18 34 51 52 64 62 61 58 59 63 23 69 68 79 76 22 87 86 89 88 30 31 56 57 60 11 10 90 27 28 5 48 47 49 12 19 42 50 6 29 45 46 43 70 96 13 54 55 33 85 53 32 38 1 21 44 20
3 4
3 2
4 5
15 16
15 14
16 17
14 13
74 75
74 73
75 76
7 8
7 6
8 9
40 41
40 39
41 42
35 36
35 34
36 37
37 38
73 72
83 84
83 82
84 85
97 98
97 96
82 81
9 10
17 18
92 93
92 91
93 94
81 80
72 71
80 79
25 24
25 26
24 23
91 90
71 70
77 78
77 76
78 79
66 67
66 65
67 68
65 64
39 38
94 95
95 96
26 27
2 1
18 19
34 33
51 52
51 50
52 53
64 63
62 61
62 63
61 60
58 59
58 57
59 60
23 22
69 68
69 70
22 21
87 86
87 88
86 85
89 88
89 90
30 31
30 29
31 32
56 57
56 55
11 10
11 12
27 28
28 29
5 6
48 47
48 49
47 46
49 50
12 13
19 20
42 43
45 46
45 44
43 44
54 55
54 53
33 32
21 20