87 48 6 95 71 91 52 88 29 93 84 33 46 40 30 83 13 69 78 4 36 43 3 47 53 67 75 92 17 22 20 59 44 31 27 42 77 39 11 97 56 94 79 74 49 81 55 85 26 51 65 19 1 2 25 7 24 54 73 90 10 57 8 82 50 23 21 9 45 14 60 96 68
87 48
87 6
48 71
48 91
48 74
48 23
6 95
95 52
91 49
52 88
88 29
29 93
29 46
29 4
29 42
93 84
93 33
93 54
84 77
33 9
46 40
46 83
46 13
46 69
46 90
40 30
40 57
83 81
83 96
13 3
69 78
69 50
78 47
78 10
4 36
4 43
4 60
36 24
43 59
47 53
47 20
53 67
67 75
67 92
67 22
92 17
59 44
44 31
44 14
31 27
31 8
77 39
39 11
39 97
11 94
97 56
97 25
94 79
79 68
74 65
81 55
81 85
85 26
26 51
65 19
19 1
1 2
25 7
54 73
10 45
8 82
23 21