9 52 26 51 49 8 3 39 37 2 50 40 38 85 21 76 75 10 54 30 94 93 95 12 58 60 13 29 91 5 19 15 24 82 84 72 81 83 11 55 53 16 66 20 1 36 0 33 73 68 17 74 28 90 27 92 7 48 46 6 45 4 43 18 14 23 80 79 32 67 59 89 61 69 64 86 57 42
9 52
9 26
9 51
9 30
26 85
26 86
51 49
49 8
8 3
8 50
8 21
3 39
3 40
3 12
39 37
37 2
40 38
21 76
21 75
21 10
10 54
30 94
30 93
93 95
12 58
12 29
12 57
58 60
60 13
13 18
13 59
29 91
29 5
29 28
91 89
5 19
5 43
19 15
19 72
15 24
15 11
15 16
15 64
24 82
24 81
82 84
81 83
11 55
11 20
55 53
16 66
66 68
20 1
20 73
20 74
20 32
1 36
1 0
0 33
68 17
17 7
17 67
28 90
28 27
90 92
7 48
48 46
46 6
6 45
6 4
4 42
18 14
18 69
14 23
14 61
23 80
23 79