6 2 10 39 13 49 26 88 45 46 76 31 53 81 95 69 9 99 71 27 94 41 78 73 62 15 32 48 70 61 28 52 90 92 16 93 20 18 44 17 1 97 40 33 42 22 60 68 77 87 65 30 96 23 34 25 54 3 36 91 56 37 7 72 79 55 11 84 47 58
6 2
2 10
2 32
10 39
10 13
10 48
13 49
13 45
49 26
26 88
26 41
45 46
45 31
45 9
45 62
45 65
46 76
31 53
31 81
31 1
31 54
31 55
81 95
81 15
81 20
81 60
81 30
95 69
9 99
99 71
99 27
71 94
94 78
41 61
78 73
78 44
73 96
62 34
48 70
48 84
70 77
61 28
61 90
61 16
28 52
52 47
90 92
16 93
20 18
44 17
1 97
1 40
40 33
33 42
42 22
60 68
77 87
77 58
96 23
96 36
34 25
54 3
36 91
36 37
91 56
37 7
7 72
72 79
55 11