19 48 53 58 56 78 57 68 4 62 75 30 88 0 15 80 31 83 29 59 66 44 72 79 45 54 47 97 6 13 46 3 63 10 34 86 67 23 89 92 32 33 93 11 39 69 28 51 12 70 14 7 42 73 16 25 1 64 41 24 60 55 84 21 87 38 2 49 81 52 26 82 20
19 48
19 46
19 4
48 59
53 58
53 20
58 4
58 44
58 51
56 78
78 72
57 68
57 54
57 6
57 34
57 14
68 13
62 45
75 69
30 88
30 46
30 24
0 15
0 39
0 7
15 51
15 1
15 72
15 26
80 31
80 46
80 16
83 29
29 51
29 42
59 67
66 44
66 47
44 84
44 92
72 79
79 23
45 13
47 97
47 25
13 32
46 63
3 63
3 10
34 86
86 73
23 70
89 92
92 28
32 69
32 41
33 11
93 11
93 14
28 12
51 82
14 52
42 73
16 55
25 2
1 64
64 49
41 81
60 55
84 21
87 38
38 2