32 98 67 11 20 74 24 81 30 94 78 57 23 79 10 62 64 18 70 4 2 6 31 14 26 86 1 36 12 54 56 25 0 34 58 17 21 75 72 66 68 15 27 88 49 51 85 87 76 22 16 8 7 47 9 29 91 3 13 33 93 77 63 48 5 82 92 39 84 83 40 69 97
32 98
32 24
32 16
32 1
32 97
67 17
11 56
20 74
20 10
20 26
74 76
24 81
24 13
24 82
30 94
30 23
30 93
78 22
57 12
23 79
23 27
23 1
23 26
79 77
10 54
62 64
62 14
64 15
18 70
18 25
18 12
18 69
18 4
70 72
2 12
2 14
6 31
6 21
26 86
26 85
26 5
1 36
36 34
12 58
54 56
25 13
25 84
25 83
0 34
0 33
17 22
21 75
21 76
66 68
66 16
15 63
27 88
27 7
49 51
49 8
51 9
85 87
22 77
7 47
7 48
7 29
9 3
29 91
29 92
3 13
3 39
3 40