53 33 3 18 56 73 71 2 66 25 97 87 37 69 85 17 68 83 82 57 91 58 4 95 38 65 12 55 0 19 41 44 62 94 81 92 72 67 64 89 42 28 77 48 79 46 29 93 23 98 88 96 26 40 5 21 1 51 75 49 80 84 76 27 52 78
53 33
53 3
53 71
33 56
33 96
3 18
3 26
18 73
18 40
71 2
71 37
71 69
2 66
2 25
66 78
25 97
25 17
97 87
97 44
37 68
69 85
69 94
17 58
68 83
68 82
68 4
68 95
68 5
83 57
82 91
57 21
91 38
58 65
95 81
65 12
65 92
65 67
12 55
12 0
55 19
0 41
0 64
19 42
44 62
62 77
92 72
72 49
67 27
64 89
42 28
28 88
77 48
48 79
79 46
46 29
46 93
93 23
93 52
23 98
23 76
21 1
1 51
51 75
49 80
80 84