33 21 74 27 32 38 48 47 26 82 78 1 98 28 66 75 39 2 65 50 35 80 71 9 13 12 59 60 10 30 68 17 85 89 56 84 16 97 51 70 22 93 44 41 95 36 18 79 3 8 55 6 5 81 49 52 29 63 61 94 67 96 19 86 53 72 46 92
33 21
33 32
33 38
21 22
74 27
74 28
74 66
74 80
74 48
74 85
74 55
74 29
27 26
38 84
48 47
48 13
82 78
82 2
82 36
82 94
82 86
78 79
1 98
1 2
75 39
75 51
2 65
2 50
2 71
2 70
2 3
2 49
65 16
65 22
65 95
65 67
65 92
50 35
50 60
50 51
80 97
71 9
71 44
71 18
71 72
9 10
9 93
13 12
59 60
10 6
30 29
68 17
17 79
85 16
89 56
56 67
22 19
41 95
36 81
79 8
79 52
79 63
55 46
6 5
5 96
49 61
52 53