8 74 49 91 18 34 19 52 31 55 14 94 67 53 11 60 15 32 62 73 76 61 16 28 6 80 48 82 90 39 27 21 2 47 45 97 54 99 46 83 58 22 5 12 20 41 89 44 29 88 72 71 86 64 68 93 79 66 9 37 65 38 24 92 98 84 1 70 17 96 30 7 23 35 81 85
8 74
8 58
8 18
8 30
49 91
91 70
18 34
18 19
18 1
34 99
34 38
19 52
31 55
31 11
14 94
14 90
94 46
94 81
67 53
67 64
53 17
11 60
11 48
60 84
15 32
15 39
32 84
62 73
73 47
73 54
76 61
61 99
16 28
28 82
28 54
6 27
80 68
48 12
82 41
82 44
82 38
90 39
90 85
39 37
27 21
21 71
21 86
2 47
2 66
45 97
97 83
97 88
97 72
54 35
46 83
58 89
22 5
5 68
12 44
12 70
20 66
41 7
44 29
72 64
71 98
71 68
86 64
93 79
79 7
9 24
65 1
65 23
24 30
92 98
70 96