2 3 58 29 17 69 59 28 41 4 5 25 27 0 57 74 7 40 18 49 81 43 10 34 9 84 31 73 90 1 26 50 12 61 11 97 60 42 13 88 78 33 30 80 53 22 14 37 23 16 8 45 47 19 87 66 95 77 86 89 15 38 21 93 64
2 3
2 18
2 57
2 11
2 4
3 58
3 69
58 40
58 31
58 78
58 8
29 17
29 40
29 33
69 59
69 1
69 61
69 87
69 77
59 15
28 41
28 84
41 37
4 5
5 25
5 97
25 27
25 53
27 88
27 47
27 38
0 57
0 84
57 13
57 21
74 7
7 81
40 81
40 16
40 45
18 49
18 73
18 12
18 80
43 10
10 34
10 64
34 9
34 30
9 31
9 66
84 90
84 89
73 95
1 26
1 50
50 23
11 19
97 93
60 37
42 13
88 22
33 86
14 16