9 53 23 8 16 75 10 55 49 18 79 11 60 15 70 21 5 40 12 61 22 91 2 32 6 44 20 86 31 85 62 89 43 17 77 80 92 3 34 94 46 13 66 14 69 1 59 36 35 24 98 0 27 54 58 7 68 47 97 87 99 72 56 33 83 30 4 65 81 48 19 84 26 74 45 39 57 63 73
9 53
9 54
53 57
23 94
8 49
16 75
16 74
16 73
75 31
75 92
10 55
10 57
10 56
55 89
49 66
18 79
18 80
18 81
79 87
11 60
11 59
11 58
15 70
15 72
21 89
5 40
40 69
12 61
12 62
12 63
61 81
22 91
22 92
2 32
2 31
2 33
32 83
6 44
6 43
6 45
44 35
20 86
20 85
20 87
86 46
31 98
62 97
17 77
77 94
80 72
3 34
3 36
3 35
94 45
46 7
13 66
13 65
14 69
14 68
69 84
69 65
1 30
35 99
24 98
24 97
24 99
98 58
0 27
0 26
27 68
7 47
7 48
47 26
97 56
30 74
4 39
48 39
19 84