1 2 3 4 10 0 21 23 9 49 27 48 6 51 29 68 67 35 26 85 28 38 15 50 66 30 58 34 54 70 31 53 32 86 52 87 71 5 22 18 72 74 69 89 43 41 19 88 33 20 73 92 46 24 75 12 25 42 56 77 76 36 79 78 37 39 59 90 94 95 98
1 2
1 49
1 48
1 51
1 50
1 54
1 53
1 52
1 58
1 56
1 59
2 3
2 9
2 68
2 67
2 66
2 70
2 71
2 72
2 74
2 69
2 73
2 75
2 77
2 76
2 79
2 78
3 6
3 85
3 86
3 87
3 89
3 88
3 92
3 90
3 94
3 95
3 98
4 10
4 0
4 9
0 21
0 27
0 29
0 26
0 28
0 30
0 34
0 31
0 32
0 35
0 33
0 38
0 36
0 42
0 37
0 39
0 41
0 46
21 23
21 43
49 5
38 15
15 12
5 22
18 78
41 19
20 42
46 24
12 25