90 91 63 64 12 13 97 98 92 93 45 46 32 33 14 6 61 62 56 57 31 89 95 58 53 54 17 18 24 25 72 73 9 96 36 37 11 60 38 41 42 55 29 30 88 26 27 28 0 52 2 5 50 51 83 84 67 68 78 47 71 74 86 82 35 48 49 87 23 43 44 75 77 66 39 65 59 69 70 40 8 34 80 15 3 81 21 20
90 91
90 89
91 92
63 64
63 62
63 65
12 13
12 11
13 14
97 98
97 96
92 93
93 95
45 46
45 47
45 44
32 33
32 31
32 30
33 35
33 34
14 15
6 5
6 8
61 62
61 60
56 57
56 54
57 58
57 59
89 88
95 96
53 54
53 52
54 55
17 18
17 15
18 20
24 25
24 26
24 23
72 73
72 71
73 74
9 11
9 8
36 37
36 38
36 35
60 59
38 39
41 42
41 39
41 40
42 44
29 30
29 27
88 87
26 27
27 28
0 2
52 51
2 3
5 3
50 51
50 48
83 84
83 82
84 86
67 68
67 66
68 69
78 77
78 80
47 48
71 69
74 75
86 87
82 81
48 49
23 21
43 44
75 77
66 65
69 70
80 81
21 20