85 17 3 7 0 14 24 46 63 78 34 93 11 28 91 21 15 2 25 57 37 71 44 56 41 19 8 55 36 84 4 87 20 30 90 9 31 45 69 35 10 60 47 12 13 29 66 96 62 54 6 51 40 73 48 95 18 49 77 98 64 70 42 72 76 22 86 32 26 80 99 82
85 17
85 46
85 0
85 60
85 76
85 26
17 6
17 64
3 7
3 63
7 24
7 45
0 14
0 4
14 44
14 18
24 20
46 34
46 63
63 78
63 28
63 84
78 15
78 87
78 41
78 35
34 55
34 82
93 11
11 90
28 37
28 30
91 21
21 44
21 36
21 90
21 51
15 2
15 71
25 57
25 56
37 73
44 22
56 69
56 62
56 30
41 19
8 69
55 99
84 70
30 54
30 49
90 9
9 31
9 32
10 47
10 6
47 40
12 13
12 29
29 51
66 96
66 86
6 48
6 80
40 86
95 18
77 98
77 42
98 64
42 72