91 45 8 42 20 48 69 84 35 33 50 98 24 14 32 89 39 10 52 12 58 85 70 53 6 25 36 4 68 80 76 47 38 75 64 56 9 92 74 34 23 62 93 72 79 96 29 31 1 30 99 3 0 66 27 49 82 86 78 40 2 77 71 16 67 60 18 19 65 13 54 28 73 61
91 45
91 75
45 47
8 42
8 98
8 27
20 69
48 69
48 27
84 35
84 6
33 50
33 70
50 93
50 99
50 68
98 67
24 14
24 79
14 39
14 49
14 99
14 54
32 89
32 99
39 10
39 58
39 61
10 82
10 73
52 12
52 9
58 85
58 6
58 13
85 78
85 28
53 47
53 2
6 62
6 36
25 36
4 68
4 34
68 72
80 76
76 82
76 74
38 75
38 74
75 67
64 56
64 62
64 40
56 3
9 92
92 74
34 23
34 16
34 0
23 60
79 96
29 31
29 78
29 77
1 30
1 86
1 71
1 19
99 18
66 16
78 65
77 71