14 61 63 15 7 47 5 45 6 46 44 19 71 69 72 70 18 25 84 29 4 42 17 22 27 88 24 8 49 51 50 52 9 13 59 16 30 66 68 94 96 31 95 12 11 78 0 34 20 73 75 21 76 67 65 83 26 85 64 1 43 41 2 3 28 39 90 91 23 79 10 32 89
14 61
61 63
63 15
15 7
15 64
7 47
7 5
7 29
7 8
47 45
5 44
5 19
5 43
45 6
6 46
19 71
19 72
71 69
72 70
70 18
18 25
18 16
25 84
25 83
29 4
29 91
4 42
4 17
17 22
17 24
17 67
17 26
22 27
22 78
27 88
27 10
24 23
8 49
8 50
49 51
50 52
52 9
9 13
9 2
13 59
16 30
16 66
16 32
30 94
30 12
30 11
66 68
94 96
96 31
31 95
31 0
11 1
0 34
0 20
20 73
73 75
75 21
21 76
67 65
26 85
26 3
43 41
3 28
3 39
28 90
91 89
23 79