69 70 42 51 61 72 20 21 68 15 16 62 23 24 10 92 71 41 82 22 47 18 46 6 64 0 1 4 5 63 76 77 73 93 91 33 34 26 27 35 36 25 75 50 90 40 17 52 88 7 60 80 81 8 9 28 29 11 83 37 67 55 56 14 38 19 84 85 3 32 99 45 94 65 66 57 58 59 98 95 96
69 70
69 68
70 71
42 51
42 41
51 52
51 50
61 72
61 62
61 60
72 73
72 71
72 33
72 99
20 21
20 60
20 19
21 22
68 67
15 16
15 14
16 17
62 63
23 24
23 22
23 18
10 92
10 11
10 9
10 40
92 93
92 91
71 26
41 82
41 40
82 83
82 81
47 46
18 17
46 45
6 64
6 7
6 5
64 63
64 65
0 1
0 8
4 5
4 88
4 3
76 77
76 75
77 67
93 94
33 34
33 32
34 35
26 27
26 25
27 28
35 36
36 37
50 90
90 45
7 8
60 66
60 59
80 81
8 9
28 29
83 84
37 38
55 56
56 57
84 85
99 98
94 95
57 58
58 59
95 96