18 80 77 17 95 23 94 34 3 29 1 36 26 0 27 43 6 44 45 57 10 56 55 52 9 54 53 37 4 39 50 8 49 51 73 16 38 58 11 60 59 64 72 15 70 87 48 7 47 46 69 14 68 65 13 86 20 71 84 19 93 22 92 91 99 24 25 40 5 42 61 12 41 90 21 97 31 2
18 80
80 77
80 95
77 17
95 23
23 94
94 34
34 3
34 29
3 36
29 1
36 26
26 0
0 27
0 25
27 43
27 57
43 6
6 44
6 45
44 97
57 10
10 56
10 55
56 50
55 52
52 9
9 54
9 53
53 37
37 4
4 39
4 38
50 8
8 49
8 51
49 99
51 73
73 16
38 58
38 72
58 11
58 93
58 40
11 60
11 59
60 48
59 64
72 15
72 87
15 70
15 71
48 7
48 69
7 47
7 46
46 84
69 14
14 68
68 65
65 13
65 86
86 20
84 19
93 22
22 92
22 91
99 24
40 5
5 42
5 41
42 61
61 12
41 90
90 21
97 31
31 2