36 69 2 59 24 74 57 15 91 7 72 8 1 11 52 25 45 67 13 63 37 93 38 21 48 71 6 27 4 61 14 89 54 85 31 70 78 53 34 17 0 20 79 94 43 10 64 80 30 83 77 40 49 42 50 88 95 60 86 81 90 3 28 41
36 69
36 13
36 74
36 88
69 59
69 40
2 59
2 61
59 20
24 74
24 8
24 71
74 67
74 57
74 45
74 86
57 15
57 48
57 70
57 10
57 77
91 7
91 0
7 52
72 8
72 0
72 43
72 3
1 11
11 4
52 37
52 49
25 45
45 83
45 95
67 64
13 79
63 37
63 21
37 78
37 34
93 38
93 61
48 42
6 27
6 81
27 89
27 53
4 79
61 54
61 41
14 89
14 0
54 80
85 31
85 0
85 50
85 90
31 30
70 94
34 17
40 28
60 90