87 98 93 64 80 66 76 97 89 68 69 31 0 19 17 15 42 6 56 75 53 52 72 83 70 5 43 73 27 63 57 59 54 9 79 13 85 23 67 81 11 77 61 28 55 60 4 24 14 34 96 58 20 40 18 36 22 38 48 21 25
87 98
87 93
87 64
87 80
87 66
87 76
87 97
87 89
87 68
87 69
87 31
87 0
87 19
87 17
87 15
87 42
87 6
87 56
87 75
87 53
87 52
87 72
98 54
80 83
80 5
80 43
80 73
80 59
80 61
80 55
80 34
66 81
76 27
76 57
76 85
76 67
76 24
76 40
76 22
97 70
97 63
97 9
97 79
97 60
97 58
97 20
89 13
68 96
69 23
69 11
69 77
69 28
69 4
69 14
69 18
31 36
83 48
63 21
96 38
48 25