0 80 5 8 1 64 11 66 47 61 12 79 86 67 65 20 85 24 14 17 18 23 29 68 63 77 46 2 55 9 40 84 78 28 41 3 10 34 75 69 43 25 48 73 22 82 45 30 6 53 54 76 57 81 50 71 15 35 72 91 51 44 59 26 70 87
0 80
0 79
0 84
0 61
80 75
80 43
80 76
5 8
5 44
8 46
8 41
8 22
1 64
1 67
1 28
64 11
64 22
64 72
11 14
66 47
66 57
61 12
61 48
61 46
12 6
79 86
79 51
86 18
86 82
67 68
67 63
67 81
67 85
65 20
65 34
20 54
85 24
85 2
14 17
14 78
17 15
18 40
18 91
23 29
23 41
23 70
63 77
63 3
77 53
77 54
46 10
2 55
55 59
9 40
9 50
84 25
84 26
28 57
41 71
69 53
48 73
73 45
30 6
35 91
59 87