0 1 26 25 2 5 27 30 50 51 52 55 77 80 76 75 6 31 4 29 56 54 81 79 15 34 3 28 13 38 63 88 10 11 35 36 85 86 59 53 58 14 39 64 89 78 60 61 16 41 46 91 66 71 33 40 47 72 17 42 92 65 67 7 57 32 19 44 69 62 18 43 93 68
0 1
1 2
1 3
26 25
26 27
26 15
26 34
26 28
25 33
2 5
2 6
2 4
5 13
5 14
27 30
27 31
27 29
30 38
30 39
50 51
50 59
50 58
51 52
51 53
52 55
52 56
52 54
55 63
55 64
77 80
77 81
77 79
77 76
80 88
80 89
76 75
76 78
76 65
6 7
31 32
56 57
15 14
3 10
28 35
13 16
13 19
13 18
38 41
38 44
38 43
63 66
63 69
63 68
88 91
88 93
10 11
11 17
35 36
36 42
85 86
85 78
86 92
53 60
39 40
64 65
60 61
60 40
61 67
61 62
41 46
41 47
66 71
66 72