42 94 29 0 62 43 95 58 83 6 59 57 3 73 88 33 19 93 36 56 32 5 22 76 7 82 45 92 30 67 21 50 53 60 52 91 68 27 14 51 13 47 85 63 64 11 24 61 98 90 20 28 96 25 10 18 71 34 77 49 66 4 41 37 39 48 8 17
42 94
94 29
94 58
94 59
29 0
29 62
29 3
29 73
29 33
62 43
62 95
62 19
62 36
43 32
43 76
95 47
95 64
58 83
58 11
83 6
6 24
59 57
57 61
73 88
19 93
36 56
36 98
32 5
32 90
5 22
5 20
22 96
76 7
76 25
76 10
7 82
7 45
7 92
7 18
82 71
45 30
45 67
45 34
92 21
92 77
30 49
21 50
21 53
50 60
50 66
53 52
53 4
60 91
52 68
68 27
27 14
14 51
51 13
51 41
13 37
47 85
47 63
90 39
90 48
20 28
71 8
37 17