11 58 23 95 1 28 34 51 85 8 50 3 15 70 12 61 27 49 94 35 55 10 46 31 67 6 44 77 17 60 14 93 43 64 54 87 18 79 16 73 29 59 20 9 53 33 57 7 45 52 91 63 48 24 26 80 22 19 82 32 42 21 47 4 98 96 2 90 65 75 37 83 84 30 5 40 69 86
11 58
11 60
11 59
58 65
23 95
23 94
23 96
95 46
95 79
95 67
95 86
1 28
1 29
28 34
28 51
34 3
34 65
51 85
51 8
51 91
85 20
8 50
8 49
3 35
15 70
70 83
12 61
61 55
61 82
27 49
27 93
27 32
94 44
55 10
55 53
46 7
31 67
31 2
31 40
67 14
67 48
6 44
6 43
44 77
44 45
77 17
14 69
64 33
54 87
54 96
54 9
87 63
18 79
16 73
73 33
59 84
9 53
9 52
33 57
33 63
57 98
7 47
91 22
48 30
24 98
26 80
26 90
80 47
19 82
19 83
32 42
32 2
32 75
21 90
4 37
37 84
5 40