0 6 13 3 7 10 24 16 1 5 35 31 17 18 20 23 4 9 22 40 38 25 43 15 41 8 21 37 47 39 32 36 44 42 59 26 11 33 74 55 28 34 54 30 88 65 62 82 29 58 64 63 73 83 79 67 72 49 77 97 80 85 90 91 86 92 89
0 6
0 13
0 16
0 41
0 59
0 74
0 88
0 82
0 73
0 97
6 31
6 37
6 33
6 80
6 91
13 9
13 58
13 67
3 7
3 17
3 77
10 24
10 35
10 18
10 40
10 38
10 25
10 47
10 55
10 65
10 83
16 21
16 92
1 5
1 39
5 4
5 20
35 15
35 49
31 29
17 41
17 11
17 85
20 23
20 8
20 62
23 22
4 9
4 42
4 63
4 90
9 43
9 15
9 36
9 54
9 86
22 34
15 64
15 79
15 72
8 32
21 44
21 89
26 11
33 30
28 34