1 62 49 94 92 9 54 28 30 22 73 24 25 11 39 3 21 42 90 5 2 12 69 91 29 26 83 84 4 60 27 61 87 77 75 88 6 74 7 38 13 32 81 10 31 23 93 86 52 66 63 67 15 85 64 71 16 17 18 19 20 56 79 8 48 35 34 36 53 80 44 55 57 78 51
1 62
1 49
1 5
1 4
1 80
1 29
62 55
94 92
94 30
94 2
94 23
92 15
92 51
9 54
9 28
9 5
54 53
22 73
22 27
22 52
22 56
22 48
24 25
24 71
24 26
25 87
11 39
11 10
11 12
11 52
3 21
3 2
21 42
90 38
2 12
2 69
2 4
12 8
91 29
91 26
91 13
83 84
83 36
60 61
61 19
77 75
75 85
88 64
6 74
6 93
74 71
7 38
7 66
7 8
13 44
32 81
32 63
32 23
10 31
31 57
93 86
86 19
52 67
15 85
64 79
64 36
16 17
16 78
17 18
18 19
19 20
20 35
35 34
35 36