22 32 36 25 78 14 90 8 47 74 49 67 85 35 63 89 94 51 5 41 77 9 3 7 72 53 1 73 46 39 21 44 34 97 54 30 31 70 88 76 96 92 71 23 40 37 87 26 56 93 27 43 66 64 55 82 83 15 65 86 62 19 91 28
22 32
22 36
22 93
32 56
36 25
36 66
25 78
25 74
25 87
78 14
14 90
14 28
90 8
8 47
8 26
74 49
49 67
49 15
67 85
67 35
67 97
35 63
35 37
63 89
63 94
89 73
94 51
94 77
51 5
51 41
5 21
5 23
41 72
41 27
77 9
77 7
9 3
9 64
7 53
7 40
7 55
53 1
73 46
73 39
21 44
21 83
44 34
97 54
54 30
54 96
30 31
30 65
31 70
31 88
88 76
96 92
96 71
92 82
26 86
56 43
56 91
86 62
86 19