28 29 31 92 66 7 25 5 11 53 86 32 93 0 81 27 43 14 78 23 84 17 15 49 87 63 72 44 56 40 71 75 39 12 8 13 68 60 38 45 95 54 9 77 42 46 62 47 10 30 37 21 70 79 98 19 61 6 67 35 97 3 96 57 74 89 69 1 85 4 80 82 94 76 34 41 51 48 20 88
28 29
28 5
28 43
29 63
31 92
31 30
31 97
92 17
92 21
92 79
66 7
66 5
66 15
7 78
25 5
25 77
11 53
11 39
11 23
53 21
53 94
53 13
53 20
86 98
32 93
32 60
93 96
93 4
0 81
0 70
81 89
81 51
27 43
27 35
43 85
43 14
43 75
23 84
23 95
84 88
17 34
15 8
49 87
49 74
49 69
49 1
87 98
63 72
44 56
44 12
40 71
71 6
12 96
13 68
38 45
38 9
38 95
95 54
54 47
54 62
77 42
77 19
46 62
62 67
47 10
47 1
47 82
10 76
37 21
70 79
19 61
19 89
6 76
97 3
57 74
69 48
85 41
4 41
80 82