45 43 81 9 95 31 63 89 2 59 96 70 1 26 18 46 29 85 72 74 66 58 36 11 67 93 19 51 48 5 3 53 21 56 97 30 23 68 25 37 20 92 69 27 40 49 61 35 32 39 90 64 52 57 60 42 6 83 7 91 76 65 16 10 78 84 33 50
45 43
43 81
81 9
81 95
9 2
95 31
95 63
31 89
31 59
31 1
63 70
63 26
63 46
89 74
59 96
59 66
59 91
1 92
26 18
46 29
46 85
46 69
85 72
72 61
66 58
66 36
66 67
66 35
58 19
58 48
36 11
67 93
67 76
93 32
19 51
48 5
48 56
48 65
5 3
5 53
5 57
3 21
53 60
21 16
56 97
56 23
56 25
97 30
30 37
23 68
25 6
37 20
20 10
69 27
27 40
40 49
35 78
32 39
39 90
90 64
64 52
52 83
60 42
83 7
83 33
10 50
78 84