81 82 80 60 71 90 83 72 50 10 20 30 41 31 15 25 14 70 9 38 40 35 76 75 0 46 45 86 51 1 77 28 5 26 24 62 96 48 57 66 65 8 49 59 93 84 94 16 52 54 55 3 4 74 6 23 44 7 11 32 33 92 27 67 98 64 85 2 58 73 53 42 61 43 69 68 88 89
81 82
81 80
82 83
80 90
80 71
60 71
60 50
71 72
71 70
71 62
83 93
83 92
72 84
50 41
10 20
10 0
30 41
41 31
41 40
41 51
41 52
41 32
15 25
15 14
15 26
15 16
25 35
25 24
14 5
14 4
14 23
9 38
9 28
35 46
76 75
76 86
76 77
76 66
0 1
0 11
46 45
45 44
86 96
1 2
28 27
5 6
24 33
62 61
48 57
48 58
57 67
66 65
66 55
66 67
8 27
49 59
59 69
93 94
84 74
94 85
16 27
52 43
54 55
54 64
54 73
3 4
3 2
74 64
6 7
44 53
32 33
32 42
67 98
67 68
98 88
58 69
88 89