2 31 59 66 23 94 13 64 49 12 61 0 26 45 30 51 9 52 40 25 95 62 18 38 44 32 27 85 46 6 43 70 87 88 65 28 33 20 36 81 21 37 82 11 42 73 74 58 97 5 19 77 34 75 17 4 16 22 14 96 78 47 84 54 55 24 68 76 83 92 99 60
2 31
2 32
2 33
31 49
31 40
31 27
31 46
59 66
59 82
59 11
59 75
66 13
23 94
23 95
23 96
94 77
94 36
13 64
13 65
64 34
49 37
12 61
12 62
0 26
0 25
0 27
26 45
26 62
30 51
30 70
30 88
30 65
9 52
52 96
52 54
40 5
25 85
25 87
25 78
95 28
18 81
38 4
44 6
44 47
27 42
85 20
6 43
43 78
70 55
70 68
88 21
36 81
37 4
82 19
11 58
11 60
42 73
42 97
73 16
74 16
58 97
97 77
97 24
19 84
19 83
77 17
17 76
22 92
14 68
54 92
24 99