1 29 10 8 23 13 95 27 34 12 94 16 49 17 57 3 85 30 0 38 18 50 22 53 73 41 96 7 36 98 31 56 25 33 40 91 78 2 37 28 26 19 69 43 88 45 72 51 66 83 54 82 11 60 58 24 92 42 21 97 90 99 74 75 48 39 59
1 29
1 85
1 50
1 96
1 33
1 13
1 83
1 75
29 10
29 27
29 69
29 66
29 99
29 74
10 94
10 25
10 40
10 58
10 59
8 23
8 73
8 19
23 17
23 33
23 48
13 95
13 38
13 18
95 28
95 60
95 21
95 97
27 11
34 12
34 3
34 91
12 53
12 36
94 2
94 43
16 49
16 2
16 30
49 37
49 45
17 57
17 0
3 18
85 56
85 90
0 24
18 22
18 92
18 72
22 7
22 39
41 2
96 88
96 42
7 78
98 31
98 69
33 82
26 39
72 51
83 54