13 53 0 57 55 21 61 46 19 8 70 76 74 45 68 2 7 28 71 3 47 12 79 77 4 75 1 73 36 85 67 82 17 72 25 78 14 83 87 39 51 65 60 11 88 44 27 32 80 6 38 52 89 9 41 42 69 56 91 84 26 31 81 94 86 50 92 97 95
13 53
13 41
0 57
0 55
0 61
0 70
0 76
0 74
0 71
0 79
0 77
0 75
0 73
0 72
0 78
0 83
0 87
0 82
0 88
0 80
0 89
0 91
0 84
0 81
0 94
0 86
0 92
0 97
0 95
57 21
55 8
55 42
21 12
21 85
21 14
21 50
61 36
46 19
46 45
46 4
46 7
46 25
46 52
19 28
19 27
19 69
76 9
74 7
45 68
45 1
2 7
7 31
28 41
71 3
3 47
1 39
73 6
67 11
67 38
82 17
78 11
14 56
39 32
51 69
65 60
65 26
88 26
44 27