36 68 44 80 76 87 91 20 0 62 64 18 39 88 75 54 98 99 12 4 51 30 82 69 6 94 74 61 81 35 55 29 1 15 42 7 97 89 77 21 2 70 37 84 47 90 49 5 14 38 25 28 96 56 13 71 43 63 17 48 95 16 67
36 68
68 74
68 56
68 13
44 80
44 88
44 98
44 76
44 38
80 91
80 0
80 94
80 99
80 28
80 95
76 87
76 20
76 6
76 97
76 90
87 74
87 1
87 96
87 67
91 14
91 48
20 29
20 39
20 71
0 61
0 55
62 64
62 94
62 49
18 39
39 15
88 37
88 43
75 54
54 51
54 30
54 4
54 69
98 82
98 81
98 42
98 77
99 12
99 69
99 84
12 21
82 2
69 89
6 35
15 7
21 70
37 5
47 25
47 56
47 17
25 16
63 17