1 22 0 11 7 17 21 42 4 32 43 30 75 44 38 79 74 76 54 2 47 55 83 77 45 80 48 78 58 27 9 19 52 40 26 85 46 25 86 82 49 50 8 51 5 88 28 56 53 81 87 34 84 90 91 59 67 93 60 92 39 16 37 65 66 69 36 97
1 22
1 7
1 17
1 42
1 75
1 79
1 74
1 76
1 83
1 77
1 80
1 78
1 85
1 86
1 82
1 88
1 81
1 87
1 84
1 90
1 91
1 93
1 92
1 97
22 21
22 58
0 11
0 7
0 43
0 44
0 54
0 47
0 55
0 45
0 48
0 52
0 46
0 49
0 50
0 51
0 53
0 56
0 59
0 67
0 60
0 65
0 66
0 69
11 30
17 38
4 32
4 45
4 27
43 2
76 8
2 25
55 19
27 9
9 40
9 36
40 26
40 34
26 28
46 5
5 37
81 16
39 16