56 76 52 74 60 78 50 73 82 89 87 62 79 54 75 68 58 77 80 88 66 81 64 92 69 86 51 91 44 70 83 65 42 46 71 40 84 90 67 85 36 48 72 32 34 28 26 38 30 43 45 41 47 24 33 49 22 93 21 37 39 16 35 14 20 12 18 8 19 10 0 17 1 2 6 4 3
56 76
56 28
76 86
52 74
52 26
74 85
60 78
60 30
78 87
50 73
73 51
73 84
82 89
82 68
82 69
89 92
89 83
87 79
87 91
62 79
54 75
75 85
68 40
68 41
58 77
77 86
80 88
80 64
80 65
88 92
88 81
66 81
66 36
66 37
81 67
64 32
64 33
92 0
69 42
69 43
86 91
91 93
44 70
44 22
70 83
70 45
83 71
65 34
65 35
42 21
46 71
71 47
40 20
84 90
84 72
90 85
90 93
67 38
67 39
36 18
48 72
48 24
72 49
32 16
34 17
28 14
38 19
24 12
16 8
20 10
12 6
8 4
1 2
1 3
2 4
6 3