0 1 19 94 2 5 6 28 67 31 35 4 95 27 42 16 50 29 18 48 8 25 26 17 53 54 80 34 10 99 36 20 22 98 11 41 61 12 7 51 52 14 62 68 43 45 57 66 13 76 30 44 33 37 21 55 46 83 23 70 81 88 85 96 78 92 59 49
0 1
0 68
1 2
1 16
1 20
1 54
1 36
19 94
19 18
19 8
94 59
2 42
2 13
5 6
5 4
5 95
5 20
28 67
28 27
28 29
67 81
31 35
31 12
31 30
35 34
35 36
4 80
4 76
27 50
27 16
27 61
27 99
27 26
42 11
16 17
16 96
50 48
50 51
50 49
50 92
18 48
18 33
48 88
48 55
25 26
25 22
17 7
53 54
53 83
80 46
10 99
36 37
22 98
22 66
11 41
51 52
51 70
14 62
14 83
43 44
45 57
45 44
57 76
21 55
23 70
23 85
78 92