1 7 8 40 96 33 53 16 39 97 6 14 35 98 15 37 54 91 13 2 84 81 9 73 36 76 77 55 99 82 92 83 17 18 64 56 74 21 22 85 67 32 5 65 93 68 31 43 75 20 63 66 71 23 72 94 12 80 28 29 95 3 4 51 38 19 27 41 48 34 49 89 25 26 50 42 10 11 90 24 52
1 2
7 8
7 6
8 9
40 96
40 97
40 98
40 16
40 99
33 53
33 54
33 55
33 56
33 15
16 39
16 15
16 17
16 41
16 42
39 91
39 92
39 93
39 94
39 95
6 5
14 35
14 15
14 37
14 13
14 36
14 38
35 73
35 74
35 75
35 71
35 72
15 32
15 31
15 34
37 84
37 81
37 82
37 83
37 85
37 89
13 64
13 65
13 63
13 66
13 12
2 3
9 10
36 76
36 77
36 80
17 18
17 67
17 68
18 19
21 22
21 20
22 23
32 51
32 48
32 49
32 50
32 52
5 4
31 43
20 19
23 24
12 11
28 29
28 27
3 4
38 90
27 26
25 26
25 24
10 11