98 86 45 84 94 33 60 37 68 77 58 88 27 40 70 79 34 2 28 18 13 54 44 36 32 91 56 20 47 24 14 80 5 69 65 38 0 87 9 31 71 42 4 8 21 57 75 46 93 30 67 61 1 22 74 52 12 81 43 89 90 85 39 49 83 78 72 11 26 29 64
98 18
86 45
86 31
45 37
45 34
84 94
84 77
84 27
84 74
33 60
33 43
60 40
60 28
37 8
37 30
68 87
77 8
58 88
58 54
58 0
88 21
88 1
88 22
88 80
88 64
70 79
79 20
79 69
79 75
34 12
2 28
2 47
2 57
2 32
18 13
18 39
18 90
54 32
44 36
36 43
36 90
32 72
91 56
56 20
56 90
47 49
24 14
24 74
80 5
65 38
65 43
65 11
0 87
0 89
87 85
9 43
71 42
71 81
71 90
42 83
4 8
21 46
46 93
67 61
67 1
67 78
74 85
52 12
11 26
26 29