50 11 51 12 35 96 71 76 44 10 37 89 42 85 7 15 21 84 64 68 69 74 62 43 97 99 87 66 57 19 56 82 72 55 83 90 53 61 94 22 63 46 36 95 34 65 45 40 70 58 73 29 59 5 81 28 77 14 92 98 47 1 18 91 31 75 4 88 54 48
50 11
11 51
51 12
51 35
51 96
51 44
51 28
51 77
51 54
35 71
35 76
96 10
96 37
71 89
76 42
44 85
37 99
85 7
85 15
85 21
85 84
15 92
84 64
84 68
64 87
64 98
68 69
68 74
69 62
69 66
74 56
74 82
62 43
62 97
62 47
87 22
66 57
57 19
57 36
82 72
82 95
72 55
72 83
72 90
72 1
55 18
83 34
90 53
90 91
53 61
53 94
53 65
53 31
94 40
22 63
22 70
63 46
34 58
34 73
65 45
70 29
58 5
73 75
29 59
59 48
5 81
77 14
75 4
75 88