0 6 47 7 56 9 1 14 34 3 37 20 24 43 11 39 26 85 22 23 69 40 60 50 55 17 36 54 62 58 16 15 25 67 59 32 33 52 68 71 10 87 88 5 53 38 79 64 44 13 63 19 74 4 93 29 18 45 82 31 61 99 94 97 21 83
0 6
0 14
0 37
0 9
0 47
0 11
0 20
6 67
47 7
47 22
47 59
47 64
47 44
7 56
7 18
9 1
9 43
9 3
9 55
1 5
14 69
14 17
14 16
14 45
34 3
34 38
3 15
37 23
37 36
37 33
20 24
24 26
24 54
43 40
11 39
26 85
85 79
85 87
85 71
69 4
69 83
40 60
40 31
50 55
50 58
50 63
50 82
17 29
54 52
62 58
62 68
62 88
62 13
62 99
16 74
15 19
25 61
59 32
33 61
68 93
68 21
10 87
88 94
53 19
82 97