12 13 20 49 35 1 60 74 41 27 29 65 43 2 97 22 34 79 17 32 83 96 0 3 53 81 87 54 24 44 40 72 48 70 36 76 45 56 78 6 15 25 31 93 64 92 38 8 28 9 75 19 14 86 88 67 85 42 57 5 30 21 47 58 46 91 94 90
12 13
12 32
12 1
13 19
13 88
20 49
20 25
49 43
49 45
49 53
35 65
35 0
35 76
1 60
1 47
60 34
60 93
60 46
74 41
74 2
74 78
74 0
74 28
74 44
74 5
27 29
27 87
27 64
27 90
29 31
29 36
29 30
97 22
97 24
97 9
34 75
79 17
79 92
79 85
17 53
32 6
32 87
32 70
83 96
83 81
96 72
0 14
0 91
3 53
3 15
53 24
53 42
81 78
81 94
87 21
54 24
24 36
44 40
40 86
72 56
72 75
48 70
48 38
93 8
92 58
88 67
85 57