0 12 15 38 29 56 10 23 19 1 48 53 75 8 88 78 5 7 32 83 50 54 92 4 25 81 37 61 67 46 35 9 2 47 22 28 90 33 96 89 14 6 82 27 66 51 11 65 79 41 99 85 74 44 30 87 80 69 73 71 72 24 43
0 12
0 75
0 85
12 15
12 56
12 88
12 7
12 81
15 38
15 28
15 47
38 29
38 1
38 92
56 44
10 23
10 19
10 32
1 54
1 25
1 90
48 53
48 11
53 82
53 41
75 8
75 71
75 66
8 61
8 80
8 43
78 5
5 28
7 32
7 79
7 74
7 99
32 37
32 89
32 87
83 50
83 96
54 46
54 24
92 4
92 67
92 2
4 82
25 51
61 65
61 30
67 69
35 9
9 99
47 22
28 27
28 96
90 33
14 6
6 65
11 72
44 73