52 1 89 5 58 33 17 14 77 99 65 73 12 20 21 11 70 15 69 4 93 2 90 45 16 34 18 82 19 9 97 26 59 3 0 28 79 72 48 98 27 44 37 81 92 46 13 41 75 6 31 51 22 86 7 76 8 66 23 87 36 56 80 30 54 39 38 63
52 1
1 89
1 5
1 17
5 58
5 14
5 16
5 19
5 51
5 22
58 33
33 12
14 77
14 99
14 63
77 73
99 65
99 8
12 20
12 31
12 76
20 21
21 11
21 70
21 4
11 15
11 34
70 69
15 2
15 30
69 90
69 9
4 93
4 18
4 7
90 45
18 82
18 54
82 59
9 97
97 26
26 87
59 3
3 0
3 48
3 75
0 28
0 72
0 23
28 79
28 6
28 38
72 98
98 27
27 44
27 37
27 41
44 13
37 81
37 92
37 46
46 86
13 66
13 39
87 36
36 56
56 80