20 22 57 59 71 73 61 56 58 48 50 27 29 51 53 24 18 26 81 83 52 54 5 7 31 86 88 60 62 21 23 8 10 64 66 44 46 38 40 76 78 33 35 55 6 1 3 79 85 87 90 68 12 14 45 47 42 25 96 98 0 94 72 74 82 84 36 70 13 15 32 65 67 9 11 91 93 19 34 16 80 69 92 89 17 75 77 2 41 43 4 99 97 63 95 49
20 22
20 18
22 24
57 59
57 55
59 61
71 73
71 69
73 75
61 63
56 58
56 54
58 60
48 50
48 46
50 52
27 29
27 25
29 31
51 53
51 49
53 55
24 26
18 16
81 83
81 79
83 85
52 54
5 7
5 3
7 9
31 33
86 88
86 84
88 90
60 62
62 64
21 23
21 19
23 25
8 10
8 6
10 12
64 66
66 68
44 46
44 42
38 40
38 36
40 42
76 78
76 74
78 80
33 35
6 4
1 3
1 0
1 99
79 77
85 87
87 89
90 92
68 70
12 14
14 16
45 47
45 43
47 49
96 98
96 94
98 0
0 2
94 92
72 74
72 70
82 84
82 80
36 34
13 15
13 11
15 17
32 34
65 67
65 63
67 69
9 11
91 93
91 89
93 95
19 17
75 77
2 4
41 43
99 97
97 95