94 16 54 1 7 2 28 13 96 65 49 32 38 69 0 58 53 9 4 20 37 5 15 91 31 93 17 36 10 3 35 44 77 11 6 51 56 34 8 42 22 24 19 18 99 61 14 60 30 43 47 40 21 75 82 81 52 45 66 71 57 78 12 23 64 39 83 89 59 62
94 16
94 28
94 13
94 49
94 32
94 38
94 0
94 35
94 51
94 75
54 1
54 4
54 15
54 0
54 30
54 81
1 66
1 12
7 2
7 96
7 65
7 69
7 93
7 19
7 14
7 47
2 20
28 18
28 60
28 82
28 23
13 17
32 89
69 21
69 39
0 58
0 20
0 77
0 52
58 6
58 34
58 83
53 9
53 24
9 44
4 44
4 36
4 78
20 56
20 57
37 5
37 11
91 31
91 36
10 3
10 11
3 44
3 99
44 42
44 43
77 8
51 40
22 24
18 62
61 14
14 59
47 45
47 64
82 71