44 41 42 43 48 40 47 39 38 37 36 35 34 33 32 31 30 29 23 28 24 20 27 26 21 25 22 3 14 0 9 11 10 18 2 1 15 4 6 7 13 12 17 76 78 72 74 79 67 69 70 77 66 19 53 55 61 51 58 50 56 59 64 60 57 63 62 5 71 16 52 54 8 68 65 75 73 85 96 95 99 97 86 98 80 89 92 83 88 93 87
44 41
44 42
42 43
42 40
43 48
48 47
40 39
39 38
38 37
37 36
36 35
35 34
34 33
33 32
32 31
31 30
30 29
29 23
29 20
23 28
28 24
20 27
20 26
20 3
26 21
26 25
25 22
3 14
3 0
3 11
14 9
11 10
10 18
18 2
2 1
2 15
2 4
1 16
1 8
4 6
4 13
4 19
6 7
7 5
13 12
13 17
17 76
17 53
76 78
78 72
78 74
78 70
78 66
78 65
78 73
74 79
79 67
79 69
79 77
79 71
79 68
79 75
69 85
53 55
53 58
55 61
61 51
61 63
58 50
58 64
58 52
50 56
50 60
56 59
56 57
56 54
63 62
85 96
85 99
96 95
99 97
99 86
86 98
98 80
98 93
80 89
89 92
92 83
83 88
93 87