65 45 7 36 70 22 51 5 74 32 30 15 71 12 49 9 81 18 31 21 8 4 54 42 69 0 11 1 75 2 88 93 14 40 85 6 64 90 37 47 16 53 61 24 48 63 19 57 28 73 84 26 89 56 87 59 35 10 39 72 94 66
65 45
65 2
65 64
65 66
45 49
45 16
7 36
36 35
36 37
70 22
70 31
70 42
70 19
70 71
51 24
5 74
5 1
5 4
74 21
74 73
32 30
32 9
32 31
30 8
30 59
15 71
15 90
15 39
71 93
12 8
49 0
49 4
49 48
9 81
81 18
18 11
31 72
4 54
4 61
4 87
54 75
54 94
42 69
42 14
42 40
0 26
2 88
2 93
40 35
85 84
6 64
64 63
90 57
90 10
90 89
37 47
16 53
24 48
28 73
73 84
56 87