65 56 87 6 39 53 52 17 5 48 60 1 43 99 75 76 44 95 86 27 0 15 4 45 62 31 13 50 93 22 88 16 72 14 98 94 11 57 74 96 20 71 33 55 9 91 10 12 79 59 54 46 64 28 66 92 2 19 49 85
65 57
56 87
56 99
56 4
56 13
56 14
56 92
87 52
87 75
87 86
6 39
6 53
6 15
6 62
6 31
6 71
39 27
53 17
52 94
17 95
17 16
5 48
5 54
48 44
48 99
48 20
48 9
48 28
60 1
60 43
60 45
43 22
75 50
76 44
76 45
44 95
44 57
44 12
95 93
95 33
95 59
95 46
86 19
27 0
27 98
27 55
4 11
4 10
93 74
93 49
22 88
88 72
88 91
98 79
11 64
57 2
74 96
12 66
12 85