4 9 52 24 98 2 31 12 61 16 74 18 81 15 39 22 13 91 19 83 8 7 48 49 75 1 21 90 59 46 23 32 89 14 68 33 99 0 26 79 54 5 41 25 47 78 10 56 6 43 3 36 67 55 20 66 17 97 57 82 42 88 87 64 53 73 29 34 40 95 11 71 76 69 70 60 27 58
4 39
9 52
9 54
9 53
24 98
24 97
24 99
98 39
2 31
2 32
2 33
31 91
12 61
61 89
16 74
16 75
16 73
18 81
18 79
81 64
15 71
22 91
13 66
13 64
19 83
83 79
8 49
7 48
7 46
7 47
48 59
48 26
48 70
49 42
75 56
75 25
1 29
21 90
21 89
21 88
59 11
46 88
46 69
23 95
32 99
32 87
89 71
14 68
14 67
14 69
33 47
0 26
0 25
0 27
54 82
5 41
5 42
5 40
47 40
78 17
10 56
10 55
10 57
56 76
6 43
43 97
3 36
3 34
36 29
20 87
66 53
17 76
82 34
42 95
53 73
11 60
11 58