76 77 70 72 73 71 74 75 80 78 83 87 84 90 92 93 96 66 68 67 60 63 54 59 58 48 51 49 56 53 44 42 43 39 47 52 34 29 21 23 22 18 19 25 12 17 24 27 28 35 33 31 30 6 0 1 8 14 10 2 7 9 11 3 4 5 13 26 16 15 20 37 36 41 61
76 77
76 72
76 78
77 70
70 66
72 73
72 74
72 75
73 71
73 83
71 67
75 80
80 87
87 84
84 90
90 92
90 93
90 96
66 68
67 60
60 63
60 54
54 59
54 56
54 61
59 58
58 48
48 51
48 49
56 53
53 44
44 42
44 39
42 43
42 47
43 37
39 34
39 36
47 52
34 29
29 21
29 23
29 24
21 18
23 22
22 25
18 19
18 12
18 20
12 17
12 6
12 16
12 15
24 27
24 28
24 26
28 35
28 33
35 31
33 30
6 0
6 8
6 10
6 7
0 1
0 2
0 3
0 5
8 14
7 9
9 11
9 4
11 13
36 41