19 98 51 63 9 20 5 22 77 3 14 21 17 1 7 55 33 25 67 59 54 48 6 65 15 12 8 44 11 99 24 46 42 40 62 81 71 78 13 16 36 35 23 10 26 64 32 52 79 18 68 4 84 43 72 90 0 93 61 80 30 97 31 60 94 57 2 34 41 75
19 98
19 10
19 90
98 6
51 63
63 17
9 20
9 55
9 13
9 48
9 23
20 77
20 67
20 30
5 22
5 14
5 46
22 60
77 3
14 15
21 60
17 67
17 16
1 7
1 8
1 13
1 84
33 25
33 26
33 43
33 44
33 0
33 80
25 36
25 79
59 54
59 61
6 65
6 44
6 35
6 94
15 12
15 18
12 4
12 35
12 31
8 11
11 99
11 32
99 35
99 41
24 23
42 40
42 26
62 81
81 52
71 78
78 32
13 61
13 34
35 57
26 64
26 2
32 93
52 79
18 68
4 97
4 75
72 90