24 10 71 70 69 3 4 40 31 25 0 57 6 20 19 23 56 2 36 72 12 8 66 13 34 49 61 11 43 29 37 58 41 16 44 18 1 62 15 52 45 54 68 46 7 9 50 64 97 38 89 67 75 17 84 26 30 85 74 87 32 94 53 96 99 5 86 78 33
24 10
24 2
71 70
71 6
71 49
71 15
71 68
70 69
70 13
69 29
69 56
3 4
3 25
4 36
4 61
4 46
4 45
40 31
40 20
40 43
40 64
40 17
40 25
31 18
31 57
31 99
25 96
0 57
0 97
0 89
0 75
0 85
0 74
0 87
0 94
57 26
6 78
19 12
23 56
23 7
2 58
2 75
72 12
72 7
72 5
8 66
8 62
13 34
13 84
13 32
34 67
61 44
11 43
43 50
29 38
29 62
37 16
37 30
41 16
41 1
44 33
1 62
1 52
15 9
15 86
45 54
46 9
67 53