3 11 22 37 13 36 52 24 63 46 42 32 23 26 64 31 14 2 54 16 15 27 51 8 57 66 7 28 21 49 39 59 58 5 43 33 0 53 67 19 44 4 10 29 1 41 38 91 98 84 35 17 34 61 18 25 50 48 93 89 72 40 81 71 74 78 83 88 75 97 73 79 85 82 92
3 11
11 19
22 37
22 23
37 52
37 43
37 93
37 42
13 36
13 27
13 51
52 8
52 35
24 63
63 41
46 42
32 23
32 54
32 51
32 53
32 18
26 64
26 31
64 38
31 14
31 5
31 1
31 89
14 33
14 79
2 54
2 17
54 4
16 15
16 0
16 35
27 40
51 48
8 25
8 34
57 66
57 7
66 21
7 28
7 19
28 67
28 29
21 59
49 44
39 40
59 58
58 38
0 91
0 98
0 84
0 89
0 72
0 81
0 71
0 74
0 78
0 83
0 88
0 75
0 97
0 73
0 85
0 82
0 92
67 50
19 44
10 29
41 34
34 61