14 13 12 11 21 31 41 15 16 17 18 28 38 48 51 61 71 81 82 83 58 68 78 88 87 86 40 30 20 10 0 1 2 3 4 50 60 70 80 90 91 92 93 94 5 6 7 8 9 19 29 39 95 96 97 98 99 89 79 69 24 23 22 32 42 25 26 27 37 47 52 62 72 73 57 67 77 76 46 36 35 56 66 65 34 33 64 63 55 54 44
14 13
14 15
13 12
12 11
11 21
21 31
31 41
41 51
41 40
15 16
15 24
16 17
17 18
18 28
28 38
38 48
48 58
51 61
61 71
71 81
81 82
82 83
58 68
68 78
78 88
88 87
87 86
40 30
40 50
30 20
20 10
10 0
0 1
1 2
2 3
3 4
4 5
50 60
60 70
70 80
80 90
90 91
91 92
92 93
93 94
94 95
5 6
6 7
7 8
8 9
9 19
19 29
29 39
95 96
96 97
97 98
98 99
99 89
89 79
79 69
24 23
24 25
23 22
22 32
32 42
42 52
25 26
26 27
27 37
37 47
47 57
47 46
52 62
62 72
72 73
57 67
67 77
77 76
46 36
46 56
46 55
36 35
35 34
56 66
66 65
65 64
34 33
64 63
55 54
54 44