26 21 78 19 12 17 60 99 32 90 5 7 50 62 35 77 55 29 65 64 11 1 67 84 20 51 56 3 18 69 76 88 28 8 46 85 22 15 61 70 43 58 81 53 23 92 49 87 37 79 42 59 33 68 63 34 72 38 86 27 89 80 71 36 52 0 48 39 54 57 9 10 82 95
26 21
26 78
21 71
78 19
78 12
19 49
12 17
12 60
17 5
17 46
17 42
60 99
60 32
99 90
99 62
99 20
5 7
5 50
5 77
5 18
7 68
7 36
50 84
62 35
77 55
77 64
77 95
55 29
55 11
29 65
29 15
64 69
11 1
1 67
1 8
84 0
20 51
20 61
51 56
51 70
56 3
56 38
69 76
76 88
76 28
76 86
28 81
46 85
46 9
85 22
15 48
70 43
43 58
43 53
53 23
53 92
49 87
87 37
37 79
42 59
59 33
68 63
63 34
63 72
86 27
27 89
89 80
36 52
36 54
48 39
39 10
54 57
10 82