86 81 97 60 59 95 94 96 27 82 92 85 26 23 49 93 63 32 18 17 69 83 51 87 90 91 75 44 56 43 77 24 48 53 67 66 57 78 73 4 50 72 36 35 20 99 89 84 62 42 79 19 33 40 5 98 68 39 31 88 38 13 14 58 6 7 0 12 45 28 55 2 11 65
86 81
86 85
81 24
97 73
97 58
60 59
60 50
60 95
95 94
95 92
95 66
94 32
94 53
94 57
94 93
94 44
96 27
96 18
96 42
27 26
27 56
27 28
82 92
82 78
92 45
85 87
23 49
23 24
49 48
93 63
93 83
93 62
93 98
93 68
93 12
63 43
32 33
18 17
17 69
51 87
87 84
87 88
87 5
87 99
90 91
90 99
90 38
90 6
91 39
91 55
75 44
43 77
53 58
67 66
57 4
78 65
73 72
4 5
72 20
36 35
36 39
99 89
99 42
99 79
89 31
84 11
79 19
40 39
13 14
13 12
6 7
0 55
2 11