20 85 23 94 17 76 95 3 34 10 55 82 21 88 96 5 40 28 72 25 50 7 56 77 31 84 11 58 37 86 32 48 27 74 59 39 87 36 54 4 38 29 52 68 18 22 91 43 49 92 35 67 24 97 8 42 19 47 1 53 2 0 16 71 80 51 57 26 89 41 75 93 60 12 13 83 65 70 33 62
20 85
20 86
23 94
23 95
23 96
17 76
17 77
76 80
95 38
3 34
3 35
3 36
34 82
10 55
10 56
55 67
82 38
82 19
21 88
21 89
88 56
96 31
96 32
96 60
5 40
40 92
40 39
28 72
28 84
28 1
25 50
25 0
50 43
7 47
77 71
31 2
31 33
84 42
11 58
11 59
58 32
37 86
37 4
37 47
32 48
27 74
27 54
27 0
27 57
59 65
39 87
39 35
87 70
36 54
4 38
38 68
38 42
29 52
29 71
29 1
29 89
18 80
22 91
22 92
22 93
91 53
43 49
43 97
49 8
35 26
24 97
8 51
19 83
47 41
16 75
75 93
12 62
13 65
70 62