92 4 38 68 14 80 2 23 88 84 76 28 42 49 73 96 63 54 48 15 32 90 34 93 1 35 72 21 85 12 46 89 56 59 77 67 79 19 44 60 13 95 74 91 31 94 20 43 97 75 86 82 17 33 5 11 65 83 36 7 58 81 70 3 47 26
92 4
92 76
4 38
4 68
4 15
38 2
38 75
38 82
68 14
68 80
68 17
14 93
14 11
80 23
80 1
23 88
88 84
88 35
76 28
76 72
28 42
28 49
28 58
49 73
49 63
73 96
73 56
73 59
96 54
63 48
54 3
48 77
15 32
15 34
15 79
32 90
32 81
93 44
93 60
72 21
72 12
72 13
21 85
21 46
21 89
85 47
12 91
77 67
77 31
79 19
19 94
19 26
60 43
13 95
13 74
94 20
43 97
97 70
75 86
17 33
17 5
11 65
11 83
11 7
83 36