28 21 16 24 0 7 17 18 2 4 10 11 26 30 9 13 27 5 8 15 23 3 19 34 29 25 14 1 43 83 20 67 77 44 36 54 71 42 31 32 41 82 69 68 51 66 40 37 79 98 49 55 61 62 48 58 74 6 63 59 72 46 50 52 75 64
28 21
28 17
28 25
28 11
16 24
24 30
0 7
0 34
0 1
0 43
0 44
0 54
0 42
0 32
0 41
0 51
0 40
0 37
0 49
0 55
0 48
0 46
0 50
0 52
7 29
7 36
17 18
18 30
2 4
2 26
2 79
4 27
4 5
10 11
10 3
10 82
11 83
9 13
9 3
27 20
5 14
5 19
8 15
15 23
15 43
3 19
3 1
3 77
3 98
3 59
1 67
1 71
1 31
1 69
1 68
1 66
1 61
1 62
1 58
1 74
1 63
1 72
1 75
1 64
79 6