19 84 10 55 13 23 94 9 54 57 0 18 17 76 14 68 3 34 11 60 21 88 4 7 82 89 78 69 46 15 38 53 35 12 22 91 5 83 27 36 67 8 50 90 49 80 2 99 65 20 1 28 24 16 51 59 6 30 87 40 31 97 77 98 70 43 45 75 58 62 95
19 84
19 82
19 83
84 54
10 55
10 57
55 89
13 65
23 94
23 95
94 30
94 80
9 54
9 53
54 98
0 27
18 80
17 76
17 78
17 77
76 46
14 68
14 69
14 67
68 35
3 34
3 35
3 36
34 27
34 43
11 60
11 59
11 58
21 88
21 89
21 90
88 65
4 38
7 46
89 62
69 77
15 70
38 45
35 40
12 62
22 91
91 65
5 40
83 87
83 58
83 95
67 99
67 90
8 50
8 49
8 51
2 31
99 24
20 87
1 28
1 30
28 31
24 97
24 98
16 75
51 98
59 75
6 43
6 45
87 70