24 99 72 81 48 33 97 87 53 64 41 23 92 26 93 4 11 74 49 95 68 13 25 28 91 22 82 12 89 71 10 67 86 6 18 77 39 83 2 36 38 37 80 56 60 84 98 75 54 96 94 65 78 9 32 63 29 57 69 3 52 88 79 17 66 61 62 0 55 15 42 85 19
24 62
99 72
99 87
99 62
72 22
81 48
48 68
48 75
33 97
33 53
33 4
33 71
97 64
97 93
97 83
87 28
87 26
87 56
87 29
87 55
53 23
64 57
41 38
23 91
92 83
26 93
26 17
93 2
93 84
11 74
11 13
11 96
49 95
49 82
95 12
95 60
13 25
25 89
91 39
91 98
91 61
22 86
12 69
12 0
89 71
89 6
71 36
71 85
10 67
67 6
67 54
86 88
86 66
6 75
6 42
18 77
77 0
38 65
37 9
80 56
56 9
60 9
84 63
96 94
94 78
65 78
65 52
9 32
9 15
57 79
3 52
3 19