0 14 4 22 1 32 2 8 37 40 69 24 23 42 27 38 26 13 44 9 45 39 41 47 12 3 43 70 29 71 7 73 74 72 50 60 30 10 76 78 46 75 48 79 77 28 49 54 82 56 17 61 31 52 84 36 51 53 34 85 63 33 88 15 65
0 14
0 40
0 8
0 42
0 38
0 45
0 39
0 41
0 43
0 44
0 50
0 47
0 46
0 48
0 49
0 60
0 54
0 56
0 52
0 51
0 53
0 61
0 63
0 65
14 4
14 22
14 27
4 15
1 32
1 69
1 23
1 38
1 70
1 71
1 73
1 72
1 74
1 76
1 78
1 75
1 79
1 77
1 82
1 84
1 85
1 88
32 2
2 24
8 37
37 29
69 3
42 7
26 13
13 74
13 34
44 9
9 17
45 10
47 12
7 28
60 30
61 31
31 36
63 33