5 6 64 1 72 58 97 35 49 7 8 83 0 37 44 66 20 21 65 3 90 2 14 38 11 68 25 99 22 17 18 16 88 10 43 42 23 84 41 48 15 26 39 94 75 74 19 4 30 52 9 24 60 63 71 27 34 73 36 59 77 46 57 45 70 29
5 6
5 64
5 83
5 68
5 26
5 77
6 7
6 16
1 72
1 58
1 97
1 66
1 20
1 2
58 34
35 49
35 25
35 48
35 19
35 36
35 70
7 8
7 15
83 25
83 42
0 37
0 65
0 99
0 17
0 88
0 90
37 44
37 71
37 38
44 43
44 45
20 21
20 90
20 11
20 74
21 22
3 2
14 38
14 59
11 10
25 52
25 24
22 84
22 75
17 18
18 60
88 63
10 41
10 39
10 9
10 46
43 42
23 84
23 73
26 27
39 94
4 30
4 57
60 29
36 57