81 82 2 3 57 58 77 78 36 37 61 62 47 48 74 75 44 45 80 4 5 69 70 84 85 86 87 8 9 21 22 26 27 31 32 52 53 18 19 10 0 1 71 79 38 76 67 68 20 72 98 99 46 14 15 16 41 42 28 30 90 91 17 6 7 23 89 92 49 50 54 55 24 25 63 64 11 12 33 13 97 83 73 94 95 93 65 66 88 56 35 39 51 96 29 40 43 34
81 82
81 80
82 83
2 3
2 1
3 4
57 58
57 56
77 78
77 76
78 79
36 37
36 35
37 38
61 62
62 63
47 48
47 46
48 49
74 75
74 73
75 76
44 45
44 43
45 46
80 79
4 5
5 6
69 70
69 68
70 71
84 85
84 83
85 86
86 87
87 88
8 9
8 7
9 10
21 22
21 20
22 23
26 27
26 25
27 28
31 32
31 30
32 33
52 53
52 51
53 54
18 19
18 17
19 20
10 11
0 1
0 99
71 72
38 39
67 68
67 66
72 73
98 99
98 97
14 15
14 13
15 16
16 17
41 42
41 40
42 43
28 29
30 29
90 91
90 89
91 92
6 7
23 24
89 88
92 93
49 50
50 51
54 55
55 56
24 25
63 64
64 65
11 12
12 13
33 34
97 96
94 95
94 93
95 96
65 66
35 34
39 40