0 44 38 22 4 37 50 40 15 10 48 66 74 72 7 30 61 25 64 57 47 62 13 53 24 49 17 83 58 75 76 55 79 3 63 78 89 77 81 82 9 54 1 80 42 29 84 86 65 87 85 6 28 56 92 8 18 70 88 91 14 60 27 97 93 73 99
0 44
0 4
0 74
0 7
0 75
0 76
0 79
0 78
0 77
0 81
0 82
0 80
0 84
0 86
0 83
0 89
0 87
0 85
0 92
0 88
0 91
0 93
0 99
0 97
44 15
44 53
38 22
38 62
22 72
4 37
4 30
4 58
50 40
50 53
40 13
15 64
15 60
10 48
10 66
10 83
10 62
10 61
74 1
7 42
30 27
61 25
61 29
25 65
64 57
64 47
57 24
53 14
24 55
49 17
17 89
17 70
79 6
3 63
3 1
81 8
82 9
54 27
28 56
28 97
8 18
14 73