1 94 0 45 37 20 65 35 73 39 89 4 23 12 53 15 2 55 95 57 77 5 68 22 80 62 88 18 40 46 49 85 96 13 33 19 34 54 67 8 43 78 9 63 17 82 6 14 91 60 26 32 52 59 71 72 21 7 10 28 36 42 64 66 48 11 90 24 79 30 70 69 83 97 84 50 3 27 25 16
1 94
94 35
94 67
94 60
94 72
0 45
0 80
0 10
0 42
0 30
45 73
45 70
37 6
37 67
20 65
20 22
65 2
65 19
35 2
35 7
73 91
73 64
73 50
39 89
39 77
39 55
39 84
89 40
4 23
4 69
23 96
12 53
53 26
15 78
2 82
55 95
55 71
95 36
57 77
5 68
5 21
68 9
68 91
22 43
80 66
62 88
62 79
18 17
40 78
46 49
49 9
85 96
85 64
96 8
96 52
13 33
33 26
33 32
33 7
34 54
34 63
34 17
34 24
54 28
78 90
6 14
26 59
26 21
52 36
7 48
10 97
36 24
42 27
64 3
64 16
11 90
79 25
83 97
83 25