27 26 29 75 42 62 74 70 47 48 4 45 49 46 33 81 80 83 82 21 22 24 20 87 88 85 86 89 9 5 55 58 59 56 57 64 23 90 63 60 77 79 91 66 69 67 68 94 92 2 1 0 84 41 40 44 43 37 35 39 38 73 71 8 7 11 12 10 14 32 34 31 98 99 97 96 19 18 16 53
27 26
26 29
26 75
75 42
42 62
62 74
74 70
70 47
70 71
47 48
48 4
48 45
48 19
4 2
45 49
45 46
49 33
33 81
33 32
81 80
80 83
83 82
83 84
82 21
21 22
21 24
22 20
20 87
20 23
87 88
88 85
85 86
85 89
86 77
89 9
9 5
5 55
5 8
55 58
58 59
59 56
56 57
56 90
57 64
64 63
23 73
90 91
63 60
63 11
77 79
91 66
91 94
66 69
69 67
67 68
94 92
2 1
1 0
84 41
41 40
40 44
44 43
43 37
37 35
35 39
39 38
8 7
11 12
11 53
12 10
10 14
32 34
34 31
31 98
98 99
99 97
97 96
19 18
18 16