2 31 0 26 44 37 35 5 40 25 21 89 73 36 39 12 62 23 95 53 9 52 3 34 88 41 67 54 14 61 42 81 79 15 70 49 71 6 43 17 74 11 28 38 77 24 97 19 83 94 20 85 32 96 7 47 16 27 86 92 58 18 13 65 48 91 22 80 4 84 64 55 60 45 63 30 99 90 33 10 72 66
2 31
2 32
2 33
31 44
31 35
0 26
0 25
0 27
26 37
26 73
26 42
26 79
44 6
44 88
37 4
35 95
35 3
35 47
5 40
5 41
40 61
25 54
25 62
21 89
21 88
21 90
89 72
73 16
36 39
36 3
12 62
12 61
23 95
23 94
23 96
53 9
9 52
52 94
52 92
3 34
41 67
67 14
61 32
61 64
42 81
79 18
15 70
15 71
70 74
49 71
49 83
6 43
6 45
17 77
74 16
11 58
11 60
28 38
28 97
38 45
77 97
24 97
24 99
19 83
19 84
83 60
20 85
85 47
7 47
27 86
92 22
58 30
18 80
13 65
13 64
13 66
48 91
91 22
55 60
55 10
45 63