35 36 32 33 2 3 4 1 0 68 20 21 80 22 10 56 43 37 19 64 79 38 65 52 55 9 13 46 25 24 17 6 85 42 7 27 44 53 50 78 41 15 34 75 18 30 31 74 23 76 29 97 8 88 49 54 60 39 91 48 94 77 66 69 63 70 83 84 28 67 87 72
35 36
35 80
35 79
35 1
35 85
35 34
36 37
36 75
36 87
32 33
32 55
33 68
2 3
2 1
3 4
3 56
3 52
1 0
0 43
0 78
0 48
68 27
68 69
20 21
20 10
20 52
20 54
21 22
21 83
22 25
22 23
10 9
10 60
56 55
43 24
43 42
43 44
37 46
37 65
37 76
19 64
19 85
19 94
79 13
38 65
55 30
9 74
9 39
25 17
17 18
17 41
6 85
6 7
85 70
7 8
7 91
27 28
44 53
50 78
50 49
78 88
78 77
41 67
15 34
30 31
30 29
74 63
29 97
8 72
66 69
83 84