25 18 70 63 16 66 1 36 30 94 77 79 14 62 15 76 32 11 55 19 71 75 9 51 8 49 38 23 22 27 88 92 7 17 35 57 59 24 81 46 48 28 89 4 29 31 10 65 58 60 87 33 68 5 0 3 12 82 43 45 47 26 13 20 93 44 2 21 50 86 80 56
25 14
25 15
18 70
18 7
18 1
18 20
18 9
63 15
16 66
16 65
66 68
1 36
1 35
1 24
1 13
1 27
30 94
30 93
30 20
77 79
77 22
79 23
14 62
14 13
76 21
32 5
11 55
11 20
11 22
11 56
19 71
19 8
75 21
9 51
9 5
9 29
51 49
8 49
8 50
8 0
38 2
23 28
23 80
22 21
27 88
27 87
88 86
92 29
7 17
7 48
7 47
17 10
17 68
35 33
57 59
57 12
59 13
24 81
24 82
46 48
28 89
4 21
29 31
58 60
60 13
5 43
5 44
0 3
12 2
45 47
26 86