59 88 7 46 2 31 0 25 8 49 27 77 52 61 47 26 21 4 37 28 43 10 56 45 20 85 41 69 12 62 75 1 55 22 92 48 96 30 38 29 32 15 73 24 98 5 40 87 91 82 19 80 14 68 51 53 64 11 50 67 6 18 16 71 34 99 54 23 42 83 17 78 76 84 65
59 88
59 11
88 21
88 85
7 46
7 47
7 48
2 31
2 32
31 45
0 25
0 26
0 27
25 30
25 55
8 49
8 50
49 96
49 37
27 77
27 61
27 82
77 29
77 17
52 67
61 12
61 37
61 42
61 65
47 43
26 75
4 37
4 38
37 51
28 43
28 1
28 87
43 6
10 56
10 55
56 67
45 62
20 85
20 87
41 69
41 5
41 98
69 14
12 62
75 54
75 64
1 29
55 53
22 92
22 91
92 71
96 23
38 73
32 91
15 71
73 16
24 98
24 99
5 40
40 80
82 19
19 83
19 84
80 18
14 68
14 67
34 99
17 78
17 76