1 11 22 17 23 70 21 4 3 5 15 24 33 48 35 13 51 14 39 19 10 52 30 47 8 0 2 96 31 99 25 38 95 66 46 36 60 58 55 81 78 61 45 27 64 93 84 28 59 7 16 89 76 26 50 75 63 43 69 73 79 80 54
1 11
1 3
1 33
1 96
1 99
1 61
11 5
11 25
11 70
22 17
22 23
22 2
22 95
22 47
22 60
22 58
22 50
17 39
17 16
23 48
23 76
70 21
21 81
4 3
3 8
3 75
15 24
15 13
24 28
33 35
33 64
33 89
48 35
13 51
13 14
13 47
13 31
13 59
13 63
14 0
14 46
19 10
19 47
19 45
19 26
10 38
52 30
30 8
8 36
2 78
2 80
99 7
66 46
66 93
60 55
60 84
78 43
78 69
45 27
84 54
7 79
76 73