37 39 30 74 76 19 26 0 34 5 44 38 40 94 2 7 47 15 63 1 35 3 27 64 87 4 24 81 31 96 62 88 28 10 53 22 16 50 91 52 33 25 23 11 55 21 32 14 70 72 73 75 12 54 56 29 17 68 13 46 18 9 20 98 58 51 48 60 65 97 57 59 41 78 82
37 39
37 2
39 3
30 94
30 22
74 76
76 21
19 72
26 23
26 25
0 34
0 33
0 28
5 44
5 16
5 13
38 40
38 2
94 96
2 27
2 18
2 13
7 47
7 10
7 48
15 63
15 64
15 1
1 35
1 32
35 33
3 20
27 87
27 88
64 62
4 17
4 41
24 81
24 32
24 82
31 96
31 29
28 29
10 53
10 54
10 16
22 78
16 12
16 32
16 65
50 52
91 29
52 9
23 20
11 55
11 21
21 32
21 75
32 98
32 97
14 17
14 9
70 72
70 18
73 75
12 58
12 17
12 57
54 56
17 68
13 60
46 48
9 51
57 59