39 44 22 75 18 19 12 56 13 14 46 94 8 9 54 50 91 71 79 95 96 29 45 57 89 41 42 73 59 92 60 61 37 72 76 23 24 15 10 63 64 20 55 78 70 33 47 40 97 98 74 99 0 49 2 81 6 43 26 58 66 82 38 11 35 67 84 86 21 4 16 93 80 1 62 88 17 90 87
39 44
39 84
44 45
44 43
22 75
75 0
18 19
18 50
12 56
12 13
12 11
12 87
56 91
56 57
13 14
13 2
13 86
14 15
46 94
46 10
46 47
94 95
94 89
94 93
8 9
8 41
8 98
9 88
54 76
54 78
50 49
50 38
71 79
71 70
71 33
79 78
95 96
95 72
96 97
29 37
45 33
89 24
41 40
42 73
42 43
73 72
73 74
59 92
59 58
60 61
60 55
61 26
37 38
23 24
15 6
63 64
63 0
20 55
20 21
40 62
97 98
97 86
98 99
74 81
74 90
99 0
0 1
49 4
2 4
81 82
81 58
81 80
66 82
66 67
11 35
84 17
21 62
16 17