0 23 36 54 3 41 22 20 66 68 19 63 62 61 9 53 67 76 21 71 13 15 8 31 70 56 64 74 77 25 65 72 43 12 73 50 69 75 1 59 82 80 16 7 57 79 11 84 2 78 86 18 83 4 52 32 85 28 29 88 5 58 92 93 90 95 91 97
0 23
0 36
0 66
0 68
0 63
0 62
0 61
0 67
0 71
0 70
0 64
0 74
0 65
0 72
0 73
0 69
0 76
0 82
0 80
0 79
0 77
0 84
0 78
0 75
0 86
0 83
0 85
0 88
0 92
0 93
0 90
0 95
0 91
0 97
23 54
54 19
54 56
54 1
54 57
3 41
3 8
3 62
22 20
20 75
68 12
19 52
9 53
9 4
53 7
76 21
21 43
21 50
13 15
13 2
15 31
15 70
31 16
56 18
77 25
25 59
12 7
59 11
82 32
80 29
79 28
11 5
52 58