7 0 14 91 21 84 28 77 35 70 42 63 49 56 8 10 1 3 15 17 92 94 22 24 85 87 29 31 78 80 36 38 71 73 43 45 64 66 50 52 57 59 9 2 16 93 23 86 30 79 37 72 44 65 51 58 12 5 19 96 26 89 33 82 40 75 47 68 54 61
7 0
7 14
7 8
7 10
7 9
0 91
0 1
0 3
14 21
14 15
14 17
91 84
91 92
91 94
21 28
21 22
21 24
84 77
84 85
84 87
28 35
28 29
28 31
77 70
77 78
77 80
35 42
35 36
35 38
70 63
70 71
70 73
42 49
42 43
42 45
63 56
63 64
63 66
49 50
49 52
56 57
56 59
9 2
9 16
9 12
2 93
2 5
16 23
16 19
93 86
93 96
23 30
23 26
86 79
86 89
30 37
30 33
79 72
79 82
37 44
37 40
72 65
72 75
44 51
44 47
65 58
65 68
51 54
58 61