3 34 5 40 18 79 12 61 80 16 73 8 49 62 7 41 9 52 42 26 83 25 47 20 86 23 85 55 6 43 37 59 21 88 4 82 0 81 27 54 29 32 57 10 91 1 28 74 70 56 35 19 14 69 95 66 84 67 17 30 75 97 13 60 2 31 76 53 68 24 15 45 63 92 71
3 34
3 35
34 70
5 40
5 42
5 41
40 55
18 79
18 80
18 81
12 61
12 62
12 63
80 42
16 73
16 74
16 75
73 69
8 49
49 27
62 41
62 52
62 82
62 92
7 47
9 52
9 54
9 53
42 85
26 83
83 19
83 75
25 47
25 0
25 91
20 86
20 85
86 70
23 95
55 10
6 43
6 45
43 88
37 59
37 4
37 27
21 88
88 30
82 19
0 27
27 97
29 1
32 57
32 2
57 74
10 56
1 28
1 30
28 95
70 15
35 97
14 69
14 67
14 68
69 76
69 71
66 84
66 13
66 53
17 76
75 60
97 24
2 31
31 45