66 60 9 92 47 4 58 23 33 98 93 11 99 5 96 36 6 62 38 65 80 17 81 18 75 27 15 70 26 49 41 61 24 21 37 51 97 71 86 73 52 29 16 56 1 42 12 50 40 14 10 78 84 35 44 13 69 57 31 77 39 34 68 8 87 67 76 95 72 74
66 35
60 9
60 50
60 39
9 70
92 47
92 71
47 84
4 58
4 5
4 12
4 44
58 41
23 33
23 37
33 5
33 24
33 78
98 93
93 56
11 99
99 21
99 49
5 31
5 76
5 74
96 36
96 6
96 50
96 40
96 68
96 87
62 38
62 17
38 56
38 86
65 80
80 56
81 18
81 42
81 16
75 27
75 40
27 84
15 70
70 61
26 49
26 29
49 14
61 24
24 67
37 51
51 10
51 95
97 71
86 73
73 52
56 1
1 42
1 35
1 10
50 14
10 57
10 13
78 69
31 77
34 68
34 8
8 72