69 34 38 71 66 17 48 77 4 93 46 30 7 24 5 68 26 55 86 20 18 98 28 6 56 97 10 13 42 31 88 75 85 11 80 33 53 49 58 37 2 14 79 19 81 54 60 82 40 96 83 67 70 72 92 29 61 43 64 44 23 27 90 16 1 99 12
69 34
69 38
69 71
69 11
69 1
34 66
34 17
34 49
34 58
34 19
38 48
71 77
66 4
17 93
17 82
48 46
48 30
48 7
77 24
77 5
77 96
46 68
46 26
30 55
30 86
7 20
7 83
24 18
24 72
24 92
68 98
68 28
68 99
86 6
86 56
86 97
86 61
20 10
6 13
56 42
97 31
10 43
13 64
31 88
31 75
88 85
11 80
11 33
11 53
49 44
58 37
58 2
58 14
58 12
37 27
14 79
14 90
19 81
81 54
81 60
82 40
83 67
67 70
92 29
44 23
23 16