15 16 38 39 1 2 13 49 57 25 40 24 87 68 14 75 80 84 33 29 72 46 94 8 28 74 79 76 70 53 67 56 17 18 7 32 4 93 43 9 35 65 41 69 73 20 26 85 31 62 6 30 59 58 96 27 52 95 37 45 98 54 55 77 61 23 71 10 22 78 92
15 16
15 14
16 57
16 68
16 17
38 39
38 79
38 46
38 37
38 98
39 40
39 70
1 2
1 25
13 14
49 84
57 79
57 56
25 33
25 26
25 84
25 24
40 41
24 87
24 23
87 65
68 4
68 67
75 80
75 74
75 76
80 93
80 79
84 43
84 85
33 32
33 45
29 72
29 28
46 94
8 28
8 9
8 7
8 62
8 31
28 27
28 52
28 71
74 73
79 7
79 78
70 20
53 67
67 58
56 55
17 18
32 31
93 35
93 92
69 73
69 96
69 10
31 30
62 61
6 30
59 58
96 95
52 77
54 55
23 22