2 1 11 23 63 62 59 48 35 10 54 38 8 50 24 41 6 34 72 84 9 25 61 31 58 86 85 74 51 7 45 78 16 46 75 87 77 71 53 66 5 60 13 40 15 32 76 27 81 49 55 44 12 67 20 68 88 42 73 22 18
2 1
2 15
1 13
11 23
11 25
11 75
11 34
11 77
11 12
23 10
23 72
23 24
23 7
23 22
63 62
62 8
62 61
62 81
59 48
59 60
48 35
48 53
35 58
35 55
10 66
54 38
38 9
50 24
50 86
50 74
50 49
24 68
41 40
6 34
6 5
72 45
72 67
72 88
72 73
72 18
84 9
84 31
61 87
31 58
31 85
31 51
31 40
31 32
58 71
86 85
86 87
7 20
45 46
45 13
45 44
78 16
16 15
46 27
77 76
49 42