11 14 9 7 17 4 10 22 23 5 12 20 21 41 1 30 8 31 32 25 6 35 38 47 45 33 24 54 0 29 44 58 13 19 37 43 72 46 56 2 68 63 70 34 42 86 57 59 61 69 67 60 81 78 74 92 16 89 88 91 98 95 76
11 14
11 31
11 68
11 63
11 57
11 92
14 41
9 7
9 10
9 5
9 47
9 24
9 60
9 74
7 81
17 4
17 22
17 23
17 35
17 24
17 37
17 58
17 88
4 70
4 76
10 12
10 31
10 54
10 30
10 78
10 98
22 25
22 0
22 86
22 69
22 89
22 91
22 95
23 38
23 59
5 16
12 20
12 32
21 72
41 1
30 8
30 19
30 67
8 46
25 6
25 2
35 72
35 56
47 43
47 34
45 33
33 29
54 42
29 44
29 37
58 13
59 61