20 51 64 68 33 10 94 89 5 26 37 47 36 57 28 86 32 48 23 76 75 92 63 82 88 85 8 1 67 69 12 61 53 24 14 54 44 4 79 93 27 39 13 98 35 59 15 90 7 19 87 18 16 2 99 91 41 6 80 81 29 66 77 22 21 73 60 97 71 38 0 34 50 49
20 51
20 88
51 64
51 8
64 68
64 10
64 94
64 89
64 18
68 33
68 76
68 21
33 50
10 28
94 63
89 5
89 99
5 26
5 16
5 38
26 37
37 47
47 36
47 19
36 57
36 61
36 15
57 0
28 86
28 48
86 32
86 23
86 27
48 85
23 6
76 75
76 92
76 12
63 82
63 71
88 87
8 1
8 69
1 67
1 54
61 53
53 24
24 14
54 44
44 4
4 79
79 93
93 59
27 39
39 13
13 98
98 35
15 90
90 7
7 41
16 2
99 91
99 34
6 80
80 81
80 29
80 22
81 77
29 66
66 73
73 60
60 97
71 49