33 8 10 38 5 23 27 17 1 31 35 2 46 12 29 39 25 4 36 11 9 3 44 48 30 14 40 32 42 83 63 99 81 93 70 66 89 56 92 72 61 76 52 58 67 60 68 55 84 59 79 95 98 87 75 91 62 85 82 74 88 57 94 54 97 86 78 96 50 69 65 51 77 64 80 71 90 53 73
33 8
33 10
33 23
33 27
33 14
33 83
8 38
8 36
10 5
38 17
5 9
27 2
27 44
17 1
1 31
31 35
31 46
46 12
46 29
46 39
12 25
12 4
29 48
29 32
39 30
36 11
9 3
14 40
32 42
83 63
83 99
83 66
63 81
63 50
81 93
81 70
81 89
89 56
89 92
89 69
56 72
92 71
72 61
72 52
61 76
61 58
76 67
76 68
76 91
76 53
58 55
58 84
67 60
60 79
60 95
60 96
55 87
84 59
84 51
79 85
95 98
95 77
98 74
98 88
87 75
87 94
91 62
91 80
62 54
85 82
82 86
74 78
74 73
88 57
54 97
96 90
69 65
77 64