1 69 37 6 11 7 8 16 81 43 21 95 0 2 53 23 17 28 87 54 66 29 99 33 24 91 22 30 13 42 5 58 85 18 90 47 4 10 25 9 20 67 44 62 55 84 45 3 93 89 76 46 48 94 75 61 52 12 72 82 64 59 51 92 96
1 69
1 37
1 2
1 30
1 54
6 11
6 13
11 16
7 8
8 66
16 81
16 95
16 21
16 24
16 67
16 42
16 93
16 75
16 61
43 21
43 29
43 94
43 51
0 2
0 28
0 22
0 89
2 85
53 23
53 17
53 42
53 59
28 87
28 3
28 12
28 82
54 48
66 29
66 90
29 9
29 45
29 76
29 72
99 33
99 58
99 55
24 18
91 22
91 42
91 5
91 44
5 25
58 18
18 10
18 84
18 64
18 92
47 4
47 20
47 44
47 46
62 55
93 96
52 12