29 17 34 1 66 11 48 39 65 88 44 13 10 42 28 20 77 91 97 79 16 45 59 84 30 33 70 43 0 86 55 63 57 75 38 83 19 60 69 76 58 49 26 27 80 7 87 31 94 62 46 24 35 3 14 61 18 6 2 50 89 82 22 8 32 5 9 98 36 40 71 78 15 96 21 51 85 37 92 56 53 52 73 64 74 54 41 95 99 23 12 93 67 4 90 25 68 81
29 17
29 3
17 77
34 1
34 62
1 59
66 11
66 93
11 85
48 39
48 46
39 24
65 88
65 84
88 51
44 13
44 16
13 3
10 42
10 27
42 30
28 20
28 75
20 45
77 94
91 97
91 49
97 70
79 16
79 59
45 40
84 94
30 33
33 0
70 43
43 99
0 75
86 55
86 67
55 27
63 57
63 36
57 38
38 89
83 19
83 51
19 98
60 69
60 52
69 90
76 58
76 26
58 50
49 90
26 31
80 7
80 98
7 68
87 31
87 22
62 2
46 85
24 35
35 2
14 61
14 40
61 93
18 6
18 54
6 71
50 23
89 82
82 56
22 25
8 32
8 68
32 92
5 9
5 23
9 53
36 12
71 41
78 15
15 74
96 21
96 37
21 81
37 99
92 52
56 67
53 12
73 64
73 81
64 4
74 54
41 95
95 25