12 58 83 75 21 46 91 36 54 19 23 77 14 62 26 67 61 60 80 50 30 27 22 16 32 66 24 47 34 1 28 18 82 33 56 11 81 76 90 92 70 42 40 52 99 37 38 44 8 20 71 13 5 29 55 95 53 51 48 43 59 69 87 31 68 73 74 4 49 41 96 10
12 58
12 83
12 21
58 96
83 75
75 33
21 46
21 36
46 91
46 28
36 54
36 52
36 68
54 19
19 23
19 10
23 77
23 30
77 14
77 4
14 62
14 26
14 67
14 66
14 1
14 81
62 61
62 50
26 80
26 32
67 60
61 22
61 43
60 27
30 53
27 71
22 16
22 40
16 31
66 24
24 47
47 34
28 18
28 82
28 56
82 73
56 11
81 76
76 90
90 92
92 70
70 42
52 99
99 37
99 38
99 44
99 8
37 20
44 51
71 13
71 55
13 5
5 29
29 95
95 48
43 59
59 69
69 87
73 74
4 49
49 41