87 21 76 22 17 67 93 95 2 37 49 28 90 29 92 10 53 13 59 16 65 78 23 14 61 4 41 5 44 1 39 24 15 63 73 25 9 60 19 71 3 31 8 20 11 32 18 26 0 7 27 66 46 74 88 33 47 52 43 6 64 30 83 89 84 62
87 27
21 76
21 16
21 32
21 29
22 78
22 17
17 67
67 65
93 95
93 30
95 31
2 37
37 39
49 8
28 90
28 9
28 31
28 89
29 92
29 14
29 20
10 53
10 16
13 59
13 60
13 19
16 65
16 24
16 66
23 1
14 61
14 7
14 62
61 63
4 41
4 19
4 9
5 44
5 11
5 43
5 9
1 24
1 8
39 3
15 63
15 25
15 6
15 64
73 20
25 3
25 83
25 84
9 7
9 52
19 71
19 18
31 26
31 27
20 74
11 0
0 33
7 47
27 88
46 6