1 85 86 95 96 84 94 93 92 78 79 2 89 90 29 30 64 65 32 33 3 10 11 67 68 87 88 31 28 91 81 82 37 38 39 40 83 44 45 49 50 77 53 54 7 8 63 62 9 76 66 72 73 97 98 46 43 74 75 69 48 80 70 71 26 27 59 60 34 42 15 16 52 20 21 4 12 36 55 35 58 6 24 25 13 14 41 5 17 51 61 56 57 47 19 23 18 22
1 2
85 86
85 84
86 87
95 96
95 94
96 97
84 83
94 93
93 92
92 91
78 79
78 77
79 80
2 3
89 90
89 88
90 91
29 30
29 28
30 31
64 65
64 63
65 66
32 33
32 31
33 34
3 4
10 11
10 9
11 12
67 68
67 66
68 69
87 88
28 27
81 82
81 80
82 83
37 38
37 36
38 39
39 40
40 41
44 45
44 43
45 46
49 50
49 48
50 51
77 76
53 54
53 52
54 55
7 8
7 6
8 9
63 62
62 61
76 75
72 73
72 71
73 74
97 98
46 47
43 42
74 75
69 70
48 47
70 71
26 27
26 25
59 60
59 58
60 61
34 35
42 41
15 16
15 14
16 17
52 51
20 21
20 19
21 22
4 5
12 13
36 35
55 56
58 57
6 5
24 25
24 23
13 14
17 18
56 57
19 18
23 22