8 27 14 54 31 74 33 95 93 18 96 34 56 79 67 51 39 40 4 57 1 29 43 76 58 72 89 22 9 55 70 53 82 50 69 90 42 49 28 23 25 87 63 3 16 52 75 81 98 11 73 68 94 12 78 30 36 59 6 60 15 61 44 80
8 27
8 74
8 79
8 72
8 28
8 81
8 30
27 54
14 54
14 29
14 95
14 51
14 15
54 31
54 33
54 18
54 4
54 90
54 42
54 63
54 73
54 94
95 93
95 56
95 76
95 82
95 3
95 11
18 67
18 69
18 59
96 34
34 51
56 89
56 23
79 53
79 49
67 50
67 60
51 39
51 43
51 75
51 55
39 58
40 4
40 87
40 52
57 1
57 16
1 25
29 36
58 22
9 55
70 53
70 44
53 25
69 6
69 61
28 68
16 98
11 78
12 36
61 80