0 37 7 20 16 38 1 11 40 23 47 45 18 14 21 46 74 2 3 48 75 43 82 78 51 15 36 52 81 49 77 12 87 57 55 53 76 50 80 6 41 60 54 61 30 58 17 59 83 84 86 64 35 62 63 88 90 26 66 67 68 71 27 99 73
0 37
0 38
0 20
0 47
0 45
0 46
0 48
0 51
0 52
0 49
0 57
0 55
0 53
0 50
0 60
0 54
0 58
0 59
0 61
0 62
0 64
0 63
0 66
0 67
0 71
0 68
0 73
37 7
37 18
37 99
7 14
7 26
7 27
20 16
20 21
1 11
1 40
1 45
1 74
1 75
1 82
1 78
1 81
1 77
1 87
1 76
1 80
1 83
1 84
1 86
1 88
1 90
40 23
40 36
46 3
74 2
3 12
3 43
78 6
51 15
53 17
6 41
61 30
64 35