91 87 75 15 40 22 6 33 16 76 57 92 45 79 59 31 60 72 99 34 19 29 80 69 2 23 68 26 11 27 4 77 14 12 67 41 28 62 46 43 85 42 25 36 3 20 74 30 93 88 90 7 49 84 21 82 70 48 54 39 53 50 37 13 24 18 5 0 63
91 87
91 75
91 15
87 6
75 49
75 84
15 14
40 22
40 79
22 37
6 33
33 93
33 68
16 76
16 23
76 84
76 54
57 92
57 18
92 4
92 12
92 59
92 20
92 13
45 79
45 59
45 34
59 90
31 60
31 3
60 27
72 99
72 42
72 62
19 29
29 77
29 26
80 69
80 36
80 70
80 48
2 7
23 30
23 85
68 26
68 24
26 4
26 42
11 27
11 88
27 62
4 46
4 36
12 53
67 41
67 43
41 70
28 43
46 25
46 5
43 74
74 39
93 21
93 0
90 7
90 82
70 50
50 63