2 75 20 81 7 70 10 50 8 76 3 72 13 52 0 44 40 51 30 58 27 19 6 66 22 1 43 73 41 18 47 86 74 59 34 83 9 29 67 26 4 39 53 5 14 28 80 79 71 25 77 62 11 63 15 55 46 37 64 17 56 33 24 35 78 21 36
2 75
2 0
2 27
2 83
2 9
75 7
20 81
20 50
81 34
81 62
7 58
7 29
70 10
70 8
70 51
70 47
70 5
70 86
10 19
50 27
50 26
8 76
8 53
76 44
76 64
3 72
3 52
3 0
72 18
13 30
13 44
0 6
0 11
44 33
40 51
40 77
51 67
51 80
30 71
58 39
58 25
19 73
19 56
66 22
66 4
66 55
22 26
1 43
1 86
1 74
73 41
41 4
18 14
86 37
74 59
74 46
74 35
4 17
4 36
39 15
53 28
14 79
62 63
33 78
24 35
78 21