0 4 90 92 30 34 72 74 26 27 60 62 32 35 77 36 40 76 24 50 52 66 68 42 44 48 53 75 69 71 84 86 94 37 18 20 2 64 89 33 38 73 78 82 22 17 6 70 80 54 85 51 49 29 83 23 46 59 41 12 16 47 14 56 65 28 61 58 8 31 11 43 57 25 10 39 45
0 4
0 2
4 6
90 92
90 89
92 94
30 34
30 32
30 35
30 29
34 31
72 74
72 77
72 76
72 71
74 75
26 27
26 24
60 62
60 64
60 59
60 65
32 33
35 36
77 78
36 40
36 38
40 37
76 73
24 23
24 29
24 28
50 52
50 48
50 51
52 49
66 68
66 71
66 65
68 69
68 70
42 44
42 46
42 47
42 41
44 45
48 53
48 47
53 54
84 86
84 89
84 83
37 41
18 20
18 22
18 17
64 61
89 85
38 39
78 82
78 83
78 80
22 23
17 12
6 8
6 11
6 10
54 56
54 58
54 59
29 25
46 43
12 16
12 14
12 11
56 57