57 11 3 19 30 58 20 10 4 24 52 35 40 0 29 56 41 50 39 15 7 9 32 14 55 54 61 51 8 37 5 18 25 17 22 97 47 44 33 1 68 31 34 26 6 86 45 84 66 38 36 81 72 88 87 99 70 96 73 77 80 64 91 62 82 92 95 93 60 71 67 78 65 76 90 89 74
57 11
57 10
57 99
11 41
11 47
11 34
11 29
3 19
19 33
30 58
30 15
30 36
20 10
20 0
20 25
10 40
10 50
10 52
10 64
4 24
4 15
24 25
52 35
52 39
40 18
40 22
40 87
0 61
0 97
0 37
0 68
0 86
0 84
0 66
0 81
0 72
0 88
0 70
0 96
0 73
0 77
0 80
0 91
0 62
0 82
0 92
0 95
0 93
0 60
0 71
0 67
0 78
0 65
0 76
0 90
0 89
0 74
29 56
50 9
15 55
7 9
9 26
32 14
32 8
14 51
14 18
55 54
54 17
8 44
37 5
44 33
1 31
1 45
31 6
34 6
38 36