52 49 96 14 42 93 83 88 51 65 25 20 66 37 0 34 38 56 15 17 1 68 47 36 95 10 23 98 28 86 30 67 39 45 69 77 89 44 55 32 59 94 21 24 87 9 35 78 33 16 4 27 76 41 71 50 80 84 29 99 73 53 70 7 6 85 61 11 40 12 64 63 22 97
52 49
52 94
49 9
96 14
96 86
96 44
14 21
42 93
93 51
93 70
93 61
83 88
88 15
88 29
51 1
51 33
51 38
51 32
65 25
65 34
25 53
20 66
66 87
37 0
0 10
0 87
34 39
38 56
38 41
56 84
56 64
15 68
15 22
17 9
1 10
1 45
1 59
68 63
47 24
36 95
36 16
95 6
10 77
10 97
23 98
23 28
28 76
30 67
30 39
39 84
45 76
69 77
77 73
89 44
55 32
59 29
59 85
94 21
21 78
24 6
87 78
35 27
78 71
16 4
16 73
27 76
50 64
80 84
99 12
70 7
7 40
11 40
12 63