42 35 76 48 66 45 6 87 37 73 68 63 50 95 60 28 90 41 56 83 82 65 16 88 78 61 43 96 33 86 9 17 36 91 4 5 1 67 7 98 77 44 53 58 40 51 79 11 8 14 69 62 13 75 2 97 25 85 39 47 74
42 35
42 37
42 68
42 28
42 56
42 1
42 44
35 58
76 48
76 90
76 83
76 96
48 43
66 45
66 73
66 65
66 33
66 5
45 6
6 87
6 4
6 79
87 36
87 53
37 86
37 75
37 97
73 14
63 50
63 61
63 9
63 5
63 16
63 98
63 8
63 13
50 17
95 60
95 41
95 90
95 11
60 56
60 77
60 25
60 47
41 16
56 7
56 85
56 39
82 65
82 78
82 40
88 78
61 62
86 2
17 51
91 4
67 7
7 69
39 74