26 27 38 43 49 33 30 32 34 31 36 1 3 25 39 42 28 44 11 12 37 41 45 47 35 4 46 16 10 40 9 0 19 20 5 15 2 6 23 29 67 54 8 7 18 52 48 24 21 87 64 13 80 22 53 55 14 61 82 94 78 62 95 71 99 97 50 91 68 89
26 27
26 38
27 43
27 42
27 52
27 87
27 80
38 36
38 25
38 39
38 37
38 67
43 49
43 33
43 34
43 44
43 45
43 46
43 82
43 94
33 32
33 47
33 89
30 32
30 64
30 62
32 31
32 12
32 97
34 28
31 48
1 3
1 4
1 16
1 0
25 35
25 61
39 11
39 41
39 40
44 78
44 95
11 9
11 99
12 10
45 71
4 5
4 54
46 29
16 15
10 13
0 2
19 20
20 23
20 21
5 6
15 29
15 14
2 91
6 7
23 24
23 54
29 68
54 53
8 7
18 62
21 22
53 55
82 50