3 9 95 20 76 2 7 49 10 51 11 8 6 4 1 88 55 19 22 45 15 18 93 53 33 17 64 84 34 72 52 41 81 23 48 60 61 47 62 98 87 70 83 99 66 56 38 13 75 26 40 58 42 5 27 80 94 36 35 54 67 37 12 50 96 28 14 46 63 39 31 59 78 21 30 43
3 9
3 76
3 7
3 10
9 95
9 20
20 21
76 2
7 49
49 8
10 51
10 14
51 11
11 4
8 6
8 12
6 5
4 1
4 48
1 88
88 55
55 19
55 22
55 60
55 46
55 63
19 15
19 13
22 45
22 53
45 18
15 96
18 93
18 17
18 26
18 27
53 33
33 64
17 28
64 84
64 34
84 72
72 52
52 41
52 36
41 81
81 23
60 61
61 47
61 62
47 42
62 98
98 87
87 70
87 99
70 83
70 66
66 56
56 38
56 39
13 75
26 40
26 31
40 58
27 80
80 94
36 35
36 59
35 54
54 67
54 37
12 50
28 30
59 78
21 43