5 36 26 96 35 24 21 89 99 2 27 25 16 15 90 80 41 4 77 12 93 33 37 92 9 6 62 88 73 54 95 29 43 13 86 40 11 48 28 50 64 75 0 3 23 22 66 81 61 38 19 56 60 70 58 39 68 91 31 53 46 52 82 8 47 30 57 69 87 67
5 36
5 26
26 96
26 35
26 77
26 88
26 75
35 24
35 80
35 11
24 21
24 30
24 87
21 89
21 2
21 16
21 4
89 99
99 15
2 27
2 0
27 25
27 3
27 67
25 60
25 70
16 48
15 90
80 41
41 58
77 12
77 93
12 33
12 37
12 92
33 6
33 22
92 9
92 62
9 81
6 50
88 73
88 61
73 54
73 95
54 29
54 43
54 64
54 91
95 13
29 40
43 31
13 86
40 47
11 82
48 28
3 23
3 8
23 38
22 66
81 56
38 19
58 39
39 68
31 53
53 46
46 52
30 57
57 69