36 9 74 56 23 84 42 24 51 41 39 4 28 94 68 70 14 6 49 43 8 55 87 82 13 92 17 52 29 64 20 83 46 1 2 27 59 57 73 86 7 26 81 48 75 90 80 85 11 72 44 31 66 32 58 25 76 60 77 53 98 34 95 38 88 89 93 37 79 22 61 16 30 91
36 9
36 74
36 56
36 23
36 84
36 4
36 75
9 41
9 60
56 42
56 11
23 51
23 28
23 70
23 8
23 55
23 13
23 64
23 46
23 48
23 2
23 66
23 34
23 94
23 25
23 86
23 38
23 16
42 24
42 87
24 6
24 79
41 39
41 22
39 58
94 68
94 1
94 93
68 53
14 6
14 82
14 85
14 37
6 20
49 43
49 98
43 55
43 57
43 81
43 44
55 95
82 27
13 83
92 17
92 20
52 29
52 64
29 90
46 31
2 26
27 59
59 61
73 86
7 26
26 89
90 77
80 98
11 72
44 32
25 76
25 91
60 30
38 88