0 2 55 25 64 61 72 11 34 54 63 9 22 53 59 36 68 65 51 62 69 66 70 20 67 32 24 27 76 23 28 42 35 33 93 38 50 78 73 71 74 3 12 80 79 75 84 83 82 85 5 18 37 86 30 43 31 4 77 40 8 44 98 94 96
0 2
0 55
0 64
0 61
0 72
0 63
0 68
0 65
0 62
0 69
0 66
0 70
0 67
0 76
0 73
0 71
0 74
0 80
0 79
0 75
0 78
0 84
0 82
0 85
0 83
0 86
0 77
0 93
0 98
0 94
0 96
2 28
55 25
55 9
25 54
25 51
25 20
25 23
11 34
11 50
11 69
54 36
22 53
22 78
53 32
59 36
36 40
66 8
70 12
20 3
24 27
24 42
27 35
27 33
27 83
42 5
93 38
74 18
85 30
37 8
86 31
43 98
31 4
31 44