35 3 34 97 31 53 9 52 54 84 19 83 73 27 0 26 24 43 6 45 44 81 18 80 25 28 1 29 79 87 20 39 4 37 75 16 74 38 55 10 56 57 60 11 96 23 77 17 76 78 89 21 88 93 22 40 5 82 68 14 69 67 71 15 46 7 65 13 64 63 12 51 8 2
35 3
35 97
35 53
3 34
97 31
97 24
31 2
53 9
9 52
9 54
52 43
54 84
84 19
19 83
19 82
83 73
83 39
73 27
73 68
27 0
0 26
0 25
26 96
26 77
43 6
43 81
6 45
6 44
81 18
81 28
18 80
80 65
28 1
1 29
29 79
79 87
87 20
39 4
39 75
4 37
4 38
75 16
16 74
74 55
74 60
55 10
10 56
10 57
60 11
96 23
77 17
17 76
17 78
78 89
89 21
21 88
88 93
93 22
93 40
40 5
82 51
68 14
14 69
14 67
69 71
71 15
71 46
46 7
65 13
13 64
64 63
63 12
51 8