0 5 8 3 12 18 16 15 19 10 1 26 22 6 24 38 23 11 30 9 27 44 37 21 17 32 4 34 2 31 35 28 20 36 46 68 13 25 59 49 84 51 42 53 87 66 52 83 55 95 50 90 63 85 91 58 88 78 54 74 93 99 94 64 77
0 5
0 8
0 37
0 95
0 90
0 85
0 99
5 46
5 83
5 88
8 3
8 16
8 18
8 28
8 59
8 84
8 87
8 50
8 78
8 93
3 24
3 32
3 52
12 18
12 26
12 68
12 42
18 1
18 31
18 35
18 91
16 38
16 63
16 94
15 19
15 10
15 37
1 53
22 6
22 38
22 30
22 44
22 21
22 17
22 2
22 11
22 54
6 27
6 58
24 23
38 9
11 4
30 13
9 25
9 49
9 55
37 66
17 51
17 74
32 36
4 34
35 20
59 64
42 77