95 73 21 72 23 9 68 18 55 58 24 53 54 83 38 39 3 62 8 0 94 51 13 29 27 12 65 86 36 42 71 10 88 41 1 15 48 7 20 16 98 22 28 82 57 85 81 60 31 19 45 93 63 33 2 64 46 76 97 90 66 4 91 80 59 37 78 84 5 89 32
95 73
95 71
73 51
21 48
72 23
72 57
23 9
9 20
68 18
68 57
18 53
18 78
18 89
55 58
55 0
58 16
24 53
24 27
24 94
24 76
53 91
54 83
54 41
38 39
39 10
39 0
39 5
3 63
62 8
62 41
8 10
0 94
0 33
0 4
51 22
51 42
13 29
13 10
13 80
29 12
29 60
12 15
65 86
65 81
86 36
86 93
10 66
88 82
41 28
1 15
1 84
48 7
7 31
16 97
98 22
98 31
22 64
28 82
82 81
57 85
57 90
85 19
60 59
31 19
19 63
45 93
33 37
2 64
46 76
84 32