1 77 84 23 17 63 2 53 68 8 58 64 6 10 55 40 34 3 66 18 5 38 14 39 15 87 37 21 61 4 43 97 47 75 27 31 50 22 36 76 85 11 0 30 19 33 73 7 42 25 35 32 24 79 41 74 91 56 72 69 95
1 77
1 84
1 21
1 85
77 3
23 17
23 5
23 39
17 63
63 19
2 53
2 43
2 64
53 15
53 33
68 8
68 18
68 6
68 27
58 39
64 6
64 36
6 4
6 5
6 73
6 72
10 55
10 14
10 22
10 76
10 79
40 34
40 15
40 30
34 37
3 66
3 38
3 47
3 24
5 87
14 75
15 61
37 97
37 22
37 25
37 95
61 42
61 0
61 69
4 35
97 47
97 31
97 50
97 74
22 56
85 11
11 7
0 32
0 41
19 91