0 20 10 62 58 5 79 42 56 2 11 46 13 21 17 3 1 61 24 4 7 64 66 48 37 59 50 9 60 57 67 65 75 6 63 16 18 19 54 71 35 8 12 73 70 81 44 30 23 72 69 31 68 82 45 41 77 39 80 86 84 89 52 88 90 91
0 20
0 10
0 62
0 56
0 58
0 61
0 66
0 59
0 60
0 57
0 67
0 65
0 64
0 75
0 63
0 71
0 73
0 70
0 72
0 69
0 68
0 79
0 82
0 77
0 81
0 80
0 86
0 84
0 88
0 90
0 89
0 91
20 11
20 3
20 24
10 17
58 5
5 7
5 30
5 41
79 42
42 54
42 31
42 39
56 2
46 6
46 19
46 4
13 21
13 64
13 16
13 8
21 50
17 12
1 9
61 9
4 7
48 37
48 18
18 35
35 8
70 23
81 44
82 45
89 52