21 88 20 85 3 90 0 25 52 5 41 40 89 35 32 78 14 67 1 30 42 9 16 74 47 86 31 54 11 59 29 82 2 43 46 24 97 28 79 7 23 38 71 15 53 6 36 18 98 99 22 26 37 68 51 50 4 87 12 95 17 73 27 83 48 91 96 33 55 8 19 13 49 64 62
21 88
21 90
21 89
20 85
20 86
20 87
85 41
3 35
3 36
90 47
0 25
0 26
0 27
25 52
25 40
25 96
52 9
5 41
5 40
5 42
89 62
35 59
32 78
32 2
78 17
14 67
14 68
67 42
1 30
1 28
1 29
30 99
30 50
42 37
9 54
9 53
16 74
16 73
74 51
47 86
47 7
86 50
31 54
31 2
54 36
54 55
11 59
29 82
82 19
43 46
43 6
46 7
46 91
24 97
24 98
97 26
28 79
79 18
7 48
23 95
38 71
38 4
71 15
98 64
22 91
26 95
37 4
51 8
50 8
12 62
27 83
33 55
8 49
13 64