1 2 3 4 5 6 7 8 10 11 12 13 14 15 16 17 18 20 21 22 30 31 23 24 25 26 27 40 41 28 50 51 60 61 70 71 80 81 32 33 34 35 36 37 42 52 62 72 82 43 44 45 46 47 38 53 63 54 73 83 55 56 57 64 65 74 66 84 75 76 85 86 67 77 87 48 58 68 78 88 89 91
1 2
1 11
2 3
3 4
4 5
5 6
6 7
7 8
10 11
11 12
11 21
12 13
13 14
14 15
15 16
16 17
17 18
20 21
21 22
21 31
22 23
30 31
31 32
31 41
23 24
24 25
25 26
26 27
27 28
40 41
41 42
41 51
50 51
51 52
51 61
60 61
61 62
61 71
70 71
71 72
71 81
80 81
81 82
81 91
32 33
33 34
34 35
35 36
36 37
37 38
42 43
52 53
62 63
72 73
82 83
43 44
44 45
45 46
46 47
47 48
53 54
63 64
54 55
73 74
83 84
55 56
56 57
57 58
64 65
65 66
74 75
66 67
84 85
75 76
76 77
85 86
86 87
67 68
77 78
87 88
88 89