4 21 70 40 29 6 33 3 99 25 1 39 37 16 0 82 61 8 2 12 47 34 9 62 66 15 98 63 89 54 27 20 41 92 51 14 53 38 85 35 31 74 24 64 69 28 17 58 77 42 11 96 43 32 13 80 57 95 79 78 49 26 97 5 7 36 45 83
4 21
21 99
70 40
70 1
70 98
70 41
40 17
29 6
29 39
29 2
29 66
29 15
29 31
6 63
33 3
33 1
3 92
3 61
99 25
99 12
99 7
99 45
25 16
37 16
37 2
37 51
37 49
16 9
0 82
0 89
82 35
82 96
61 8
61 12
61 11
8 35
8 83
47 32
34 54
9 62
9 53
9 69
62 14
62 58
66 20
66 74
66 43
89 54
89 27
89 32
27 85
20 36
41 42
53 38
38 77
35 24
64 69
28 17
17 78
77 95
11 80
43 13
32 97
80 57
79 5
26 97
5 7