9 10 98 99 11 8 2 3 1 32 33 4 97 48 49 6 7 50 13 14 5 96 24 25 0 95 47 31 12 23 19 20 15 16 94 18 93 46 92 30 91 45 22 90 17 89 44 29 88 21 87 43 86 28 85 42 84 83 41 27 82 81 40 26 80 79 39 78 77 38 76 75 37 74 73 36 72 71 35 70 34 69 68 67 66 65 64 63 62 61 60 59 58 57 56 55 54 53
9 10
9 8
10 11
98 99
98 97
99 1
11 12
8 7
2 3
2 1
3 4
1 0
32 33
32 31
33 34
4 5
97 96
48 49
48 47
49 50
6 7
6 5
13 14
13 12
14 15
96 95
24 25
24 23
25 26
95 94
47 46
31 30
23 22
19 20
19 18
20 21
15 16
16 17
94 93
18 17
93 92
46 45
92 91
30 29
91 90
45 44
22 21
90 89
89 88
44 43
29 28
88 87
87 86
43 42
86 85
28 27
85 84
42 41
84 83
83 82
41 40
27 26
82 81
81 80
40 39
80 79
79 78
39 38
78 77
77 76
38 37
76 75
75 74
37 36
74 73
73 72
36 35
72 71
71 70
35 34
70 69
69 68
68 67
67 66
66 65
65 64
64 63
63 62
62 61
61 60
60 59
59 58
58 57
57 56
56 55
55 54
54 53