0 1 4 12 13 90 93 16 3 99 98 88 85 50 52 89 10 6 87 86 39 38 35 41 53 91 77 55 73 21 72 65 64 15 25 94 44 67 71 18 19 33 59 58 7 34 22 45 46 11 76 81 49 17 60 66 70 48 61 79 82 47 36 27 20 68 42 95 57 56 40 51 63 32 54
0 1
1 3
4 12
4 13
4 3
12 16
12 18
13 21
13 10
90 93
90 91
93 94
99 98
99 89
88 85
88 89
88 87
88 86
88 77
88 76
50 52
50 49
52 53
52 55
52 61
10 6
10 11
6 7
86 91
39 38
39 34
39 42
35 41
35 33
41 44
41 40
77 73
77 71
77 79
55 56
55 59
73 72
73 67
21 17
65 64
65 66
65 67
65 59
15 25
15 27
15 11
94 95
44 45
44 54
71 70
18 19
18 32
19 33
19 22
19 20
33 34
59 58
58 57
34 36
45 46
45 51
46 48
46 47
76 81
49 51
60 66
66 68
61 63
79 82