76 7 17 4 30 16 31 0 1 2 29 77 58 8 21 9 13 26 19 20 14 54 10 88 40 96 48 34 53 80 3 18 6 15 32 12 27 24 28 11 67 22 23 65 25 62 37 42 63 91 5 43 89 50 59 85 56 86 51 46 69 38 81 41 35 33 73 61 49 66 45 70 64
76 7
7 17
7 0
7 58
17 4
4 30
30 16
30 31
0 1
0 37
0 42
0 43
0 50
0 51
0 46
0 41
0 35
0 49
1 2
1 54
1 53
1 67
1 63
1 59
1 56
1 69
1 33
1 61
1 66
1 70
1 64
2 29
2 77
2 8
2 34
2 80
2 89
2 85
2 81
2 73
29 10
29 88
8 21
8 26
21 9
21 14
21 22
21 45
9 13
9 38
13 96
26 19
26 48
26 86
19 20
14 40
14 62
96 3
3 18
3 91
18 6
18 15
18 32
6 12
32 28
12 27
27 24
24 11
22 23
22 65
23 25
91 5