1 0 2 96 93 11 14 54 56 5 45 48 51 98 43 80 82 13 72 74 49 12 22 23 10 53 6 8 24 97 40 9 42 83 33 34 25 46 20 75 59 36 71 26 57 60 76 50 17 37 38 21 44 66 68 52 62 64 27 67 7 39 28 58 78 32 41 29 31 70 47 16 18 55 63 61 30 89 35 87 90 19 92 88
1 98
1 97
0 2
0 98
0 96
2 5
96 93
93 92
11 14
11 13
14 17
54 56
54 53
54 57
54 55
56 59
56 58
5 7
45 48
45 43
45 46
48 51
48 49
48 50
51 53
43 40
43 44
80 82
80 78
82 83
13 12
72 74
72 70
74 75
74 71
74 76
12 10
12 9
22 23
22 24
22 25
22 20
22 21
23 26
53 52
6 8
8 9
8 7
40 42
42 41
33 34
33 36
33 32
33 31
33 35
20 18
75 78
36 39
26 27
57 60
60 61
60 62
50 47
17 16
37 38
38 39
38 41
66 68
66 64
68 67
68 70
62 64
62 63
27 28
27 29
29 31
31 30
16 18
18 19
89 88
87 90
87 88
90 92