0 30 4 40 48 9 55 12 43 57 61 29 15 92 39 11 75 32 8 71 67 2 68 69 77 63 18 6 31 66 56 41 23 58 62 37 74 49 70 83 3 73 28 76 84 79 82 81 20 7 25 72 87 80 86 44 99 59 88 89 36 78 42 91 22 97 46 95 10 85 98 93 47
0 30
0 4
0 40
0 75
0 67
0 71
0 68
0 69
0 77
0 66
0 74
0 70
0 83
0 73
0 76
0 84
0 79
0 82
0 81
0 72
0 87
0 80
0 86
0 88
0 78
0 91
0 89
0 85
0 97
0 98
0 93
0 95
30 32
4 48
4 29
48 56
48 63
48 99
9 55
9 70
55 41
55 62
12 43
12 71
12 23
12 49
57 61
57 39
57 2
61 31
15 11
92 39
39 49
11 28
11 59
75 20
8 58
2 28
63 18
18 25
6 31
66 3
23 47
58 62
37 49
37 7
3 44
89 36
42 95
42 10
22 46
97 46