69 71 89 91 23 80 31 95 54 56 12 57 1 35 59 0 34 11 15 63 74 67 26 85 33 24 82 6 45 30 7 32 78 10 14 79 16 66 94 60 36 28 29 92 5 44 21 88 27 53 3 19 62 2 72 22 51 9 4 13 68 18 70 20 61 37 17 25 8 81 47 43 64
69 71
69 18
71 19
89 91
89 28
23 80
23 79
23 0
80 78
31 95
31 14
54 56
54 10
56 11
12 57
12 19
12 15
57 59
1 35
1 22
1 15
1 27
0 34
0 33
0 7
0 18
34 36
11 16
15 63
15 29
15 64
74 20
67 17
26 85
26 14
26 32
24 82
24 19
24 28
24 25
24 81
6 45
6 30
45 47
30 94
7 47
10 14
10 53
14 62
14 18
14 61
16 66
66 68
60 13
29 92
5 44
5 19
5 2
5 43
21 17
88 27
27 3
3 8
19 72
2 37
22 4
51 9
9 25
4 13
4 20
68 17
18 70