3 40 23 79 11 55 38 5 43 1 35 32 8 50 44 28 90 78 80 14 56 86 88 82 84 4 42 16 66 6 18 10 54 20 21 75 27 31 2 29 30 93 25 26 70 22 73 69 39 7 48 74 9 58 60 53 19 76 24 89 61 63 17 68 13 96 51 12 15 95 45 0 34 83 52 87 49
3 40
3 20
3 39
40 38
23 79
23 32
23 19
11 55
11 56
11 7
11 25
11 27
38 2
5 43
5 44
5 14
5 24
1 35
1 29
32 2
8 50
8 25
8 49
44 42
28 90
28 22
28 89
28 12
78 80
78 22
14 61
56 54
86 88
86 26
88 27
82 84
84 25
4 42
4 25
16 66
66 68
6 18
6 45
18 70
18 69
18 9
10 54
10 53
10 21
20 31
20 73
20 74
21 75
21 76
27 87
31 96
29 19
30 93
30 7
30 9
30 0
93 95
25 83
22 9
7 48
74 76
9 51
9 52
58 60
58 12
60 13
61 63
63 15
17 68
17 12
0 34