15 47 49 45 44 43 42 50 48 51 16 52 53 54 55 56 57 58 14 13 12 11 10 9 8 46 41 40 39 17 18 19 20 21 22 23 24 59 60 7 6 5 4 3 2 1 0 69 68 67 66 65 64 63 38 37 36 35 34 33 32 31 30 29 28 27
15 47
15 49
15 45
15 50
15 48
15 16
15 14
15 46
45 44
44 43
43 42
42 41
50 51
51 52
16 17
52 53
53 54
54 55
55 56
56 57
57 58
58 59
14 13
13 12
12 11
11 10
10 9
9 8
8 7
41 40
40 39
39 38
17 18
18 19
19 20
20 21
21 22
22 23
23 24
59 60
7 6
6 5
5 4
4 3
3 2
2 1
1 0
0 69
69 68
68 67
67 66
66 65
65 64
64 63
38 37
37 36
36 35
35 34
34 33
33 32
32 31
31 30
30 29
29 28
28 27