32 83 9 76 77 39 38 48 47 30 85 27 75 71 66 43 93 59 58 52 0 1 49 79 80 82 92 91 36 37 13 14 28 35 41 73 99 98 11 12 21 22 62 26 72 68 25 24 67 81 6 2 63 3 84 40 53 70 5 34 15 87 64 17 8 90 97 46 54 55 96 89 23 44 86 18
32 86
83 9
83 62
83 5
83 84
83 3
9 82
76 77
76 75
76 49
39 38
38 73
48 47
48 66
47 46
30 13
85 27
85 84
27 28
75 21
71 66
71 73
71 72
71 70
66 99
43 93
93 92
59 58
59 14
59 99
52 53
0 1
1 2
1 72
49 90
79 80
80 81
80 92
82 81
92 91
92 70
92 12
91 90
36 37
36 34
36 35
36 55
37 17
13 14
14 15
35 41
41 40
73 24
73 89
99 98
11 12
11 26
21 22
22 67
72 8
72 44
68 67
25 24
24 23
6 5
2 63
63 64
53 54
53 86
70 34
87 86
64 97
97 96
46 18
54 55