30 55 10 8 49 6 44 1 28 0 25 5 13 64 31 88 7 63 72 82 43 76 48 77 29 61 47 56 39 2 32 35 71 24 97 18 80 27 96 12 62 33 21 84 94 50 20 73 17 59 26 34 57 41 95 65 36 52 45 86 67 99 60 19 23 91 83 58 37 89 74 15 14 69 70 22
30 55
30 1
30 91
55 10
55 82
55 71
10 57
8 49
8 50
49 94
6 44
44 71
44 76
44 89
1 28
1 29
28 67
28 58
0 25
0 27
0 26
25 77
25 39
5 41
13 64
13 65
64 88
31 88
31 2
88 35
88 21
88 73
7 48
7 47
63 72
63 12
63 80
82 60
82 19
43 76
76 17
48 56
48 80
77 17
77 45
77 69
29 61
61 12
61 99
47 86
2 32
2 33
32 37
35 84
71 15
24 97
97 26
18 80
27 96
12 62
62 36
33 52
94 23
20 86
73 59
34 57
57 74
41 95
41 83
95 23
65 45
67 14
19 83
91 22
15 70