64 63 62 61 60 35 36 37 85 89 65 66 67 68 12 11 34 33 38 39 40 41 42 84 88 83 90 91 86 32 31 30 29 28 27 26 25 24 23 22 21 20 19 18 17 16 15 14 43 44 45 0 87 69 70 81 82 92 94 95 80 79 78 77 76 72 73 74 56 46 47 48 49 50 51 52 53 54 55 57 58 59 10 1 2 3 4 5 9 8
64 63
64 65
64 69
63 62
62 61
61 60
61 80
60 35
35 36
35 34
36 37
37 85
37 38
85 89
89 56
65 66
66 67
67 68
68 12
12 11
11 10
34 33
33 32
38 39
38 84
39 40
39 83
40 41
40 90
41 42
42 43
84 88
84 87
83 86
90 91
32 31
31 30
30 29
29 28
28 27
27 26
26 25
25 24
24 23
23 22
22 21
21 20
20 19
19 18
18 17
17 16
16 15
15 14
43 44
44 45
45 0
0 1
69 70
70 81
81 82
82 92
92 94
94 95
80 79
79 78
78 77
77 76
76 72
72 73
73 74
56 46
56 47
56 48
56 49
56 50
56 51
56 52
56 53
56 54
56 55
56 57
56 58
56 59
10 9
1 2
2 3
3 4
4 5
9 8