3 9 15 2 20 48 22 21 96 90 97 19 5 24 26 12 8 6 1 16 4 0 45 7 18 25 17 14 11 10 23 38 32 33 99 46 47 83 70 69 39 81 36 74 51 35 67 61 80 43 73 77 62 29 57 98 42 89 27 63 66 79 59 65 54 44 68
3 9
3 15
3 2
3 48
3 96
3 90
3 97
3 99
3 83
3 81
3 29
3 98
3 89
9 20
15 19
2 22
2 47
2 70
2 69
2 74
2 67
2 80
2 73
2 77
2 66
2 79
2 65
22 21
22 24
22 59
19 5
24 26
24 44
26 12
12 8
12 6
12 1
8 0
8 7
8 33
8 68
6 18
6 32
1 16
1 51
1 61
1 62
1 57
1 27
1 63
1 54
16 4
0 45
0 38
0 46
0 39
0 36
0 35
0 43
0 42
45 25
25 17
17 14
14 11
14 10
10 23