0 60 75 42 2 16 9 74 71 63 10 87 32 39 8 78 93 80 85 81 82 72 13 23 51 4 50 77 49 90 54 92 79 40 58 69 96 11 48 38 76 59 33 46 67 31 66 30 36 88 37 73 25 84 41 47 29 57 83 56 89 24 53 28 91 45 86 19
0 60
0 9
75 42
75 2
75 81
75 80
75 49
2 16
2 74
2 31
16 56
16 24
9 50
74 71
74 63
74 39
74 82
74 76
74 84
71 59
71 46
63 32
63 85
63 4
63 37
63 41
63 29
63 67
10 87
87 69
87 67
32 25
32 53
8 78
8 23
78 96
78 79
93 80
93 96
93 11
93 88
85 33
72 13
72 51
13 23
13 47
50 92
77 49
90 54
90 66
90 30
90 83
90 89
90 40
54 33
54 91
54 45
92 79
40 58
69 28
69 86
48 38
48 57
38 46
30 36
36 73
56 19