2 89 67 81 58 70 37 91 85 42 69 77 87 40 63 12 36 79 95 83 94 41 43 93 17 4 13 45 82 1 73 24 59 26 55 0 22 65 99 20 38 56 33 84 62 86 15 29 48 44 7 11 96 92 8 16 51 90 50 98 54 34 53 3 57 68 18 75 52 25 78 72 60 74 47 61
2 89
2 93
2 78
89 0
89 48
89 98
67 81
67 8
81 36
58 70
58 11
58 52
70 82
70 4
70 37
70 7
70 34
37 91
37 24
37 77
91 40
91 56
85 41
42 69
42 90
77 87
77 44
87 73
40 63
12 36
12 17
79 95
95 90
83 94
83 1
94 59
94 90
94 54
41 43
41 7
43 93
4 13
4 20
45 15
82 57
1 86
73 86
24 72
26 55
26 8
55 47
0 22
22 50
65 99
65 86
38 56
38 92
56 3
56 75
33 84
33 15
33 16
62 86
86 60
29 50
29 74
44 96
8 54
16 51
51 18
34 53
3 18
3 61
57 68
25 74