2 3 4 0 1 5 12 13 14 10 11 6 15 20 31 60 7 30 8 16 32 17 9 48 26 27 18 54 24 23 19 28 21 33 29 22 56 45 25 34 57 35 72 90 99 93 76 85 47 65 78 69 36 96 37 44 49 42 43 38 67 89 39 58 80 50 61 59 98 51 73 62 88 91 81 82
2 3
2 1
3 4
4 5
4 20
4 57
4 90
0 1
1 72
1 99
5 6
12 13
12 11
13 14
14 15
10 11
10 9
10 28
6 7
15 16
20 21
31 60
31 30
31 32
31 48
60 61
60 59
7 8
30 29
8 9
8 98
16 17
32 54
32 33
17 18
9 85
48 47
48 49
26 27
26 25
27 28
18 19
24 23
23 28
23 96
28 29
21 22
33 34
29 76
56 45
56 93
56 57
45 65
45 44
34 35
34 78
34 80
57 58
35 36
72 69
72 73
90 89
90 91
76 67
36 37
37 38
44 43
49 50
42 43
38 39
89 88
80 81
50 51
61 62
81 82