58 72 4 37 0 27 26 25 23 95 65 17 76 9 52 18 79 97 32 47 2 33 29 60 83 77 40 82 16 61 78 7 80 30 19 84 53 1 28 75 85 31 48 50 44 56 15 38 69 66 22 91 35 13 71 43 11 6 34 81 98 59 5 54 70 14 46 21 88 10 55 12 99 45 49 20 63
58 72
58 11
72 15
72 77
4 37
4 38
37 69
37 28
37 91
0 27
0 26
0 25
27 65
27 85
27 98
26 83
26 61
25 78
23 95
95 80
95 88
65 13
17 76
17 77
9 52
9 54
52 47
18 79
18 80
18 81
97 38
32 47
32 2
32 71
47 7
47 53
47 99
2 33
2 31
33 35
29 60
29 1
60 11
83 19
40 82
40 75
40 5
82 19
82 49
16 75
61 48
61 12
7 48
7 46
80 30
80 56
19 84
1 28
85 20
31 66
48 50
44 56
44 6
56 10
15 71
15 70
69 14
66 43
22 91
35 63
43 6
11 59
6 45
34 81
21 88
10 55