2 3 19 64 14 90 94 18 56 4 68 23 45 44 20 21 88 36 6 75 7 27 83 95 13 66 54 5 11 17 34 71 8 37 74 39 62 0 15 16 51 93 69 25 26 72 99 42 57 76 59 60 46 79 91 52 47 1 41 85 80 31 67 30 96 97
2 3
2 94
2 56
2 45
3 19
3 95
3 4
3 39
3 80
19 64
19 20
19 88
19 62
19 18
19 93
19 76
19 60
14 90
14 69
14 91
90 18
94 36
18 79
18 96
56 0
56 15
4 68
4 44
4 5
23 66
45 59
45 46
45 11
44 6
20 21
21 75
21 83
21 99
88 30
6 7
6 27
6 71
75 13
7 8
27 26
27 47
83 52
13 54
13 34
13 37
13 74
13 31
66 17
11 1
17 34
8 41
37 72
37 42
39 67
62 85
16 51
51 46
25 26
42 57
1 97