48 47 50 52 43 22 23 54 56 45 70 76 39 42 58 59 62 30 64 12 61 21 69 60 51 72 46 33 34 25 24 1 2 65 8 74 57 40 3 18 29 10 14 35 28 6 75 37 38 11 16 36 32 31 4 26 7 27 55 20 19 66
48 47
48 50
47 45
50 52
50 46
52 51
43 46
22 23
22 30
22 21
22 29
23 25
54 56
54 31
56 65
56 57
45 42
70 76
70 69
70 61
76 62
76 64
39 42
39 40
58 59
58 61
58 57
59 75
30 31
12 8
61 60
21 20
60 74
72 18
33 34
33 35
33 36
33 32
25 24
25 28
1 2
2 3
65 66
8 10
8 6
57 55
40 38
3 18
3 4
29 32
10 14
28 26
28 27
6 4
6 7
37 38
37 36
11 16
11 7
16 19
20 19