0 34 66 14 5 44 32 65 16 30 94 90 41 47 38 40 8 49 3 39 1 15 18 69 20 73 27 9 52 51 50 13 74 76 24 81 11 12 82 2 22 54 59 36 26 63 6 10 46 48 78 80 4 7 93 42 23 21 25 33 35 28 91 37 29 19 72 71 55
0 34
0 1
0 20
0 2
66 16
14 13
5 44
5 8
5 20
5 19
44 42
32 24
65 16
16 25
16 6
30 94
30 93
30 18
90 28
41 4
47 7
38 40
38 2
40 3
8 49
8 50
8 24
49 51
3 39
3 12
3 26
3 6
1 36
1 35
1 29
15 18
15 63
15 27
18 69
18 13
18 9
20 73
20 11
20 74
27 28
9 52
9 51
13 59
74 76
76 21
24 81
24 82
11 55
2 37
22 78
54 10
6 46
10 21
46 48
48 7
78 80
80 23
4 7
23 21
33 35
91 29
19 72
19 71