9 52 6 10 55 44 2 32 3 34 63 97 12 62 15 19 82 21 88 18 79 27 93 26 28 24 90 4 38 37 57 64 0 5 40 36 25 61 22 11 39 29 59 95 60 42 48 78 17 7 83 16 74 46 73 1 23 94 47 71 76 14 20 86 33 85 81 87 50 54 35 92 65 41 68 8 49
9 52
9 54
52 32
6 44
10 55
10 57
55 40
55 82
44 37
2 32
32 33
3 34
3 35
34 36
34 76
63 97
63 12
97 24
97 68
12 62
12 61
15 71
19 82
19 83
82 54
21 88
21 90
88 46
18 79
18 81
79 38
27 93
27 95
27 0
26 28
26 0
28 1
28 50
28 86
28 65
4 38
4 37
4 39
37 60
57 64
57 71
0 25
5 40
5 41
36 29
36 73
36 47
25 42
61 46
22 92
11 60
39 85
39 92
39 94
29 59
29 1
29 87
48 78
48 7
17 76
7 46
7 47
16 74
16 73
23 94
14 68
20 86
20 85
50 8
35 41
8 49