31 15 66 4 9 12 33 29 0 28 5 38 14 36 22 8 19 30 23 7 41 89 26 43 1 32 58 2 37 90 48 54 25 55 20 40 53 17 91 84 96 67 74 98 24 60 64 51 72 73 78 95 79 97 42 83 6 82 85 75 99 35 80 62 69 39 94 18 56
31 15
31 9
31 41
31 89
31 90
31 97
15 12
15 78
15 53
66 4
66 30
66 8
4 22
4 28
4 20
4 40
9 48
9 67
9 80
9 99
12 14
12 43
12 96
12 42
33 29
33 38
33 91
33 79
33 85
29 28
0 28
28 7
28 41
28 25
28 51
5 38
5 82
38 84
14 94
36 22
36 54
8 19
19 23
19 58
7 62
41 32
89 26
89 60
89 72
26 83
26 98
26 69
26 39
43 1
1 37
58 2
2 55
48 18
53 17
17 74
17 73
98 24
60 75
64 73
95 79
83 6
99 35
39 56