0 27 2 31 19 83 23 96 7 48 20 86 9 14 69 3 13 66 22 93 11 33 36 24 82 60 10 56 21 4 37 16 75 89 17 78 6 43 15 8 50 45 67 46 59 1 74 87 18 12 62 32 49 5 42 63 97 30 44 85 72 73 25 80 81 47 92 68 76 91 77 61 41 53 64 26
0 27
0 25
2 31
2 33
2 32
31 44
19 83
19 82
83 86
23 96
96 73
7 48
7 46
7 47
48 62
48 91
20 86
20 87
20 85
86 43
9 53
14 69
14 67
14 68
69 76
3 36
13 66
13 64
66 41
22 93
22 92
22 91
93 56
11 60
11 59
36 60
24 97
10 56
56 81
21 89
4 37
37 61
16 75
16 74
16 73
75 46
89 80
17 78
17 77
17 76
78 25
6 43
6 45
6 44
43 46
15 72
8 50
8 49
50 53
59 64
1 30
74 49
18 80
18 81
12 62
12 63
12 61
32 76
5 42
5 41
42 25
97 25
30 68
72 26
61 26