51 50 78 58 76 2 92 20 9 11 31 68 71 18 90 32 83 56 96 60 10 81 23 88 54 17 72 82 75 69 95 3 94 73 49 19 74 22 53 98 41 97 30 91 42 28 48 29 47 5 40 67 62 8 84 93 24 99 6 80 44 27 63 61 85 64 37 7 4
51 50
50 78
78 58
58 76
58 9
76 2
2 92
2 11
2 56
2 96
92 20
92 31
9 81
11 68
11 71
31 97
68 23
71 18
71 90
71 10
90 32
90 83
83 4
96 60
96 80
96 27
60 88
60 62
60 63
10 61
88 54
88 8
88 64
54 17
54 82
17 72
17 22
82 75
82 94
75 69
75 95
75 3
75 30
75 37
94 73
94 49
94 74
94 98
49 19
22 53
22 84
53 41
30 91
30 29
30 24
91 42
42 28
42 48
29 47
29 5
29 7
47 67
5 40
67 85
8 44
84 93
24 99
99 6