0 17 16 1 35 6 10 45 47 7 11 55 32 4 14 27 88 86 26 42 61 63 87 56 2 37 39 30 93 94 8 49 50 51 31 12 58 23 57 20 73 5 80 18 13 59 43 29 92 95 90 28 15 64 21 79 77 96 36 38 19 72 46 24 82 84 25 67 71
0 17
17 16
17 1
17 67
1 35
1 6
1 36
6 10
6 45
6 7
6 11
6 46
10 4
45 47
11 55
11 32
11 56
4 14
4 27
4 42
4 2
4 8
14 61
14 19
27 88
27 87
27 31
88 86
86 26
26 15
61 63
2 37
2 30
2 38
37 39
30 93
30 94
8 49
8 50
8 24
49 51
31 12
31 23
31 95
31 96
12 58
12 57
12 20
23 80
23 79
57 59
20 73
20 5
5 18
5 43
18 13
18 29
29 92
29 21
92 90
90 28
15 64
79 77
19 72
19 71
24 82
82 84
84 25