79 29 54 36 8 74 35 65 86 97 91 3 82 96 40 60 43 37 12 48 52 83 41 39 68 92 89 55 6 24 17 27 59 47 13 75 18 72 63 38 95 42 1 98 2 94 20 77 32 34 16 90 58 80 67 28 61 78 4 44 25 66 93 9 53 88 46 87
79 29
79 37
79 65
79 24
79 1
79 67
29 8
29 89
54 36
36 8
36 83
8 34
74 35
74 48
74 13
74 82
65 86
65 97
65 43
65 88
86 48
86 77
86 9
97 41
97 68
91 3
91 52
91 92
91 6
91 47
91 38
96 40
96 2
96 52
60 43
60 12
43 95
43 72
43 58
43 80
43 78
37 90
37 53
12 32
48 63
52 83
52 59
83 75
83 94
39 13
89 55
55 25
24 66
17 27
17 61
27 93
59 4
75 16
75 44
18 72
38 98
38 46
95 87
42 2
42 61
20 25
67 28