57 4 55 75 76 89 30 82 24 74 13 31 78 43 12 14 21 33 35 3 83 32 36 19 66 48 52 63 92 99 85 96 44 71 22 10 18 50 45 37 80 95 25 40 62 56 67 49 98 39 69 73 58 5 51 88 72 87 79 53 94 97 17 77 64 65 47 91 68 42 8 0 1 23 7 38 27 29 54 59 46 93
57 4
57 55
57 75
57 76
57 89
57 94
57 97
4 17
55 30
55 82
75 24
75 74
89 13
89 31
30 78
82 43
24 12
24 14
24 21
24 23
74 33
74 35
13 3
13 83
31 32
31 36
31 38
78 19
78 66
43 48
43 52
14 63
21 93
33 92
32 99
66 85
66 96
48 68
52 44
52 71
63 22
99 42
85 10
85 18
96 50
44 45
22 37
22 46
10 80
10 95
18 25
18 40
18 62
50 56
50 67
45 49
45 98
80 39
80 69
95 73
95 91
40 58
62 29
49 5
98 51
69 88
69 0
58 72
58 87
5 79
79 53
17 77
77 64
64 65
65 47
47 54
42 8
8 1
23 7
38 27
54 59