97 98 96 95 94 93 92 91 90 89 26 27 25 24 53 54 23 52 22 51 21 50 20 49 19 48 18 47 17 46 16 45 15 44 14 43 13 42 12 41 11 40 10 39 9 38 8 37 7 36 6 35 5 34 4 33 28 0 1 57 59 58 56 60 3 32 61 62 29 63 2 64 65 66 30 67 68 69 70 71 72 73 74 75 76 77 78 88 79 80 81 82 83 84 85 86 87
97 98
97 96
96 95
95 94
94 93
93 92
92 91
91 90
90 89
89 88
26 27
26 25
27 28
25 24
24 23
53 54
53 52
23 22
52 51
22 21
51 50
21 20
50 49
20 19
49 48
19 18
48 47
18 17
47 46
17 16
46 45
16 15
45 44
15 14
44 43
14 13
43 42
13 12
42 41
12 11
41 40
11 10
40 39
10 9
39 38
9 8
38 37
8 7
37 36
7 6
36 35
6 5
35 34
5 4
34 33
4 58
4 3
33 56
33 32
28 29
0 1
1 2
57 59
57 60
57 61
57 62
57 63
57 56
57 58
57 64
57 65
57 66
57 67
57 68
57 69
57 70
57 71
57 72
57 73
57 74
57 75
57 76
57 77
57 78
57 79
57 80
57 81
57 82
57 83
57 84
57 85
3 2
29 30
88 87
85 86
86 87