15 95 2 43 48 75 32 1 4 7 62 24 11 82 78 96 45 0 14 55 68 88 99 17 58 30 63 49 79 25 83 64 71 34 73 98 12 38 97 77 36 35 16 89 6 86 27 5 61 18 3 39 53 87 65 42 66 20 80 33 21 69 26 92 91 76 70 57 85 93 31 19 50 81 13
15 95
15 2
15 76
95 12
95 58
95 78
2 43
2 27
2 53
2 87
43 68
48 26
75 32
75 92
32 77
32 14
1 4
1 12
4 71
4 36
4 18
7 20
62 24
62 97
62 35
24 34
11 38
82 63
78 96
96 61
96 3
96 21
45 17
0 14
0 20
0 58
14 13
55 68
68 35
68 89
88 99
88 97
99 80
17 63
58 30
58 93
63 98
63 38
49 79
79 5
79 83
25 83
25 98
64 80
34 73
34 65
73 50
12 39
12 86
12 31
12 81
36 5
36 91
35 70
16 89
89 66
6 86
6 42
5 19
87 85
66 69
33 21
69 26
57 85