10 13 12 17 2 49 1 3 0 4 5 6 7 8 15 50 48 14 18 16 9 11 51 19 52 20 53 21 54 22 55 23 56 57 58 59 35 36 37 38 39 40 41 42 43 44 45 46 47 60 61 34 33 32 31 30 29 69 70 28 68 27 67 26 66 25 71 80 81 90 91 65 79 89 24 72 82 92 62 64 73 83 93 74 84 94 75 85 95 76 86 96 77 87 97 78 88 98 63
10 13
10 9
10 11
13 15
13 12
13 14
12 17
17 18
17 16
2 49
49 1
49 3
49 50
49 48
1 0
3 4
4 5
5 6
6 7
7 8
8 9
50 51
48 47
18 19
51 52
19 20
52 53
20 21
53 54
21 22
54 55
22 23
55 56
23 24
56 57
57 58
58 59
59 60
35 36
35 34
36 37
37 38
38 39
39 40
40 41
41 42
42 43
43 44
44 45
45 46
46 47
60 61
61 62
34 33
33 32
32 31
31 30
30 29
29 28
69 70
69 68
70 71
28 27
68 67
27 26
67 66
26 25
66 65
71 72
80 81
80 79
81 82
90 91
90 89
91 92
65 64
79 78
89 88
72 73
82 83
92 93
62 63
64 63
73 74
83 84
93 94
74 75
84 85
94 95
75 76
85 86
95 96
76 77
86 87
96 97
77 78
87 88
97 98