4 9 3 5 54 27 0 50 32 31 22 48 21 23 84 73 70 52 51 37 83 33 61 36 7 77 2 17 90 8 11 94 78 95 96 13 26 12 28 24 43 40 20 45 25 62 10 41 15 34 93 80 65 71 60 63 67 30 64 1 85 81 89 39 69 59
4 9
4 0
4 31
4 22
4 7
4 11
9 3
9 2
9 90
3 5
3 17
3 40
54 27
54 52
54 36
54 85
27 61
27 43
50 32
50 51
50 25
32 78
32 39
32 59
31 48
31 34
22 24
22 26
21 23
21 28
21 30
23 26
23 25
23 69
84 83
84 64
73 70
73 78
73 71
51 37
37 33
83 85
33 36
33 60
33 67
77 41
2 1
17 13
90 94
8 11
11 45
94 93
95 96
96 34
13 12
28 20
24 10
40 63
25 62
62 89
62 41
10 15
34 80
65 67
64 81