4 34 68 13 42 0 5 43 8 32 2 70 23 35 46 61 38 77 75 74 30 73 79 28 54 18 15 16 6 36 81 19 66 78 3 21 84 90 11 76 59 63 86 80 17 82 31 83 37 47 45 64 20 85 89 39 87 41 88 58 93 91 97 92 72 98 44 65 40 51
4 34
4 46
68 13
68 42
68 0
68 61
68 63
13 45
42 40
0 35
0 77
0 75
0 74
0 73
0 79
0 78
0 76
0 86
0 80
0 82
0 83
0 90
0 84
0 81
0 89
0 85
0 87
0 88
0 93
0 91
0 97
0 92
0 98
5 43
5 21
43 28
43 36
8 32
8 23
8 77
8 3
2 70
70 30
70 18
23 44
35 54
46 30
61 51
38 31
38 37
38 36
75 6
28 90
18 84
15 16
15 81
6 17
6 59
36 41
19 66
19 85
19 39
3 11
59 58
17 47
47 20
47 65
64 20
58 72