45 47 70 90 92 57 31 6 46 28 17 68 29 91 32 30 12 22 77 50 52 27 18 9 62 64 2 38 10 53 21 76 16 5 44 89 7 8 25 84 78 14 61 20 19 71 94 96 66 82 13 60 0 23 73 75 15 35 54 24 79 69 48 80 26 4 41 43 87 1 83 36 49 37 74
45 47
45 6
47 7
70 18
90 92
90 28
57 12
31 96
6 46
6 25
28 20
28 89
28 14
28 23
17 68
17 2
17 29
17 13
17 24
17 27
17 10
68 66
29 91
91 89
32 24
30 0
30 94
30 4
12 19
12 0
22 77
22 78
22 25
50 52
50 8
52 9
27 87
27 26
18 69
62 64
62 14
64 15
2 38
2 37
10 53
10 54
21 76
21 7
21 75
21 8
76 74
16 66
5 44
5 43
7 48
8 0
8 49
25 84
25 23
25 83
25 1
84 82
14 61
19 71
71 69
94 96
13 60
23 79
23 80
73 75
35 1
4 41
41 43
1 36