24 11 16 33 26 31 20 3 6 21 14 23 5 30 7 2 9 32 25 4 18 28 12 36 15 13 1 8 10 17 0 94 64 22 19 34 54 95 52 43 50 58 37 66 80 91 39 42 60 59 61 65 49 57 62 55 69 46 56 70 51 67 53
24 11
24 36
24 1
11 4
16 33
16 23
16 0
16 51
33 20
33 8
33 64
33 19
26 31
26 20
3 6
3 15
3 91
3 39
6 94
6 7
6 8
6 42
6 69
21 14
21 7
21 4
23 56
5 30
5 13
5 17
5 22
7 9
2 9
32 25
32 13
4 18
4 34
28 12
28 36
15 10
8 95
8 70
17 52
0 54
0 52
0 43
0 50
0 58
0 37
0 66
0 60
0 59
0 61
0 65
0 49
0 57
0 62
0 55
0 46
0 67
0 53
19 80