59 20 3 62 1 45 97 81 26 37 4 21 17 65 33 30 28 11 91 15 36 2 14 61 42 27 10 48 46 80 6 22 19 49 31 34 52 41 75 38 50 85 13 12 29 55 74 56 95 82 77 64 67 39 83 70 57 58 96 88 84 98
59 20
59 3
59 17
59 2
59 14
59 65
59 22
59 42
59 41
59 74
20 81
20 33
62 1
62 65
1 48
45 97
45 11
81 26
81 29
26 21
26 27
26 6
26 52
26 50
26 67
26 83
37 4
37 15
37 64
4 21
4 49
21 91
65 36
65 19
33 30
33 95
28 11
28 27
28 34
28 39
28 57
11 85
11 82
11 58
91 75
2 10
2 80
2 31
61 42
61 38
61 70
61 96
61 84
61 98
10 55
10 77
48 46
80 56
31 12
85 13
55 88