12 61 8 50 2 31 10 55 49 33 66 94 7 46 77 36 63 34 37 52 19 82 27 83 47 65 0 25 32 22 91 35 1 28 29 42 13 64 24 98 30 45 44 86 72 6 43 14 67 5 40 76 41 71 60 16 73 79 53 3 26 56 95 84 15 99 57 21 88 48 11 58 90 96 17 20 93 75 18 81 89 80
12 61
12 63
61 67
8 50
8 49
50 77
2 31
2 32
2 33
31 36
31 43
10 55
10 56
10 57
49 90
33 66
94 53
7 46
7 47
7 48
46 65
46 79
46 84
46 90
46 75
63 95
34 37
34 3
52 26
19 82
19 83
19 84
27 83
27 0
83 35
47 29
65 13
0 25
0 26
25 58
32 28
32 72
22 91
22 93
91 67
35 53
35 3
35 73
1 28
1 30
1 29
28 60
29 42
13 64
24 98
24 99
30 45
30 56
30 96
44 86
44 6
86 20
6 43
43 76
14 67
5 40
5 41
40 93
76 17
41 71
71 15
16 73
79 18
56 95
99 48
21 88
21 90
21 89
11 58
90 80
18 81