54 69 90 27 86 74 55 0 64 35 11 96 44 14 50 41 52 36 61 40 2 65 78 97 17 85 66 43 79 84 23 48 75 68 83 59 62 10 4 46 33 24 76 57 37 9 72 42 34 1 49 82 80 13 95 91 6 31 60 15 20 28 25 92 26 45 81 67 58 19 98 3 87 39
54 69
54 90
54 55
54 64
54 50
54 15
69 97
69 23
69 34
69 49
69 95
90 27
90 35
90 11
90 14
90 36
90 40
90 1
90 20
27 96
27 41
27 67
86 74
74 0
74 61
55 52
55 68
55 24
0 44
0 78
64 25
35 17
96 60
96 85
96 91
44 43
44 79
44 4
14 10
50 48
41 31
52 92
36 72
36 45
61 65
61 87
2 65
97 81
17 83
17 80
85 66
85 58
43 48
79 84
23 76
23 42
23 19
48 9
48 6
75 68
75 59
75 62
75 33
75 57
75 37
75 3
68 82
10 26
4 46
33 98
57 28
80 13
87 39