9 52 57 59 12 58 1 35 0 33 34 26 85 61 63 25 40 13 51 15 17 67 6 41 84 10 68 11 31 27 88 47 69 71 14 16 65 46 73 23 80 18 82 37 4 93 95 64 91 86 50 28 90 36 32 97 3 39 79 30 24 5 81 22 20 74 19 29 21 48 7 56 72 96 87 55
9 52
9 51
9 15
9 5
52 50
57 59
57 12
59 13
12 58
12 11
12 32
1 35
1 36
1 24
1 3
35 33
0 33
0 34
0 21
26 85
26 6
26 86
26 11
26 24
85 87
61 63
61 14
63 15
25 84
40 3
15 64
17 67
17 22
17 68
67 65
6 46
41 4
84 82
10 14
11 31
11 56
11 55
31 95
31 18
31 23
31 96
27 88
27 18
27 16
27 4
47 7
69 71
71 19
14 21
16 65
16 20
46 48
73 20
23 80
23 79
18 29
18 7
82 24
37 39
93 95
93 30
91 29
28 90
28 29
32 97
3 39
24 81
24 19
20 74
19 72