32 14 0 6 1 2 17 10 21 5 12 34 33 58 11 40 38 36 16 79 35 80 39 82 37 59 86 63 83 41 13 25 68 20 44 60 81 61 62 3 48 92 46 18 47 88 64 67 89 87 70 65 31 94 91 90 29 71 52 97 50 69 95 54 73 72 75 77 74
32 14
32 0
32 33
32 16
0 6
0 12
0 34
0 40
0 38
0 36
0 35
0 39
0 37
0 41
0 44
0 46
0 47
0 52
0 54
0 50
6 5
1 2
1 21
1 34
1 59
1 63
1 60
1 61
1 62
1 64
1 67
1 68
1 70
1 65
1 71
1 69
1 73
1 72
1 75
1 77
1 74
2 17
2 10
2 58
2 79
2 80
2 82
2 86
2 83
2 81
2 92
2 88
2 89
2 87
2 94
2 91
2 90
2 95
2 97
17 11
17 29
21 48
11 13
35 3
25 3
68 20
46 18
18 31