82 61 34 35 39 88 54 2 41 31 44 80 79 1 21 12 60 70 52 65 0 20 58 69 37 68 59 84 51 49 23 43 17 36 15 19 42 75 47 67 18 78 13 53 66 55 50 8 10 45 87 71 73 27 62 81 86 4 72 46 40 89 77 92 22 3 56 29 33
82 61
82 41
82 79
82 8
82 67
82 46
61 31
61 15
34 35
34 12
34 84
35 81
35 68
35 87
39 88
39 71
88 51
54 2
54 49
2 27
2 45
41 89
41 53
31 37
31 49
44 80
44 23
44 42
79 1
79 59
1 62
1 20
21 0
12 33
60 22
70 52
52 3
65 62
0 20
58 69
58 15
69 86
69 29
68 55
84 18
51 50
49 42
49 78
43 17
43 36
43 50
17 45
17 10
15 73
15 4
19 86
75 10
47 67
67 92
67 3
18 56
78 13
53 66
8 81
10 40
27 72
27 22
40 77