49 96 84 63 29 24 97 22 7 35 60 0 79 12 65 3 33 93 80 6 31 53 41 62 70 69 45 42 32 43 81 78 73 2 75 11 91 54 95 89 64 85 86 27 77 88 36 15 21 40 66 94 4 83 23 18 71 37 51 82 26 16 50 55 56 39 90
49 96
49 29
49 62
49 78
49 11
49 80
49 85
49 18
84 63
84 93
84 70
84 32
84 36
84 23
63 79
63 75
63 89
63 15
63 40
63 71
29 50
24 97
24 80
24 42
22 7
7 80
35 60
60 41
0 12
0 85
65 43
3 33
3 80
3 66
3 26
3 56
80 6
80 75
80 94
80 82
31 53
31 70
31 81
31 77
31 88
31 37
41 81
70 2
70 83
69 45
69 88
69 51
45 64
32 43
43 21
43 86
81 4
81 16
73 2
2 39
91 27
54 95
54 51
86 27
88 55
88 90