88 10 99 15 65 23 75 11 87 25 33 73 29 93 27 94 47 64 49 82 62 14 12 35 43 92 45 96 90 84 37 59 61 41 6 85 42 44 26 48 58 34 83 46 74 40 89 2 55 36 5 51 79 67 97 69 76 81 28 54 1 52 63
88 10
88 44
10 28
99 15
99 6
15 49
65 23
65 33
65 90
65 42
65 44
65 54
23 1
75 11
75 85
11 94
11 64
87 25
87 61
87 2
87 67
87 37
33 47
33 82
33 89
33 69
73 29
73 46
73 84
29 51
93 27
93 48
27 45
27 96
27 37
27 40
27 46
27 97
47 61
47 58
49 26
82 62
82 55
14 12
14 35
35 43
35 26
35 36
43 61
92 41
45 83
96 63
37 59
61 76
41 6
6 79
85 74
85 58
85 52
44 34
5 51
81 28