57 41 49 7 33 56 18 9 60 58 61 53 0 10 11 46 25 15 35 54 26 5 1 3 21 38 24 6 39 28 20 64 50 29 13 63 59 62 31 2 55 47 30 90 66 40 4 43 44 72 42 94 81 74 82 69 83 76 87 86 71 80 77 93 91 36 68 75 98 70 79 96 89 88 85 67
57 41
57 26
41 94
49 24
49 11
49 62
7 33
33 20
33 43
33 50
56 18
56 26
56 4
56 40
18 59
9 60
9 58
60 31
58 61
61 29
53 25
53 28
53 6
0 10
0 90
0 72
0 81
0 74
0 82
0 69
0 83
0 76
0 87
0 86
0 71
0 77
0 91
0 93
0 68
0 75
0 98
0 70
0 79
0 96
0 89
0 88
0 85
0 67
10 3
11 46
46 44
15 35
35 28
54 26
54 20
5 24
1 40
3 66
3 13
21 38
38 29
6 39
39 93
20 55
20 13
20 80
64 50
64 29
50 42
29 36
13 63
13 47
62 31
62 2
47 30