2 24 49 65 53 0 7 35 9 57 15 71 18 3 20 36 13 80 16 87 45 72 37 91 63 10 96 12 98 59 1 5 61 52 55 14 40 6 69 92 25 50 77 38 33 58 76 82 22 86 30 27 47 84 31 26 56 88 68 64 66 94 62 70 78 60 93 11 73
2 24
2 49
24 18
65 53
65 35
65 80
65 5
53 69
53 58
0 7
0 33
0 22
9 57
9 92
57 14
15 71
15 63
15 98
18 22
3 20
3 45
3 55
36 13
36 12
13 91
16 87
87 52
87 55
87 60
45 59
72 37
72 6
72 56
37 77
37 93
91 66
63 22
63 30
10 96
10 92
96 50
12 33
59 5
59 27
59 31
59 68
1 84
1 66
5 61
61 6
61 25
61 86
52 78
14 47
40 56
6 26
25 50
25 11
77 38
77 88
58 30
76 82
82 30
22 70
86 62
30 64
30 94
60 73