68 64 25 23 48 37 83 33 58 41 90 99 78 97 66 80 84 85 24 27 6 77 14 86 17 18 16 47 12 61 35 13 92 19 20 43 52 59 15 32 88 56 7 8 9 4 3 0 21 5 10 2 1 63 60 46 22 53 26 45 28 40 44 54 57 39 67 65 72 36 55 38
68 64
64 25
64 83
25 23
25 33
23 48
23 26
48 37
48 65
33 58
33 41
33 90
33 99
33 78
33 40
78 97
78 66
66 80
66 84
84 85
84 77
84 92
85 24
24 27
24 6
27 28
6 7
6 8
6 9
6 10
6 22
77 14
77 86
14 17
14 13
14 15
17 18
17 36
18 16
18 19
16 47
16 12
16 61
16 5
47 53
61 35
19 20
20 43
43 52
43 59
52 56
15 32
15 88
8 38
9 4
4 3
4 2
3 0
3 21
0 1
1 63
63 60
63 67
60 46
26 45
40 44
44 54
44 57
54 39
65 72
36 55