0 13 43 59 18 57 51 29 31 32 42 45 25 63 30 7 61 8 10 16 48 44 50 58 55 36 15 94 33 39 3 1 35 53 47 38 26 46 28 11 62 81 6 21 9 49 4 2 17 14 12 78 96 74 98 90 85 19 70 99 88 87 64 77 24 67 66 68 93 75 22 69 91 82 76 80 65 97
0 13
0 42
0 94
0 46
0 81
0 35
0 78
0 96
0 74
0 90
0 85
0 99
0 88
0 87
0 77
0 67
0 66
0 68
0 93
0 75
0 91
0 82
0 80
0 65
0 97
13 12
43 59
43 30
59 61
18 57
18 39
18 1
18 36
18 76
51 29
51 14
29 31
31 45
32 44
32 49
42 50
42 62
42 98
45 55
25 63
25 58
30 7
30 3
30 17
30 24
61 36
61 58
61 6
8 10
8 33
10 39
16 48
16 58
48 19
44 21
44 17
50 9
50 6
58 22
55 33
15 64
3 2
35 53
47 38
47 14
26 28
28 11
11 2
6 69
9 4
9 70
12 64