92 30 26 63 64 66 77 70 33 87 4 45 35 93 12 15 18 25 24 55 8 10 43 41 39 48 97 20 84 58 32 56 34 1 50 91 3 99 73 75 9 53 62 90 31 59 89 13 21 54 16 6 27 82 86 60 81 72 51 42 71 19 47 52 46 57 29 36 94 22
92 30
92 15
92 34
92 1
92 33
30 52
26 63
26 64
26 45
26 12
26 97
26 58
26 89
26 42
63 87
63 72
63 46
63 36
63 57
64 33
64 56
64 73
66 77
66 55
66 39
70 33
70 41
70 27
33 48
33 94
87 4
4 32
4 60
35 93
35 24
35 31
18 25
18 43
18 56
18 3
18 53
25 9
24 20
55 84
8 50
8 99
10 43
10 81
41 39
41 71
39 20
39 21
97 50
97 13
20 82
20 51
56 62
34 19
50 91
50 90
73 75
62 22
59 16
89 6
13 47
54 16
54 72
27 86
57 29