3 67 38 8 12 41 60 74 69 10 27 45 77 71 28 23 25 84 57 9 35 98 76 93 89 96 95 65 86 24 70 73 78 92 48 6 16 2 53 87 39 7 1 20 26 72 11 52 62 43 34 17 83 13 99 0 61 79 37 22 44 82 56 31 19 18 81
3 67
3 38
3 8
3 41
3 70
3 1
3 99
3 0
3 19
3 81
67 95
67 24
67 73
67 16
38 12
38 45
38 28
38 53
38 78
8 6
8 44
8 56
12 86
60 74
60 27
60 89
74 96
74 78
74 87
69 10
69 35
69 57
10 77
45 17
77 71
71 7
71 76
28 18
23 25
23 11
84 48
84 39
84 96
57 9
57 34
9 72
9 62
9 98
9 92
76 93
93 65
93 22
65 86
65 20
65 82
86 31
70 83
92 13
16 2
7 11
1 79
20 26
11 37
52 43
43 61
13 61