77 76 78 79 74 73 72 71 70 69 67 66 65 64 62 63 61 60 59 58 56 55 57 54 53 51 52 48 47 46 44 43 45 42 40 39 41 37 35 38 34 36 33 31 30 29 32 26 25 24 23 22 21 20 27 28 80 82 83 84 85 86 87 68 19 16 14 12 10 8 9 7 6 5 4 2 1 15 49 50 88 89 90 92 94 95 97 98
77 76
77 78
76 74
78 79
79 80
74 73
73 72
72 71
71 70
70 69
69 67
67 66
67 68
66 65
65 64
65 62
64 63
63 61
61 60
60 59
59 58
58 56
56 55
55 57
55 54
54 53
53 51
51 52
51 48
48 47
48 49
47 46
46 44
44 43
44 45
43 42
42 40
40 39
40 41
39 37
37 35
37 38
35 34
38 50
34 36
34 33
33 31
31 30
31 32
30 29
29 26
26 25
26 27
25 24
24 23
23 22
22 21
21 20
20 19
27 28
80 82
82 83
83 84
84 85
85 86
86 87
87 88
19 16
16 14
14 12
14 15
12 10
10 8
8 9
9 7
7 6
6 5
5 4
4 2
2 1
88 89
89 90
90 92
92 94
94 95
95 97
97 98