0 36 32 37 28 6 38 7 18 42 54 31 64 12 51 4 69 25 34 23 70 57 52 59 43 71 72 76 11 68 78 14 66 65 39 82 20 77 30 74 15 73 29 79 87 9 75 58 48 2 44 92 35 93 89 80 8 83 26 84 81 22 91 88 53 21 90 16 60 98 94 67 46 96 97
0 36
0 32
0 38
0 69
0 34
0 70
0 71
0 72
0 68
0 77
0 74
0 73
0 79
0 78
0 87
0 75
0 82
0 76
0 89
0 80
0 83
0 84
0 81
0 92
0 91
0 88
0 90
0 98
0 94
0 96
0 97
36 6
36 18
36 42
36 31
36 51
36 93
37 28
37 4
28 54
28 12
38 7
38 64
38 25
38 65
64 58
12 23
51 60
4 48
34 53
23 26
57 52
57 59
57 22
59 66
59 15
43 21
76 11
78 14
14 39
14 9
66 9
82 20
20 29
20 8
20 46
30 2
30 44
30 87
48 8
2 67
92 35
35 21
16 60