35 38 44 8 0 47 83 78 85 48 74 61 60 40 10 88 90 20 53 26 68 84 64 72 15 45 22 75 21 71 1 29 59 32 58 87 65 27 9 55 36 89 46 37 4 34 76 77 19 33 7 30 81 54 12 31 57 28 70 13 73 92 43 91 18 51 14 25 17
35 38
38 44
44 8
8 0
0 47
0 85
47 83
47 48
83 78
78 40
85 61
48 74
48 10
48 43
61 60
10 88
88 90
88 20
90 21
20 53
20 84
20 45
53 26
53 68
26 64
84 15
64 72
72 22
72 29
45 71
22 75
22 4
71 1
29 59
29 65
59 32
59 58
59 33
59 25
32 92
58 87
58 28
65 27
27 9
9 55
9 77
9 91
55 36
55 76
36 89
36 46
36 37
4 34
77 19
19 13
33 7
33 57
7 30
7 12
30 81
81 54
12 31
28 70
13 73
73 18
91 14
18 51
51 17