7 46 3 35 34 0 25 16 73 14 67 81 55 44 82 28 39 48 47 27 32 1 99 15 36 26 59 95 19 71 74 29 31 77 89 20 85 24 97 83 40 57 41 50 11 58 21 8 49 45 52 6 43 93 56 30 94 17 76 9 63 42 62 79 98 22 91 23 2 5 72 18 51 61 54 64 88 87 4 38 33 69
7 46
7 47
7 48
3 35
3 34
3 36
35 81
35 89
35 83
35 97
34 41
34 63
0 25
0 26
0 27
25 89
16 73
16 74
73 82
73 57
73 54
14 67
14 69
67 48
67 49
81 44
81 18
81 91
55 93
44 82
44 6
82 19
82 61
28 39
28 48
28 1
48 40
47 99
27 32
32 2
32 33
1 29
1 30
99 24
15 71
15 72
59 95
59 11
95 23
95 71
31 77
31 2
77 17
89 21
20 85
20 87
85 58
24 97
24 98
40 5
50 8
11 58
21 88
8 49
45 52
45 56
45 6
52 9
52 79
6 43
93 56
30 94
94 23
17 76
42 62
42 5
79 64
98 51
22 91
54 38
4 38