1 12 0 27 69 70 5 6 21 41 3 74 40 75 49 42 78 45 7 48 11 50 77 44 73 13 29 51 76 47 80 28 25 79 30 26 83 88 81 85 57 84 53 18 31 46 52 54 86 65 36 56 15 17 63 33 35 62 96 37 67 98 99 68
1 12
1 69
1 70
1 74
1 75
1 40
1 78
1 77
1 73
1 76
1 80
1 79
1 83
1 81
1 85
1 84
1 88
1 86
1 96
1 98
1 99
12 21
0 27
0 40
0 49
0 41
0 42
0 45
0 50
0 44
0 48
0 51
0 47
0 57
0 46
0 52
0 53
0 56
0 54
0 63
0 62
0 67
0 65
0 68
27 6
5 11
5 28
5 37
6 25
6 35
41 3
49 13
45 7
7 29
7 31
48 11
50 15
30 26
26 88
53 18
52 17
65 36
63 33