16 65 17 67 15 28 42 44 63 1 36 92 3 26 82 84 23 77 79 14 62 4 41 9 51 2 7 8 50 20 66 24 40 29 91 39 85 86 31 95 89 38 35 49 33 13 25 81 19 88 11 56 60 54 5 43 10 53 0 32 22 30 48 6 18 12 58 21 78 46 75 83 45 72
16 65
16 66
65 67
17 67
17 30
15 28
15 63
28 89
28 22
42 44
44 5
1 36
1 35
1 30
1 5
1 21
92 29
3 26
3 40
3 39
3 19
26 85
26 86
82 84
82 24
84 25
23 30
77 79
77 22
14 62
14 29
4 41
4 5
4 24
9 51
9 20
9 22
2 7
2 8
2 38
7 48
7 25
8 50
8 49
8 22
24 81
40 38
29 91
29 6
91 89
86 88
31 95
31 13
35 33
13 60
13 30
25 10
25 83
19 72
11 56
11 32
56 54
60 58
54 10
5 43
10 53
0 30
22 78
48 46
6 18
6 45
12 58
21 75