13 95 97 28 63 30 21 70 60 23 8 73 44 56 85 1 96 88 29 27 10 25 58 11 50 49 16 45 37 36 15 54 12 53 89 34 90 41 79 99 14 91 48 92 20 18 22 7 17 57 0 51 65 38 24 33 72 78 2 94 43 61 19 9 74 69 98 35 66 6 68 84 76
13 95
95 97
95 28
95 21
95 60
97 44
28 63
28 56
63 30
63 70
70 92
60 23
23 8
23 17
23 33
8 73
44 24
56 85
56 41
85 1
85 90
1 96
1 29
1 50
96 88
88 49
88 48
88 68
29 27
29 10
29 66
27 11
10 25
10 58
10 74
50 38
50 69
49 16
49 45
49 37
49 9
16 2
45 36
37 65
36 15
36 54
36 12
12 53
12 34
53 89
34 91
41 79
41 14
79 99
99 51
92 20
92 18
18 22
22 7
7 78
17 57
17 0
57 35
51 72
72 6
2 94
94 43
43 61
61 19
69 98
98 84
84 76