54 16 24 20 6 43 1 28 78 80 14 88 18 2 50 5 83 32 95 12 92 17 27 38 56 36 7 35 4 23 73 61 22 89 84 15 85 66 19 47 39 68 0 26 75 94 55 86 90 21 57 96 10 8 87 11 65 60 76 67 9 46 25 59 33 93 72
54 16
54 24
54 18
54 0
54 75
54 55
54 67
54 93
16 43
16 32
16 56
16 66
16 23
16 21
16 87
24 19
24 96
24 46
20 6
20 4
20 61
20 89
20 39
20 43
20 57
6 84
6 15
6 10
43 1
43 2
43 50
1 78
1 7
1 73
1 95
1 86
1 11
28 88
28 27
28 65
80 14
14 84
2 85
2 33
5 83
5 23
95 12
95 35
95 22
92 17
92 38
92 66
17 26
27 15
36 68
7 47
4 76
23 72
22 94
84 68
75 90
94 8
55 25
86 60
10 9
9 59