54 61 4 63 70 52 58 41 1 32 66 0 64 12 37 59 7 24 74 62 45 16 42 60 88 91 39 55 67 15 19 48 76 68 71 47 84 8 43 2 35 13 11 17 5 65 78 33 30 50 75 51 79 34 53 81 10 57 72 85 6
54 61
54 52
54 64
54 55
54 33
54 51
61 42
61 50
4 63
4 32
4 59
4 74
4 8
4 35
4 19
4 17
4 30
4 79
63 37
63 57
70 1
70 84
52 45
52 68
52 34
58 35
41 1
1 35
66 0
66 12
66 64
66 60
66 88
66 67
66 19
66 85
66 6
0 62
0 15
0 43
64 71
12 7
7 24
7 2
7 5
24 91
24 78
24 81
24 72
45 48
16 5
91 39
91 65
39 11
19 76
48 13
71 47
84 53
35 75
11 10