23 30 90 89 24 1 16 29 2 3 48 49 4 5 7 32 51 18 88 39 10 54 63 6 20 82 92 34 42 28 17 67 85 11 74 0 9 13 46 12 8 35 15 22 98 60 27 37 52 65 75 44 68 71 70 33 72 21 96 84 73 69 93 38 57 64 58 83 40 86 97 53 47 55 81
23 30
23 90
23 89
23 24
23 51
30 29
89 88
24 17
24 86
1 16
1 4
1 5
1 7
1 39
16 18
16 53
29 32
2 3
2 4
2 6
2 13
2 47
3 20
3 22
48 49
48 46
49 28
49 75
5 12
5 73
5 11
7 32
7 96
32 10
32 52
88 85
39 63
39 15
39 38
39 40
10 92
10 8
54 63
54 60
54 55
63 65
63 84
20 82
92 34
92 71
92 70
92 64
34 27
34 68
42 17
28 74
17 67
17 44
67 57
11 74
0 9
9 12
13 21
12 33
8 35
98 60
98 97
27 37
70 93
33 72
69 93
57 58
58 83
47 81