20 21 15 16 17 24 25 43 62 22 6 7 1 2 30 59 35 27 80 28 23 9 10 40 48 31 14 55 33 0 85 86 63 60 74 32 91 19 81 11 12 92 70 78 64 88 47 54 93 3 42 95 71 79 8 44 41 68 50 67 77 56 87 53 84 13 98
20 21
20 86
20 19
21 22
21 31
21 71
15 16
16 17
17 19
24 25
24 23
24 81
24 63
24 56
25 67
43 62
43 44
62 91
62 19
62 78
22 1
6 7
6 2
6 74
6 53
7 63
7 8
7 68
1 2
1 92
1 0
2 3
2 84
30 59
30 35
30 31
59 60
27 80
27 28
80 81
80 87
28 70
23 64
9 10
9 95
10 11
40 48
40 41
48 47
31 88
31 93
31 32
31 33
14 55
55 0
55 54
55 42
0 85
11 12
12 64
78 79
78 77
64 98
93 50
42 41
53 13