2 21 9 7 3 16 1 22 27 17 0 4 19 25 37 24 11 36 5 20 40 29 30 44 64 10 54 49 34 55 15 60 80 28 8 43 45 32 53 52 41 68 95 33 46 78 61 59 72 62 38 74 93 75 77 67 51 73 99 97 42
2 21
2 1
2 9
2 36
2 95
2 73
21 16
21 10
21 17
21 20
21 55
21 60
21 80
21 78
21 74
21 93
21 99
21 97
9 7
9 72
7 49
7 32
3 16
3 11
16 68
1 15
1 33
22 37
22 62
27 17
27 34
27 24
17 44
0 4
0 29
0 43
4 55
4 45
4 61
4 77
19 25
19 30
37 24
36 5
36 30
36 53
5 54
5 52
5 75
20 40
20 64
30 59
49 28
28 8
28 46
43 41
53 51
72 42
62 38
38 67