1 50 51 6 9 94 20 21 15 64 77 96 0 33 39 92 29 38 48 8 23 74 19 82 42 30 12 27 84 53 95 5 71 43 2 34 65 11 60 28 56 83 7 72 63 91 59 54 3 75 70 97 14 99 18 89 32 62 52 37 13 44 90 22 45 49 67 25 66 58 57 10 81 47 17 46
1 50
1 64
1 2
1 38
1 67
50 15
50 28
50 52
51 6
51 9
51 5
51 8
51 37
6 84
9 94
9 77
94 21
94 3
94 99
20 21
20 96
20 2
20 56
20 70
20 97
64 29
64 19
64 39
96 65
0 33
33 62
33 43
39 92
39 12
39 13
92 72
92 57
29 91
38 48
38 42
38 18
8 23
8 11
8 32
74 19
74 83
74 59
74 81
19 44
82 11
42 30
42 63
30 60
12 27
84 53
84 54
95 5
95 34
5 22
71 43
2 14
2 90
2 66
65 46
11 47
28 89
7 72
63 62
91 45
59 25
75 70
75 49
37 10
44 58
47 17