61 24 28 49 52 4 88 0 93 92 46 64 85 51 27 79 82 6 22 16 14 55 38 21 68 89 63 7 42 48 98 8 99 5 59 15 62 3 70 36 23 43 35 50 72 19 69 86 13 31 53 80 39 73 87 40 18 94 9 74 2 29 41
61 24
24 85
24 63
24 79
28 49
28 21
28 89
28 43
28 86
52 4
52 46
52 68
4 93
4 64
4 51
4 27
4 88
4 19
4 73
88 0
88 92
0 18
46 87
64 8
64 15
64 70
64 53
64 80
64 41
79 55
82 6
82 59
82 14
6 48
6 21
6 36
6 23
6 72
6 69
22 16
22 14
22 3
16 50
55 9
38 62
38 98
38 99
38 39
89 5
89 42
63 98
7 42
48 98
98 94
59 15
36 35
23 13
50 40
19 31
13 74
18 2
2 29