51 77 42 60 50 75 95 0 1 3 55 37 36 48 56 87 7 25 26 2 5 11 4 9 49 71 24 52 54 73 8 6 28 10 78 39 76 61 96 30 88 40 27 44 63 23 45 65 13 38 72 53 74 12 34 33 29 66 46 14 57 64 47 32 98 43 62 35 58 31 59 41
51 77
51 37
51 78
42 60
42 61
42 33
60 95
60 96
50 75
50 37
50 76
0 1
0 2
1 3
1 4
3 7
3 8
55 39
37 25
37 30
36 48
36 49
36 30
48 71
48 72
56 87
56 88
56 40
25 26
25 24
25 27
26 28
26 29
2 5
2 6
5 11
5 12
11 23
11 24
4 9
4 10
49 73
49 74
52 38
54 39
6 13
6 14
28 33
28 32
39 31
61 98
40 32
40 57
27 31
44 63
44 34
44 64
45 65
45 34
45 66
38 53
38 31
34 29
33 43
29 35
46 35
47 35
32 41
43 62
58 41
59 41