1 24 54 66 6 2 90 7 65 34 21 43 30 47 62 69 51 26 78 25 57 37 8 0 95 50 84 5 29 35 3 92 17 39 53 22 55 20 98 36 18 85 68 11 86 80 33 52 23 59 64 94 58 75 27 91 81 67 56 73 96 74 88 12 79 76 97
1 24
1 54
1 34
1 66
24 65
24 62
54 36
54 56
54 76
66 6
66 55
6 7
6 20
6 33
6 73
2 90
2 30
2 5
2 65
90 23
90 97
65 17
65 94
21 43
21 26
21 92
21 59
21 75
43 35
43 98
30 26
30 12
47 62
47 8
62 27
69 51
51 26
51 91
26 64
78 25
78 0
78 22
78 50
25 79
57 37
57 0
57 53
57 85
8 3
0 68
95 50
95 88
84 5
84 53
84 86
84 11
84 67
5 29
29 39
3 18
39 96
80 33
52 23
58 75
58 81
81 74