18 95 19 56 94 28 54 75 78 27 47 66 50 79 90 12 69 42 70 37 92 46 83 21 86 3 45 15 49 1 34 7 73 20 41 11 74 26 60 58 48 30 61 84 67 96 43 35 65 39 22 44 32 57 4 71 52 23 93 31 82 87 76 33 62 63 29 53 91 85 55
18 95
18 56
18 94
95 19
95 78
95 62
56 12
94 28
28 54
28 47
28 29
54 75
54 50
54 44
78 27
47 66
50 79
50 90
12 69
69 42
69 26
42 70
42 60
70 37
70 71
37 92
37 52
92 46
92 7
92 73
92 55
46 83
46 86
83 21
83 3
83 58
21 23
86 15
3 45
3 48
45 1
45 20
15 49
15 41
49 34
1 11
7 74
73 96
73 53
74 91
26 93
60 35
48 30
48 67
30 61
30 84
84 65
96 43
43 39
35 31
39 22
44 32
44 57
32 4
71 33
31 82
31 87
87 76
62 63
91 85