51 52 36 37 49 50 80 81 40 41 84 85 97 98 75 76 87 88 86 96 55 56 20 21 92 93 45 46 94 0 1 53 19 89 90 54 61 62 79 74 95 60 99 2 3 59 22 28 29 25 26 48 67 68 57 33 34 12 13 38 44 16 17 73 35 27 39 18 23 24 7 8 5 6 58 31 32 14 70 71 11 9 82 83 30 15 10 66 4 65 72 69 63 43 42 91 47 64
51 52
51 50
52 53
36 37
36 35
37 38
49 50
49 48
80 81
80 79
81 82
40 41
40 39
41 42
84 85
84 83
85 86
97 98
97 96
98 99
75 76
75 74
87 88
87 86
88 89
96 95
55 56
55 54
56 57
20 21
20 19
21 22
92 93
92 91
93 94
45 46
45 44
46 47
94 95
0 1
0 99
1 2
53 54
19 18
89 90
90 91
61 62
61 60
62 63
74 73
60 59
2 3
3 4
59 58
22 23
28 29
28 27
29 30
25 26
25 24
26 27
48 47
67 68
67 66
68 69
57 58
33 34
33 32
34 35
12 13
12 11
13 14
38 39
44 43
16 17
16 15
17 18
73 72
23 24
7 8
7 6
8 9
5 6
5 4
31 32
31 30
14 15
70 71
70 69
71 72
11 10
9 10
82 83
66 65
65 64
63 64
43 42