9 52 10 56 55 17 76 36 38 1 28 7 46 12 61 4 37 50 77 88 86 0 25 26 29 5 40 3 34 27 43 85 6 19 82 39 47 63 42 89 72 44 92 41 31 14 67 35 62 64 30 87 8 49 84 58 78 65 57 70 97 90 23 94 33 48 68 18 79 22 95 73 16
9 52
52 86
52 76
52 58
10 56
10 55
56 27
56 77
56 72
17 76
17 77
17 78
76 42
76 82
36 38
36 3
36 67
38 4
38 87
38 65
1 28
1 29
1 30
28 77
28 57
7 46
7 48
46 70
46 37
12 61
12 62
61 88
4 37
4 39
37 84
37 95
50 77
50 8
77 92
0 25
25 29
25 89
26 29
26 73
29 35
5 40
5 41
40 39
3 34
3 35
34 33
43 85
43 6
6 44
19 82
39 47
39 64
39 90
63 31
44 35
92 22
31 30
14 67
62 78
30 68
87 79
8 49
49 97
23 94
23 95
18 79
73 16