3 11 24 34 12 18 23 8 5 19 36 1 20 41 43 79 13 68 21 15 38 46 0 53 14 29 31 57 22 65 27 4 42 16 59 72 10 7 45 26 49 75 76 51 94 55 93 30 63 2 17 52 56 71 28 88 77 58 98 91 99 60 95 86 44 81 6
3 11
3 79
3 68
3 72
11 36
11 22
24 34
24 13
24 57
24 71
34 19
34 23
34 31
34 27
12 18
12 1
12 10
12 55
18 23
18 93
23 46
23 59
8 5
8 21
8 14
5 43
5 31
5 76
5 45
19 15
19 17
36 14
36 63
36 7
36 91
1 41
1 75
20 41
41 30
43 28
79 26
13 77
15 42
38 46
38 53
38 86
38 81
46 29
46 4
0 53
14 99
31 2
57 49
22 65
27 44
42 58
16 59
16 51
16 94
16 88
59 60
49 95
30 52
52 56
28 98
58 6