9 11 8 4 25 0 65 38 29 16 60 7 52 10 36 57 12 23 66 55 24 81 21 17 53 20 42 13 37 3 54 41 45 76 92 47 96 63 89 95 18 14 22 15 94 19 49 1 35 71 80 26 46 31 6 2 72 61 28 85 86 67 75 83 58 82 70 98 32
9 11
9 92
9 95
9 65
9 86
11 25
11 66
8 4
8 38
8 7
8 23
8 16
8 96
8 22
8 19
8 98
25 18
25 46
25 70
25 32
0 65
0 16
0 81
0 76
0 89
0 14
0 41
0 75
65 29
65 47
16 60
16 42
16 45
16 63
16 15
16 94
16 85
7 52
7 36
52 10
52 49
36 20
36 2
57 12
57 37
12 21
23 3
55 24
24 80
21 17
17 14
53 20
53 35
13 37
37 71
54 41
54 83
54 82
41 72
89 1
18 80
22 26
35 6
71 31
80 28
6 67
72 61
72 58