18 81 15 70 9 53 52 71 7 46 25 39 4 37 36 54 79 91 20 86 2 31 32 27 62 21 88 5 23 94 50 1 28 22 92 47 19 82 0 72 11 58 96 49 89 3 34 85 41 14 63 17 26 80 60 68 64 95 51 67 97 43 93 6 29 38 48 59 44 74 24 16 55 12 78
18 81
18 79
18 80
81 71
81 50
81 85
15 70
15 71
15 72
9 53
9 52
9 54
52 27
71 47
7 46
7 47
7 48
46 92
25 39
25 91
25 0
39 31
39 63
39 4
39 95
4 37
37 97
37 74
36 64
36 3
20 86
20 85
86 68
2 31
2 32
32 92
32 29
27 62
27 0
62 41
62 12
21 88
21 89
88 28
5 41
23 94
23 96
23 95
50 60
1 28
1 29
28 34
22 92
22 93
19 82
82 26
0 26
11 58
11 59
58 41
96 51
49 89
3 34
85 55
14 68
14 67
17 78
26 44
97 24
43 93
43 6
29 38
74 16
55 78