6 9 3 12 15 0 18 10 13 16 11 14 17 19 21 7 20 8 22 23 24 25 26 27 28 29 4 30 5 31 32 33 34 35 36 37 38 39 40 41 42 43 44 45 46 47 48 1 49 2 50 51 52 53 54 55 56 57 58 59 60 61 62 63 64 65 66 67 68 69 70 71 72 73 74 75 76 77 78 79 80 81 82 83 84 85 86 87 88 89 90 98 91 99 92 93 95 96
6 9
6 3
9 12
3 0
12 15
15 18
18 21
10 13
10 7
13 16
16 19
11 14
11 8
14 17
17 20
19 22
21 24
7 4
20 23
8 5
22 25
23 26
24 27
25 28
26 29
27 30
28 31
29 32
4 1
30 33
5 2
31 34
32 35
33 36
34 37
35 38
36 39
37 40
38 41
39 42
40 43
41 44
42 45
43 46
44 47
45 48
46 49
47 50
48 51
1 98
49 52
2 99
50 53
51 54
52 55
53 56
54 57
55 58
56 59
57 60
58 61
59 62
60 63
61 64
62 65
63 66
64 67
65 68
66 69
67 70
68 71
69 72
70 73
71 74
72 75
73 76
74 77
75 78
76 79
77 80
78 81
79 82
80 83
81 84
82 85
83 86
84 87
85 88
86 89
87 90
88 91
89 92
90 93
98 95
99 96
92 95
93 96