4 5 3 7 21 6 8 9 63 64 36 37 20 49 50 29 43 79 78 60 16 17 75 84 26 18 19 38 35 74 83 24 25 48 11 27 39 47 23 44 81 82 10 13 67 72 28 51 58 80 77 0 32 73 59 14 69 42 95 92 22 30 46 61 88 70 2 66 57 55 86 62 87
4 5
4 3
4 21
4 20
5 7
5 6
5 60
5 8
3 2
3 59
7 58
8 9
8 24
63 64
63 59
64 69
36 37
36 11
36 39
37 35
20 18
49 50
49 48
50 51
29 43
29 26
29 44
29 30
43 42
79 78
79 80
79 70
79 95
78 72
60 61
16 17
17 18
75 84
75 69
75 88
84 73
84 86
26 18
26 27
26 28
18 19
18 22
19 32
38 35
35 46
74 83
74 87
83 82
24 25
24 23
24 10
48 47
11 13
39 47
81 82
81 77
10 13
13 14
67 72
67 66
72 73
58 55
58 62
58 57
80 77
0 32
95 92