88 54 53 62 66 25 43 57 77 7 31 4 9 46 22 70 99 28 3 48 72 98 40 51 10 49 5 52 91 18 39 76 64 67 69 33 60 13 97 35 65 96 47 24 23 90 36 30 32 45 85 21 15 87 68 61 93 29 63 20 59 84 92 44 55
88 54
88 53
54 90
53 62
53 66
53 25
53 57
53 77
62 43
62 61
25 5
25 93
43 36
77 7
7 31
7 4
7 29
31 52
31 91
31 30
4 9
4 48
4 98
4 32
9 46
9 85
9 63
9 55
46 22
46 18
46 76
22 70
22 99
22 49
22 87
99 28
99 3
48 72
48 67
98 40
40 51
51 10
18 39
18 96
18 68
76 64
67 69
69 33
69 60
69 13
69 35
60 97
60 59
13 65
13 24
96 47
24 23
32 45
32 84
85 21
85 15
68 92
63 20
63 44