9 51 66 68 29 91 24 81 13 59 11 55 50 52 61 63 0 33 27 87 34 3 39 14 62 92 12 57 44 85 40 18 69 2 31 16 95 58 21 75 5 19 71 15 76 96 7 82 6 45 32 98 88 67 26 17 25 84 77 8 49 23 80 30 41 22 10 54 56 20 60 48 1 64 72 4 37 38 97 53
9 51
9 12
9 23
9 11
9 52
66 68
66 16
29 91
29 92
29 2
24 81
24 82
13 59
13 16
11 55
11 0
50 52
61 63
63 15
0 33
0 34
27 87
27 7
27 88
27 3
27 20
87 85
3 39
3 40
3 17
3 32
3 15
3 8
39 37
14 62
14 25
14 6
62 64
12 57
12 58
12 2
12 18
12 10
44 5
85 26
40 38
18 69
18 1
69 71
2 31
31 95
31 96
16 10
58 60
21 75
21 76
21 6
5 30
5 19
19 71
19 72
15 64
7 48
82 84
6 45
32 98
32 10
32 4
32 97
67 17
25 84
77 22
8 49
23 80
41 4
22 1
10 54
10 53
54 56