1 15 76 62 86 83 0 49 84 56 46 5 18 72 29 73 81 6 53 19 79 16 2 58 54 31 21 10 64 74 65 80 45 61 44 41 22 50 3 47 35 75 67 12 37 78 52 91 9 82 25 68 32 77 92 11 17 88 28 57 90 66 87 30 60 7 42 13 55 70 51
1 15
1 86
1 62
15 72
15 58
15 47
15 32
76 62
76 2
62 22
86 83
86 64
86 55
83 16
83 78
83 88
83 90
0 49
0 84
0 31
49 46
49 50
84 56
84 82
84 25
56 65
56 72
5 18
5 67
18 73
18 58
72 81
29 73
29 61
73 52
73 57
81 10
81 30
6 53
6 28
6 35
53 25
19 79
19 21
16 54
16 87
16 37
54 68
21 44
10 3
10 9
64 70
74 65
65 44
65 11
80 45
80 41
45 22
61 92
44 77
35 75
12 37
12 17
52 91
9 7
77 60
92 42
90 66
7 13
55 51