1 4 0 6 29 2 28 13 31 11 33 32 26 15 9 35 7 20 53 57 54 3 75 38 55 16 34 60 72 39 73 40 12 36 56 62 14 78 58 5 46 24 37 77 22 44 61 42 79 23 81 30 65 84 83 41 82 85 27 88 86 47 90 68 91
1 4
1 31
1 32
1 54
1 55
1 57
1 56
1 58
1 61
1 62
1 65
1 68
0 6
0 33
0 32
0 35
0 38
0 34
0 39
0 36
0 37
0 40
0 44
0 42
0 46
0 41
0 47
6 29
6 11
2 28
2 13
2 33
2 15
2 53
2 75
2 72
2 73
2 78
2 77
2 79
2 81
2 84
2 83
2 82
2 85
2 88
2 86
2 90
2 91
13 26
13 9
31 30
11 60
11 22
11 23
35 5
7 20
7 57
20 3
16 23
40 12
62 14
46 24
27 68