17 18 37 39 23 24 26 95 96 98 52 54 25 27 69 70 55 75 77 71 57 59 48 49 61 63 83 84 5 6 60 62 92 93 74 45 47 15 88 90 41 42 67 10 12 78 80 28 72 19 21 22 58 50 30 13 7 9 2 32 33 76 51 73 40 64 31 34 3 79 44 43 81 29 65 66 68 53 46 36 87 85 56 35 38
17 18
17 15
18 19
37 39
37 36
39 40
23 24
24 26
24 25
24 22
95 96
95 93
96 98
52 54
52 51
54 55
54 53
25 27
27 28
69 70
69 71
69 67
69 68
70 72
55 57
75 77
75 74
75 73
77 78
57 59
57 58
57 56
48 49
48 50
48 47
61 63
61 60
63 64
63 65
83 84
83 81
84 85
5 6
5 3
6 7
60 62
60 58
92 93
92 90
74 72
45 47
45 44
45 43
45 46
15 13
88 90
88 87
41 42
42 40
42 44
10 12
10 9
12 13
78 80
78 76
78 79
28 30
19 21
21 22
50 51
30 29
30 31
7 9
2 3
32 33
33 31
33 34
34 36
79 81
65 66
66 68
36 35
36 38
87 85