10 23 12 4 39 11 9 21 36 1 17 42 0 57 5 69 28 6 18 75 97 56 14 3 47 15 96 25 61 49 40 27 59 2 7 33 58 81 74 31 70 45 55 93 77 68 48 46 78 16 73 67 30 91 89 94 62 85 72 20 44 43 71 92 84 19 80 95 98
10 23
10 21
10 6
10 96
10 61
10 14
10 73
23 84
12 4
12 42
12 69
12 28
12 45
12 89
12 95
12 98
4 9
4 97
4 72
39 11
39 17
39 56
39 15
39 93
39 94
11 9
11 25
21 48
36 1
36 0
36 14
36 70
1 74
42 19
0 57
57 5
5 75
28 33
28 55
28 91
18 27
97 58
97 61
97 46
97 59
97 85
56 71
3 47
3 2
47 30
61 40
49 40
49 67
49 80
27 59
59 77
59 20
2 7
7 31
81 91
74 31
74 68
78 16
16 30
73 44
91 62
62 43
20 92