23 31 92 9 59 7 71 20 39 36 5 40 79 4 8 6 34 13 18 43 50 2 10 25 35 44 21 12 19 17 80 78 49 60 52 0 53 27 29 51 55 56 26 15 24 54 73 61 76 46 48 11 72 41 68 94 57 91 64 66 37 70 3 81 69 86 84 14 85 95 16 83 90 63 77 62 30 22 88 93
23 31
23 94
31 5
31 40
31 69
92 9
92 20
9 7
9 44
9 56
59 7
71 20
71 54
20 19
20 27
20 26
20 62
20 30
39 36
39 50
39 72
36 93
5 25
5 95
40 61
79 4
79 51
4 49
8 6
8 52
8 68
6 76
34 13
34 78
34 2
18 43
18 91
43 51
50 52
2 10
25 35
25 26
25 57
35 29
35 51
35 80
44 21
44 46
44 90
21 12
21 70
12 73
19 78
19 41
17 80
17 53
80 16
78 0
49 85
60 73
52 15
52 77
29 83
55 56
55 72
26 3
26 14
24 3
61 63
46 48
46 81
48 11
11 22
72 64
68 37
57 88
64 66
86 84
84 90