45 6 5 43 47 7 4 41 49 8 3 39 51 9 2 37 53 10 1 35 55 11 57 12 59 13 61 14 63 15 65 16 67 17 69 18 71 19 73 20 75 21 77 22 79 23 81 24 83 25 85 26 87 27 89 28 91 29 93 30 95 31 97 32 99 52 54 0 56 58 60 62 64 66 68 70 72 74 76 78 80 82 84
45 6
45 5
6 47
5 43
43 4
47 7
7 49
4 41
41 3
49 8
8 51
3 39
39 2
51 9
9 53
9 52
2 37
37 1
53 10
10 55
10 54
1 35
35 0
55 11
11 57
11 56
57 12
12 59
12 58
59 13
13 61
13 60
61 14
14 63
14 62
63 15
15 65
15 64
65 16
16 67
16 66
67 17
17 69
17 68
69 18
18 71
18 70
71 19
19 73
19 72
73 20
20 75
20 74
75 21
21 77
21 76
77 22
22 79
22 78
79 23
23 81
23 80
81 24
24 83
24 82
83 25
25 85
25 84
85 26
26 87
87 27
27 89
89 28
28 91
91 29
29 93
93 30
30 95
95 31
31 97
97 32
32 99