12 58 13 59 20 73 2 38 46 77 79 0 34 33 25 83 30 10 53 17 67 55 15 63 47 18 70 21 75 8 49 23 31 69 29 91 72 24 86 94 48 50 11 54 85 19 40 4 41 7 26 32 42 92 9 57 68 1 35 22 64 80 43 3 66 14 27 76 28 36
12 58
12 32
12 27
13 59
13 23
13 17
59 57
20 73
20 4
73 75
2 38
2 9
38 40
46 48
77 79
77 22
79 23
0 34
0 33
0 24
0 30
33 35
25 83
25 7
30 94
10 53
10 54
10 3
53 55
17 67
17 31
17 26
17 68
17 7
55 11
15 63
15 8
15 64
15 1
47 7
18 70
18 69
18 1
18 23
70 72
21 75
21 11
21 1
21 27
21 76
8 49
8 50
8 19
23 80
29 91
29 92
29 7
86 26
48 7
85 26
40 3
4 41
4 42
4 14
41 43
68 66
1 35
1 28
1 36