9 54 29 1 30 58 11 59 60 99 90 62 12 63 24 97 98 21 88 61 38 89 4 36 3 35 34 66 13 65 40 5 73 16 75 72 15 71 70 74 25 0 27 26 94 23 92 22 93 77 17 57 10 69 14 79 18 81 43 6 32 2 83 19 84 82 51 8 86 20 46 7
9 54
54 29
29 1
1 30
30 58
58 11
11 59
11 60
59 66
60 99
99 90
99 24
99 83
90 62
90 21
62 12
12 63
12 61
24 97
24 98
97 32
98 38
21 88
21 89
61 36
38 4
36 3
36 73
3 35
3 34
35 86
66 13
66 69
13 65
65 40
40 5
73 16
16 75
16 74
75 72
72 15
15 71
15 70
71 77
74 25
74 92
74 46
25 0
25 57
0 27
0 26
26 94
94 23
92 22
22 93
77 17
77 79
57 10
69 14
79 18
18 81
81 43
43 6
32 2
83 19
19 84
19 82
82 51
51 8
86 20
46 7