48 3 73 52 41 53 39 11 38 70 49 87 93 96 63 23 8 32 66 79 99 89 92 61 88 68 83 20 0 74 97 7 36 64 75 17 82 50 21 90 4 1 42 6 47 86 51 27 37 34 14 26 62 81 10 31 59 54 65 28 24 16 69 40 46 77 12 60 13 33 25 84 98 58
48 3
48 73
73 52
52 41
52 53
53 39
39 11
39 99
11 38
11 70
11 49
38 87
49 63
49 89
87 93
93 96
63 23
63 66
23 8
23 40
8 32
66 79
89 92
92 61
92 68
92 42
61 88
68 83
68 0
83 20
83 33
0 74
74 97
74 47
97 7
7 36
7 90
36 64
36 21
36 4
64 75
64 17
75 82
17 27
82 50
21 1
90 60
1 6
47 86
86 51
27 37
37 34
34 14
34 62
14 26
26 31
62 81
62 28
81 10
31 59
59 54
54 65
28 24
28 16
16 69
40 46
40 58
46 77
77 12
60 13
33 25
25 84
84 98