83 82 0 1 11 10 19 6 57 56 23 24 59 58 15 16 18 38 37 13 14 27 28 12 96 53 26 61 3 4 17 22 60 20 92 93 7 95 32 33 5 86 25 89 49 50 68 67 70 69 2 43 91 94 71 81 29 30 44 74 35 63 98 46 41 66 9 34 79 42 8 62 40 48
83 82
83 19
82 81
82 29
0 1
0 89
0 98
1 2
11 10
11 6
11 12
10 26
10 9
19 18
19 20
6 7
6 5
57 56
57 15
57 58
23 24
23 53
23 22
24 25
59 58
59 60
58 67
15 16
15 14
16 17
16 91
18 61
18 17
38 37
38 5
13 14
13 96
13 12
14 43
27 28
27 26
12 41
96 95
26 25
61 62
3 4
3 2
4 5
20 46
92 93
92 32
93 94
95 94
32 33
33 34
86 30
25 74
49 50
49 48
68 67
68 69
67 66
70 69
70 71
43 44
43 42
29 30
35 34
63 62
63 48
41 40
66 79
9 8