2 89 88 50 91 87 96 18 6 52 3 39 19 84 73 28 7 36 12 27 41 76 32 97 29 64 22 15 62 47 20 78 60 10 49 92 90 23 61 30 37 48 25 34 57 75 79 99 0 82 77 1 93 46 17 72 59 67 53 65 33 95 86 40 43 51 63 94 69 56
2 89
2 88
88 50
50 91
50 87
91 3
87 96
96 18
18 6
6 52
3 39
39 19
39 84
84 73
84 47
84 75
84 79
73 28
73 36
73 32
28 7
7 76
36 12
36 27
12 97
12 25
12 93
27 41
76 29
76 62
32 0
29 64
29 22
29 60
29 63
64 15
64 20
64 46
15 49
20 78
20 57
20 82
78 43
60 10
60 77
49 92
92 90
90 23
90 61
90 94
23 30
30 37
37 48
25 34
57 69
79 99
77 1
77 51
46 17
46 72
72 59
72 67
72 40
59 53
53 65
53 33
33 95
95 86
69 56