10 19 32 14 8 3 2 92 7 40 17 0 45 11 20 51 68 80 50 89 13 67 31 9 99 6 27 74 98 76 94 25 85 79 88 21 44 28 39 62 75 66 64 72 82 54 84 46 37 12 29 58 73 53 26 63 1 95 34 69 15 87 47 36 52 97 57 83 93
10 19
10 0
10 79
10 44
19 92
19 94
19 46
32 14
32 80
32 88
14 74
8 3
8 0
8 98
3 68
3 73
3 26
2 92
2 27
2 76
92 17
92 51
7 40
7 17
40 82
17 80
0 20
0 50
0 9
45 11
45 84
45 58
45 95
11 76
51 47
51 93
68 83
80 21
89 13
89 6
67 31
67 1
31 9
31 63
9 99
9 85
99 75
99 54
6 94
76 15
94 69
25 53
25 58
85 28
85 64
85 52
44 57
39 62
39 34
75 36
66 64
66 37
66 12
64 29
72 26
37 97
1 87
95 34