50 51 52 0 1 53 2 3 5 54 4 55 91 56 6 7 8 71 58 9 10 59 25 26 27 57 60 28 29 30 31 32 33 34 61 35 62 63 64 65 66 67 68 69 74 75 18 73 72 81 19 13 44 76 36 90 11 12 14 15 16 17 45 22 40 23 37 77 78 79 48
50 51
50 52
50 53
50 54
50 55
50 56
50 58
50 59
50 57
50 60
50 25
0 1
0 2
0 3
0 5
0 4
0 6
0 7
0 8
0 71
0 9
0 10
0 18
1 11
2 12
3 13
4 14
91 90
6 15
7 16
71 72
71 44
71 57
9 17
25 26
25 27
25 28
25 29
25 30
25 31
25 32
25 33
25 34
25 35
25 22
26 36
60 61
60 81
61 62
62 63
63 64
64 65
65 66
66 67
67 68
68 69
74 75
74 73
75 76
18 19
73 72
81 90
44 45
44 40
76 77
36 37
45 48
22 23
77 78
78 79