31 63 20 41 11 24 3 7 16 15 32 6 14 23 48 4 9 10 30 25 51 36 1 33 67 8 18 21 35 0 2 13 27 44 90 22 46 17 34 70 5 12 56 40 81 28 39 42 43 87 19 47 37 45 83 38 29 26 89 84 85 49
31 63
31 15
20 41
20 9
20 42
41 83
41 84
11 24
11 5
11 23
24 49
3 7
3 8
3 1
7 16
7 15
16 34
16 33
15 32
6 14
6 2
6 13
14 30
14 29
23 48
23 47
4 9
4 10
4 1
9 19
10 21
10 22
25 51
25 12
36 17
1 0
33 67
8 18
8 17
18 38
18 37
21 44
21 43
35 17
0 2
2 5
13 27
13 28
27 56
44 90
44 89
22 46
22 45
34 70
5 12
12 26
40 81
40 19
39 19
42 85
43 87