0 1 36 3 26 46 82 53 10 44 83 85 84 47 56 42 23 57 48 50 18 49 88 59 89 45 52 90 12 51 86 35 54 11 91 4 8 61 19 62 32 68 28 65 55 92 58 96 87 38 17 16 63 67 66 64 40 93 25 5 70 43 69 71 73 74 97 78 76 80
0 1
0 36
0 46
0 47
0 56
0 57
0 48
0 50
0 49
0 59
0 53
0 45
0 52
0 51
0 54
0 62
0 65
0 55
0 58
0 61
0 68
0 63
0 67
0 66
0 64
0 70
0 69
0 71
0 73
0 74
0 78
0 76
0 80
1 82
1 44
1 83
1 85
1 84
1 88
1 89
1 86
1 91
1 90
1 92
1 96
1 87
1 93
1 97
36 3
36 26
26 35
26 5
53 10
10 18
47 4
42 23
42 32
42 40
23 65
59 17
90 12
51 8
54 11
11 38
4 43
61 19
68 28
58 16
67 25