95 6 0 4 17 80 97 72 23 94 81 24 43 9 83 86 38 14 27 77 42 37 1 21 78 20 98 29 67 11 15 35 39 33 99 3 88 13 52 82 28 63 61 49 74 34 90 16 89 18 68 87 44 93 59 51 53 45 40 30 58 2 91 55
95 6
95 0
95 97
95 72
95 42
0 80
0 81
0 23
0 35
4 17
17 77
17 44
97 20
72 43
72 74
72 51
23 94
23 37
81 9
81 39
81 87
81 91
24 43
24 77
24 1
43 21
43 28
43 34
43 89
43 40
83 38
86 38
86 3
86 18
38 78
38 68
14 27
14 61
27 39
77 49
77 90
21 33
21 67
21 99
78 29
78 15
78 67
78 82
20 98
98 52
98 53
29 30
67 11
67 59
67 16
99 2
88 13
88 16
28 63
34 58
18 93
87 55
59 45