11 58 66 13 64 85 20 86 37 4 38 39 88 21 62 97 24 99 98 94 23 96 95 63 12 70 15 71 68 14 67 69 33 2 32 31 61 55 42 5 82 19 48 7 46 47 51 8 50 49 77 17 76 36 3 34 35 78 44 6 45 25 0 73 16 74 75 93 22 92 56 10 57 30 1 81 18 53 9
11 58
58 66
66 13
13 64
64 85
85 20
20 86
86 37
37 4
4 38
4 39
38 88
39 62
88 21
62 97
62 94
62 73
97 24
24 99
24 98
98 48
94 23
23 96
23 95
96 68
96 81
95 63
95 70
95 55
63 12
70 15
15 71
71 42
68 14
14 67
14 69
69 33
33 2
2 32
2 31
32 61
31 82
42 5
82 19
48 7
7 46
7 47
47 51
51 8
51 77
8 50
8 49
77 17
77 36
17 76
17 78
36 3
3 34
3 35
35 30
78 44
78 25
44 6
6 45
45 93
25 0
73 16
16 74
16 75
93 22
93 53
22 92
92 56
56 10
10 57
30 1
81 18
53 9