0 64 77 42 39 56 62 87 70 68 92 31 74 65 75 85 83 24 6 8 16 60 40 84 11 55 26 5 46 88 12 44 59 93 28 51 41 17 13 25 90 63 71 81 7 4 72 20 1 19 45 78 52 15 22 48 53 96 3 69 27 30 29 86 91 97 21 2 76
0 64
64 77
64 42
64 29
42 39
42 56
42 62
42 53
62 87
62 70
62 5
87 68
70 46
68 92
92 31
92 65
92 75
92 96
31 74
31 85
31 12
65 83
75 44
75 59
75 93
85 24
85 69
83 8
24 6
24 60
24 17
24 76
6 55
6 26
8 16
60 40
60 84
40 97
84 11
84 2
46 88
46 90
12 63
12 27
93 28
28 51
28 41
51 71
17 13
17 81
13 25
25 7
25 19
7 4
7 45
4 72
72 20
20 1
20 91
1 30
45 78
45 52
52 15
15 22
22 48
96 3
29 86
97 21