86 94 80 58 47 50 3 10 27 34 44 82 65 64 98 36 56 18 81 23 97 54 12 51 7 19 14 61 42 75 16 39 74 53 55 37 52 30 33 89 71 87 59 24 15 67 13 25 92 48 69 57 41 21 60 68 35 83 26 49 0 72 77 96 20 2 6 29 31 9 17 95
86 94
86 37
86 57
94 27
94 80
80 58
80 82
58 3
58 10
58 18
58 42
47 50
47 36
50 34
50 75
50 53
50 30
50 68
50 15
3 97
10 25
10 69
27 65
44 82
82 54
65 52
64 98
64 81
98 74
36 56
36 16
81 19
23 97
23 87
97 49
97 26
54 16
12 51
12 92
12 30
51 29
7 19
14 61
14 42
42 39
42 33
42 59
42 72
42 96
75 74
39 6
74 0
53 31
55 37
37 21
37 9
30 83
89 71
89 59
59 60
24 15
24 41
67 13
67 26
13 48
13 95
92 77
60 2
35 49
83 20
83 17