91 23 34 42 3 19 28 2 8 82 25 5 70 56 29 13 96 1 17 11 88 53 83 69 64 48 15 16 76 21 6 60 41 18 72 86 49 14 36 62 24 20 61 78 85 95 58 87 97 93 4 10 39 51 89 68 54 67 35 38 92 33 27 75 46 57 79
91 23
91 92
23 70
23 96
34 42
34 17
34 85
34 67
42 10
3 19
3 96
19 28
19 60
19 75
28 11
28 36
2 8
2 78
82 25
82 1
5 70
5 13
5 6
70 24
56 29
56 41
56 1
13 38
13 27
96 1
96 20
1 93
1 4
1 35
17 64
11 15
11 61
11 95
88 53
88 62
88 54
83 69
69 18
69 72
69 60
69 89
64 48
64 6
64 76
64 97
15 16
16 49
76 21
76 14
6 62
6 51
72 33
86 49
62 87
78 85
78 58
95 57
95 79
39 51
68 54
38 46