55 56 36 37 30 31 22 23 35 28 29 24 25 43 44 32 54 12 13 20 21 14 45 19 46 47 57 18 38 34 94 95 71 72 48 27 74 75 93 17 83 84 63 64 7 8 65 66 5 6 90 91 40 41 42 51 52 50 15 58 39 73 49 85 59 60 61 92 16 62 82 1 2 33 99 10 11 53 76 3 96 26 69 70 86 4 9 77 78 67 89 68 97 98 87 81 88
55 56
55 54
56 57
36 37
36 35
37 38
30 31
30 29
31 32
22 23
22 21
23 24
35 34
28 29
28 27
24 25
25 26
43 44
43 42
44 45
32 33
54 53
12 13
12 11
13 14
20 21
20 19
14 15
45 46
19 18
46 47
47 48
57 58
18 17
38 39
34 33
94 95
94 93
95 96
71 72
71 70
72 73
48 49
27 26
74 75
74 73
75 76
93 92
17 16
83 84
83 82
84 85
63 64
63 62
64 65
7 8
7 6
8 9
65 66
66 67
5 6
5 4
90 91
90 89
91 92
40 41
40 39
41 42
51 52
51 50
52 53
50 49
50 99
15 16
58 59
85 86
59 60
60 61
61 62
82 81
1 2
2 3
99 98
10 11
10 9
76 77
3 4
96 97
69 70
69 68
86 87
77 78
67 68
89 88
97 98
87 88