13 27 0 14 55 17 23 6 40 64 2 26 38 3 39 21 30 10 8 52 59 22 48 4 71 93 15 73 63 98 11 24 50 92 29 28 37 41 56 43 32 7 44 70 66 20 81 75 45 62 46 88 68 84 80 69 57 78 94 72 77 76
13 27
13 0
13 6
13 40
13 64
13 2
13 71
13 92
27 30
0 14
0 23
0 38
0 73
0 22
0 43
14 32
14 7
14 81
14 84
55 17
55 6
55 26
55 52
55 59
55 4
55 56
55 45
55 88
23 39
23 21
23 11
23 28
23 44
23 46
6 78
2 29
26 94
38 3
38 8
38 57
38 72
3 63
3 98
21 24
30 10
8 75
59 93
22 48
22 50
48 80
4 41
93 15
98 76
24 37
41 68
56 62
56 69
70 66
70 20
70 45
57 77