94 33 20 15 50 52 49 84 93 36 61 46 88 4 70 21 86 90 28 39 44 41 29 97 53 9 30 87 16 43 92 11 85 72 82 22 68 55 27 34 63 24 73 17 80 23 60 10 45 58 19 65 83 75 2 91 74 47 25 38 56 54 99 98 57 40 42 64 31 6 12 35 89 14
94 33
94 52
94 61
33 20
33 15
33 42
15 50
50 93
50 36
50 72
52 49
49 84
84 55
61 46
61 90
61 27
61 31
46 88
46 86
46 60
88 4
4 70
70 21
70 29
86 58
86 6
90 28
90 41
28 39
28 44
39 97
97 53
97 9
97 30
53 11
9 85
30 87
87 16
87 89
16 43
16 19
16 2
16 91
43 92
92 25
92 38
72 82
72 22
22 68
22 35
68 56
27 34
27 14
34 63
63 24
24 73
73 17
17 80
80 23
60 10
10 45
19 65
19 83
65 75
65 98
75 12
91 74
91 57
74 47
38 40
56 54
54 99
42 64