19 71 82 84 89 91 27 88 15 63 6 46 13 59 34 29 21 0 26 60 4 42 70 72 9 52 5 25 8 10 54 87 20 30 93 17 68 28 32 18 90 74 76 24 69 12 31 95 48 53 65 1 22 77 14 3 2 67 73 11 56 51 23 7 78 43 47 35 96 83 41 62
19 71
19 20
19 7
19 4
71 69
82 84
82 24
84 25
89 91
89 28
91 29
27 88
27 87
27 25
27 13
15 63
15 5
6 46
6 22
46 48
13 59
13 60
34 0
29 25
29 2
21 0
21 11
0 3
26 22
4 42
4 9
4 41
70 72
70 18
9 52
9 8
9 51
5 25
5 43
25 18
25 83
10 54
10 53
54 56
20 30
20 73
20 74
30 93
30 11
30 23
93 95
17 68
17 24
17 67
28 32
28 90
18 69
18 1
18 14
74 76
12 1
31 95
31 96
48 7
65 67
1 35
22 77
22 78
14 62
11 56
7 47