83 5 87 1 48 21 90 67 91 62 13 66 64 45 39 53 79 6 46 38 40 70 63 76 52 26 4 20 23 16 81 18 3 34 36 22 31 92 12 75 30 32 71 9 77 61 19 25 73 44 11 94 43 78 65 68 59 80 58 82 15 86 29 42 8 41 72 28 85 88 84
83 5
5 87
87 1
87 90
1 48
1 23
48 21
90 67
90 85
67 91
67 62
67 63
67 26
91 20
62 13
62 8
13 66
13 70
66 64
64 45
64 39
39 53
39 79
39 43
79 6
6 46
6 42
46 38
46 40
46 94
40 4
40 36
70 81
63 76
76 52
26 18
4 72
23 16
23 11
23 86
16 3
3 34
3 61
36 22
36 31
36 75
22 92
22 12
22 59
75 30
75 32
30 58
32 71
32 77
71 9
9 44
61 19
19 25
25 73
73 82
43 78
43 65
78 68
59 80
82 15
86 29
8 41
8 88
8 84
72 28