0 24 32 2 35 54 41 5 10 37 25 1 36 67 43 30 70 42 68 65 63 64 9 11 44 4 62 66 75 58 3 72 77 20 59 17 38 27 71 22 81 76 74 82 73 78 84 69 16 55 79 7 90 89 52 87 80 12 85 92 86 91 39 56 94 97 50 96 95 40 98
0 24
0 2
0 25
0 67
0 70
0 68
0 63
0 64
0 62
0 66
0 75
0 72
0 65
0 71
0 81
0 76
0 74
0 82
0 73
0 78
0 84
0 69
0 77
0 79
0 89
0 87
0 80
0 85
0 92
0 86
0 91
0 94
0 96
0 95
0 97
0 98
24 32
24 35
24 54
24 41
2 43
41 90
5 10
5 37
5 42
5 65
37 30
25 9
1 36
1 62
67 7
30 27
70 12
42 22
64 4
9 11
9 58
11 56
44 4
44 3
75 17
77 20
20 59
59 16
38 27
16 55
16 40
7 52
89 39
97 50