7 25 14 27 1 82 2 70 4 54 42 35 63 26 84 21 49 9 46 75 32 72 22 64 69 83 68 55 45 10 91 17 86 50 23 18 29 65 67 24 37 8 31 20 5 28 0 12 39 41 6 40 15 48 19 16 56 3 94 11 13 36 71 96
7 25
7 42
7 9
7 2
7 15
25 83
14 27
14 50
14 31
14 9
1 82
1 8
1 6
1 40
1 48
1 5
1 0
2 70
2 55
2 19
2 3
2 32
2 0
4 54
4 12
4 94
4 11
4 23
4 0
42 56
35 63
35 24
26 84
26 68
26 23
21 49
21 22
21 3
49 65
9 16
9 18
46 75
46 45
32 72
32 64
22 28
64 69
45 20
10 91
10 5
17 86
17 0
17 39
23 37
18 29
65 67
24 11
8 71
20 15
39 41
19 96
3 13
3 36