94 95 49 59 90 91 0 1 98 99 9 8 88 11 7 80 92 89 22 10 19 29 39 70 12 81 77 21 74 75 47 57 5 6 2 93 78 72 87 18 20 23 84 50 60 4 17 27 33 13 3 34 48 16 24 15 28 67 40 38 31 25 32 42 51 61 52 44 43 14 53 54 55 26 41 35 62
94 95
94 93
94 84
49 59
49 39
49 48
90 91
90 80
91 92
91 81
0 1
0 10
1 11
98 99
98 88
99 89
9 8
9 19
8 7
8 18
88 77
11 22
7 6
7 17
80 70
92 93
22 12
22 21
22 23
22 33
22 32
10 20
19 29
29 39
29 28
39 38
70 60
12 2
12 13
81 72
77 78
77 87
77 67
21 31
74 75
74 84
47 57
47 48
57 67
5 6
5 4
5 15
6 16
2 3
18 27
23 24
50 60
50 40
50 51
60 61
4 3
33 34
33 43
13 14
34 44
34 35
15 25
31 41
25 26
32 42
42 52
51 52
52 53
52 62
44 54
54 55