0 13 52 20 34 30 31 28 70 56 11 19 68 49 46 9 64 83 76 51 74 7 48 24 73 1 16 57 36 75 92 2 53 54 6 91 25 40 35 12 81 18 26 94 71 8 80 42 27 65 41 58 77 84 59 38 93 33 95 66 90 82 96 98 37
0 13
0 83
0 81
0 71
13 80
13 38
52 20
52 73
52 1
52 58
20 30
20 18
20 94
20 98
34 30
34 46
34 51
34 16
34 54
30 11
30 33
31 28
31 64
31 83
28 49
28 6
70 56
56 1
11 9
11 68
11 82
19 68
19 66
68 25
68 36
68 74
68 95
49 93
46 75
46 77
83 76
74 7
74 2
74 26
74 90
7 92
7 84
7 96
48 24
48 81
48 8
24 65
57 36
36 12
2 40
53 54
6 91
25 81
40 35
81 42
80 41
42 27
58 59
82 37