3 10 11 46 47 32 34 48 23 24 52 54 13 2 0 30 35 20 14 21 6 9 15 18 5 8 38 39 7 31 19 16 1 22 50 49 36 45 27 44 25 82 83 29 33 4 57 58 26 84 59 28 37 43 40 86 68 66 69 56 87 12 76 64 63 72 61 65 71 70 75 85 41 42 60 51 17 81 78 80 79
3 10
3 11
3 0
3 4
10 13
10 2
11 20
11 21
11 18
46 47
46 43
46 42
47 48
47 56
47 51
32 34
34 30
48 57
23 24
23 27
23 22
23 26
24 25
52 54
52 51
13 14
13 16
0 1
30 35
30 29
30 33
30 28
35 36
35 39
35 50
20 22
14 15
14 8
6 9
6 5
6 8
9 19
8 7
8 28
38 39
38 31
19 45
19 44
1 12
50 49
49 57
82 83
82 75
82 81
83 84
57 58
58 59
84 85
37 43
43 40
40 41
86 68
86 87
68 69
66 69
66 65
56 71
56 60
87 76
12 17
76 75
64 63
64 65
63 61
72 71
61 60
71 70
81 80
78 79
80 79