50 51 84 85 74 75 86 49 78 79 83 48 87 67 68 80 73 76 47 46 77 9 10 82 35 36 52 8 61 62 60 11 12 56 57 55 1 88 71 72 66 28 29 7 81 89 33 34 70 93 94 54 30 63 53 91 92 45 69 97 98 39 40 2 3 4 27 96 37 5 6 95 90 59 13 19 20 38 64 25 26 58 65 14 15 32 31 22 23 24 16 21 18 41 17 42 44 43
50 51
50 49
51 52
84 85
84 83
85 86
74 75
74 73
75 76
86 87
49 48
78 79
78 77
79 80
83 82
48 47
87 88
67 68
67 66
68 69
80 81
73 72
76 77
47 46
46 45
9 10
9 8
10 11
82 81
35 36
35 34
36 37
52 53
8 7
61 62
61 60
62 63
60 59
11 12
12 13
56 57
56 55
57 58
55 54
1 2
88 89
71 72
71 70
66 65
28 29
28 27
29 30
7 6
89 90
33 34
33 32
70 69
93 94
93 92
94 95
54 53
30 31
63 64
91 92
91 90
45 44
97 98
97 96
39 40
39 38
40 41
2 3
3 4
4 5
27 26
96 95
37 38
5 6
59 58
13 14
19 20
19 18
20 21
64 65
25 26
25 24
14 15
15 16
32 31
22 23
22 21
23 24
16 17
18 17
41 42
42 43
44 43