20 96 34 19 26 5 88 6 18 7 12 10 93 3 1 59 54 90 64 23 45 52 13 80 8 9 0 15 58 27 46 33 2 32 48 70 49 89 81 42 17 69 30 86 67 55 29 14 50 4 11 77 56 44 28 85 87 31 71 82 97 37 25 65 62 60 22 41 95 72 68
20 96
96 34
96 19
96 23
34 5
19 26
5 88
5 6
5 18
5 7
5 50
5 65
5 60
6 80
6 72
18 3
7 12
7 93
7 64
12 10
12 45
12 9
12 58
12 85
93 90
3 1
3 13
3 14
1 59
1 54
1 52
90 44
90 22
80 8
9 0
9 15
0 27
27 46
46 33
46 2
33 86
33 4
2 32
2 48
2 70
2 49
2 42
2 69
2 67
48 89
70 28
89 81
89 30
42 17
69 55
55 29
29 56
4 11
11 77
28 95
85 87
85 25
87 31
87 82
31 71
82 97
97 37
65 62
62 41
72 68