1 5 6 55 56 51 10 60 24 22 74 72 7 0 57 23 73 17 67 36 86 48 37 9 59 44 94 50 98 28 87 78 31 81 69 33 83 38 32 82 18 68 49 88 39 30 80 77 34 84 27 89 19 42 92 43 93 35 70 99 85 20 54 46 96 40 90 14 47 97 64 41
1 5
1 7
1 0
5 6
5 10
55 56
55 51
55 60
51 57
51 50
51 48
24 22
24 23
24 17
24 36
74 72
74 73
74 67
74 86
7 9
57 59
17 9
17 18
17 19
17 20
67 59
67 68
67 70
36 44
36 48
36 28
36 34
36 35
36 46
86 94
86 98
86 78
86 84
86 85
86 96
48 37
48 38
48 49
48 39
9 14
59 54
59 64
44 31
44 33
44 32
44 42
44 43
44 47
94 81
94 83
94 82
94 92
94 93
94 97
98 87
98 88
98 89
98 99
28 27
78 69
78 77
31 30
31 40
31 41
81 80
81 90