16 68 44 82 0 61 56 9 93 2 6 59 20 81 99 67 63 40 23 75 49 34 41 50 32 88 62 55 86 65 90 58 87 28 60 1 46 29 92 66 95 35 33 11 26 24 91 71 39 79 72 21 13 74 25 96 69 43 5 3 54 97 37 42 53 47 27 76 48
16 68
16 49
68 44
68 40
68 93
68 27
44 41
44 95
44 25
82 0
0 32
0 26
0 21
61 56
61 37
56 34
56 96
9 93
9 88
9 53
93 1
93 97
93 47
2 6
2 87
59 20
59 67
59 81
59 33
81 99
81 50
81 62
81 3
99 39
99 29
63 40
63 62
63 11
23 75
75 1
34 1
41 65
50 32
50 55
50 60
50 92
55 66
86 65
86 46
65 74
90 58
90 72
58 29
87 28
87 1
28 24
1 13
46 91
29 76
95 35
95 42
33 71
24 5
91 69
39 79
39 43
3 54
54 48