73 67 7 94 55 60 41 68 10 2 25 29 64 6 75 51 21 59 42 30 18 46 4 13 32 79 88 78 53 43 33 9 8 19 77 62 45 97 81 63 92 28 65 36 44 35 11 90 38 93 49 23 15 5 57 50 91 80 83 14 69 48 40 12 26 70 86 89 24
73 67
73 64
73 29
7 94
7 75
7 63
94 46
55 60
55 51
60 75
41 50
68 10
68 13
68 86
10 65
2 25
2 4
2 81
25 36
25 5
25 70
64 9
6 75
6 57
75 45
21 33
59 33
59 90
42 30
42 9
30 19
18 46
18 32
18 78
18 12
46 77
13 15
32 28
79 88
79 62
79 49
88 77
88 65
88 38
78 43
53 28
53 97
9 92
9 35
9 50
8 19
8 65
8 14
8 24
77 91
77 83
92 23
65 36
65 89
44 86
35 69
11 90
11 5
11 80
38 93
57 48
80 26
69 40