39 58 30 19 24 6 48 87 59 94 22 75 82 12 61 31 91 63 9 40 77 29 3 41 88 21 38 54 14 36 4 20 10 33 17 89 95 96 37 2 71 34 80 26 1 13 85 90 16 98 53 8 97 74 73 92 15 79 70 32 23 99 93
39 58
39 87
39 61
58 30
58 12
19 24
19 91
24 9
24 77
24 53
6 48
6 31
48 59
48 94
48 2
87 88
94 34
22 75
22 63
75 40
75 37
82 41
82 89
82 74
12 71
12 16
12 77
91 70
63 36
40 38
77 2
29 3
29 85
3 36
3 74
21 38
21 73
54 14
54 97
54 95
36 4
36 80
36 13
36 33
4 23
20 10
10 93
33 17
89 8
95 96
95 2
95 15
95 79
2 26
2 98
2 92
34 80
80 90
26 93
1 13
13 32
99 93