29 34 35 41 28 52 22 23 17 16 21 15 50 56 53 63 51 54 58 49 20 14 9 8 4 2 3 11 10 5 13 12 26 19 33 32 31 24 30 25 38 36 37 42 43 44 95 96 91 92 97 18 39 46 47 48 6 0 1 7 87 84 83 80 88 79 57 27 40 45 55 75 60 61 62 98 94 93 90 86 64 67 68 65 74 82 81 77 76 73 69
29 34
29 35
29 22
29 50
29 51
34 41
35 28
41 52
41 40
22 23
22 17
22 21
17 16
21 15
15 20
50 56
56 53
56 63
63 60
51 54
54 58
54 49
58 57
58 75
20 14
20 13
14 9
9 8
9 4
8 2
4 3
4 11
11 10
10 5
13 12
13 26
12 19
12 18
12 6
26 33
26 32
26 31
33 27
32 38
31 24
24 30
24 25
30 36
38 39
36 37
36 42
36 43
37 44
44 95
95 96
96 91
91 92
91 87
92 97
39 46
46 47
46 45
47 48
6 0
6 1
6 7
87 84
87 55
84 83
83 80
80 88
80 79
60 61
61 62
61 64
62 98
98 94
98 74
94 93
93 90
90 86
86 82
64 67
64 68
68 65
68 69
82 81
81 77
77 76
76 73