3 91 94 35 36 57 61 7 54 81 82 53 12 13 78 44 45 42 46 48 50 47 4 63 19 23 66 69 86 85 32 33 40 49 41 76 79 56 30 31 87 92 71 74 17 34 73 43 39 60 65 77 20 51 55 59 15 37 21 70 27 28 58 72 11 16 96 88 62 75 26 38 29 52
3 7
91 94
91 86
35 36
35 30
35 40
36 41
36 37
57 61
57 54
57 53
57 56
57 58
57 62
61 60
61 65
61 66
7 4
7 12
7 11
54 51
54 55
81 82
82 78
82 79
82 87
82 86
53 50
53 52
12 13
12 17
78 77
78 75
44 45
45 47
45 40
42 46
42 39
46 48
46 43
48 50
47 49
63 62
19 23
23 20
23 26
66 69
69 73
69 70
86 85
32 33
33 34
76 79
76 74
30 31
30 34
30 27
30 26
30 29
87 92
87 88
92 96
71 74
71 72
17 21
34 39
34 38
73 75
60 59
20 16
15 11
27 28
11 16