63 64 62 73 74 71 72 59 60 12 90 91 15 65 92 3 4 25 26 50 51 37 38 61 8 80 81 84 24 95 96 17 79 11 18 32 33 39 40 35 36 9 20 21 53 86 56 57 97 87 14 22 31 70 93 89 49 2 66 27 29 30 54 75 43 44 28 47 48 67 68 82 34 52 76 83 0 78 98 77 41 42 69 46 5 45 23 6 58 55
63 64
63 62
63 65
62 61
73 74
74 72
74 75
71 72
71 70
71 69
59 60
59 58
60 61
12 11
12 14
90 91
90 89
91 92
15 17
15 14
65 66
92 93
3 4
3 2
4 5
25 26
25 24
26 27
50 51
50 49
50 48
51 53
37 38
38 39
38 36
8 9
8 6
80 81
80 79
81 82
84 86
84 83
24 23
95 96
95 93
96 97
17 18
79 78
11 9
18 20
32 33
32 31
32 30
33 35
39 40
39 41
35 36
35 34
20 21
21 22
53 54
53 52
86 87
56 57
56 54
56 55
57 58
97 98
87 89
22 23
2 0
66 68
27 28
27 29
29 30
75 76
75 77
43 44
43 42
44 45
47 48
47 46
47 45
67 68
68 69
82 83
78 77
41 42
5 6