47 15 63 92 27 91 76 5 6 70 24 94 23 10 9 81 20 93 48 57 99 60 64 88 86 67 87 7 77 80 89 61 59 44 28 3 2 74 0 39 49 21 12 36 97 55 72 42 95 43 32 33 31 78 85 30 54 8 37 25 13 98 22 58 62 52 83 84 29 4 51 1
47 15
47 63
63 92
63 27
63 31
63 30
63 25
92 91
91 76
91 5
91 6
76 9
76 48
6 70
70 24
70 98
24 94
24 23
23 10
23 4
9 81
9 20
9 93
9 83
48 57
48 88
48 89
57 99
57 60
57 87
99 44
60 64
60 7
60 61
88 86
86 67
87 95
7 77
77 80
77 54
61 59
44 28
44 32
28 3
28 42
28 62
3 2
3 29
2 74
2 0
2 39
2 49
2 12
39 97
39 52
49 21
21 43
12 36
36 72
97 55
32 33
31 78
78 85
54 8
8 37
25 13
98 22
22 58
83 84
4 51
51 1