2 4 98 43 71 87 32 69 20 16 85 86 42 54 28 14 76 70 51 61 84 91 11 6 57 92 99 60 81 36 96 41 31 53 63 7 17 12 83 44 10 90 77 39 66 40 37 13 29 56 38 34 58 68 49 65 94 24 48 33 19 93 52 75 46 35 27 80 79 23 50 22 88 97 62 78 47 72
2 4
2 70
4 63
98 43
98 65
98 86
71 87
71 20
71 91
87 53
87 62
32 69
32 44
32 23
32 12
69 51
69 91
20 99
16 85
16 11
16 28
16 34
85 51
86 42
86 41
86 10
42 61
54 52
54 78
28 14
28 6
76 70
76 91
76 96
61 84
61 60
84 22
6 46
57 92
57 29
92 31
99 17
81 83
36 96
36 48
36 52
96 37
41 27
31 68
53 50
7 17
12 83
12 80
83 24
44 10
10 79
10 72
90 40
90 13
90 38
90 33
77 39
77 75
66 88
13 29
29 56
56 19
34 58
68 49
68 35
49 65
94 24
94 47
48 93
52 75
75 88
23 97