29 16 37 12 7 59 42 36 40 31 43 11 60 17 48 54 73 6 38 4 8 33 15 41 57 2 63 0 86 26 55 53 3 25 10 20 1 47 23 18 32 28 21 58 22 44 14 13 68 72 56 49 9 27 92 30 35 77 99 70 82 94 88 80 64 62 89 97 98 93 65 76 78 74
29 16
29 59
16 37
16 12
12 7
59 42
59 36
36 40
40 31
31 43
31 11
43 15
43 2
11 60
60 17
17 48
17 73
48 54
48 6
6 38
6 65
38 4
4 8
4 63
8 33
15 41
41 57
63 0
0 86
0 26
0 72
0 92
0 77
0 99
0 70
0 82
0 94
0 88
0 80
0 64
0 62
0 89
0 97
0 93
0 76
0 78
0 74
26 55
26 53
26 3
53 98
3 25
3 1
3 23
25 10
10 20
10 68
1 47
1 30
47 56
23 18
18 32
18 58
32 28
32 21
32 22
32 44
32 13
44 14
56 49
49 9
9 27
30 35