<<<<<<< HEAD
29 30 11 8 7 46 47 48 49 45 12 13 10 9 14 15 16 27 17 26 25 24 23 22 21 20 4 3 2 19 5 6 1 34 35 38 37 41 42 39 40 31 33 54 55 56 53 52 57
=======
13 10 12 9 11 29 30 8 7 46 47 48 49 45 14 15 16 27 17 26 25 24 23 22 21 20 4 3 2 19 5 6 1 34 35 38 37 41 42 39 40 31 33 54 55 56 53 52 57
13 10
13 12
10 9
12 11
9 14
11 29
11 8
>>>>>>> c2c84623c9f1424f15c0968d47ec8dbb2e796a7a
29 30
29 11
30 31
<<<<<<< HEAD
11 8
11 12
=======
>>>>>>> c2c84623c9f1424f15c0968d47ec8dbb2e796a7a
8 7
7 46
46 47
46 45
47 48
48 49
14 15
15 16
16 27
16 17
27 26
26 25
25 24
24 23
23 22
22 21
21 20
20 4
20 19
4 3
4 5
3 2
2 1
5 6
1 34
34 35
34 33
35 38
38 37
38 39
37 41
41 42
39 40
33 54
54 55
54 53
55 56
56 57
53 52