6 7 81 11 20 8 95 18 12 10 57 1 22 80 30 16 2 17 21 40 13 46 38 52 31 39 71 34 58 14 64 67 72 9 73 3 27 84 59 98 53 32 93 88 36 50 25 49 43 55 63 28 37 90 33 70 35 68 48 54 85 41 96 62 87 99 92 76 83
6 7
6 57
6 21
6 30
6 59
6 32
6 54
7 95
7 18
7 71
7 58
7 64
7 11
7 72
7 88
7 16
7 55
7 35
7 85
81 11
81 40
81 46
81 67
81 52
81 37
11 98
11 50
20 8
8 57
8 17
8 3
95 25
18 1
18 13
18 99
12 10
12 2
57 27
57 68
1 22
1 34
22 14
22 62
80 30
80 70
2 17
2 39
2 84
2 87
17 9
17 49
17 33
17 48
46 38
46 73
46 28
52 31
52 93
34 36
58 92
72 76
27 43
84 53
32 90
63 28
90 41
68 96
87 83