22 30 7 42 12 91 3 58 47 11 41 23 2 51 70 0 32 1 96 14 34 4 92 20 64 24 61 39 49 40 97 89 33 6 54 85 94 71 66 45 76 78 48 38 46 86 99 29 68 67 82 37 36 50 27 25 31 28 87 43 88 98 15 80 5 62 73 84 93
22 30
22 12
22 91
22 58
22 47
22 1
22 66
7 42
7 3
7 11
7 1
42 6
42 86
42 37
42 25
42 43
42 36
12 70
12 23
12 73
3 96
3 27
58 40
11 34
11 39
11 97
11 48
11 99
11 87
41 23
41 4
2 51
51 64
51 97
51 67
70 20
70 46
0 32
0 61
0 71
32 85
96 14
96 89
14 82
34 24
34 50
4 92
92 29
20 68
61 80
49 40
49 78
40 33
40 88
40 5
40 84
97 62
33 38
6 54
6 71
54 76
94 68
94 93
71 45
82 15
31 28
28 43
87 98