0 1 21 53 14 30 23 31 32 33 2 6 55 27 19 51 17 20 26 25 12 24 36 22 68 69 11 9 46 44 4 5 3 58 81 52 49 40 89 64 65 67 76 54 71 7 87 56 34 59 18 50 66 91 29 13 97 37 15 8 73 41 28 88 35 48 10 90 60 42 92 61 78 62 95 47 98 77 79 99
0 1
1 9
1 17
21 53
21 23
21 17
21 20
53 52
53 61
14 30
14 12
14 46
14 78
30 22
30 26
23 31
23 55
23 87
31 27
31 29
31 95
32 33
32 36
32 40
33 97
33 41
2 6
2 3
2 66
6 22
27 26
27 11
27 19
27 91
19 51
19 18
51 59
17 25
17 49
20 4
26 58
26 90
25 24
25 89
12 13
24 56
24 88
36 44
36 52
36 37
22 54
68 69
68 64
68 76
69 71
9 8
4 5
3 7
81 65
52 48
52 60
40 42
64 65
65 67
65 97
65 73
76 92
54 62
71 79
7 15
34 35
34 50
18 50
66 98
29 28
97 99
15 47
8 10
77 79