34 49 6 7 33 42 32 35 8 30 31 0 1 41 16 18 11 15 36 10 25 17 26 13 14 5 29 98 20 40 19 44 46 47 43 45 27 2 4 56 58 23 21 24 48 28 39 38 22 12 80 81 82 57 55 85 70 37 96 3 9 79 97 74 88 50 75 71 83 84 99 86 60 72 73 68 64 92 65 95
34 49
34 33
34 42
34 36
49 45
6 7
7 8
7 15
7 5
7 39
33 35
42 41
42 40
42 43
32 35
32 30
8 11
30 31
30 29
0 1
0 2
1 98
1 4
16 18
16 15
18 17
18 19
18 2
15 14
10 25
10 9
25 26
25 20
25 27
25 28
13 14
13 12
14 23
14 24
98 96
20 19
20 21
20 3
19 44
44 45
46 47
46 48
47 38
27 70
2 68
56 58
56 57
56 55
21 22
24 38
38 37
80 81
80 82
80 79
82 85
57 65
55 50
85 83
70 71
96 97
79 71
79 75
97 88
74 88
74 72
75 60
83 84
84 99
84 86
84 92
99 95
72 73
73 64
64 65