61 11 79 3 4 71 42 74 89 68 94 92 84 48 57 24 34 95 86 28 66 47 9 62 90 58 45 85 35 52 46 73 8 22 25 64 21 27 37 77 38 26 55 5 33 12 67 40 15 20 93 78 80 18 1 39 88 87 63 29 60 13 82 41 14 31 65 53 17 72 91 7
61 11
61 80
11 63
11 22
79 3
79 55
3 9
3 39
4 71
4 26
4 67
4 13
71 52
42 74
42 29
74 12
89 68
89 9
89 78
89 48
94 92
94 37
94 9
94 18
92 34
84 48
84 62
48 64
57 24
57 41
34 95
34 58
95 7
86 28
86 37
66 67
47 9
47 40
47 72
9 65
90 25
58 45
45 85
85 35
35 31
52 46
52 12
46 73
73 8
22 25
21 27
21 13
21 53
27 55
77 38
38 12
55 88
5 33
5 40
40 15
15 63
15 93
15 14
20 93
80 82
1 39
87 29
63 41
60 17
13 17
53 91