0 4 7 1 16 19 9 31 32 12 54 2 29 41 17 34 61 25 23 53 52 22 11 14 37 50 27 3 69 33 20 21 15 42 6 40 48 26 84 5 43 38 91 87 65 8 80 72 60 45 73 36 28 76 57 86 90 78 18 74 58 70 83
0 4
0 7
0 16
0 12
0 54
0 25
0 87
0 78
4 61
4 23
4 14
4 37
4 26
4 5
4 65
4 58
7 1
7 41
7 34
7 29
7 50
7 69
7 91
7 76
7 90
1 31
1 52
16 53
16 86
19 9
19 42
9 31
9 11
31 32
31 17
31 43
31 72
31 80
32 45
54 28
54 18
2 29
2 84
2 83
61 3
25 22
25 48
25 38
25 20
25 60
25 73
25 74
27 3
33 20
21 15
21 5
15 70
42 6
40 48
38 57
8 80
60 36