37 14 1 5 29 0 47 49 53 8 55 84 89 85 54 52 60 2 44 74 35 63 20 3 33 58 51 50 42 16 34 39 57 56 59 64 88 62 61 40 91 10 6 36 65 17 43 18 67 7 71 30 68 69 26 66 24 70 72 76 15 45 78 79 22 48
37 14
37 0
14 58
14 18
14 24
1 5
1 29
1 84
1 89
1 85
1 88
1 91
5 47
0 49
0 55
0 53
0 54
0 52
0 60
0 51
0 50
0 57
0 56
0 59
0 64
0 63
0 62
0 61
0 74
0 65
0 67
0 68
0 69
0 66
0 71
0 70
0 72
0 76
0 78
0 79
49 2
53 8
84 2
85 3
54 10
52 7
60 16
2 44
2 42
2 40
44 26
74 35
35 43
63 20
3 33
34 39
34 7
39 15
88 6
61 17
6 36
6 45
71 30
15 22
22 48