25 6 5 39 14 38 54 15 0 22 53 66 52 62 64 34 65 69 7 63 44 35 81 24 74 29 73 72 68 3 48 40 9 80 70 77 79 59 4 76 75 43 60 78 71 41 90 45 82 2 83 85 88 91 47 87 94 42 84 13 46 86 33 16 98
25 6
25 5
6 29
5 39
5 15
5 66
5 52
5 7
14 38
14 54
14 0
14 34
38 4
0 22
0 62
0 64
0 65
0 69
0 66
0 63
0 74
0 73
0 72
0 68
0 81
0 80
0 70
0 77
0 79
0 76
0 75
0 78
0 71
0 90
0 82
0 83
0 85
0 88
0 91
0 87
0 84
0 86
0 94
0 98
22 53
53 44
34 59
69 9
63 2
44 35
44 3
35 47
81 24
24 43
74 16
72 13
3 48
48 41
40 2
60 45
45 16
87 33
94 42
46 98