5 40 21 88 3 34 41 0 25 14 68 58 33 97 27 37 98 17 76 1 28 42 12 61 70 90 92 16 73 9 52 10 55 31 89 11 59 30 43 85 44 62 29 80 4 38 49 26 53 74 18 79 84 47 22 63 93 13 64 56 69 67 51 94 66 81 15 71 2 54 75 19 82 7 95 39 72 87
5 40
5 41
5 42
21 88
21 90
21 89
88 38
3 34
34 58
34 92
34 62
41 47
0 25
0 27
0 26
25 31
25 89
25 44
25 56
14 68
14 67
14 69
68 74
58 11
33 97
33 85
33 2
27 42
27 70
27 84
37 98
37 4
98 53
17 76
76 93
1 28
1 29
28 26
28 66
12 61
12 62
12 63
70 15
90 30
92 22
16 73
16 74
16 75
73 94
9 52
9 53
52 49
10 55
10 56
31 2
11 59
59 69
30 43
44 51
29 80
29 54
80 18
4 38
4 39
18 79
18 81
47 7
63 93
13 64
13 66
64 69
69 95
69 72
15 71
75 87
19 82
82 39