25 50 6 39 7 48 3 12 43 18 44 47 52 13 42 49 5 0 29 1 99 20 46 2 28 38 26 8 85 34 40 53 36 17 45 9 16 41 78 59 35 77 62 23 55 79 30 97 69 88 14 31 66 58 64 54 86 81 80 83 56 65 57 75 61 92 63 89 68 90 73 27 71 60 84
25 50
25 53
25 35
25 41
50 44
6 39
6 52
6 5
7 48
7 40
3 12
12 41
12 23
12 54
43 18
43 1
43 17
43 9
18 38
18 69
18 30
44 47
13 53
42 49
42 5
49 16
5 8
5 59
0 29
0 85
0 77
0 55
0 88
0 59
0 66
0 58
0 64
0 69
0 86
0 81
0 80
0 56
0 65
0 57
0 61
0 92
0 63
0 89
0 68
0 90
0 73
0 71
0 60
0 84
29 78
1 99
1 97
20 46
20 40
2 28
28 77
38 26
26 34
26 36
26 75
34 27
40 86
36 45
36 83
45 41
9 62
35 14
79 30
30 31