0 25 35 3 34 36 61 12 95 23 58 11 60 81 18 59 44 6 45 43 65 13 64 66 67 14 69 33 2 31 32 78 17 77 46 7 48 47 30 76 70 15 1 29 93 22 92 91 28 73 50 8 51 49 16 74 75 53 9 52 38 4 98 37 24 99 72 88 21 90 68 83 19 57 10 56 40 5 42 41 85 20
0 25
25 35
35 3
3 34
3 36
34 61
36 95
61 12
95 23
95 58
58 11
11 60
11 59
60 81
81 18
59 44
44 6
6 45
6 43
43 65
65 13
65 67
13 64
13 66
64 85
67 14
14 69
14 68
69 33
33 2
2 31
2 32
31 78
31 50
78 17
78 46
17 77
17 76
77 70
77 88
46 7
7 48
7 47
47 30
47 57
47 40
30 1
70 15
15 72
1 29
1 28
29 93
29 73
93 22
22 92
22 91
73 16
50 8
8 51
8 49
16 74
16 75
75 53
53 9
9 52
52 38
38 4
38 98
4 37
98 24
37 83
24 99
88 21
21 90
83 19
57 10
10 56
40 5
5 42
5 41
85 20