5 40 50 2 31 23 94 41 25 73 8 19 82 55 4 38 10 0 84 42 39 85 32 48 62 96 89 37 18 34 11 58 22 91 1 95 33 65 92 52 36 29 21 88 45 83 30 70 69 24 97 14 67 17 76 99 15 79 12 61 9 77 20 90 63 6 16 74 13 3 93 78
5 40
5 41
5 42
40 50
50 8
2 31
2 33
2 32
31 89
31 70
31 77
23 94
23 96
23 95
94 55
41 34
25 73
25 0
25 52
25 79
73 16
19 82
19 84
19 83
55 10
55 92
4 38
4 37
4 39
84 96
84 88
42 48
42 99
39 85
85 32
85 20
48 37
62 96
62 12
96 67
89 21
18 79
34 3
11 58
58 30
22 91
22 92
1 30
1 29
95 29
33 65
33 36
65 13
52 9
52 90
52 93
21 88
21 90
45 83
45 6
70 15
69 14
24 97
24 99
14 67
17 76
17 77
17 78
12 61
12 63
16 74