21 27 20 14 92 69 77 76 10 6 9 96 74 75 30 39 93 73 80 81 26 33 78 7 28 34 35 88 41 42 83 68 4 87 40 49 13 44 54 66 8 2 3 95 84 90 15 82 19 29 59 22 38 70 52 62 25 67 32 11 36 58 16 51 43 60 45 50 31 98 48 64 47 46
21 27
21 20
21 28
20 14
20 26
20 15
20 19
14 10
14 9
14 13
92 96
92 88
92 87
92 95
69 77
77 76
77 78
77 70
77 84
76 75
76 83
6 9
6 3
9 8
96 93
74 75
74 73
74 66
75 68
75 82
30 39
30 29
39 49
39 31
39 48
73 80
80 81
26 33
33 34
33 25
33 41
7 8
7 4
7 11
34 35
35 36
88 83
41 42
41 32
41 40
42 52
68 59
68 60
40 49
40 50
49 59
44 54
44 36
54 45
54 64
66 58
2 3
95 98
84 90
29 22
29 38
59 67
22 16
38 47
52 62
52 51
52 43
47 46