2 31 16 73 15 70 23 94 7 46 57 12 61 9 53 32 72 82 6 43 75 21 88 5 40 36 3 34 71 38 91 47 0 25 41 95 55 59 22 52 33 85 89 28 76 48 14 67 35 86 42 26 17 18 79 1 20 8 49 77 24 97 29 56 78 87 63 39 11 13 64 96 92 68 62 10 51 30 66 4 81 50 93 65
2 31
2 32
2 33
31 36
31 71
31 87
16 73
16 75
73 52
15 70
15 72
15 71
70 94
23 94
23 95
23 96
94 63
7 46
7 47
7 48
46 57
46 75
12 61
12 63
12 62
61 85
9 53
9 52
53 64
72 81
82 86
6 43
43 88
21 88
21 89
88 42
5 40
5 41
5 42
3 34
3 35
34 55
71 38
71 50
38 91
38 4
91 22
0 25
0 26
25 59
41 66
41 39
55 10
59 11
22 92
85 20
89 79
28 76
28 1
76 48
76 17
48 93
14 67
14 68
35 86
86 20
42 68
26 56
17 77
17 78
18 79
1 29
1 30
8 49
8 51
49 97
24 97
29 39
56 10
78 51
13 64
13 65
92 30