28 21 2 72 36 65 3 18 31 5 10 20 4 68 30 1 45 67 38 39 29 14 0 43 7 33 16 46 25 70 23 19 41 17 69 97 74 6 13 22 76 92 24 27 60 15 44 86 81 83 87 11 73 49 32 55 88 64 42 94 62 51 90 56 12 82 63 52 57 95
28 21
28 0
28 16
28 87
28 57
21 22
21 49
2 72
2 10
2 67
2 73
72 68
72 4
36 65
36 86
65 76
3 18
3 70
3 7
31 5
31 13
5 1
5 14
5 11
5 24
20 4
20 45
20 70
20 41
4 23
4 16
68 30
68 39
68 46
30 74
1 44
45 51
67 38
67 25
67 69
29 19
14 33
14 92
14 60
14 12
43 7
43 6
33 16
33 17
33 42
16 15
16 55
23 94
19 83
41 81
97 74
74 90
22 88
22 64
92 56
24 27
24 62
15 82
15 63
44 86
81 83
32 55
94 95
63 52