71 97 51 10 88 85 72 32 57 31 40 23 1 61 56 47 9 59 69 48 95 83 65 20 80 77 68 12 38 8 4 39 36 96 11 43 92 81 87 46 94 44 67 5 98 62 35 82 15 99 42 76 75 49 0 73 89 27 70 3 17 45 21 84 30 7 22 25 60
71 97
71 51
71 56
51 85
51 87
10 88
10 92
88 32
88 38
85 72
85 61
85 23
72 57
72 11
72 99
32 21
57 7
31 40
31 47
31 68
31 61
31 73
40 20
40 36
40 46
23 1
23 12
23 42
23 76
23 30
1 4
1 39
1 44
1 45
61 95
61 89
47 60
9 59
9 95
9 8
69 48
69 39
83 65
83 77
83 20
83 70
20 80
20 49
68 43
68 67
68 75
12 92
12 82
8 96
39 94
39 5
11 35
43 62
92 0
81 44
46 84
44 98
82 15
0 3
73 27
3 17
84 22
22 25