55 73 97 37 26 82 7 80 16 17 77 18 87 1 48 78 91 23 35 96 62 58 25 69 34 51 27 33 92 56 38 66 42 39 29 68 90 28 74 49 36 95 22 75 14 10 32 88 8 72 11 94 41 99 13 4 70 40 2 44 61 63 60 85 47 50 86 6 93 84 89 65 59 20 83 45
55 73
55 97
73 37
37 26
26 82
26 7
82 80
82 17
7 16
16 45
17 77
17 47
77 18
77 84
18 87
18 1
18 48
18 35
87 78
87 93
1 58
1 25
48 23
48 96
78 91
78 94
91 56
23 85
35 69
96 62
58 34
58 66
25 92
34 51
34 27
34 33
34 75
34 65
27 32
56 38
66 42
42 39
42 36
39 29
39 74
29 68
68 90
68 28
68 14
90 44
74 49
74 6
36 95
95 22
95 88
14 10
32 41
88 8
88 11
8 72
72 70
94 60
41 99
41 13
41 4
4 63
70 40
40 2
44 61
61 20
63 59
47 50
47 86
84 89
59 83