29 59 17 76 15 70 4 37 38 77 19 7 47 46 12 0 25 52 18 79 13 64 23 97 1 28 22 91 84 35 54 24 44 34 42 88 48 78 3 27 49 6 66 57 45 95 21 92 58 40 10 56 30 74 53 62 51 14 67 85 39 11 31 16 73 33 80 65 20 43 98
29 59
29 38
29 1
17 76
17 77
17 78
15 70
70 49
4 37
4 38
4 39
37 44
38 77
38 97
77 64
77 98
19 84
7 47
7 46
7 48
47 78
47 92
47 80
46 58
46 67
12 62
0 25
0 27
25 52
52 30
18 79
79 48
13 64
13 66
13 65
64 34
23 95
97 24
1 28
22 91
22 92
84 44
35 54
35 3
35 57
44 6
44 40
44 49
44 56
34 3
34 85
42 88
42 58
88 21
48 74
27 62
6 45
6 43
45 95
45 31
92 51
58 11
10 56
30 74
74 16
53 62
14 67
85 20
16 73
73 33