30 77 35 2 5 12 65 62 63 64 59 57 56 58 54 60 55 53 74 50 51 70 52 44 68 66 71 69 61 67 73 6 76 0 78 8 72 48 47 23 75 15 3 4 1 19 11 36 37 13 28 79 18 38 14 32 34 29 17 46 21 41 42
30 77
30 35
30 19
30 34
30 29
77 2
35 36
2 5
2 1
5 12
5 13
12 65
12 11
65 62
62 63
62 64
62 59
64 66
59 57
57 56
57 70
56 58
56 53
56 73
58 54
54 60
54 55
55 50
55 6
53 74
53 52
50 51
51 75
70 68
70 76
52 44
66 71
66 67
71 69
71 72
69 61
67 78
6 0
6 8
76 23
0 3
0 17
78 79
78 32
72 48
48 47
23 21
75 15
3 4
19 14
36 37
37 38
13 28
79 18
18 41
17 46
41 42