19 52 92 58 90 74 26 84 65 50 59 0 98 97 37 75 66 60 29 73 39 12 48 47 49 46 5 28 6 44 18 61 68 93 8 24 16 72 82 81 9 27 23 99 2 94 30 4 7 62 56 35 33 3 86 55 10 95 63 78 54 42 85 70 31 69 76 32 45 53 96
19 52
19 92
19 59
19 72
19 9
52 75
52 63
52 68
58 90
58 76
90 54
74 26
74 84
74 75
74 30
26 29
26 33
65 50
65 97
50 12
59 35
59 44
0 98
0 18
98 66
98 29
97 37
97 46
97 7
37 16
60 32
29 86
73 39
73 54
39 48
48 10
47 49
47 7
5 28
5 96
28 8
6 44
6 31
44 24
18 61
61 4
68 93
68 85
8 81
8 72
8 7
24 62
24 42
72 82
9 27
23 99
23 3
23 42
99 55
99 95
2 94
94 7
62 56
56 78
56 10
56 69
35 45
3 53
86 70
32 45