37 49 27 0 2 77 1 39 3 79 87 92 95 13 84 19 53 45 17 83 51 23 60 29 67 9 82 63 33 44 58 31 18 99 50 69 52 70 61 20 64 90 35 76 28 86 11 47 96 30 74 16 8 56 73 94 91 54 98 10 42 59 68 14 4 15 72 88 5
37 49
37 27
37 0
37 39
37 84
37 45
37 44
37 96
49 87
49 95
49 74
2 77
2 3
2 1
2 17
2 51
2 58
2 70
2 23
2 73
77 79
1 39
1 92
1 69
1 4
39 33
39 30
39 42
3 72
79 19
79 53
79 29
95 13
95 82
95 63
95 50
95 64
95 11
19 14
53 83
53 61
45 10
51 28
51 94
23 60
67 9
9 70
82 76
82 86
63 31
63 68
33 52
33 56
31 18
31 99
31 90
31 35
31 88
99 20
69 91
52 47
61 15
90 16
35 5
28 8
28 54
47 98
56 59