0 61 43 58 63 66 67 16 74 7 56 10 3 25 54 59 65 11 24 69 76 4 33 68 2 5 20 36 14 70 71 64 22 77 18 75 72 53 9 17 81 73 15 12 26 19 23 79 6 84 42 80 85 86 30 44 88 21 91 87 83 92 45 48 97 90 96 95 94
0 61
0 63
0 66
0 67
0 74
0 65
0 69
0 76
0 68
0 70
0 71
0 77
0 75
0 72
0 81
0 73
0 79
0 80
0 85
0 86
0 88
0 91
0 87
0 83
0 92
0 97
0 90
0 96
0 95
0 94
61 3
61 26
43 58
43 48
63 10
63 25
66 2
16 23
74 12
7 56
7 53
25 33
25 59
25 84
54 59
59 30
11 24
11 73
69 5
76 14
4 33
33 19
2 22
5 20
20 44
36 18
14 17
70 6
64 15
77 15
18 80
53 9
9 21
17 23
26 45
23 42
30 21
45 48