69 92 46 97 44 95 27 39 52 5 38 64 58 57 36 4 80 83 35 47 34 91 37 96 65 49 67 29 98 82 71 7 53 18 89 90 68 31 99 41 6 63 66 15 81 42 73 88 12 84 16 59 74 23 43 30 51 25 14 62 21 17 45 0 75 79
69 92
69 46
69 97
69 44
69 47
69 29
69 15
69 81
69 79
92 95
92 68
92 43
46 98
46 7
46 53
46 73
97 82
97 88
95 27
95 39
95 18
95 31
95 0
27 52
39 14
52 5
52 38
52 57
52 67
52 99
52 21
5 64
38 80
38 12
64 58
64 83
57 36
57 4
57 35
57 41
47 34
47 75
34 91
34 65
34 84
91 37
91 96
37 49
37 16
49 71
49 66
29 89
29 17
18 30
18 51
18 25
89 90
41 6
6 63
81 42
84 59
16 74
74 23
43 45
14 62