0 13 52 15 2 9 88 23 78 5 42 25 28 19 7 27 16 18 45 43 63 1 22 24 6 99 17 79 65 10 34 3 76 46 38 92 49 40 33 86 68 71 66 20 31 80 14 58 26 39 41 4 51 75 93 82 11 56 44 89 30 73 94 85 67 55 98 70
0 13
0 7
0 27
0 88
0 92
0 42
0 56
13 24
13 80
13 26
13 44
52 15
15 5
15 93
15 94
2 9
2 5
2 22
2 17
2 11
9 78
9 6
9 38
9 31
88 23
88 49
88 51
88 70
23 79
23 82
5 28
42 25
42 63
42 65
42 46
42 68
28 19
28 27
28 1
28 55
7 89
27 10
27 43
27 58
27 41
16 18
16 34
45 43
43 75
22 3
99 71
99 49
99 73
17 34
17 40
3 76
3 67
38 85
92 33
92 30
33 86
86 98
71 20
66 20
20 14
80 39
39 4