6 10 28 21 11 4 2 20 14 0 40 7 9 22 29 8 30 3 23 36 1 24 39 60 16 25 26 51 43 13 41 35 72 12 65 53 44 67 49 27 55 33 38 42 59 70 56 58 52 96 50 64 32 76 74 31 81 15 71 99 90 82 85
6 10
6 28
6 40
6 30
6 72
6 65
6 67
6 96
10 26
28 60
28 51
28 44
28 71
28 90
21 11
21 0
21 25
11 33
11 81
4 2
4 20
4 8
4 0
4 53
2 29
20 14
20 7
20 1
20 43
20 70
0 16
0 76
0 74
0 99
40 59
7 23
7 82
9 22
9 24
29 55
29 50
30 3
30 56
30 15
3 23
3 39
3 64
3 85
36 1
36 35
24 25
60 12
60 27
43 13
43 41
43 58
41 49
53 32
53 31
33 52
38 42
42 59