72 71 73 70 74 69 75 68 76 67 77 66 78 65 79 64 80 63 81 62 82 61 83 60 84 59 85 58 86 57 87 56 88 55 89 54 90 53 91 52 92 51 93 50 94 49 95 48 96 47 97 46 98 45 44 43 42 41 40 39 38 37 36 35 34 33 32 31 30 29 28 27 26 25 24 23 22 21 20 19 18 17 16 15 14 13 12 11 10 9 8 7 6 5 4 3 2 1
72 71
72 73
71 70
73 74
70 69
74 75
69 68
75 76
68 67
76 77
67 66
77 78
66 65
78 79
65 64
79 80
64 63
80 81
63 62
81 82
62 61
82 83
61 60
83 84
60 59
84 85
59 58
85 86
58 57
86 87
57 56
87 88
56 55
88 89
55 54
89 90
54 53
90 91
53 52
91 92
52 51
92 93
51 50
93 94
50 49
94 95
49 48
95 96
48 47
96 97
47 46
97 98
46 45
45 44
44 43
43 42
42 41
41 40
40 39
39 38
38 37
37 36
36 35
35 34
34 33
33 32
32 31
31 30
30 29
29 28
28 27
27 26
26 25
25 24
24 23
23 22
22 21
21 20
20 19
19 18
18 17
17 16
16 15
15 14
14 13
13 12
12 11
11 10
10 9
9 8
8 7
7 6
6 5
5 4
4 3
3 2
2 1