44 99 56 37 16 76 8 41 32 87 90 82 96 70 75 12 19 0 53 78 57 4 72 81 22 88 23 20 1 15 48 47 42 17 68 3 29 80 64 2 6 93 46 10 50 61 49 77 27 9 54 97 69 67 83 52 28 5 66 18 91 38 60 34 89 95 98 26 24 36 30 43 7 55
44 99
44 16
99 56
99 7
56 37
16 76
76 8
8 41
8 32
8 53
8 83
32 87
87 90
90 82
90 96
96 70
70 75
70 12
75 18
12 19
12 0
53 78
53 4
53 81
78 57
78 2
57 72
72 91
81 22
81 1
81 15
81 3
22 88
22 23
23 20
23 34
20 54
20 95
15 48
48 47
47 42
47 17
42 68
3 29
29 80
29 64
29 26
80 10
80 89
2 6
2 46
6 93
93 66
10 50
10 61
61 49
49 77
77 27
77 9
27 43
9 55
54 97
97 69
69 67
83 52
83 5
52 28
28 24
91 38
91 36
38 60
95 98
36 30